#
# There is insufficient memory for the Java Runtime Environment to continue.
# Native memory allocation (malloc) failed to allocate 1232720 bytes for Chunk::new
# Possible reasons:
#   The system is out of physical RAM or swap space
#   The process is running with CompressedOops enabled, and the Java Heap may be blocking the growth of the native heap
# Possible solutions:
#   Reduce memory load on the system
#   Increase physical memory or swap space
#   Check if swap backing store is full
#   Decrease Java heap size (-Xmx/-Xms)
#   Decrease number of Java threads
#   Decrease Java thread stack sizes (-Xss)
#   Set larger code cache with -XX:ReservedCodeCacheSize=
#   JVM is running with Unscaled Compressed Oops mode in which the Java heap is
#     placed in the first 4GB address space. The Java Heap base address is the
#     maximum limit for the native heap growth. Please use -XX:HeapBaseMinAddress
#     to set the Java Heap base and to place the Java Heap above 4GB virtual address.
# This output file may be truncated or incomplete.
#
#  Out of Memory Error (arena.cpp:189), pid=37840, tid=13476
#
# JRE version: Java(TM) SE Runtime Environment (17.0.9+11) (build 17.0.9+11-LTS-201)
# Java VM: Java HotSpot(TM) 64-Bit Server VM (17.0.9+11-LTS-201, mixed mode, sharing, tiered, compressed oops, compressed class ptrs, g1 gc, windows-amd64)
# No core dump will be written. Minidumps are not enabled by default on client versions of Windows
#

---------------  S U M M A R Y ------------

Command Line: --add-opens=java.base/java.util=ALL-UNNAMED --add-opens=java.base/java.lang=ALL-UNNAMED --add-opens=java.base/java.lang.invoke=ALL-UNNAMED --add-opens=java.prefs/java.util.prefs=ALL-UNNAMED --add-opens=java.base/java.nio.charset=ALL-UNNAMED --add-opens=java.base/java.net=ALL-UNNAMED --add-opens=java.base/java.util.concurrent.atomic=ALL-UNNAMED -XX:MaxMetaspaceSize=384m -XX:+HeapDumpOnOutOfMemoryError -Xms256m -Xmx512m -Dfile.encoding=x-windows-949 -Duser.country=KR -Duser.language=ko -Duser.variant -javaagent:C:\Users\Jaesin\.gradle\wrapper\dists\gradle-8.7-bin\bhs2wmbdwecv87pi65oeuq5iu\gradle-8.7\lib\agents\gradle-instrumentation-agent-8.7.jar org.gradle.launcher.daemon.bootstrap.GradleDaemon 8.7

Host: 13th Gen Intel(R) Core(TM) i5-1340P, 16 cores, 15G,  Windows 10 , 64 bit Build 19041 (10.0.19041.3636)
Time: Wed Apr 17 21:58:02 2024  Windows 10 , 64 bit Build 19041 (10.0.19041.3636) elapsed time: 119.816066 seconds (0d 0h 1m 59s)

---------------  T H R E A D  ---------------

Current thread (0x00000244bfd44e00):  JavaThread "C2 CompilerThread0" daemon [_thread_in_native, id=13476, stack(0x0000006eb1100000,0x0000006eb1200000)]


Current CompileTask:
C2: 119816 5425       4       java.util.regex.Pattern::compile (500 bytes)

Stack: [0x0000006eb1100000,0x0000006eb1200000]
Native frames: (J=compiled Java code, j=interpreted, Vv=VM code, C=native code)
V  [jvm.dll+0x678a4a]
V  [jvm.dll+0x7d9cfd]
V  [jvm.dll+0x7db60e]
V  [jvm.dll+0x7dbc73]
V  [jvm.dll+0x245e1f]
V  [jvm.dll+0xaaafb]
V  [jvm.dll+0xab09c]
V  [jvm.dll+0x36237e]
V  [jvm.dll+0x32ca01]
V  [jvm.dll+0x32be9a]
V  [jvm.dll+0x21812f]
V  [jvm.dll+0x217561]
V  [jvm.dll+0x1a3bc0]
V  [jvm.dll+0x2272de]
V  [jvm.dll+0x22548b]
V  [jvm.dll+0x78f58c]
V  [jvm.dll+0x78998a]
V  [jvm.dll+0x677875]
C  [ucrtbase.dll+0x21bb2]
C  [KERNEL32.DLL+0x17344]
C  [ntdll.dll+0x526b1]


---------------  P R O C E S S  ---------------

Threads class SMR info:
_java_thread_list=0x00000244dc687670, length=44, elements={
0x00000244a4998790, 0x00000244bfd235b0, 0x00000244bfd24340, 0x00000244bfd3e560,
0x00000244bfd40040, 0x00000244bfd42920, 0x00000244bfd44200, 0x00000244bfd44e00,
0x00000244bfd46720, 0x00000244bfd49440, 0x00000244bfd8d0d0, 0x00000244d9220380,
0x00000244daf303f0, 0x00000244da7ec510, 0x00000244dae5b8c0, 0x00000244da9484f0,
0x00000244da8193b0, 0x00000244db6543b0, 0x00000244db653990, 0x00000244db656c30,
0x00000244db655d00, 0x00000244db6557f0, 0x00000244db6548c0, 0x00000244db654dd0,
0x00000244db656210, 0x00000244db656720, 0x00000244db657140, 0x00000244dc58c3f0,
0x00000244dc588c40, 0x00000244dc5868d0, 0x00000244dc589150, 0x00000244dc58a590,
0x00000244dc588220, 0x00000244dc58d320, 0x00000244dc589660, 0x00000244dc589b70,
0x00000244dc58aaa0, 0x00000244dc586de0, 0x00000244dc58bee0, 0x00000244dc5863c0,
0x00000244dc58afb0, 0x00000244dc5872f0, 0x00000244dc587d10, 0x00000244d92533c0
}

Java Threads: ( => current thread )
  0x00000244a4998790 JavaThread "main" [_thread_blocked, id=7844, stack(0x0000006eb0400000,0x0000006eb0500000)]
  0x00000244bfd235b0 JavaThread "Reference Handler" daemon [_thread_blocked, id=1644, stack(0x0000006eb0b00000,0x0000006eb0c00000)]
  0x00000244bfd24340 JavaThread "Finalizer" daemon [_thread_blocked, id=30160, stack(0x0000006eb0c00000,0x0000006eb0d00000)]
  0x00000244bfd3e560 JavaThread "Signal Dispatcher" daemon [_thread_blocked, id=17360, stack(0x0000006eb0d00000,0x0000006eb0e00000)]
  0x00000244bfd40040 JavaThread "Attach Listener" daemon [_thread_blocked, id=30964, stack(0x0000006eb0e00000,0x0000006eb0f00000)]
  0x00000244bfd42920 JavaThread "Service Thread" daemon [_thread_blocked, id=27056, stack(0x0000006eb0f00000,0x0000006eb1000000)]
  0x00000244bfd44200 JavaThread "Monitor Deflation Thread" daemon [_thread_blocked, id=29356, stack(0x0000006eb1000000,0x0000006eb1100000)]
=>0x00000244bfd44e00 JavaThread "C2 CompilerThread0" daemon [_thread_in_native, id=13476, stack(0x0000006eb1100000,0x0000006eb1200000)]
  0x00000244bfd46720 JavaThread "C1 CompilerThread0" daemon [_thread_blocked, id=19148, stack(0x0000006eb1200000,0x0000006eb1300000)]
  0x00000244bfd49440 JavaThread "Sweeper thread" daemon [_thread_blocked, id=28252, stack(0x0000006eb1300000,0x0000006eb1400000)]
  0x00000244bfd8d0d0 JavaThread "Common-Cleaner" daemon [_thread_blocked, id=28824, stack(0x0000006eb1400000,0x0000006eb1500000)]
  0x00000244d9220380 JavaThread "Notification Thread" daemon [_thread_blocked, id=36848, stack(0x0000006eb1800000,0x0000006eb1900000)]
  0x00000244daf303f0 JavaThread "Daemon health stats" [_thread_blocked, id=40968, stack(0x0000006eb2000000,0x0000006eb2100000)]
  0x00000244da7ec510 JavaThread "Incoming local TCP Connector on port 63326" [_thread_in_native, id=18696, stack(0x0000006eb1700000,0x0000006eb1800000)]
  0x00000244dae5b8c0 JavaThread "Daemon periodic checks" [_thread_blocked, id=39604, stack(0x0000006eb2100000,0x0000006eb2200000)]
  0x00000244da9484f0 JavaThread "Daemon" [_thread_blocked, id=35664, stack(0x0000006eb2200000,0x0000006eb2300000)]
  0x00000244da8193b0 JavaThread "Handler for socket connection from /127.0.0.1:63326 to /127.0.0.1:63328" [_thread_in_native, id=21116, stack(0x0000006eb2300000,0x0000006eb2400000)]
  0x00000244db6543b0 JavaThread "Cancel handler" [_thread_blocked, id=36516, stack(0x0000006eb2400000,0x0000006eb2500000)]
  0x00000244db653990 JavaThread "Daemon worker" [_thread_in_vm, id=29760, stack(0x0000006eb2500000,0x0000006eb2600000)]
  0x00000244db656c30 JavaThread "Asynchronous log dispatcher for DefaultDaemonConnection: socket connection from /127.0.0.1:63326 to /127.0.0.1:63328" [_thread_blocked, id=34388, stack(0x0000006eb2600000,0x0000006eb2700000)]
  0x00000244db655d00 JavaThread "Stdin handler" [_thread_blocked, id=2576, stack(0x0000006eb2700000,0x0000006eb2800000)]
  0x00000244db6557f0 JavaThread "Daemon client event forwarder" [_thread_blocked, id=33200, stack(0x0000006eb2800000,0x0000006eb2900000)]
  0x00000244db6548c0 JavaThread "Cache worker for journal cache (C:\Users\Jaesin\.gradle\caches\journal-1)" [_thread_blocked, id=17044, stack(0x0000006eb2a00000,0x0000006eb2b00000)]
  0x00000244db654dd0 JavaThread "File lock request listener" [_thread_in_native, id=40500, stack(0x0000006eb2b00000,0x0000006eb2c00000)]
  0x00000244db656210 JavaThread "Cache worker for file hash cache (C:\Users\Jaesin\.gradle\caches\8.7\fileHashes)" [_thread_blocked, id=37212, stack(0x0000006eb2c00000,0x0000006eb2d00000)]
  0x00000244db656720 JavaThread "Cache worker for file hash cache (P:\Dev\Project\MSA\order-service\.gradle\8.7\fileHashes)" [_thread_blocked, id=35140, stack(0x0000006eb2d00000,0x0000006eb2e00000)]
  0x00000244db657140 JavaThread "File watcher server" daemon [_thread_in_native, id=21824, stack(0x0000006eb3000000,0x0000006eb3100000)]
  0x00000244dc58c3f0 JavaThread "File watcher consumer" daemon [_thread_blocked, id=21092, stack(0x0000006eb3100000,0x0000006eb3200000)]
  0x00000244dc588c40 JavaThread "Cache worker for checksums cache (P:\Dev\Project\MSA\order-service\.gradle\8.7\checksums)" [_thread_blocked, id=34724, stack(0x0000006eb2e00000,0x0000006eb2f00000)]
  0x00000244dc5868d0 JavaThread "Cache worker for cache directory md-supplier (C:\Users\Jaesin\.gradle\caches\8.7\md-supplier)" [_thread_blocked, id=6568, stack(0x0000006eb2f00000,0x0000006eb3000000)]
  0x00000244dc589150 JavaThread "Cache worker for cache directory md-rule (C:\Users\Jaesin\.gradle\caches\8.7\md-rule)" [_thread_blocked, id=30192, stack(0x0000006eb3b00000,0x0000006eb3c00000)]
  0x00000244dc58a590 JavaThread "File lock release action executor Thread 2" [_thread_blocked, id=26412, stack(0x0000006eb3c00000,0x0000006eb3d00000)]
  0x00000244dc588220 JavaThread "Cache worker for file content cache (C:\Users\Jaesin\.gradle\caches\8.7\fileContent)" [_thread_blocked, id=34488, stack(0x0000006eb3d00000,0x0000006eb3e00000)]
  0x00000244dc58d320 JavaThread "jar transforms" [_thread_blocked, id=26040, stack(0x0000006eb1500000,0x0000006eb1600000)]
  0x00000244dc589660 JavaThread "jar transforms Thread 2" [_thread_blocked, id=22460, stack(0x0000006eb1600000,0x0000006eb1700000)]
  0x00000244dc589b70 JavaThread "jar transforms Thread 3" [_thread_blocked, id=39324, stack(0x0000006eb1f00000,0x0000006eb2000000)]
  0x00000244dc58aaa0 JavaThread "jar transforms Thread 4" [_thread_blocked, id=35296, stack(0x0000006eb4000000,0x0000006eb4100000)]
  0x00000244dc586de0 JavaThread "jar transforms Thread 5" [_thread_blocked, id=22716, stack(0x0000006eb4100000,0x0000006eb4200000)]
  0x00000244dc58bee0 JavaThread "jar transforms Thread 6" [_thread_blocked, id=7512, stack(0x0000006eb0100000,0x0000006eb0200000)]
  0x00000244dc5863c0 JavaThread "jar transforms Thread 7" [_thread_blocked, id=8744, stack(0x0000006eb0200000,0x0000006eb0300000)]
  0x00000244dc58afb0 JavaThread "jar transforms Thread 8" [_thread_blocked, id=6732, stack(0x0000006eb0300000,0x0000006eb0400000)]
  0x00000244dc5872f0 JavaThread "Cache worker for Build Output Cleanup Cache (P:\Dev\Project\MSA\order-service\.gradle\buildOutputCleanup)" [_thread_blocked, id=36032, stack(0x0000006eb2900000,0x0000006eb2a00000)]
  0x00000244dc587d10 JavaThread "jar transforms Thread 9" [_thread_blocked, id=37248, stack(0x0000006eb4200000,0x0000006eb4300000)]
  0x00000244d92533c0 JavaThread "C1 CompilerThread1" daemon [_thread_blocked, id=28844, stack(0x0000006eb4300000,0x0000006eb4400000)]

Other Threads:
  0x00000244bfd1faa0 VMThread "VM Thread" [stack: 0x0000006eb0a00000,0x0000006eb0b00000] [id=7336]
  0x00000244a49e5550 WatcherThread [stack: 0x0000006eb1900000,0x0000006eb1a00000] [id=40832]
  0x00000244a49c60c0 GCTaskThread "GC Thread#0" [stack: 0x0000006eb0500000,0x0000006eb0600000] [id=31524]
  0x00000244d9f2c2d0 GCTaskThread "GC Thread#1" [stack: 0x0000006eb1a00000,0x0000006eb1b00000] [id=35864]
  0x00000244d9bf5fb0 GCTaskThread "GC Thread#2" [stack: 0x0000006eb1b00000,0x0000006eb1c00000] [id=36568]
  0x00000244d9bf6270 GCTaskThread "GC Thread#3" [stack: 0x0000006eb1c00000,0x0000006eb1d00000] [id=41876]
  0x00000244d9b47240 GCTaskThread "GC Thread#4" [stack: 0x0000006eb1d00000,0x0000006eb1e00000] [id=3280]
  0x00000244d9b47500 GCTaskThread "GC Thread#5" [stack: 0x0000006eb1e00000,0x0000006eb1f00000] [id=36556]
  0x00000244dab9ae60 GCTaskThread "GC Thread#6" [stack: 0x0000006eb3200000,0x0000006eb3300000] [id=32672]
  0x00000244dab9a360 GCTaskThread "GC Thread#7" [stack: 0x0000006eb3300000,0x0000006eb3400000] [id=26568]
  0x00000244dab9a0a0 GCTaskThread "GC Thread#8" [stack: 0x0000006eb3400000,0x0000006eb3500000] [id=6792]
  0x00000244dab9b120 GCTaskThread "GC Thread#9" [stack: 0x0000006eb3500000,0x0000006eb3600000] [id=37240]
  0x00000244dab9b960 GCTaskThread "GC Thread#10" [stack: 0x0000006eb3600000,0x0000006eb3700000] [id=36184]
  0x00000244dab9b3e0 GCTaskThread "GC Thread#11" [stack: 0x0000006eb3700000,0x0000006eb3800000] [id=38200]
  0x00000244dab9b6a0 GCTaskThread "GC Thread#12" [stack: 0x0000006eb3800000,0x0000006eb3900000] [id=26528]
  0x00000244a49cbf30 ConcurrentGCThread "G1 Main Marker" [stack: 0x0000006eb0600000,0x0000006eb0700000] [id=40904]
  0x00000244a49cc850 ConcurrentGCThread "G1 Conc#0" [stack: 0x0000006eb0700000,0x0000006eb0800000] [id=17096]
  0x00000244dab99de0 ConcurrentGCThread "G1 Conc#1" [stack: 0x0000006eb3900000,0x0000006eb3a00000] [id=1572]
  0x00000244dab9a620 ConcurrentGCThread "G1 Conc#2" [stack: 0x0000006eb3a00000,0x0000006eb3b00000] [id=12540]
  0x00000244a4a6d860 ConcurrentGCThread "G1 Refine#0" [stack: 0x0000006eb0800000,0x0000006eb0900000] [id=25980]
  0x00000244a4a6e1a0 ConcurrentGCThread "G1 Service" [stack: 0x0000006eb0900000,0x0000006eb0a00000] [id=4948]

Threads with active compile tasks:
C2 CompilerThread0   119970 5425       4       java.util.regex.Pattern::compile (500 bytes)

VM state: not at safepoint (normal execution)

VM Mutex/Monitor currently owned by a thread: None

Heap address: 0x00000000e0000000, size: 512 MB, Compressed Oops mode: 32-bit

CDS archive(s) mapped at: [0x00000244c0000000-0x00000244c0bd0000-0x00000244c0bd0000), size 12386304, SharedBaseAddress: 0x00000244c0000000, ArchiveRelocationMode: 1.
Compressed class space mapped at: 0x00000244c1000000-0x00000244d5000000, reserved size: 335544320
Narrow klass base: 0x00000244c0000000, Narrow klass shift: 0, Narrow klass range: 0x100000000

GC Precious Log:
 CPUs: 16 total, 16 available
 Memory: 15932M
 Large Page Support: Disabled
 NUMA Support: Disabled
 Compressed Oops: Enabled (32-bit)
 Heap Region Size: 1M
 Heap Min Capacity: 256M
 Heap Initial Capacity: 256M
 Heap Max Capacity: 512M
 Pre-touch: Disabled
 Parallel Workers: 13
 Concurrent Workers: 3
 Concurrent Refinement Workers: 13
 Periodic GC: Disabled

Heap:
 garbage-first heap   total 262144K, used 97767K [0x00000000e0000000, 0x0000000100000000)
  region size 1024K, 74 young (75776K), 10 survivors (10240K)
 Metaspace       used 43071K, committed 43584K, reserved 393216K
  class space    used 5990K, committed 6208K, reserved 327680K

Heap Regions: E=young(eden), S=young(survivor), O=old, HS=humongous(starts), HC=humongous(continues), CS=collection set, F=free, OA=open archive, CA=closed archive, TAMS=top-at-mark-start (previous, next)
|   0|0x00000000e0000000, 0x00000000e0100000, 0x00000000e0100000|100%|HS|  |TAMS 0x00000000e0100000, 0x00000000e0000000| Complete 
|   1|0x00000000e0100000, 0x00000000e0200000, 0x00000000e0200000|100%|HC|  |TAMS 0x00000000e0200000, 0x00000000e0100000| Complete 
|   2|0x00000000e0200000, 0x00000000e0300000, 0x00000000e0300000|100%|HC|  |TAMS 0x00000000e0300000, 0x00000000e0200000| Complete 
|   3|0x00000000e0300000, 0x00000000e0400000, 0x00000000e0400000|100%|HC|  |TAMS 0x00000000e0400000, 0x00000000e0300000| Complete 
|   4|0x00000000e0400000, 0x00000000e0500000, 0x00000000e0500000|100%| O|  |TAMS 0x00000000e0500000, 0x00000000e0400000| Untracked 
|   5|0x00000000e0500000, 0x00000000e0600000, 0x00000000e0600000|100%| O|  |TAMS 0x00000000e0600000, 0x00000000e0500000| Untracked 
|   6|0x00000000e0600000, 0x00000000e0700000, 0x00000000e0700000|100%| O|  |TAMS 0x00000000e0700000, 0x00000000e0600000| Untracked 
|   7|0x00000000e0700000, 0x00000000e0800000, 0x00000000e0800000|100%| O|  |TAMS 0x00000000e0800000, 0x00000000e0700000| Untracked 
|   8|0x00000000e0800000, 0x00000000e0900000, 0x00000000e0900000|100%| O|  |TAMS 0x00000000e0900000, 0x00000000e0800000| Untracked 
|   9|0x00000000e0900000, 0x00000000e0a00000, 0x00000000e0a00000|100%| O|  |TAMS 0x00000000e0a00000, 0x00000000e0900000| Untracked 
|  10|0x00000000e0a00000, 0x00000000e0b00000, 0x00000000e0b00000|100%| O|  |TAMS 0x00000000e0a59800, 0x00000000e0a00000| Untracked 
|  11|0x00000000e0b00000, 0x00000000e0c00000, 0x00000000e0c00000|100%|HS|  |TAMS 0x00000000e0b00000, 0x00000000e0b00000| Complete 
|  12|0x00000000e0c00000, 0x00000000e0d00000, 0x00000000e0d00000|100%|HS|  |TAMS 0x00000000e0c00000, 0x00000000e0c00000| Complete 
|  13|0x00000000e0d00000, 0x00000000e0d00000, 0x00000000e0e00000|  0%| F|  |TAMS 0x00000000e0d00000, 0x00000000e0d00000| Untracked 
|  14|0x00000000e0e00000, 0x00000000e0e00000, 0x00000000e0f00000|  0%| F|  |TAMS 0x00000000e0e00000, 0x00000000e0e00000| Untracked 
|  15|0x00000000e0f00000, 0x00000000e0f00000, 0x00000000e1000000|  0%| F|  |TAMS 0x00000000e0f00000, 0x00000000e0f00000| Untracked 
|  16|0x00000000e1000000, 0x00000000e1100000, 0x00000000e1100000|100%| O|  |TAMS 0x00000000e1000000, 0x00000000e1000000| Untracked 
|  17|0x00000000e1100000, 0x00000000e1200000, 0x00000000e1200000|100%| O|  |TAMS 0x00000000e1100000, 0x00000000e1100000| Untracked 
|  18|0x00000000e1200000, 0x00000000e1300000, 0x00000000e1300000|100%| O|  |TAMS 0x00000000e1200000, 0x00000000e1200000| Untracked 
|  19|0x00000000e1300000, 0x00000000e1400000, 0x00000000e1400000|100%| O|  |TAMS 0x00000000e1300000, 0x00000000e1300000| Untracked 
|  20|0x00000000e1400000, 0x00000000e1500000, 0x00000000e1500000|100%| O|  |TAMS 0x00000000e1400000, 0x00000000e1400000| Untracked 
|  21|0x00000000e1500000, 0x00000000e1600000, 0x00000000e1600000|100%| O|  |TAMS 0x00000000e1500000, 0x00000000e1500000| Untracked 
|  22|0x00000000e1600000, 0x00000000e1700000, 0x00000000e1700000|100%| O|  |TAMS 0x00000000e1600000, 0x00000000e1600000| Untracked 
|  23|0x00000000e1700000, 0x00000000e1800000, 0x00000000e1800000|100%| O|  |TAMS 0x00000000e1700000, 0x00000000e1700000| Untracked 
|  24|0x00000000e1800000, 0x00000000e1900000, 0x00000000e1900000|100%| O|  |TAMS 0x00000000e1800000, 0x00000000e1800000| Untracked 
|  25|0x00000000e1900000, 0x00000000e1a00000, 0x00000000e1a00000|100%| O|  |TAMS 0x00000000e1900000, 0x00000000e1900000| Untracked 
|  26|0x00000000e1a00000, 0x00000000e1aa1a00, 0x00000000e1b00000| 63%| O|  |TAMS 0x00000000e1a00000, 0x00000000e1a00000| Untracked 
|  27|0x00000000e1b00000, 0x00000000e1b00000, 0x00000000e1c00000|  0%| F|  |TAMS 0x00000000e1b00000, 0x00000000e1b00000| Untracked 
|  28|0x00000000e1c00000, 0x00000000e1c00000, 0x00000000e1d00000|  0%| F|  |TAMS 0x00000000e1c00000, 0x00000000e1c00000| Untracked 
|  29|0x00000000e1d00000, 0x00000000e1d00000, 0x00000000e1e00000|  0%| F|  |TAMS 0x00000000e1d00000, 0x00000000e1d00000| Untracked 
|  30|0x00000000e1e00000, 0x00000000e1e00000, 0x00000000e1f00000|  0%| F|  |TAMS 0x00000000e1e00000, 0x00000000e1e00000| Untracked 
|  31|0x00000000e1f00000, 0x00000000e1f00000, 0x00000000e2000000|  0%| F|  |TAMS 0x00000000e1f00000, 0x00000000e1f00000| Untracked 
|  32|0x00000000e2000000, 0x00000000e2000000, 0x00000000e2100000|  0%| F|  |TAMS 0x00000000e2000000, 0x00000000e2000000| Untracked 
|  33|0x00000000e2100000, 0x00000000e2100000, 0x00000000e2200000|  0%| F|  |TAMS 0x00000000e2100000, 0x00000000e2100000| Untracked 
|  34|0x00000000e2200000, 0x00000000e2200000, 0x00000000e2300000|  0%| F|  |TAMS 0x00000000e2200000, 0x00000000e2200000| Untracked 
|  35|0x00000000e2300000, 0x00000000e2300000, 0x00000000e2400000|  0%| F|  |TAMS 0x00000000e2300000, 0x00000000e2300000| Untracked 
|  36|0x00000000e2400000, 0x00000000e2400000, 0x00000000e2500000|  0%| F|  |TAMS 0x00000000e2400000, 0x00000000e2400000| Untracked 
|  37|0x00000000e2500000, 0x00000000e2500000, 0x00000000e2600000|  0%| F|  |TAMS 0x00000000e2500000, 0x00000000e2500000| Untracked 
|  38|0x00000000e2600000, 0x00000000e2600000, 0x00000000e2700000|  0%| F|  |TAMS 0x00000000e2600000, 0x00000000e2600000| Untracked 
|  39|0x00000000e2700000, 0x00000000e2700000, 0x00000000e2800000|  0%| F|  |TAMS 0x00000000e2700000, 0x00000000e2700000| Untracked 
|  40|0x00000000e2800000, 0x00000000e2800000, 0x00000000e2900000|  0%| F|  |TAMS 0x00000000e2800000, 0x00000000e2800000| Untracked 
|  41|0x00000000e2900000, 0x00000000e2900000, 0x00000000e2a00000|  0%| F|  |TAMS 0x00000000e2900000, 0x00000000e2900000| Untracked 
|  42|0x00000000e2a00000, 0x00000000e2a00000, 0x00000000e2b00000|  0%| F|  |TAMS 0x00000000e2a00000, 0x00000000e2a00000| Untracked 
|  43|0x00000000e2b00000, 0x00000000e2b00000, 0x00000000e2c00000|  0%| F|  |TAMS 0x00000000e2b00000, 0x00000000e2b00000| Untracked 
|  44|0x00000000e2c00000, 0x00000000e2c00000, 0x00000000e2d00000|  0%| F|  |TAMS 0x00000000e2c00000, 0x00000000e2c00000| Untracked 
|  45|0x00000000e2d00000, 0x00000000e2d00000, 0x00000000e2e00000|  0%| F|  |TAMS 0x00000000e2d00000, 0x00000000e2d00000| Untracked 
|  46|0x00000000e2e00000, 0x00000000e2e00000, 0x00000000e2f00000|  0%| F|  |TAMS 0x00000000e2e00000, 0x00000000e2e00000| Untracked 
|  47|0x00000000e2f00000, 0x00000000e2f00000, 0x00000000e3000000|  0%| F|  |TAMS 0x00000000e2f00000, 0x00000000e2f00000| Untracked 
|  48|0x00000000e3000000, 0x00000000e3000000, 0x00000000e3100000|  0%| F|  |TAMS 0x00000000e3000000, 0x00000000e3000000| Untracked 
|  49|0x00000000e3100000, 0x00000000e3100000, 0x00000000e3200000|  0%| F|  |TAMS 0x00000000e3100000, 0x00000000e3100000| Untracked 
|  50|0x00000000e3200000, 0x00000000e3200000, 0x00000000e3300000|  0%| F|  |TAMS 0x00000000e3200000, 0x00000000e3200000| Untracked 
|  51|0x00000000e3300000, 0x00000000e3300000, 0x00000000e3400000|  0%| F|  |TAMS 0x00000000e3300000, 0x00000000e3300000| Untracked 
|  52|0x00000000e3400000, 0x00000000e3400000, 0x00000000e3500000|  0%| F|  |TAMS 0x00000000e3400000, 0x00000000e3400000| Untracked 
|  53|0x00000000e3500000, 0x00000000e3500000, 0x00000000e3600000|  0%| F|  |TAMS 0x00000000e3500000, 0x00000000e3500000| Untracked 
|  54|0x00000000e3600000, 0x00000000e3600000, 0x00000000e3700000|  0%| F|  |TAMS 0x00000000e3600000, 0x00000000e3600000| Untracked 
|  55|0x00000000e3700000, 0x00000000e3700000, 0x00000000e3800000|  0%| F|  |TAMS 0x00000000e3700000, 0x00000000e3700000| Untracked 
|  56|0x00000000e3800000, 0x00000000e3800000, 0x00000000e3900000|  0%| F|  |TAMS 0x00000000e3800000, 0x00000000e3800000| Untracked 
|  57|0x00000000e3900000, 0x00000000e3900000, 0x00000000e3a00000|  0%| F|  |TAMS 0x00000000e3900000, 0x00000000e3900000| Untracked 
|  58|0x00000000e3a00000, 0x00000000e3a00000, 0x00000000e3b00000|  0%| F|  |TAMS 0x00000000e3a00000, 0x00000000e3a00000| Untracked 
|  59|0x00000000e3b00000, 0x00000000e3b00000, 0x00000000e3c00000|  0%| F|  |TAMS 0x00000000e3b00000, 0x00000000e3b00000| Untracked 
|  60|0x00000000e3c00000, 0x00000000e3c00000, 0x00000000e3d00000|  0%| F|  |TAMS 0x00000000e3c00000, 0x00000000e3c00000| Untracked 
|  61|0x00000000e3d00000, 0x00000000e3d00000, 0x00000000e3e00000|  0%| F|  |TAMS 0x00000000e3d00000, 0x00000000e3d00000| Untracked 
|  62|0x00000000e3e00000, 0x00000000e3e00000, 0x00000000e3f00000|  0%| F|  |TAMS 0x00000000e3e00000, 0x00000000e3e00000| Untracked 
|  63|0x00000000e3f00000, 0x00000000e3f00000, 0x00000000e4000000|  0%| F|  |TAMS 0x00000000e3f00000, 0x00000000e3f00000| Untracked 
|  64|0x00000000e4000000, 0x00000000e4000000, 0x00000000e4100000|  0%| F|  |TAMS 0x00000000e4000000, 0x00000000e4000000| Untracked 
|  65|0x00000000e4100000, 0x00000000e4100000, 0x00000000e4200000|  0%| F|  |TAMS 0x00000000e4100000, 0x00000000e4100000| Untracked 
|  66|0x00000000e4200000, 0x00000000e4200000, 0x00000000e4300000|  0%| F|  |TAMS 0x00000000e4200000, 0x00000000e4200000| Untracked 
|  67|0x00000000e4300000, 0x00000000e4300000, 0x00000000e4400000|  0%| F|  |TAMS 0x00000000e4300000, 0x00000000e4300000| Untracked 
|  68|0x00000000e4400000, 0x00000000e4400000, 0x00000000e4500000|  0%| F|  |TAMS 0x00000000e4400000, 0x00000000e4400000| Untracked 
|  69|0x00000000e4500000, 0x00000000e4500000, 0x00000000e4600000|  0%| F|  |TAMS 0x00000000e4500000, 0x00000000e4500000| Untracked 
|  70|0x00000000e4600000, 0x00000000e4600000, 0x00000000e4700000|  0%| F|  |TAMS 0x00000000e4600000, 0x00000000e4600000| Untracked 
|  71|0x00000000e4700000, 0x00000000e4700000, 0x00000000e4800000|  0%| F|  |TAMS 0x00000000e4700000, 0x00000000e4700000| Untracked 
|  72|0x00000000e4800000, 0x00000000e4800000, 0x00000000e4900000|  0%| F|  |TAMS 0x00000000e4800000, 0x00000000e4800000| Untracked 
|  73|0x00000000e4900000, 0x00000000e4900000, 0x00000000e4a00000|  0%| F|  |TAMS 0x00000000e4900000, 0x00000000e4900000| Untracked 
|  74|0x00000000e4a00000, 0x00000000e4a00000, 0x00000000e4b00000|  0%| F|  |TAMS 0x00000000e4a00000, 0x00000000e4a00000| Untracked 
|  75|0x00000000e4b00000, 0x00000000e4b00000, 0x00000000e4c00000|  0%| F|  |TAMS 0x00000000e4b00000, 0x00000000e4b00000| Untracked 
|  76|0x00000000e4c00000, 0x00000000e4c00000, 0x00000000e4d00000|  0%| F|  |TAMS 0x00000000e4c00000, 0x00000000e4c00000| Untracked 
|  77|0x00000000e4d00000, 0x00000000e4d00000, 0x00000000e4e00000|  0%| F|  |TAMS 0x00000000e4d00000, 0x00000000e4d00000| Untracked 
|  78|0x00000000e4e00000, 0x00000000e4e00000, 0x00000000e4f00000|  0%| F|  |TAMS 0x00000000e4e00000, 0x00000000e4e00000| Untracked 
|  79|0x00000000e4f00000, 0x00000000e4f00000, 0x00000000e5000000|  0%| F|  |TAMS 0x00000000e4f00000, 0x00000000e4f00000| Untracked 
|  80|0x00000000e5000000, 0x00000000e5000000, 0x00000000e5100000|  0%| F|  |TAMS 0x00000000e5000000, 0x00000000e5000000| Untracked 
|  81|0x00000000e5100000, 0x00000000e5100000, 0x00000000e5200000|  0%| F|  |TAMS 0x00000000e5100000, 0x00000000e5100000| Untracked 
|  82|0x00000000e5200000, 0x00000000e5200000, 0x00000000e5300000|  0%| F|  |TAMS 0x00000000e5200000, 0x00000000e5200000| Untracked 
|  83|0x00000000e5300000, 0x00000000e5300000, 0x00000000e5400000|  0%| F|  |TAMS 0x00000000e5300000, 0x00000000e5300000| Untracked 
|  84|0x00000000e5400000, 0x00000000e5400000, 0x00000000e5500000|  0%| F|  |TAMS 0x00000000e5400000, 0x00000000e5400000| Untracked 
|  85|0x00000000e5500000, 0x00000000e5500000, 0x00000000e5600000|  0%| F|  |TAMS 0x00000000e5500000, 0x00000000e5500000| Untracked 
|  86|0x00000000e5600000, 0x00000000e5600000, 0x00000000e5700000|  0%| F|  |TAMS 0x00000000e5600000, 0x00000000e5600000| Untracked 
|  87|0x00000000e5700000, 0x00000000e5700000, 0x00000000e5800000|  0%| F|  |TAMS 0x00000000e5700000, 0x00000000e5700000| Untracked 
|  88|0x00000000e5800000, 0x00000000e5800000, 0x00000000e5900000|  0%| F|  |TAMS 0x00000000e5800000, 0x00000000e5800000| Untracked 
|  89|0x00000000e5900000, 0x00000000e5900000, 0x00000000e5a00000|  0%| F|  |TAMS 0x00000000e5900000, 0x00000000e5900000| Untracked 
|  90|0x00000000e5a00000, 0x00000000e5a00000, 0x00000000e5b00000|  0%| F|  |TAMS 0x00000000e5a00000, 0x00000000e5a00000| Untracked 
|  91|0x00000000e5b00000, 0x00000000e5b00000, 0x00000000e5c00000|  0%| F|  |TAMS 0x00000000e5b00000, 0x00000000e5b00000| Untracked 
|  92|0x00000000e5c00000, 0x00000000e5c00000, 0x00000000e5d00000|  0%| F|  |TAMS 0x00000000e5c00000, 0x00000000e5c00000| Untracked 
|  93|0x00000000e5d00000, 0x00000000e5d00000, 0x00000000e5e00000|  0%| F|  |TAMS 0x00000000e5d00000, 0x00000000e5d00000| Untracked 
|  94|0x00000000e5e00000, 0x00000000e5e00000, 0x00000000e5f00000|  0%| F|  |TAMS 0x00000000e5e00000, 0x00000000e5e00000| Untracked 
|  95|0x00000000e5f00000, 0x00000000e5f00000, 0x00000000e6000000|  0%| F|  |TAMS 0x00000000e5f00000, 0x00000000e5f00000| Untracked 
|  96|0x00000000e6000000, 0x00000000e6000000, 0x00000000e6100000|  0%| F|  |TAMS 0x00000000e6000000, 0x00000000e6000000| Untracked 
|  97|0x00000000e6100000, 0x00000000e6100000, 0x00000000e6200000|  0%| F|  |TAMS 0x00000000e6100000, 0x00000000e6100000| Untracked 
|  98|0x00000000e6200000, 0x00000000e6200000, 0x00000000e6300000|  0%| F|  |TAMS 0x00000000e6200000, 0x00000000e6200000| Untracked 
|  99|0x00000000e6300000, 0x00000000e6300000, 0x00000000e6400000|  0%| F|  |TAMS 0x00000000e6300000, 0x00000000e6300000| Untracked 
| 100|0x00000000e6400000, 0x00000000e6400000, 0x00000000e6500000|  0%| F|  |TAMS 0x00000000e6400000, 0x00000000e6400000| Untracked 
| 101|0x00000000e6500000, 0x00000000e6500000, 0x00000000e6600000|  0%| F|  |TAMS 0x00000000e6500000, 0x00000000e6500000| Untracked 
| 102|0x00000000e6600000, 0x00000000e6600000, 0x00000000e6700000|  0%| F|  |TAMS 0x00000000e6600000, 0x00000000e6600000| Untracked 
| 103|0x00000000e6700000, 0x00000000e67d8478, 0x00000000e6800000| 84%| S|CS|TAMS 0x00000000e6700000, 0x00000000e6700000| Complete 
| 104|0x00000000e6800000, 0x00000000e6900000, 0x00000000e6900000|100%| S|CS|TAMS 0x00000000e6800000, 0x00000000e6800000| Complete 
| 105|0x00000000e6900000, 0x00000000e6a00000, 0x00000000e6a00000|100%| S|CS|TAMS 0x00000000e6900000, 0x00000000e6900000| Complete 
| 106|0x00000000e6a00000, 0x00000000e6b00000, 0x00000000e6b00000|100%| S|CS|TAMS 0x00000000e6a00000, 0x00000000e6a00000| Complete 
| 107|0x00000000e6b00000, 0x00000000e6c00000, 0x00000000e6c00000|100%| S|CS|TAMS 0x00000000e6b00000, 0x00000000e6b00000| Complete 
| 108|0x00000000e6c00000, 0x00000000e6d00000, 0x00000000e6d00000|100%| S|CS|TAMS 0x00000000e6c00000, 0x00000000e6c00000| Complete 
| 109|0x00000000e6d00000, 0x00000000e6e00000, 0x00000000e6e00000|100%| S|CS|TAMS 0x00000000e6d00000, 0x00000000e6d00000| Complete 
| 110|0x00000000e6e00000, 0x00000000e6f00000, 0x00000000e6f00000|100%| S|CS|TAMS 0x00000000e6e00000, 0x00000000e6e00000| Complete 
| 111|0x00000000e6f00000, 0x00000000e7000000, 0x00000000e7000000|100%| S|CS|TAMS 0x00000000e6f00000, 0x00000000e6f00000| Complete 
| 112|0x00000000e7000000, 0x00000000e7100000, 0x00000000e7100000|100%| S|CS|TAMS 0x00000000e7000000, 0x00000000e7000000| Complete 
| 113|0x00000000e7100000, 0x00000000e7100000, 0x00000000e7200000|  0%| F|  |TAMS 0x00000000e7100000, 0x00000000e7100000| Untracked 
| 114|0x00000000e7200000, 0x00000000e7200000, 0x00000000e7300000|  0%| F|  |TAMS 0x00000000e7200000, 0x00000000e7200000| Untracked 
| 115|0x00000000e7300000, 0x00000000e7300000, 0x00000000e7400000|  0%| F|  |TAMS 0x00000000e7300000, 0x00000000e7300000| Untracked 
| 116|0x00000000e7400000, 0x00000000e7400000, 0x00000000e7500000|  0%| F|  |TAMS 0x00000000e7400000, 0x00000000e7400000| Untracked 
| 117|0x00000000e7500000, 0x00000000e7500000, 0x00000000e7600000|  0%| F|  |TAMS 0x00000000e7500000, 0x00000000e7500000| Untracked 
| 118|0x00000000e7600000, 0x00000000e7600000, 0x00000000e7700000|  0%| F|  |TAMS 0x00000000e7600000, 0x00000000e7600000| Untracked 
| 119|0x00000000e7700000, 0x00000000e7700000, 0x00000000e7800000|  0%| F|  |TAMS 0x00000000e7700000, 0x00000000e7700000| Untracked 
| 120|0x00000000e7800000, 0x00000000e7800000, 0x00000000e7900000|  0%| F|  |TAMS 0x00000000e7800000, 0x00000000e7800000| Untracked 
| 121|0x00000000e7900000, 0x00000000e7900000, 0x00000000e7a00000|  0%| F|  |TAMS 0x00000000e7900000, 0x00000000e7900000| Untracked 
| 122|0x00000000e7a00000, 0x00000000e7a00000, 0x00000000e7b00000|  0%| F|  |TAMS 0x00000000e7a00000, 0x00000000e7a00000| Untracked 
| 123|0x00000000e7b00000, 0x00000000e7b00000, 0x00000000e7c00000|  0%| F|  |TAMS 0x00000000e7b00000, 0x00000000e7b00000| Untracked 
| 124|0x00000000e7c00000, 0x00000000e7c00000, 0x00000000e7d00000|  0%| F|  |TAMS 0x00000000e7c00000, 0x00000000e7c00000| Untracked 
| 125|0x00000000e7d00000, 0x00000000e7d00000, 0x00000000e7e00000|  0%| F|  |TAMS 0x00000000e7d00000, 0x00000000e7d00000| Untracked 
| 126|0x00000000e7e00000, 0x00000000e7e00000, 0x00000000e7f00000|  0%| F|  |TAMS 0x00000000e7e00000, 0x00000000e7e00000| Untracked 
| 127|0x00000000e7f00000, 0x00000000e7f00000, 0x00000000e8000000|  0%| F|  |TAMS 0x00000000e7f00000, 0x00000000e7f00000| Untracked 
| 128|0x00000000e8000000, 0x00000000e8000000, 0x00000000e8100000|  0%| F|  |TAMS 0x00000000e8000000, 0x00000000e8000000| Untracked 
| 129|0x00000000e8100000, 0x00000000e8100000, 0x00000000e8200000|  0%| F|  |TAMS 0x00000000e8100000, 0x00000000e8100000| Untracked 
| 130|0x00000000e8200000, 0x00000000e8200000, 0x00000000e8300000|  0%| F|  |TAMS 0x00000000e8200000, 0x00000000e8200000| Untracked 
| 131|0x00000000e8300000, 0x00000000e8300000, 0x00000000e8400000|  0%| F|  |TAMS 0x00000000e8300000, 0x00000000e8300000| Untracked 
| 132|0x00000000e8400000, 0x00000000e8400000, 0x00000000e8500000|  0%| F|  |TAMS 0x00000000e8400000, 0x00000000e8400000| Untracked 
| 133|0x00000000e8500000, 0x00000000e8500000, 0x00000000e8600000|  0%| F|  |TAMS 0x00000000e8500000, 0x00000000e8500000| Untracked 
| 134|0x00000000e8600000, 0x00000000e8600000, 0x00000000e8700000|  0%| F|  |TAMS 0x00000000e8600000, 0x00000000e8600000| Untracked 
| 135|0x00000000e8700000, 0x00000000e8700000, 0x00000000e8800000|  0%| F|  |TAMS 0x00000000e8700000, 0x00000000e8700000| Untracked 
| 136|0x00000000e8800000, 0x00000000e8800000, 0x00000000e8900000|  0%| F|  |TAMS 0x00000000e8800000, 0x00000000e8800000| Untracked 
| 137|0x00000000e8900000, 0x00000000e8900000, 0x00000000e8a00000|  0%| F|  |TAMS 0x00000000e8900000, 0x00000000e8900000| Untracked 
| 138|0x00000000e8a00000, 0x00000000e8a00000, 0x00000000e8b00000|  0%| F|  |TAMS 0x00000000e8a00000, 0x00000000e8a00000| Untracked 
| 139|0x00000000e8b00000, 0x00000000e8b00000, 0x00000000e8c00000|  0%| F|  |TAMS 0x00000000e8b00000, 0x00000000e8b00000| Untracked 
| 140|0x00000000e8c00000, 0x00000000e8c00000, 0x00000000e8d00000|  0%| F|  |TAMS 0x00000000e8c00000, 0x00000000e8c00000| Untracked 
| 141|0x00000000e8d00000, 0x00000000e8d00000, 0x00000000e8e00000|  0%| F|  |TAMS 0x00000000e8d00000, 0x00000000e8d00000| Untracked 
| 142|0x00000000e8e00000, 0x00000000e8e00000, 0x00000000e8f00000|  0%| F|  |TAMS 0x00000000e8e00000, 0x00000000e8e00000| Untracked 
| 143|0x00000000e8f00000, 0x00000000e8f00000, 0x00000000e9000000|  0%| F|  |TAMS 0x00000000e8f00000, 0x00000000e8f00000| Untracked 
| 144|0x00000000e9000000, 0x00000000e9000000, 0x00000000e9100000|  0%| F|  |TAMS 0x00000000e9000000, 0x00000000e9000000| Untracked 
| 145|0x00000000e9100000, 0x00000000e9100000, 0x00000000e9200000|  0%| F|  |TAMS 0x00000000e9100000, 0x00000000e9100000| Untracked 
| 146|0x00000000e9200000, 0x00000000e9200000, 0x00000000e9300000|  0%| F|  |TAMS 0x00000000e9200000, 0x00000000e9200000| Untracked 
| 147|0x00000000e9300000, 0x00000000e9300000, 0x00000000e9400000|  0%| F|  |TAMS 0x00000000e9300000, 0x00000000e9300000| Untracked 
| 148|0x00000000e9400000, 0x00000000e9400000, 0x00000000e9500000|  0%| F|  |TAMS 0x00000000e9400000, 0x00000000e9400000| Untracked 
| 149|0x00000000e9500000, 0x00000000e9500000, 0x00000000e9600000|  0%| F|  |TAMS 0x00000000e9500000, 0x00000000e9500000| Untracked 
| 150|0x00000000e9600000, 0x00000000e9600000, 0x00000000e9700000|  0%| F|  |TAMS 0x00000000e9600000, 0x00000000e9600000| Untracked 
| 151|0x00000000e9700000, 0x00000000e9700000, 0x00000000e9800000|  0%| F|  |TAMS 0x00000000e9700000, 0x00000000e9700000| Untracked 
| 152|0x00000000e9800000, 0x00000000e9800000, 0x00000000e9900000|  0%| F|  |TAMS 0x00000000e9800000, 0x00000000e9800000| Untracked 
| 153|0x00000000e9900000, 0x00000000e9900000, 0x00000000e9a00000|  0%| F|  |TAMS 0x00000000e9900000, 0x00000000e9900000| Untracked 
| 154|0x00000000e9a00000, 0x00000000e9a00000, 0x00000000e9b00000|  0%| F|  |TAMS 0x00000000e9a00000, 0x00000000e9a00000| Untracked 
| 155|0x00000000e9b00000, 0x00000000e9b00000, 0x00000000e9c00000|  0%| F|  |TAMS 0x00000000e9b00000, 0x00000000e9b00000| Untracked 
| 156|0x00000000e9c00000, 0x00000000e9c00000, 0x00000000e9d00000|  0%| F|  |TAMS 0x00000000e9c00000, 0x00000000e9c00000| Untracked 
| 157|0x00000000e9d00000, 0x00000000e9d00000, 0x00000000e9e00000|  0%| F|  |TAMS 0x00000000e9d00000, 0x00000000e9d00000| Untracked 
| 158|0x00000000e9e00000, 0x00000000e9e00000, 0x00000000e9f00000|  0%| F|  |TAMS 0x00000000e9e00000, 0x00000000e9e00000| Untracked 
| 159|0x00000000e9f00000, 0x00000000e9f00000, 0x00000000ea000000|  0%| F|  |TAMS 0x00000000e9f00000, 0x00000000e9f00000| Untracked 
| 160|0x00000000ea000000, 0x00000000ea000000, 0x00000000ea100000|  0%| F|  |TAMS 0x00000000ea000000, 0x00000000ea000000| Untracked 
| 161|0x00000000ea100000, 0x00000000ea100000, 0x00000000ea200000|  0%| F|  |TAMS 0x00000000ea100000, 0x00000000ea100000| Untracked 
| 162|0x00000000ea200000, 0x00000000ea200000, 0x00000000ea300000|  0%| F|  |TAMS 0x00000000ea200000, 0x00000000ea200000| Untracked 
| 163|0x00000000ea300000, 0x00000000ea300000, 0x00000000ea400000|  0%| F|  |TAMS 0x00000000ea300000, 0x00000000ea300000| Untracked 
| 164|0x00000000ea400000, 0x00000000ea400000, 0x00000000ea500000|  0%| F|  |TAMS 0x00000000ea400000, 0x00000000ea400000| Untracked 
| 165|0x00000000ea500000, 0x00000000ea500000, 0x00000000ea600000|  0%| F|  |TAMS 0x00000000ea500000, 0x00000000ea500000| Untracked 
| 166|0x00000000ea600000, 0x00000000ea600000, 0x00000000ea700000|  0%| F|  |TAMS 0x00000000ea600000, 0x00000000ea600000| Untracked 
| 167|0x00000000ea700000, 0x00000000ea700000, 0x00000000ea800000|  0%| F|  |TAMS 0x00000000ea700000, 0x00000000ea700000| Untracked 
| 168|0x00000000ea800000, 0x00000000ea800000, 0x00000000ea900000|  0%| F|  |TAMS 0x00000000ea800000, 0x00000000ea800000| Untracked 
| 169|0x00000000ea900000, 0x00000000ea900000, 0x00000000eaa00000|  0%| F|  |TAMS 0x00000000ea900000, 0x00000000ea900000| Untracked 
| 170|0x00000000eaa00000, 0x00000000eaa00000, 0x00000000eab00000|  0%| F|  |TAMS 0x00000000eaa00000, 0x00000000eaa00000| Untracked 
| 171|0x00000000eab00000, 0x00000000eab00000, 0x00000000eac00000|  0%| F|  |TAMS 0x00000000eab00000, 0x00000000eab00000| Untracked 
| 172|0x00000000eac00000, 0x00000000eac00000, 0x00000000ead00000|  0%| F|  |TAMS 0x00000000eac00000, 0x00000000eac00000| Untracked 
| 173|0x00000000ead00000, 0x00000000ead00000, 0x00000000eae00000|  0%| F|  |TAMS 0x00000000ead00000, 0x00000000ead00000| Untracked 
| 174|0x00000000eae00000, 0x00000000eae00000, 0x00000000eaf00000|  0%| F|  |TAMS 0x00000000eae00000, 0x00000000eae00000| Untracked 
| 175|0x00000000eaf00000, 0x00000000eaf00000, 0x00000000eb000000|  0%| F|  |TAMS 0x00000000eaf00000, 0x00000000eaf00000| Untracked 
| 176|0x00000000eb000000, 0x00000000eb000000, 0x00000000eb100000|  0%| F|  |TAMS 0x00000000eb000000, 0x00000000eb000000| Untracked 
| 177|0x00000000eb100000, 0x00000000eb100000, 0x00000000eb200000|  0%| F|  |TAMS 0x00000000eb100000, 0x00000000eb100000| Untracked 
| 178|0x00000000eb200000, 0x00000000eb200000, 0x00000000eb300000|  0%| F|  |TAMS 0x00000000eb200000, 0x00000000eb200000| Untracked 
| 179|0x00000000eb300000, 0x00000000eb300000, 0x00000000eb400000|  0%| F|  |TAMS 0x00000000eb300000, 0x00000000eb300000| Untracked 
| 180|0x00000000eb400000, 0x00000000eb400000, 0x00000000eb500000|  0%| F|  |TAMS 0x00000000eb400000, 0x00000000eb400000| Untracked 
| 181|0x00000000eb500000, 0x00000000eb500000, 0x00000000eb600000|  0%| F|  |TAMS 0x00000000eb500000, 0x00000000eb500000| Untracked 
| 182|0x00000000eb600000, 0x00000000eb600000, 0x00000000eb700000|  0%| F|  |TAMS 0x00000000eb600000, 0x00000000eb600000| Untracked 
| 183|0x00000000eb700000, 0x00000000eb700000, 0x00000000eb800000|  0%| F|  |TAMS 0x00000000eb700000, 0x00000000eb700000| Untracked 
| 184|0x00000000eb800000, 0x00000000eb800000, 0x00000000eb900000|  0%| F|  |TAMS 0x00000000eb800000, 0x00000000eb800000| Untracked 
| 185|0x00000000eb900000, 0x00000000eb900000, 0x00000000eba00000|  0%| F|  |TAMS 0x00000000eb900000, 0x00000000eb900000| Untracked 
| 186|0x00000000eba00000, 0x00000000eba00000, 0x00000000ebb00000|  0%| F|  |TAMS 0x00000000eba00000, 0x00000000eba00000| Untracked 
| 187|0x00000000ebb00000, 0x00000000ebb00000, 0x00000000ebc00000|  0%| F|  |TAMS 0x00000000ebb00000, 0x00000000ebb00000| Untracked 
| 188|0x00000000ebc00000, 0x00000000ebc00000, 0x00000000ebd00000|  0%| F|  |TAMS 0x00000000ebc00000, 0x00000000ebc00000| Untracked 
| 189|0x00000000ebd00000, 0x00000000ebd00000, 0x00000000ebe00000|  0%| F|  |TAMS 0x00000000ebd00000, 0x00000000ebd00000| Untracked 
| 190|0x00000000ebe00000, 0x00000000ebe80800, 0x00000000ebf00000| 50%| E|  |TAMS 0x00000000ebe00000, 0x00000000ebe00000| Complete 
| 191|0x00000000ebf00000, 0x00000000ec000000, 0x00000000ec000000|100%| E|CS|TAMS 0x00000000ebf00000, 0x00000000ebf00000| Complete 
| 192|0x00000000ec000000, 0x00000000ec100000, 0x00000000ec100000|100%| E|CS|TAMS 0x00000000ec000000, 0x00000000ec000000| Complete 
| 193|0x00000000ec100000, 0x00000000ec200000, 0x00000000ec200000|100%| E|CS|TAMS 0x00000000ec100000, 0x00000000ec100000| Complete 
| 194|0x00000000ec200000, 0x00000000ec300000, 0x00000000ec300000|100%| E|CS|TAMS 0x00000000ec200000, 0x00000000ec200000| Complete 
| 195|0x00000000ec300000, 0x00000000ec400000, 0x00000000ec400000|100%| E|CS|TAMS 0x00000000ec300000, 0x00000000ec300000| Complete 
| 196|0x00000000ec400000, 0x00000000ec500000, 0x00000000ec500000|100%| E|CS|TAMS 0x00000000ec400000, 0x00000000ec400000| Complete 
| 197|0x00000000ec500000, 0x00000000ec600000, 0x00000000ec600000|100%| E|CS|TAMS 0x00000000ec500000, 0x00000000ec500000| Complete 
| 198|0x00000000ec600000, 0x00000000ec700000, 0x00000000ec700000|100%| E|CS|TAMS 0x00000000ec600000, 0x00000000ec600000| Complete 
| 199|0x00000000ec700000, 0x00000000ec800000, 0x00000000ec800000|100%| E|CS|TAMS 0x00000000ec700000, 0x00000000ec700000| Complete 
| 200|0x00000000ec800000, 0x00000000ec900000, 0x00000000ec900000|100%| E|CS|TAMS 0x00000000ec800000, 0x00000000ec800000| Complete 
| 201|0x00000000ec900000, 0x00000000eca00000, 0x00000000eca00000|100%| E|CS|TAMS 0x00000000ec900000, 0x00000000ec900000| Complete 
| 202|0x00000000eca00000, 0x00000000ecb00000, 0x00000000ecb00000|100%| E|CS|TAMS 0x00000000eca00000, 0x00000000eca00000| Complete 
| 203|0x00000000ecb00000, 0x00000000ecc00000, 0x00000000ecc00000|100%| E|CS|TAMS 0x00000000ecb00000, 0x00000000ecb00000| Complete 
| 204|0x00000000ecc00000, 0x00000000ecd00000, 0x00000000ecd00000|100%| E|CS|TAMS 0x00000000ecc00000, 0x00000000ecc00000| Complete 
| 205|0x00000000ecd00000, 0x00000000ece00000, 0x00000000ece00000|100%| E|CS|TAMS 0x00000000ecd00000, 0x00000000ecd00000| Complete 
| 206|0x00000000ece00000, 0x00000000ecf00000, 0x00000000ecf00000|100%| E|CS|TAMS 0x00000000ece00000, 0x00000000ece00000| Complete 
| 207|0x00000000ecf00000, 0x00000000ed000000, 0x00000000ed000000|100%| E|CS|TAMS 0x00000000ecf00000, 0x00000000ecf00000| Complete 
| 208|0x00000000ed000000, 0x00000000ed100000, 0x00000000ed100000|100%| E|CS|TAMS 0x00000000ed000000, 0x00000000ed000000| Complete 
| 209|0x00000000ed100000, 0x00000000ed200000, 0x00000000ed200000|100%| E|CS|TAMS 0x00000000ed100000, 0x00000000ed100000| Complete 
| 210|0x00000000ed200000, 0x00000000ed300000, 0x00000000ed300000|100%| E|CS|TAMS 0x00000000ed200000, 0x00000000ed200000| Complete 
| 211|0x00000000ed300000, 0x00000000ed400000, 0x00000000ed400000|100%| E|CS|TAMS 0x00000000ed300000, 0x00000000ed300000| Complete 
| 212|0x00000000ed400000, 0x00000000ed500000, 0x00000000ed500000|100%| E|CS|TAMS 0x00000000ed400000, 0x00000000ed400000| Complete 
| 213|0x00000000ed500000, 0x00000000ed600000, 0x00000000ed600000|100%| E|CS|TAMS 0x00000000ed500000, 0x00000000ed500000| Complete 
| 214|0x00000000ed600000, 0x00000000ed700000, 0x00000000ed700000|100%| E|CS|TAMS 0x00000000ed600000, 0x00000000ed600000| Complete 
| 215|0x00000000ed700000, 0x00000000ed800000, 0x00000000ed800000|100%| E|CS|TAMS 0x00000000ed700000, 0x00000000ed700000| Complete 
| 216|0x00000000ed800000, 0x00000000ed900000, 0x00000000ed900000|100%| E|CS|TAMS 0x00000000ed800000, 0x00000000ed800000| Complete 
| 217|0x00000000ed900000, 0x00000000eda00000, 0x00000000eda00000|100%| E|CS|TAMS 0x00000000ed900000, 0x00000000ed900000| Complete 
| 218|0x00000000eda00000, 0x00000000edb00000, 0x00000000edb00000|100%| E|CS|TAMS 0x00000000eda00000, 0x00000000eda00000| Complete 
| 219|0x00000000edb00000, 0x00000000edc00000, 0x00000000edc00000|100%| E|CS|TAMS 0x00000000edb00000, 0x00000000edb00000| Complete 
| 220|0x00000000edc00000, 0x00000000edd00000, 0x00000000edd00000|100%| E|CS|TAMS 0x00000000edc00000, 0x00000000edc00000| Complete 
| 221|0x00000000edd00000, 0x00000000ede00000, 0x00000000ede00000|100%| E|CS|TAMS 0x00000000edd00000, 0x00000000edd00000| Complete 
| 222|0x00000000ede00000, 0x00000000edf00000, 0x00000000edf00000|100%| E|CS|TAMS 0x00000000ede00000, 0x00000000ede00000| Complete 
| 223|0x00000000edf00000, 0x00000000ee000000, 0x00000000ee000000|100%| E|CS|TAMS 0x00000000edf00000, 0x00000000edf00000| Complete 
| 224|0x00000000ee000000, 0x00000000ee100000, 0x00000000ee100000|100%| E|CS|TAMS 0x00000000ee000000, 0x00000000ee000000| Complete 
| 225|0x00000000ee100000, 0x00000000ee200000, 0x00000000ee200000|100%| E|CS|TAMS 0x00000000ee100000, 0x00000000ee100000| Complete 
| 226|0x00000000ee200000, 0x00000000ee300000, 0x00000000ee300000|100%| E|CS|TAMS 0x00000000ee200000, 0x00000000ee200000| Complete 
| 227|0x00000000ee300000, 0x00000000ee400000, 0x00000000ee400000|100%| E|CS|TAMS 0x00000000ee300000, 0x00000000ee300000| Complete 
| 228|0x00000000ee400000, 0x00000000ee500000, 0x00000000ee500000|100%| E|CS|TAMS 0x00000000ee400000, 0x00000000ee400000| Complete 
| 229|0x00000000ee500000, 0x00000000ee600000, 0x00000000ee600000|100%| E|CS|TAMS 0x00000000ee500000, 0x00000000ee500000| Complete 
| 230|0x00000000ee600000, 0x00000000ee700000, 0x00000000ee700000|100%| E|CS|TAMS 0x00000000ee600000, 0x00000000ee600000| Complete 
| 231|0x00000000ee700000, 0x00000000ee800000, 0x00000000ee800000|100%| E|CS|TAMS 0x00000000ee700000, 0x00000000ee700000| Complete 
| 232|0x00000000ee800000, 0x00000000ee900000, 0x00000000ee900000|100%| E|CS|TAMS 0x00000000ee800000, 0x00000000ee800000| Complete 
| 233|0x00000000ee900000, 0x00000000eea00000, 0x00000000eea00000|100%| E|CS|TAMS 0x00000000ee900000, 0x00000000ee900000| Complete 
| 234|0x00000000eea00000, 0x00000000eeb00000, 0x00000000eeb00000|100%| E|CS|TAMS 0x00000000eea00000, 0x00000000eea00000| Complete 
| 235|0x00000000eeb00000, 0x00000000eec00000, 0x00000000eec00000|100%| E|  |TAMS 0x00000000eeb00000, 0x00000000eeb00000| Complete 
| 236|0x00000000eec00000, 0x00000000eed00000, 0x00000000eed00000|100%| E|CS|TAMS 0x00000000eec00000, 0x00000000eec00000| Complete 
| 237|0x00000000eed00000, 0x00000000eee00000, 0x00000000eee00000|100%| E|CS|TAMS 0x00000000eed00000, 0x00000000eed00000| Complete 
| 238|0x00000000eee00000, 0x00000000eef00000, 0x00000000eef00000|100%| E|CS|TAMS 0x00000000eee00000, 0x00000000eee00000| Complete 
| 239|0x00000000eef00000, 0x00000000ef000000, 0x00000000ef000000|100%| E|CS|TAMS 0x00000000eef00000, 0x00000000eef00000| Complete 
| 240|0x00000000ef000000, 0x00000000ef100000, 0x00000000ef100000|100%| E|CS|TAMS 0x00000000ef000000, 0x00000000ef000000| Complete 
| 241|0x00000000ef100000, 0x00000000ef200000, 0x00000000ef200000|100%| E|CS|TAMS 0x00000000ef100000, 0x00000000ef100000| Complete 
| 242|0x00000000ef200000, 0x00000000ef300000, 0x00000000ef300000|100%| E|CS|TAMS 0x00000000ef200000, 0x00000000ef200000| Complete 
| 243|0x00000000ef300000, 0x00000000ef400000, 0x00000000ef400000|100%| E|CS|TAMS 0x00000000ef300000, 0x00000000ef300000| Complete 
| 244|0x00000000ef400000, 0x00000000ef500000, 0x00000000ef500000|100%| E|CS|TAMS 0x00000000ef400000, 0x00000000ef400000| Complete 
| 245|0x00000000ef500000, 0x00000000ef600000, 0x00000000ef600000|100%| E|CS|TAMS 0x00000000ef500000, 0x00000000ef500000| Complete 
| 246|0x00000000ef600000, 0x00000000ef700000, 0x00000000ef700000|100%| E|CS|TAMS 0x00000000ef600000, 0x00000000ef600000| Complete 
| 247|0x00000000ef700000, 0x00000000ef800000, 0x00000000ef800000|100%| E|CS|TAMS 0x00000000ef700000, 0x00000000ef700000| Complete 
| 248|0x00000000ef800000, 0x00000000ef900000, 0x00000000ef900000|100%| E|CS|TAMS 0x00000000ef800000, 0x00000000ef800000| Complete 
| 249|0x00000000ef900000, 0x00000000efa00000, 0x00000000efa00000|100%| E|CS|TAMS 0x00000000ef900000, 0x00000000ef900000| Complete 
| 250|0x00000000efa00000, 0x00000000efb00000, 0x00000000efb00000|100%| E|CS|TAMS 0x00000000efa00000, 0x00000000efa00000| Complete 
| 251|0x00000000efb00000, 0x00000000efc00000, 0x00000000efc00000|100%| E|CS|TAMS 0x00000000efb00000, 0x00000000efb00000| Complete 
| 252|0x00000000efc00000, 0x00000000efd00000, 0x00000000efd00000|100%| E|CS|TAMS 0x00000000efc00000, 0x00000000efc00000| Complete 
| 253|0x00000000efd00000, 0x00000000efe00000, 0x00000000efe00000|100%| E|CS|TAMS 0x00000000efd00000, 0x00000000efd00000| Complete 
| 254|0x00000000efe00000, 0x00000000eff00000, 0x00000000eff00000|100%| E|CS|TAMS 0x00000000efe00000, 0x00000000efe00000| Complete 
| 255|0x00000000eff00000, 0x00000000f0000000, 0x00000000f0000000|100%| E|CS|TAMS 0x00000000eff00000, 0x00000000eff00000| Complete 

Card table byte_map: [0x00000244bbbc0000,0x00000244bbcc0000] _byte_map_base: 0x00000244bb4c0000

Marking Bits (Prev, Next): (CMBitMap*) 0x00000244a49c65f0, (CMBitMap*) 0x00000244a49c6630
 Prev Bits: [0x00000244bbdc0000, 0x00000244bc5c0000)
 Next Bits: [0x00000244bc5c0000, 0x00000244bcdc0000)

Polling page: 0x00000244a2980000

Metaspace:

Usage:
  Non-class:     36.33 MB used.
      Class:      5.87 MB used.
       Both:     42.20 MB used.

Virtual space:
  Non-class space:       64.00 MB reserved,      36.56 MB ( 57%) committed,  1 nodes.
      Class space:      320.00 MB reserved,       6.06 MB (  2%) committed,  1 nodes.
             Both:      384.00 MB reserved,      42.62 MB ( 11%) committed. 

Chunk freelists:
   Non-Class:  11.38 MB
       Class:  9.77 MB
        Both:  21.14 MB

MaxMetaspaceSize: 384.00 MB
CompressedClassSpaceSize: 320.00 MB
Initial GC threshold: 21.00 MB
Current GC threshold: 59.62 MB
CDS: on
MetaspaceReclaimPolicy: balanced
 - commit_granule_bytes: 65536.
 - commit_granule_words: 8192.
 - virtual_space_node_default_size: 8388608.
 - enlarge_chunks_in_place: 1.
 - new_chunks_are_fully_committed: 0.
 - uncommit_free_chunks: 1.
 - use_allocation_guard: 0.
 - handle_deallocations: 1.


Internal statistics:

num_allocs_failed_limit: 9.
num_arena_births: 484.
num_arena_deaths: 0.
num_vsnodes_births: 2.
num_vsnodes_deaths: 0.
num_space_committed: 682.
num_space_uncommitted: 0.
num_chunks_returned_to_freelist: 9.
num_chunks_taken_from_freelist: 2171.
num_chunk_merges: 9.
num_chunk_splits: 1431.
num_chunks_enlarged: 958.
num_inconsistent_stats: 0.

CodeHeap 'non-profiled nmethods': size=119168Kb used=2329Kb max_used=2955Kb free=116838Kb
 bounds [0x00000244b3de0000, 0x00000244b40d0000, 0x00000244bb240000]
CodeHeap 'profiled nmethods': size=119104Kb used=9507Kb max_used=11165Kb free=109597Kb
 bounds [0x00000244ac240000, 0x00000244acd30000, 0x00000244b3690000]
CodeHeap 'non-nmethods': size=7488Kb used=2877Kb max_used=3448Kb free=4610Kb
 bounds [0x00000244b3690000, 0x00000244b3a00000, 0x00000244b3de0000]
 total_blobs=5524 nmethods=4694 adapters=741
 compilation: enabled
              stopped_count=0, restarted_count=0
 full_count=0

Compilation events (20 events):
Event: 119.747 Thread 0x00000244bfd46720 5446       1       org.gradle.api.attributes.Attribute::getName (5 bytes)
Event: 119.747 Thread 0x00000244bfd46720 nmethod 5446 0x00000244b3f18690 code [0x00000244b3f18820, 0x00000244b3f188f8]
Event: 119.747 Thread 0x00000244d92533c0 5447       3       com.google.common.math.MathPreconditions::checkPositive (42 bytes)
Event: 119.747 Thread 0x00000244bfd46720 5448       3       com.google.common.collect.ImmutableSet$RegularSetBuilderImpl::maxRunBeforeFallback (11 bytes)
Event: 119.748 Thread 0x00000244bfd46720 nmethod 5448 0x00000244ac38ee10 code [0x00000244ac38efa0, 0x00000244ac38f0c8]
Event: 119.748 Thread 0x00000244bfd46720 5449       3       com.google.common.math.IntMath::log2 (118 bytes)
Event: 119.748 Thread 0x00000244d92533c0 nmethod 5447 0x00000244ac669c10 code [0x00000244ac669e60, 0x00000244ac66a5f8]
Event: 119.748 Thread 0x00000244d92533c0 5452       3       com.google.common.collect.ImmutableSet$CachingAsList::<init> (5 bytes)
Event: 119.748 Thread 0x00000244d92533c0 nmethod 5452 0x00000244ac99bf90 code [0x00000244ac99c140, 0x00000244ac99c3b8]
Event: 119.748 Thread 0x00000244d92533c0 5450       3       com.google.common.math.IntMath::isPowerOfTwo (24 bytes)
Event: 119.748 Thread 0x00000244d92533c0 nmethod 5450 0x00000244ac66bd10 code [0x00000244ac66bea0, 0x00000244ac66c058]
Event: 119.748 Thread 0x00000244d92533c0 5451       3       com.google.common.math.MathPreconditions::checkRoundingUnnecessary (15 bytes)
Event: 119.748 Thread 0x00000244d92533c0 nmethod 5451 0x00000244ac72c090 code [0x00000244ac72c240, 0x00000244ac72c428]
Event: 119.749 Thread 0x00000244bfd46720 nmethod 5449 0x00000244ac3b9d90 code [0x00000244ac3b9fc0, 0x00000244ac3ba718]
Event: 119.779 Thread 0x00000244bfd46720 5453       3       java.lang.invoke.LambdaForm::identityForm (27 bytes)
Event: 119.779 Thread 0x00000244d92533c0 5454       3       java.lang.invoke.MethodHandleImpl::makeIntrinsic (14 bytes)
Event: 119.780 Thread 0x00000244bfd46720 nmethod 5453 0x00000244ac85d590 code [0x00000244ac85d740, 0x00000244ac85d928]
Event: 119.780 Thread 0x00000244d92533c0 nmethod 5454 0x00000244ac5ca010 code [0x00000244ac5ca200, 0x00000244ac5ca8f8]
Event: 119.780 Thread 0x00000244bfd46720 5455       3       java.lang.invoke.MethodHandleImpl$IntrinsicMethodHandle::<init> (8 bytes)
Event: 119.780 Thread 0x00000244bfd46720 nmethod 5455 0x00000244ac56fb90 code [0x00000244ac56fd80, 0x00000244ac5703f8]

GC Heap History (8 events):
Event: 1.545 GC heap before
{Heap before GC invocations=0 (full 0):
 garbage-first heap   total 262144K, used 26624K [0x00000000e0000000, 0x0000000100000000)
  region size 1024K, 23 young (23552K), 0 survivors (0K)
 Metaspace       used 2862K, committed 2944K, reserved 393216K
  class space    used 342K, committed 384K, reserved 327680K
}
Event: 1.550 GC heap after
{Heap after GC invocations=1 (full 0):
 garbage-first heap   total 262144K, used 10695K [0x00000000e0000000, 0x0000000100000000)
  region size 1024K, 3 young (3072K), 3 survivors (3072K)
 Metaspace       used 2862K, committed 2944K, reserved 393216K
  class space    used 342K, committed 384K, reserved 327680K
}
Event: 3.138 GC heap before
{Heap before GC invocations=1 (full 0):
 garbage-first heap   total 262144K, used 38343K [0x00000000e0000000, 0x0000000100000000)
  region size 1024K, 30 young (30720K), 3 survivors (3072K)
 Metaspace       used 4082K, committed 4288K, reserved 393216K
  class space    used 495K, committed 576K, reserved 327680K
}
Event: 3.141 GC heap after
{Heap after GC invocations=2 (full 0):
 garbage-first heap   total 262144K, used 11513K [0x00000000e0000000, 0x0000000100000000)
  region size 1024K, 1 young (1024K), 1 survivors (1024K)
 Metaspace       used 4082K, committed 4288K, reserved 393216K
  class space    used 495K, committed 576K, reserved 327680K
}
Event: 13.072 GC heap before
{Heap before GC invocations=2 (full 0):
 garbage-first heap   total 262144K, used 134393K [0x00000000e0000000, 0x0000000100000000)
  region size 1024K, 121 young (123904K), 1 survivors (1024K)
 Metaspace       used 21252K, committed 21504K, reserved 393216K
  class space    used 3103K, committed 3264K, reserved 327680K
}
Event: 13.148 GC heap after
{Heap after GC invocations=3 (full 0):
 garbage-first heap   total 262144K, used 22701K [0x00000000e0000000, 0x0000000100000000)
  region size 1024K, 12 young (12288K), 12 survivors (12288K)
 Metaspace       used 21252K, committed 21504K, reserved 393216K
  class space    used 3103K, committed 3264K, reserved 327680K
}
Event: 90.887 GC heap before
{Heap before GC invocations=4 (full 0):
 garbage-first heap   total 262144K, used 159917K [0x00000000e0000000, 0x0000000100000000)
  region size 1024K, 143 young (146432K), 12 survivors (12288K)
 Metaspace       used 36112K, committed 36480K, reserved 393216K
  class space    used 4978K, committed 5184K, reserved 327680K
}
Event: 90.968 GC heap after
{Heap after GC invocations=5 (full 0):
 garbage-first heap   total 262144K, used 32231K [0x00000000e0000000, 0x0000000100000000)
  region size 1024K, 10 young (10240K), 10 survivors (10240K)
 Metaspace       used 36112K, committed 36480K, reserved 393216K
  class space    used 4978K, committed 5184K, reserved 327680K
}

Deoptimization events (20 events):
Event: 92.169 Thread 0x00000244db653990 DEOPT PACKING pc=0x00000244b3e550e4 sp=0x0000006eb25f96f0
Event: 92.169 Thread 0x00000244db653990 DEOPT UNPACKING pc=0x00000244b36e23a3 sp=0x0000006eb25f9680 mode 2
Event: 92.169 Thread 0x00000244db653990 Uncommon trap: trap_request=0xffffff45 fr.pc=0x00000244b3e4ca3c relative=0x000000000000011c
Event: 92.169 Thread 0x00000244db653990 Uncommon trap: reason=unstable_if action=reinterpret pc=0x00000244b3e4ca3c method=java.net.URI.match(CJJ)Z @ 45 c2
Event: 92.169 Thread 0x00000244db653990 DEOPT PACKING pc=0x00000244b3e4ca3c sp=0x0000006eb25f9460
Event: 92.169 Thread 0x00000244db653990 DEOPT UNPACKING pc=0x00000244b36e23a3 sp=0x0000006eb25f9398 mode 2
Event: 92.169 Thread 0x00000244db653990 Uncommon trap: trap_request=0xffffff45 fr.pc=0x00000244b3e0bdc8 relative=0x0000000000000048
Event: 92.169 Thread 0x00000244db653990 Uncommon trap: reason=unstable_if action=reinterpret pc=0x00000244b3e0bdc8 method=java.net.URI.match(CJJ)Z @ 19 c2
Event: 92.169 Thread 0x00000244db653990 DEOPT PACKING pc=0x00000244b3e0bdc8 sp=0x0000006eb25f9470
Event: 92.169 Thread 0x00000244db653990 DEOPT UNPACKING pc=0x00000244b36e23a3 sp=0x0000006eb25f9420 mode 2
Event: 92.293 Thread 0x00000244db653990 Uncommon trap: trap_request=0xffffff45 fr.pc=0x00000244b3e4d484 relative=0x00000000000001e4
Event: 92.293 Thread 0x00000244db653990 Uncommon trap: reason=unstable_if action=reinterpret pc=0x00000244b3e4d484 method=java.net.URI$Parser.scan(IILjava/lang/String;)I @ 26 c2
Event: 92.293 Thread 0x00000244db653990 DEOPT PACKING pc=0x00000244b3e4d484 sp=0x0000006eb25f96d0
Event: 92.293 Thread 0x00000244db653990 DEOPT UNPACKING pc=0x00000244b36e23a3 sp=0x0000006eb25f9680 mode 2
Event: 118.370 Thread 0x00000244db653990 Uncommon trap: trap_request=0xffffffcc fr.pc=0x00000244b40b2958 relative=0x0000000000000338
Event: 118.370 Thread 0x00000244db653990 Uncommon trap: reason=intrinsic_or_type_checked_inlining action=make_not_entrant pc=0x00000244b40b2958 method=java.util.Arrays.copyOf([Ljava/lang/Object;ILjava/lang/Class;)[Ljava/lang/Object; @ 35 c2
Event: 118.370 Thread 0x00000244db653990 DEOPT PACKING pc=0x00000244b40b2958 sp=0x0000006eb25f8a50
Event: 118.371 Thread 0x00000244db653990 DEOPT UNPACKING pc=0x00000244b36e23a3 sp=0x0000006eb25f89e0 mode 2
Event: 119.133 Thread 0x00000244db653990 DEOPT PACKING pc=0x00000244ac6c0da3 sp=0x0000006eb25f79a0
Event: 119.133 Thread 0x00000244db653990 DEOPT UNPACKING pc=0x00000244b36e2b43 sp=0x0000006eb25f6e10 mode 0

Classes unloaded (0 events):
No events

Classes redefined (0 events):
No events

Internal exceptions (20 events):
Event: 92.430 Thread 0x00000244db653990 Exception <a 'java/lang/NoSuchMethodError'{0x00000000ee58dd00}: 'java.lang.Object java.lang.invoke.DirectMethodHandle$Holder.invokeStatic(java.lang.Object, java.lang.Object, java.lang.Object, java.lang.Object, java.lang.Object, java.lang.Object, java.lang.Object, java.lang.Object, java.lang.Object, java.lang.Object, java.lang.Object, java.lang.Object, java.lang.Object, java.lang.Object, java.lang.Object, java.lang.Object, java.lang.Object, java.lang.Object)'> (0x00000000ee58dd00) 
thrown [s\open\src\hotspo
Event: 92.435 Thread 0x00000244db653990 Exception <a 'java/lang/NoSuchMethodError'{0x00000000ee5b88c8}: 'java.lang.Object java.lang.invoke.DirectMethodHandle$Holder.invokeStatic(java.lang.Object, java.lang.Object, java.lang.Object, java.lang.Object, java.lang.Object, java.lang.Object, java.lang.Object, java.lang.Object, java.lang.Object, java.lang.Object, java.lang.Object, java.lang.Object, java.lang.Object, java.lang.Object, java.lang.Object, java.lang.Object, java.lang.Object, java.lang.Object, java.lang.Object)'> (0x00000000ee5b88c8) 
thrown 
Event: 92.440 Thread 0x00000244db653990 Exception <a 'java/lang/NoSuchMethodError'{0x00000000ee5e46d0}: 'java.lang.Object java.lang.invoke.DirectMethodHandle$Holder.invokeStatic(java.lang.Object, java.lang.Object, java.lang.Object, java.lang.Object, java.lang.Object, java.lang.Object, java.lang.Object, java.lang.Object, java.lang.Object, java.lang.Object, java.lang.Object, java.lang.Object, java.lang.Object, java.lang.Object, java.lang.Object, java.lang.Object, java.lang.Object, java.lang.Object, java.lang.Object, java.lang.Object)'> (0x00000000
Event: 92.446 Thread 0x00000244db653990 Exception <a 'java/lang/NoSuchMethodError'{0x00000000ee4119f8}: 'java.lang.Object java.lang.invoke.DirectMethodHandle$Holder.invokeStatic(java.lang.Object, java.lang.Object, java.lang.Object, java.lang.Object, java.lang.Object, java.lang.Object, java.lang.Object, java.lang.Object, java.lang.Object, java.lang.Object, java.lang.Object, java.lang.Object, java.lang.Object, java.lang.Object, java.lang.Object, java.lang.Object, java.lang.Object, java.lang.Object, java.lang.Object, java.lang.Object, java.lang.Obj
Event: 92.450 Thread 0x00000244db653990 Exception <a 'java/lang/NoSuchMethodError'{0x00000000ee43f3b8}: 'java.lang.Object java.lang.invoke.DirectMethodHandle$Holder.invokeStatic(java.lang.Object, java.lang.Object, java.lang.Object, java.lang.Object, java.lang.Object, java.lang.Object, java.lang.Object, java.lang.Object, java.lang.Object, java.lang.Object, java.lang.Object, java.lang.Object, java.lang.Object, java.lang.Object, java.lang.Object, java.lang.Object, java.lang.Object, java.lang.Object, java.lang.Object, java.lang.Object, java.lang.Obj
Event: 92.457 Thread 0x00000244db653990 Exception <a 'java/lang/NoSuchMethodError'{0x00000000ee46dd40}: 'java.lang.Object java.lang.invoke.DirectMethodHandle$Holder.invokeStatic(java.lang.Object, java.lang.Object, java.lang.Object, java.lang.Object, java.lang.Object, java.lang.Object, java.lang.Object, java.lang.Object, java.lang.Object, java.lang.Object, java.lang.Object, java.lang.Object, java.lang.Object, java.lang.Object, java.lang.Object, java.lang.Object, java.lang.Object, java.lang.Object, java.lang.Object, java.lang.Object, java.lang.Obj
Event: 92.460 Thread 0x00000244db653990 Exception <a 'java/lang/NoSuchMethodError'{0x00000000ee49d3d0}: 'java.lang.Object java.lang.invoke.DirectMethodHandle$Holder.invokeStatic(java.lang.Object, java.lang.Object, java.lang.Object, java.lang.Object, java.lang.Object, java.lang.Object, java.lang.Object, java.lang.Object, java.lang.Object, java.lang.Object, java.lang.Object, java.lang.Object, java.lang.Object, java.lang.Object, java.lang.Object, java.lang.Object, java.lang.Object, java.lang.Object, java.lang.Object, java.lang.Object, java.lang.Obj
Event: 92.464 Thread 0x00000244db653990 Exception <a 'java/lang/NoSuchMethodError'{0x00000000ee4cdba8}: 'java.lang.Object java.lang.invoke.DirectMethodHandle$Holder.invokeStatic(java.lang.Object, java.lang.Object, java.lang.Object, java.lang.Object, java.lang.Object, java.lang.Object, java.lang.Object, java.lang.Object, java.lang.Object, java.lang.Object, java.lang.Object, java.lang.Object, java.lang.Object, java.lang.Object, java.lang.Object, java.lang.Object, java.lang.Object, java.lang.Object, java.lang.Object, java.lang.Object, java.lang.Obj
Event: 92.469 Thread 0x00000244db653990 Exception <a 'java/lang/NoSuchMethodError'{0x00000000ee4ffd10}: 'java.lang.Object java.lang.invoke.DirectMethodHandle$Holder.invokeStatic(java.lang.Object, java.lang.Object, java.lang.Object, java.lang.Object, java.lang.Object, java.lang.Object, java.lang.Object, java.lang.Object, java.lang.Object, java.lang.Object, java.lang.Object, java.lang.Object, java.lang.Object, java.lang.Object, java.lang.Object, java.lang.Object, java.lang.Object, java.lang.Object, java.lang.Object, java.lang.Object, java.lang.Obj
Event: 92.477 Thread 0x00000244db653990 Exception <a 'java/lang/NoSuchMethodError'{0x00000000ee333c88}: 'java.lang.Object java.lang.invoke.DirectMethodHandle$Holder.invokeStatic(java.lang.Object, java.lang.Object, java.lang.Object, java.lang.Object, java.lang.Object, java.lang.Object, java.lang.Object, java.lang.Object, java.lang.Object, java.lang.Object, java.lang.Object, java.lang.Object, java.lang.Object, java.lang.Object, java.lang.Object, java.lang.Object, java.lang.Object, java.lang.Object, java.lang.Object, java.lang.Object, java.lang.Obj
Event: 118.381 Thread 0x00000244db653990 Exception <a 'java/lang/ClassNotFoundException'{0x00000000edc2da80}: build_3v730da0mntgclpa6fpdivntBeanInfo> (0x00000000edc2da80) 
thrown [s\open\src\hotspot\share\classfile\systemDictionary.cpp, line 256]
Event: 118.384 Thread 0x00000244db653990 Exception <a 'java/lang/ClassNotFoundException'{0x00000000edc38420}: org/gradle/api/internal/project/ProjectScriptBeanInfo> (0x00000000edc38420) 
thrown [s\open\src\hotspot\share\classfile\systemDictionary.cpp, line 256]
Event: 118.385 Thread 0x00000244db653990 Exception <a 'java/lang/ClassNotFoundException'{0x00000000edc42e50}: org/gradle/api/internal/project/ProjectScriptCustomizer> (0x00000000edc42e50) 
thrown [s\open\src\hotspot\share\classfile\systemDictionary.cpp, line 256]
Event: 118.392 Thread 0x00000244db653990 Exception <a 'java/lang/ClassNotFoundException'{0x00000000edc5a5f0}: build_3v730da0mntgclpa6fpdivntCustomizer> (0x00000000edc5a5f0) 
thrown [s\open\src\hotspot\share\classfile\systemDictionary.cpp, line 256]
Event: 118.504 Thread 0x00000244db653990 Exception <a 'java/lang/ClassNotFoundException'{0x00000000edcbe790}: org/gradle/plugin/use/internal/PluginRequestCollector$PluginDependenciesSpecImplBeanInfo> (0x00000000edcbe790) 
thrown [s\open\src\hotspot\share\classfile\systemDictionary.cpp, line 256]
Event: 118.506 Thread 0x00000244db653990 Exception <a 'java/lang/ClassNotFoundException'{0x00000000edccf7c0}: org/gradle/plugin/use/internal/PluginRequestCollector$PluginDependenciesSpecImplCustomizer> (0x00000000edccf7c0) 
thrown [s\open\src\hotspot\share\classfile\systemDictionary.cpp, line 256]
Event: 118.547 Thread 0x00000244db653990 Exception <a 'java/lang/ClassNotFoundException'{0x00000000edb11a50}: org/gradle/plugin/use/internal/PluginRequestCollector$PluginDependencySpecImplBeanInfo> (0x00000000edb11a50) 
thrown [s\open\src\hotspot\share\classfile\systemDictionary.cpp, line 256]
Event: 118.548 Thread 0x00000244db653990 Exception <a 'java/lang/ClassNotFoundException'{0x00000000edb22a20}: org/gradle/plugin/use/internal/PluginRequestCollector$PluginDependencySpecImplCustomizer> (0x00000000edb22a20) 
thrown [s\open\src\hotspot\share\classfile\systemDictionary.cpp, line 256]
Event: 119.310 Thread 0x00000244db653990 Exception <a 'java/lang/NoSuchMethodError'{0x00000000ed044f78}: 'java.lang.Object java.lang.invoke.DirectMethodHandle$Holder.newInvokeSpecial(java.lang.Object, int, java.lang.Object)'> (0x00000000ed044f78) 
thrown [s\open\src\hotspot\share\interpreter\linkResolver.cpp, line 759]
Event: 119.654 Thread 0x00000244db653990 Exception <a 'java/lang/NoSuchMethodError'{0x00000000ec8fcfb8}: 'int java.lang.invoke.DirectMethodHandle$Holder.invokeSpecialIFC(java.lang.Object, java.lang.Object, java.lang.Object)'> (0x00000000ec8fcfb8) 
thrown [s\open\src\hotspot\share\interpreter\linkResolver.cpp, line 759]

VM Operations (20 events):
Event: 95.427 Executing VM operation: Cleanup
Event: 95.427 Executing VM operation: Cleanup done
Event: 105.515 Executing VM operation: Cleanup
Event: 105.516 Executing VM operation: Cleanup done
Event: 109.621 Executing VM operation: HandshakeAllThreads
Event: 109.621 Executing VM operation: HandshakeAllThreads done
Event: 109.644 Executing VM operation: HandshakeAllThreads
Event: 109.645 Executing VM operation: HandshakeAllThreads done
Event: 109.645 Executing VM operation: Cleanup
Event: 109.645 Executing VM operation: Cleanup done
Event: 116.707 Executing VM operation: Cleanup
Event: 116.707 Executing VM operation: Cleanup done
Event: 118.253 Executing VM operation: HandshakeAllThreads
Event: 118.254 Executing VM operation: HandshakeAllThreads done
Event: 118.254 Executing VM operation: Cleanup
Event: 118.259 Executing VM operation: Cleanup done
Event: 119.272 Executing VM operation: Cleanup
Event: 119.273 Executing VM operation: Cleanup done
Event: 119.664 Executing VM operation: HandshakeAllThreads
Event: 119.665 Executing VM operation: HandshakeAllThreads done

Events (20 events):
Event: 118.290 Thread 0x00000244bfd49440 flushing nmethod 0x00000244acae4790
Event: 118.291 Thread 0x00000244bfd49440 flushing nmethod 0x00000244acb98610
Event: 118.291 Thread 0x00000244bfd49440 flushing nmethod 0x00000244acbbc210
Event: 118.291 Thread 0x00000244bfd49440 flushing nmethod 0x00000244acbbcd90
Event: 118.291 Thread 0x00000244bfd49440 flushing nmethod 0x00000244acbebe10
Event: 118.291 Thread 0x00000244bfd49440 flushing nmethod 0x00000244acbec490
Event: 118.292 Thread 0x00000244bfd49440 flushing nmethod 0x00000244acbf4990
Event: 118.292 Thread 0x00000244bfd49440 flushing nmethod 0x00000244acc00790
Event: 118.292 Thread 0x00000244bfd49440 flushing nmethod 0x00000244accad290
Event: 118.292 Thread 0x00000244bfd49440 flushing nmethod 0x00000244accb8a10
Event: 118.293 Thread 0x00000244bfd49440 flushing nmethod 0x00000244accb8e10
Event: 118.293 Thread 0x00000244bfd49440 flushing nmethod 0x00000244accb9710
Event: 118.293 Thread 0x00000244bfd49440 flushing nmethod 0x00000244accb9e90
Event: 118.293 Thread 0x00000244bfd49440 flushing nmethod 0x00000244accba890
Event: 118.293 Thread 0x00000244bfd49440 flushing nmethod 0x00000244accbad10
Event: 118.500 Thread 0x00000244d92533c0 Thread added: 0x00000244d92533c0
Event: 119.208 loading class java/io/DeleteOnExitHook
Event: 119.210 loading class java/io/DeleteOnExitHook done
Event: 119.210 loading class java/io/DeleteOnExitHook$1
Event: 119.210 loading class java/io/DeleteOnExitHook$1 done


Dynamic libraries:
0x00007ff7e47b0000 - 0x00007ff7e47c0000 	P:\Dev\Tools\Java\jdk-17\bin\java.exe
0x00007ffb6f430000 - 0x00007ffb6f628000 	C:\WINDOWS\SYSTEM32\ntdll.dll
0x00007ffb6e270000 - 0x00007ffb6e32d000 	C:\WINDOWS\System32\KERNEL32.DLL
0x00007ffb6cf90000 - 0x00007ffb6d286000 	C:\WINDOWS\System32\KERNELBASE.dll
0x00007ffb6cae0000 - 0x00007ffb6cbe0000 	C:\WINDOWS\System32\ucrtbase.dll
0x00007ffb325d0000 - 0x00007ffb325eb000 	P:\Dev\Tools\Java\jdk-17\bin\VCRUNTIME140.dll
0x00007ffb30990000 - 0x00007ffb309a9000 	P:\Dev\Tools\Java\jdk-17\bin\jli.dll
0x00007ffb6e1c0000 - 0x00007ffb6e270000 	C:\WINDOWS\System32\ADVAPI32.dll
0x00007ffb6e050000 - 0x00007ffb6e0ee000 	C:\WINDOWS\System32\msvcrt.dll
0x00007ffb6f240000 - 0x00007ffb6f2e0000 	C:\WINDOWS\System32\sechost.dll
0x00007ffb6e4a0000 - 0x00007ffb6e5c5000 	C:\WINDOWS\System32\RPCRT4.dll
0x00007ffb6cd80000 - 0x00007ffb6cda7000 	C:\WINDOWS\System32\bcrypt.dll
0x00007ffb6d870000 - 0x00007ffb6da0e000 	C:\WINDOWS\System32\USER32.dll
0x00007ffb6cd50000 - 0x00007ffb6cd72000 	C:\WINDOWS\System32\win32u.dll
0x00007ffb6db30000 - 0x00007ffb6db5b000 	C:\WINDOWS\System32\GDI32.dll
0x00007ffb6cc30000 - 0x00007ffb6cd47000 	C:\WINDOWS\System32\gdi32full.dll
0x00007ffb6cdb0000 - 0x00007ffb6ce4d000 	C:\WINDOWS\System32\msvcp_win.dll
0x00007ffb57170000 - 0x00007ffb5740a000 	C:\WINDOWS\WinSxS\amd64_microsoft.windows.common-controls_6595b64144ccf1df_6.0.19041.3636_none_60b6a03d71f818d5\COMCTL32.dll
0x00007ffb570a0000 - 0x00007ffb570aa000 	C:\WINDOWS\SYSTEM32\VERSION.dll
0x00007ffb6f180000 - 0x00007ffb6f1b2000 	C:\WINDOWS\System32\IMM32.DLL
0x00007ffb46100000 - 0x00007ffb4610c000 	P:\Dev\Tools\Java\jdk-17\bin\vcruntime140_1.dll
0x00007ffb257c0000 - 0x00007ffb2584e000 	P:\Dev\Tools\Java\jdk-17\bin\msvcp140.dll
0x00007ffb24bd0000 - 0x00007ffb257b1000 	P:\Dev\Tools\Java\jdk-17\bin\server\jvm.dll
0x00007ffb6f170000 - 0x00007ffb6f178000 	C:\WINDOWS\System32\PSAPI.DLL
0x00007ffb68340000 - 0x00007ffb68349000 	C:\WINDOWS\SYSTEM32\WSOCK32.dll
0x00007ffb6e0f0000 - 0x00007ffb6e15b000 	C:\WINDOWS\System32\WS2_32.dll
0x00007ffb5f140000 - 0x00007ffb5f167000 	C:\WINDOWS\SYSTEM32\WINMM.dll
0x00007ffb6a930000 - 0x00007ffb6a942000 	C:\WINDOWS\SYSTEM32\kernel.appcore.dll
0x00007ffb43440000 - 0x00007ffb4344a000 	P:\Dev\Tools\Java\jdk-17\bin\jimage.dll
0x00007ffb6a190000 - 0x00007ffb6a374000 	C:\WINDOWS\SYSTEM32\DBGHELP.DLL
0x00007ffb4e6b0000 - 0x00007ffb4e6e4000 	C:\WINDOWS\SYSTEM32\dbgcore.DLL
0x00007ffb6ce50000 - 0x00007ffb6ced2000 	C:\WINDOWS\System32\bcryptPrimitives.dll
0x00007ffb54aa0000 - 0x00007ffb54aae000 	P:\Dev\Tools\Java\jdk-17\bin\instrument.dll
0x00007ffb28160000 - 0x00007ffb28185000 	P:\Dev\Tools\Java\jdk-17\bin\java.dll
0x00007ffb24af0000 - 0x00007ffb24bc7000 	P:\Dev\Tools\Java\jdk-17\bin\jsvml.dll
0x00007ffb6e780000 - 0x00007ffb6eeeb000 	C:\WINDOWS\System32\SHELL32.dll
0x00007ffb6ab60000 - 0x00007ffb6b2fe000 	C:\WINDOWS\SYSTEM32\windows.storage.dll
0x00007ffb6d510000 - 0x00007ffb6d863000 	C:\WINDOWS\System32\combase.dll
0x00007ffb6c510000 - 0x00007ffb6c53e000 	C:\WINDOWS\SYSTEM32\Wldp.dll
0x00007ffb6f0a0000 - 0x00007ffb6f16d000 	C:\WINDOWS\System32\OLEAUT32.dll
0x00007ffb6f340000 - 0x00007ffb6f3ed000 	C:\WINDOWS\System32\SHCORE.dll
0x00007ffb6e160000 - 0x00007ffb6e1b5000 	C:\WINDOWS\System32\shlwapi.dll
0x00007ffb6ca10000 - 0x00007ffb6ca35000 	C:\WINDOWS\SYSTEM32\profapi.dll
0x00007ffb28400000 - 0x00007ffb28418000 	P:\Dev\Tools\Java\jdk-17\bin\zip.dll
0x00007ffb2c350000 - 0x00007ffb2c369000 	P:\Dev\Tools\Java\jdk-17\bin\net.dll
0x00007ffb67050000 - 0x00007ffb6715a000 	C:\WINDOWS\SYSTEM32\WINHTTP.dll
0x00007ffb6c270000 - 0x00007ffb6c2da000 	C:\WINDOWS\system32\mswsock.dll
0x00007ffb284e0000 - 0x00007ffb284f6000 	P:\Dev\Tools\Java\jdk-17\bin\nio.dll
0x00007ffb390f0000 - 0x00007ffb39100000 	P:\Dev\Tools\Java\jdk-17\bin\verify.dll
0x00007ffb51c00000 - 0x00007ffb51c27000 	C:\Users\Jaesin\.gradle\native\c067742578af261105cb4f569cf0c3c89f3d7b1fecec35dd04571415982c5e48\windows-amd64\native-platform.dll
0x00007ffb24290000 - 0x00007ffb243d4000 	C:\Users\Jaesin\.gradle\native\38dada09dfb8b06ba9b0570ebf7e218e3eb74d4ef43ca46872605cf95ebc2f47\windows-amd64\native-platform-file-events.dll
0x00007ffb42db0000 - 0x00007ffb42dba000 	P:\Dev\Tools\Java\jdk-17\bin\management.dll
0x00007ffb3ff00000 - 0x00007ffb3ff0b000 	P:\Dev\Tools\Java\jdk-17\bin\management_ext.dll
0x00007ffb6c460000 - 0x00007ffb6c478000 	C:\WINDOWS\SYSTEM32\CRYPTSP.dll
0x00007ffb6bb30000 - 0x00007ffb6bb64000 	C:\WINDOWS\system32\rsaenh.dll
0x00007ffb6c9d0000 - 0x00007ffb6c9fe000 	C:\WINDOWS\SYSTEM32\USERENV.dll
0x00007ffb6c480000 - 0x00007ffb6c48c000 	C:\WINDOWS\SYSTEM32\CRYPTBASE.dll
0x00007ffb6bf10000 - 0x00007ffb6bf4b000 	C:\WINDOWS\SYSTEM32\IPHLPAPI.DLL
0x00007ffb6db60000 - 0x00007ffb6db68000 	C:\WINDOWS\System32\NSI.dll
0x00007ffb65a50000 - 0x00007ffb65a67000 	C:\WINDOWS\SYSTEM32\dhcpcsvc6.DLL
0x00007ffb65a30000 - 0x00007ffb65a4d000 	C:\WINDOWS\SYSTEM32\dhcpcsvc.DLL
0x00007ffb6bf50000 - 0x00007ffb6c01b000 	C:\WINDOWS\SYSTEM32\DNSAPI.dll
0x00007ffb38310000 - 0x00007ffb3831e000 	P:\Dev\Tools\Java\jdk-17\bin\sunmscapi.dll
0x00007ffb6d290000 - 0x00007ffb6d3ed000 	C:\WINDOWS\System32\CRYPT32.dll
0x00007ffb6c580000 - 0x00007ffb6c5a8000 	C:\WINDOWS\SYSTEM32\ncrypt.dll
0x00007ffb6c540000 - 0x00007ffb6c57b000 	C:\WINDOWS\SYSTEM32\NTASN1.dll
0x00007ffb3a6f0000 - 0x00007ffb3a6f7000 	C:\WINDOWS\system32\wshunix.dll

dbghelp: loaded successfully - version: 4.0.5 - missing functions: none
symbol engine: initialized successfully - sym options: 0x614 - pdb path: .;P:\Dev\Tools\Java\jdk-17\bin;C:\WINDOWS\SYSTEM32;C:\WINDOWS\WinSxS\amd64_microsoft.windows.common-controls_6595b64144ccf1df_6.0.19041.3636_none_60b6a03d71f818d5;P:\Dev\Tools\Java\jdk-17\bin\server;C:\Users\Jaesin\.gradle\native\c067742578af261105cb4f569cf0c3c89f3d7b1fecec35dd04571415982c5e48\windows-amd64;C:\Users\Jaesin\.gradle\native\38dada09dfb8b06ba9b0570ebf7e218e3eb74d4ef43ca46872605cf95ebc2f47\windows-amd64

VM Arguments:
jvm_args: --add-opens=java.base/java.util=ALL-UNNAMED --add-opens=java.base/java.lang=ALL-UNNAMED --add-opens=java.base/java.lang.invoke=ALL-UNNAMED --add-opens=java.prefs/java.util.prefs=ALL-UNNAMED --add-opens=java.base/java.nio.charset=ALL-UNNAMED --add-opens=java.base/java.net=ALL-UNNAMED --add-opens=java.base/java.util.concurrent.atomic=ALL-UNNAMED -XX:MaxMetaspaceSize=384m -XX:+HeapDumpOnOutOfMemoryError -Xms256m -Xmx512m -Dfile.encoding=x-windows-949 -Duser.country=KR -Duser.language=ko -Duser.variant -javaagent:C:\Users\Jaesin\.gradle\wrapper\dists\gradle-8.7-bin\bhs2wmbdwecv87pi65oeuq5iu\gradle-8.7\lib\agents\gradle-instrumentation-agent-8.7.jar 
java_command: org.gradle.launcher.daemon.bootstrap.GradleDaemon 8.7
java_class_path (initial): C:\Users\Jaesin\.gradle\wrapper\dists\gradle-8.7-bin\bhs2wmbdwecv87pi65oeuq5iu\gradle-8.7\lib\gradle-launcher-8.7.jar
Launcher Type: SUN_STANDARD

[Global flags]
     intx CICompilerCount                          = 12                                        {product} {ergonomic}
   size_t CompressedClassSpaceSize                 = 335544320                                 {product} {ergonomic}
     uint ConcGCThreads                            = 3                                         {product} {ergonomic}
     uint G1ConcRefinementThreads                  = 13                                        {product} {ergonomic}
   size_t G1HeapRegionSize                         = 1048576                                   {product} {ergonomic}
    uintx GCDrainStackTargetSize                   = 64                                        {product} {ergonomic}
     bool HeapDumpOnOutOfMemoryError               = true                                   {manageable} {command line}
   size_t InitialHeapSize                          = 268435456                                 {product} {command line}
   size_t MarkStackSize                            = 4194304                                   {product} {ergonomic}
   size_t MaxHeapSize                              = 536870912                                 {product} {command line}
   size_t MaxMetaspaceSize                         = 402653184                                 {product} {command line}
   size_t MaxNewSize                               = 321912832                                 {product} {ergonomic}
   size_t MinHeapDeltaBytes                        = 1048576                                   {product} {ergonomic}
   size_t MinHeapSize                              = 268435456                                 {product} {command line}
    uintx NonNMethodCodeHeapSize                   = 7602480                                {pd product} {ergonomic}
    uintx NonProfiledCodeHeapSize                  = 122027880                              {pd product} {ergonomic}
    uintx ProfiledCodeHeapSize                     = 122027880                              {pd product} {ergonomic}
    uintx ReservedCodeCacheSize                    = 251658240                              {pd product} {ergonomic}
     bool SegmentedCodeCache                       = true                                      {product} {ergonomic}
   size_t SoftMaxHeapSize                          = 536870912                              {manageable} {ergonomic}
     bool UseCompressedClassPointers               = true                           {product lp64_product} {ergonomic}
     bool UseCompressedOops                        = true                           {product lp64_product} {ergonomic}
     bool UseG1GC                                  = true                                      {product} {ergonomic}
     bool UseLargePagesIndividualAllocation        = false                                  {pd product} {ergonomic}

Logging:
Log output configuration:
 #0: stdout all=warning uptime,level,tags
 #1: stderr all=off uptime,level,tags

Environment Variables:
JAVA_HOME=P:\Dev\Tools\Java\jdk-17
PATH=C:\Program Files\Common Files\Oracle\Java\javapath;P:\Dev\Tools\Java\jdk-17\bin;C:\WINDOWS\system32;C:\WINDOWS;C:\WINDOWS\System32\Wbem;C:\WINDOWS\System32\WindowsPowerShell\v1.0\;C:\WINDOWS\System32\OpenSSH\;P:\Dev\Tools\VS_Code\;C:\Program Files\Bandizip\;P:\Dev\Tools\Git\cmd;C:\Program Files\PowerShell\7\;C:\Program Files\Docker\Docker\resources\bin;P:\Dev\Tools\flutter\bin;P:\Dev\Tools\Erlang\Erlang OTP;P:\Dev\Tools\Ruby32\bin;C:\Users\Jaesin\AppData\Local\Programs\Python\Launcher\;C:\Program Files\MySQL\MySQL Shell 8.0\bin\;C:\Users\Jaesin\AppData\Local\Microsoft\WindowsApps;P:\Dev\tools\java\IntelliJ IDEA Community Edition 2023.2.4\bin;P:\Dev\Tools\VS_Code\Microsoft VS Code\bin;C:\Users\Jaesin\AppData\Roaming\npm;C:\Users\Jaesin\AppData\Local\GitHubDesktop\bin;C:\Users\Jaesin\AppData\Local\Programs\oh-my-posh\bin
USERNAME=Jaesin
OS=Windows_NT
PROCESSOR_IDENTIFIER=Intel64 Family 6 Model 186 Stepping 2, GenuineIntel



---------------  S Y S T E M  ---------------

OS:
 Windows 10 , 64 bit Build 19041 (10.0.19041.3636)
OS uptime: 2 days 13:10 hours
Hyper-V role detected

CPU: total 16 (initial active 16) (8 cores per cpu, 2 threads per core) family 6 model 186 stepping 2 microcode 0x410e, cx8, cmov, fxsr, ht, mmx, 3dnowpref, sse, sse2, sse3, ssse3, sse4.1, sse4.2, popcnt, lzcnt, tsc, tscinvbit, avx, avx2, aes, erms, clmul, bmi1, bmi2, adx, sha, fma, vzeroupper, clflush, clflushopt, clwb, hv

Memory: 4k page, system-wide physical 15932M (337M free)
TotalPageFile size 45524M (AvailPageFile size 0M)
current process WorkingSet (physical memory assigned to process): 184M, peak: 275M
current process commit charge ("private bytes"): 470M, peak: 472M

vm_info: Java HotSpot(TM) 64-Bit Server VM (17.0.9+11-LTS-201) for windows-amd64 JRE (17.0.9+11-LTS-201), built on Oct 10 2023 23:16:06 by "mach5one" with MS VC++ 17.1 (VS2022)

END.
