#
# There is insufficient memory for the Java Runtime Environment to continue.
# Native memory allocation (malloc) failed to allocate 1675856 bytes for Chunk::new
# Possible reasons:
#   The system is out of physical RAM or swap space
#   The process is running with CompressedOops enabled, and the Java Heap may be blocking the growth of the native heap
# Possible solutions:
#   Reduce memory load on the system
#   Increase physical memory or swap space
#   Check if swap backing store is full
#   Decrease Java heap size (-Xmx/-Xms)
#   Decrease number of Java threads
#   Decrease Java thread stack sizes (-Xss)
#   Set larger code cache with -XX:ReservedCodeCacheSize=
#   JVM is running with Unscaled Compressed Oops mode in which the Java heap is
#     placed in the first 4GB address space. The Java Heap base address is the
#     maximum limit for the native heap growth. Please use -XX:HeapBaseMinAddress
#     to set the Java Heap base and to place the Java Heap above 4GB virtual address.
# This output file may be truncated or incomplete.
#
#  Out of Memory Error (arena.cpp:189), pid=21852, tid=35760
#
# JRE version: Java(TM) SE Runtime Environment (17.0.9+11) (build 17.0.9+11-LTS-201)
# Java VM: Java HotSpot(TM) 64-Bit Server VM (17.0.9+11-LTS-201, mixed mode, sharing, tiered, compressed oops, compressed class ptrs, g1 gc, windows-amd64)
# No core dump will be written. Minidumps are not enabled by default on client versions of Windows
#

---------------  S U M M A R Y ------------

Command Line: --add-opens=java.base/java.util=ALL-UNNAMED --add-opens=java.base/java.lang=ALL-UNNAMED --add-opens=java.base/java.lang.invoke=ALL-UNNAMED --add-opens=java.prefs/java.util.prefs=ALL-UNNAMED --add-opens=java.base/java.nio.charset=ALL-UNNAMED --add-opens=java.base/java.net=ALL-UNNAMED --add-opens=java.base/java.util.concurrent.atomic=ALL-UNNAMED -XX:MaxMetaspaceSize=384m -XX:+HeapDumpOnOutOfMemoryError -Xms256m -Xmx512m -Dfile.encoding=x-windows-949 -Duser.country=KR -Duser.language=ko -Duser.variant -javaagent:C:\Users\Jaesin\.gradle\wrapper\dists\gradle-8.7-bin\bhs2wmbdwecv87pi65oeuq5iu\gradle-8.7\lib\agents\gradle-instrumentation-agent-8.7.jar org.gradle.launcher.daemon.bootstrap.GradleDaemon 8.7

Host: 13th Gen Intel(R) Core(TM) i5-1340P, 16 cores, 15G,  Windows 10 , 64 bit Build 19041 (10.0.19041.3636)
Time: Wed Apr 17 21:58:02 2024  Windows 10 , 64 bit Build 19041 (10.0.19041.3636) elapsed time: 107.330158 seconds (0d 0h 1m 47s)

---------------  T H R E A D  ---------------

Current thread (0x000002a844375310):  JavaThread "C2 CompilerThread0" daemon [_thread_in_native, id=35760, stack(0x000000db4ad00000,0x000000db4ae00000)]


Current CompileTask:
C2: 107330 5367       4       groovyjarjarantlr4.v4.runtime.atn.LexerATNSimulator::closure (258 bytes)

Stack: [0x000000db4ad00000,0x000000db4ae00000]
Native frames: (J=compiled Java code, j=interpreted, Vv=VM code, C=native code)
V  [jvm.dll+0x678a4a]
V  [jvm.dll+0x7d9cfd]
V  [jvm.dll+0x7db60e]
V  [jvm.dll+0x7dbc73]
V  [jvm.dll+0x245e1f]
V  [jvm.dll+0xaaafb]
V  [jvm.dll+0xab09c]
V  [jvm.dll+0x36232f]
V  [jvm.dll+0x32ca01]
V  [jvm.dll+0x32be9a]
V  [jvm.dll+0x21812f]
V  [jvm.dll+0x217561]
V  [jvm.dll+0x1a3bc0]
V  [jvm.dll+0x2272de]
V  [jvm.dll+0x22548b]
V  [jvm.dll+0x78f58c]
V  [jvm.dll+0x78998a]
V  [jvm.dll+0x677875]
C  [ucrtbase.dll+0x21bb2]
C  [KERNEL32.DLL+0x17344]
C  [ntdll.dll+0x526b1]


---------------  P R O C E S S  ---------------

Threads class SMR info:
_java_thread_list=0x000002a861b0ad80, length=38, elements={
0x000002a828fb8400, 0x000002a84434f410, 0x000002a8443501a0, 0x000002a84436f7d0,
0x000002a8443712b0, 0x000002a844371d80, 0x000002a844374660, 0x000002a844375310,
0x000002a844375cd0, 0x000002a844379600, 0x000002a8443bdc10, 0x000002a844589920,
0x000002a85ede13d0, 0x000002a85f1c29e0, 0x000002a860bfbee0, 0x000002a85ecee030,
0x000002a85e2c0a10, 0x000002a85ee29a90, 0x000002a85ee2c310, 0x000002a85ee29580,
0x000002a85ee29fa0, 0x000002a85ee2b3e0, 0x000002a85ee2be00, 0x000002a85ee2a9c0,
0x000002a85ee2a4b0, 0x000002a85ee2aed0, 0x000002a85ee2b8f0, 0x000002a85ee2c820,
0x000002a860bc50a0, 0x000002a860bc7920, 0x000002a860bc8d60, 0x000002a860bc6f00,
0x000002a860bc7e30, 0x000002a860bc7410, 0x000002a860bc8340, 0x000002a860bc2310,
0x000002a860bc5ac0, 0x000002a860bc8850
}

Java Threads: ( => current thread )
  0x000002a828fb8400 JavaThread "main" [_thread_blocked, id=35692, stack(0x000000db4a000000,0x000000db4a100000)]
  0x000002a84434f410 JavaThread "Reference Handler" daemon [_thread_blocked, id=33412, stack(0x000000db4a700000,0x000000db4a800000)]
  0x000002a8443501a0 JavaThread "Finalizer" daemon [_thread_blocked, id=5680, stack(0x000000db4a800000,0x000000db4a900000)]
  0x000002a84436f7d0 JavaThread "Signal Dispatcher" daemon [_thread_blocked, id=30252, stack(0x000000db4a900000,0x000000db4aa00000)]
  0x000002a8443712b0 JavaThread "Attach Listener" daemon [_thread_blocked, id=37776, stack(0x000000db4aa00000,0x000000db4ab00000)]
  0x000002a844371d80 JavaThread "Service Thread" daemon [_thread_blocked, id=29712, stack(0x000000db4ab00000,0x000000db4ac00000)]
  0x000002a844374660 JavaThread "Monitor Deflation Thread" daemon [_thread_blocked, id=41548, stack(0x000000db4ac00000,0x000000db4ad00000)]
=>0x000002a844375310 JavaThread "C2 CompilerThread0" daemon [_thread_in_native, id=35760, stack(0x000000db4ad00000,0x000000db4ae00000)]
  0x000002a844375cd0 JavaThread "C1 CompilerThread0" daemon [_thread_blocked, id=41296, stack(0x000000db4ae00000,0x000000db4af00000)]
  0x000002a844379600 JavaThread "Sweeper thread" daemon [_thread_blocked, id=36660, stack(0x000000db4af00000,0x000000db4b000000)]
  0x000002a8443bdc10 JavaThread "Common-Cleaner" daemon [_thread_blocked, id=30656, stack(0x000000db4b000000,0x000000db4b100000)]
  0x000002a844589920 JavaThread "Notification Thread" daemon [_thread_blocked, id=5852, stack(0x000000db4b400000,0x000000db4b500000)]
  0x000002a85ede13d0 JavaThread "Daemon health stats" [_thread_blocked, id=33380, stack(0x000000db4bd00000,0x000000db4be00000)]
  0x000002a85f1c29e0 JavaThread "Incoming local TCP Connector on port 63352" [_thread_in_native, id=39292, stack(0x000000db4bb00000,0x000000db4bc00000)]
  0x000002a860bfbee0 JavaThread "Daemon periodic checks" [_thread_blocked, id=2372, stack(0x000000db4bc00000,0x000000db4bd00000)]
  0x000002a85ecee030 JavaThread "Daemon" [_thread_blocked, id=39172, stack(0x000000db4be00000,0x000000db4bf00000)]
  0x000002a85e2c0a10 JavaThread "Handler for socket connection from /127.0.0.1:63352 to /127.0.0.1:63355" [_thread_in_native, id=10820, stack(0x000000db4bf00000,0x000000db4c000000)]
  0x000002a85ee29a90 JavaThread "Cancel handler" [_thread_blocked, id=13596, stack(0x000000db4c000000,0x000000db4c100000)]
  0x000002a85ee2c310 JavaThread "Daemon worker" [_thread_in_Java, id=17828, stack(0x000000db4c100000,0x000000db4c200000)]
  0x000002a85ee29580 JavaThread "Asynchronous log dispatcher for DefaultDaemonConnection: socket connection from /127.0.0.1:63352 to /127.0.0.1:63355" [_thread_blocked, id=28984, stack(0x000000db4c200000,0x000000db4c300000)]
  0x000002a85ee29fa0 JavaThread "Stdin handler" [_thread_blocked, id=38988, stack(0x000000db4c300000,0x000000db4c400000)]
  0x000002a85ee2b3e0 JavaThread "Daemon client event forwarder" [_thread_blocked, id=13208, stack(0x000000db4c400000,0x000000db4c500000)]
  0x000002a85ee2be00 JavaThread "Cache worker for journal cache (C:\Users\Jaesin\.gradle\caches\journal-1)" [_thread_blocked, id=3508, stack(0x000000db4c500000,0x000000db4c600000)]
  0x000002a85ee2a9c0 JavaThread "File lock request listener" [_thread_in_native, id=36948, stack(0x000000db4c600000,0x000000db4c700000)]
  0x000002a85ee2a4b0 JavaThread "File lock release action executor" [_thread_blocked, id=26796, stack(0x000000db4b200000,0x000000db4b300000)]
  0x000002a85ee2aed0 JavaThread "Cache worker for file hash cache (C:\Users\Jaesin\.gradle\caches\8.7\fileHashes)" [_thread_blocked, id=19240, stack(0x000000db4b300000,0x000000db4b400000)]
  0x000002a85ee2b8f0 JavaThread "Cache worker for file hash cache (P:\Dev\Project\MSA\order-service\.gradle\8.7\fileHashes)" [_thread_blocked, id=40100, stack(0x000000db4c900000,0x000000db4ca00000)]
  0x000002a85ee2c820 JavaThread "File watcher server" daemon [_thread_in_native, id=38332, stack(0x000000db4ca00000,0x000000db4cb00000)]
  0x000002a860bc50a0 JavaThread "File watcher consumer" daemon [_thread_blocked, id=41272, stack(0x000000db4cb00000,0x000000db4cc00000)]
  0x000002a860bc7920 JavaThread "Cache worker for checksums cache (P:\Dev\Project\MSA\order-service\.gradle\8.7\checksums)" [_thread_blocked, id=41072, stack(0x000000db4c700000,0x000000db4c800000)]
  0x000002a860bc8d60 JavaThread "Cache worker for cache directory md-supplier (C:\Users\Jaesin\.gradle\caches\8.7\md-supplier)" [_thread_blocked, id=32552, stack(0x000000db4d500000,0x000000db4d600000)]
  0x000002a860bc6f00 JavaThread "Cache worker for cache directory md-rule (C:\Users\Jaesin\.gradle\caches\8.7\md-rule)" [_thread_blocked, id=39100, stack(0x000000db4d600000,0x000000db4d700000)]
  0x000002a860bc7e30 JavaThread "Cache worker for file content cache (C:\Users\Jaesin\.gradle\caches\8.7\fileContent)" [_thread_blocked, id=37864, stack(0x000000db4d700000,0x000000db4d800000)]
  0x000002a860bc7410 JavaThread "jar transforms" [_thread_blocked, id=6092, stack(0x000000db4b100000,0x000000db4b200000)]
  0x000002a860bc8340 JavaThread "jar transforms Thread 2" [_thread_blocked, id=38876, stack(0x000000db4d900000,0x000000db4da00000)]
  0x000002a860bc2310 JavaThread "jar transforms Thread 3" [_thread_blocked, id=39476, stack(0x000000db49e00000,0x000000db49f00000)]
  0x000002a860bc5ac0 JavaThread "jar transforms Thread 4" [_thread_blocked, id=14140, stack(0x000000db49f00000,0x000000db4a000000)]
  0x000002a860bc8850 JavaThread "jar transforms Thread 5" [_thread_blocked, id=2776, stack(0x000000db4dc00000,0x000000db4dd00000)]

Other Threads:
  0x000002a84434a5a0 VMThread "VM Thread" [stack: 0x000000db4a600000,0x000000db4a700000] [id=38072]
  0x000002a8445d1050 WatcherThread [stack: 0x000000db4b500000,0x000000db4b600000] [id=18144]
  0x000002a828fe5d30 GCTaskThread "GC Thread#0" [stack: 0x000000db4a100000,0x000000db4a200000] [id=41228]
  0x000002a85e641250 GCTaskThread "GC Thread#1" [stack: 0x000000db4b600000,0x000000db4b700000] [id=36024]
  0x000002a85e094fd0 GCTaskThread "GC Thread#2" [stack: 0x000000db4b700000,0x000000db4b800000] [id=35940]
  0x000002a85e095290 GCTaskThread "GC Thread#3" [stack: 0x000000db4b800000,0x000000db4b900000] [id=24952]
  0x000002a85e095550 GCTaskThread "GC Thread#4" [stack: 0x000000db4b900000,0x000000db4ba00000] [id=37232]
  0x000002a844cfabf0 GCTaskThread "GC Thread#5" [stack: 0x000000db4ba00000,0x000000db4bb00000] [id=38204]
  0x000002a844e66200 GCTaskThread "GC Thread#6" [stack: 0x000000db4cc00000,0x000000db4cd00000] [id=40792]
  0x000002a844e66780 GCTaskThread "GC Thread#7" [stack: 0x000000db4cd00000,0x000000db4ce00000] [id=36880]
  0x000002a844e67ac0 GCTaskThread "GC Thread#8" [stack: 0x000000db4ce00000,0x000000db4cf00000] [id=29864]
  0x000002a844e664c0 GCTaskThread "GC Thread#9" [stack: 0x000000db4cf00000,0x000000db4d000000] [id=27520]
  0x000002a844e66a40 GCTaskThread "GC Thread#10" [stack: 0x000000db4d000000,0x000000db4d100000] [id=6184]
  0x000002a844e66d00 GCTaskThread "GC Thread#11" [stack: 0x000000db4d100000,0x000000db4d200000] [id=33580]
  0x000002a844e67540 GCTaskThread "GC Thread#12" [stack: 0x000000db4d200000,0x000000db4d300000] [id=37560]
  0x000002a828feab90 ConcurrentGCThread "G1 Main Marker" [stack: 0x000000db4a200000,0x000000db4a300000] [id=22172]
  0x000002a828feb4b0 ConcurrentGCThread "G1 Conc#0" [stack: 0x000000db4a300000,0x000000db4a400000] [id=35440]
  0x000002a844e67800 ConcurrentGCThread "G1 Conc#1" [stack: 0x000000db4d300000,0x000000db4d400000] [id=38336]
  0x000002a85ff884b0 ConcurrentGCThread "G1 Conc#2" [stack: 0x000000db4d400000,0x000000db4d500000] [id=28368]
  0x000002a82908ec80 ConcurrentGCThread "G1 Refine#0" [stack: 0x000000db4a400000,0x000000db4a500000] [id=24856]
  0x000002a85ed6f250 ConcurrentGCThread "G1 Refine#1" [stack: 0x000000db4da00000,0x000000db4db00000] [id=512]
  0x000002a85ed703f0 ConcurrentGCThread "G1 Refine#2" [stack: 0x000000db4db00000,0x000000db4dc00000] [id=17608]
  0x000002a84420e770 ConcurrentGCThread "G1 Service" [stack: 0x000000db4a500000,0x000000db4a600000] [id=11740]

Threads with active compile tasks:
C2 CompilerThread0   107473 5367       4       groovyjarjarantlr4.v4.runtime.atn.LexerATNSimulator::closure (258 bytes)

VM state: not at safepoint (normal execution)

VM Mutex/Monitor currently owned by a thread: None

Heap address: 0x00000000e0000000, size: 512 MB, Compressed Oops mode: 32-bit

CDS archive(s) mapped at: [0x000002a845000000-0x000002a845bd0000-0x000002a845bd0000), size 12386304, SharedBaseAddress: 0x000002a845000000, ArchiveRelocationMode: 1.
Compressed class space mapped at: 0x000002a846000000-0x000002a85a000000, reserved size: 335544320
Narrow klass base: 0x000002a845000000, Narrow klass shift: 0, Narrow klass range: 0x100000000

GC Precious Log:
 CPUs: 16 total, 16 available
 Memory: 15932M
 Large Page Support: Disabled
 NUMA Support: Disabled
 Compressed Oops: Enabled (32-bit)
 Heap Region Size: 1M
 Heap Min Capacity: 256M
 Heap Initial Capacity: 256M
 Heap Max Capacity: 512M
 Pre-touch: Disabled
 Parallel Workers: 13
 Concurrent Workers: 3
 Concurrent Refinement Workers: 13
 Periodic GC: Disabled

Heap:
 garbage-first heap   total 262144K, used 92200K [0x00000000e0000000, 0x0000000100000000)
  region size 1024K, 63 young (64512K), 1 survivors (1024K)
 Metaspace       used 38889K, committed 39296K, reserved 393216K
  class space    used 5446K, committed 5632K, reserved 327680K

Heap Regions: E=young(eden), S=young(survivor), O=old, HS=humongous(starts), HC=humongous(continues), CS=collection set, F=free, OA=open archive, CA=closed archive, TAMS=top-at-mark-start (previous, next)
|   0|0x00000000e0000000, 0x00000000e0100000, 0x00000000e0100000|100%|HS|  |TAMS 0x00000000e0100000, 0x00000000e0000000| Complete 
|   1|0x00000000e0100000, 0x00000000e0200000, 0x00000000e0200000|100%|HC|  |TAMS 0x00000000e0200000, 0x00000000e0100000| Complete 
|   2|0x00000000e0200000, 0x00000000e0300000, 0x00000000e0300000|100%|HC|  |TAMS 0x00000000e0300000, 0x00000000e0200000| Complete 
|   3|0x00000000e0300000, 0x00000000e0400000, 0x00000000e0400000|100%|HC|  |TAMS 0x00000000e0400000, 0x00000000e0300000| Complete 
|   4|0x00000000e0400000, 0x00000000e0400000, 0x00000000e0500000|  0%| F|  |TAMS 0x00000000e0400000, 0x00000000e0400000| Untracked 
|   5|0x00000000e0500000, 0x00000000e0600000, 0x00000000e0600000|100%| O|  |TAMS 0x00000000e0600000, 0x00000000e0500000| Untracked 
|   6|0x00000000e0600000, 0x00000000e0700000, 0x00000000e0700000|100%| O|  |TAMS 0x00000000e0700000, 0x00000000e0600000| Untracked 
|   7|0x00000000e0700000, 0x00000000e0800000, 0x00000000e0800000|100%| O|  |TAMS 0x00000000e0800000, 0x00000000e0700000| Untracked 
|   8|0x00000000e0800000, 0x00000000e0900000, 0x00000000e0900000|100%| O|  |TAMS 0x00000000e0900000, 0x00000000e0800000| Untracked 
|   9|0x00000000e0900000, 0x00000000e0a00000, 0x00000000e0a00000|100%| O|  |TAMS 0x00000000e0a00000, 0x00000000e0900000| Untracked 
|  10|0x00000000e0a00000, 0x00000000e0b00000, 0x00000000e0b00000|100%| O|  |TAMS 0x00000000e0b00000, 0x00000000e0a00000| Untracked 
|  11|0x00000000e0b00000, 0x00000000e0c00000, 0x00000000e0c00000|100%| O|  |TAMS 0x00000000e0c00000, 0x00000000e0b00000| Untracked 
|  12|0x00000000e0c00000, 0x00000000e0d00000, 0x00000000e0d00000|100%| O|  |TAMS 0x00000000e0d00000, 0x00000000e0c00000| Untracked 
|  13|0x00000000e0d00000, 0x00000000e0e00000, 0x00000000e0e00000|100%| O|  |TAMS 0x00000000e0e00000, 0x00000000e0d00000| Untracked 
|  14|0x00000000e0e00000, 0x00000000e0f00000, 0x00000000e0f00000|100%| O|  |TAMS 0x00000000e0f00000, 0x00000000e0e00000| Untracked 
|  15|0x00000000e0f00000, 0x00000000e1000000, 0x00000000e1000000|100%| O|  |TAMS 0x00000000e1000000, 0x00000000e0f00000| Untracked 
|  16|0x00000000e1000000, 0x00000000e1100000, 0x00000000e1100000|100%| O|  |TAMS 0x00000000e1100000, 0x00000000e1000000| Untracked 
|  17|0x00000000e1100000, 0x00000000e1200000, 0x00000000e1200000|100%| O|  |TAMS 0x00000000e1200000, 0x00000000e1100000| Untracked 
|  18|0x00000000e1200000, 0x00000000e1300000, 0x00000000e1300000|100%| O|  |TAMS 0x00000000e1300000, 0x00000000e1200000| Untracked 
|  19|0x00000000e1300000, 0x00000000e1400000, 0x00000000e1400000|100%| O|  |TAMS 0x00000000e1400000, 0x00000000e1300000| Untracked 
|  20|0x00000000e1400000, 0x00000000e1500000, 0x00000000e1500000|100%| O|  |TAMS 0x00000000e1500000, 0x00000000e1400000| Untracked 
|  21|0x00000000e1500000, 0x00000000e1600000, 0x00000000e1600000|100%| O|  |TAMS 0x00000000e1600000, 0x00000000e1500000| Untracked 
|  22|0x00000000e1600000, 0x00000000e1700000, 0x00000000e1700000|100%| O|  |TAMS 0x00000000e1700000, 0x00000000e1600000| Untracked 
|  23|0x00000000e1700000, 0x00000000e1800000, 0x00000000e1800000|100%| O|  |TAMS 0x00000000e1800000, 0x00000000e1700000| Untracked 
|  24|0x00000000e1800000, 0x00000000e1900000, 0x00000000e1900000|100%| O|  |TAMS 0x00000000e1900000, 0x00000000e1800000| Untracked 
|  25|0x00000000e1900000, 0x00000000e1a00000, 0x00000000e1a00000|100%| O|  |TAMS 0x00000000e1a00000, 0x00000000e1900000| Untracked 
|  26|0x00000000e1a00000, 0x00000000e1b00000, 0x00000000e1b00000|100%| O|  |TAMS 0x00000000e1b00000, 0x00000000e1a00000| Untracked 
|  27|0x00000000e1b00000, 0x00000000e1c00000, 0x00000000e1c00000|100%| O|  |TAMS 0x00000000e1c00000, 0x00000000e1b00000| Untracked 
|  28|0x00000000e1c00000, 0x00000000e1d00000, 0x00000000e1d00000|100%| O|  |TAMS 0x00000000e1d00000, 0x00000000e1c00000| Untracked 
|  29|0x00000000e1d00000, 0x00000000e1e00000, 0x00000000e1e00000|100%| O|  |TAMS 0x00000000e1e00000, 0x00000000e1d00000| Untracked 
|  30|0x00000000e1e00000, 0x00000000e1eaec00, 0x00000000e1f00000| 68%| O|  |TAMS 0x00000000e1eaec00, 0x00000000e1e00000| Untracked 
|  31|0x00000000e1f00000, 0x00000000e1f00000, 0x00000000e2000000|  0%| F|  |TAMS 0x00000000e1f00000, 0x00000000e1f00000| Untracked 
|  32|0x00000000e2000000, 0x00000000e2000000, 0x00000000e2100000|  0%| F|  |TAMS 0x00000000e2000000, 0x00000000e2000000| Untracked 
|  33|0x00000000e2100000, 0x00000000e2100000, 0x00000000e2200000|  0%| F|  |TAMS 0x00000000e2100000, 0x00000000e2100000| Untracked 
|  34|0x00000000e2200000, 0x00000000e2200000, 0x00000000e2300000|  0%| F|  |TAMS 0x00000000e2200000, 0x00000000e2200000| Untracked 
|  35|0x00000000e2300000, 0x00000000e2300000, 0x00000000e2400000|  0%| F|  |TAMS 0x00000000e2300000, 0x00000000e2300000| Untracked 
|  36|0x00000000e2400000, 0x00000000e2400000, 0x00000000e2500000|  0%| F|  |TAMS 0x00000000e2400000, 0x00000000e2400000| Untracked 
|  37|0x00000000e2500000, 0x00000000e2500000, 0x00000000e2600000|  0%| F|  |TAMS 0x00000000e2500000, 0x00000000e2500000| Untracked 
|  38|0x00000000e2600000, 0x00000000e2600000, 0x00000000e2700000|  0%| F|  |TAMS 0x00000000e2600000, 0x00000000e2600000| Untracked 
|  39|0x00000000e2700000, 0x00000000e2700000, 0x00000000e2800000|  0%| F|  |TAMS 0x00000000e2700000, 0x00000000e2700000| Untracked 
|  40|0x00000000e2800000, 0x00000000e2800000, 0x00000000e2900000|  0%| F|  |TAMS 0x00000000e2800000, 0x00000000e2800000| Untracked 
|  41|0x00000000e2900000, 0x00000000e2900000, 0x00000000e2a00000|  0%| F|  |TAMS 0x00000000e2900000, 0x00000000e2900000| Untracked 
|  42|0x00000000e2a00000, 0x00000000e2a00000, 0x00000000e2b00000|  0%| F|  |TAMS 0x00000000e2a00000, 0x00000000e2a00000| Untracked 
|  43|0x00000000e2b00000, 0x00000000e2b00000, 0x00000000e2c00000|  0%| F|  |TAMS 0x00000000e2b00000, 0x00000000e2b00000| Untracked 
|  44|0x00000000e2c00000, 0x00000000e2c00000, 0x00000000e2d00000|  0%| F|  |TAMS 0x00000000e2c00000, 0x00000000e2c00000| Untracked 
|  45|0x00000000e2d00000, 0x00000000e2d00000, 0x00000000e2e00000|  0%| F|  |TAMS 0x00000000e2d00000, 0x00000000e2d00000| Untracked 
|  46|0x00000000e2e00000, 0x00000000e2e00000, 0x00000000e2f00000|  0%| F|  |TAMS 0x00000000e2e00000, 0x00000000e2e00000| Untracked 
|  47|0x00000000e2f00000, 0x00000000e2f00000, 0x00000000e3000000|  0%| F|  |TAMS 0x00000000e2f00000, 0x00000000e2f00000| Untracked 
|  48|0x00000000e3000000, 0x00000000e3000000, 0x00000000e3100000|  0%| F|  |TAMS 0x00000000e3000000, 0x00000000e3000000| Untracked 
|  49|0x00000000e3100000, 0x00000000e3100000, 0x00000000e3200000|  0%| F|  |TAMS 0x00000000e3100000, 0x00000000e3100000| Untracked 
|  50|0x00000000e3200000, 0x00000000e3200000, 0x00000000e3300000|  0%| F|  |TAMS 0x00000000e3200000, 0x00000000e3200000| Untracked 
|  51|0x00000000e3300000, 0x00000000e3300000, 0x00000000e3400000|  0%| F|  |TAMS 0x00000000e3300000, 0x00000000e3300000| Untracked 
|  52|0x00000000e3400000, 0x00000000e3400000, 0x00000000e3500000|  0%| F|  |TAMS 0x00000000e3400000, 0x00000000e3400000| Untracked 
|  53|0x00000000e3500000, 0x00000000e3500000, 0x00000000e3600000|  0%| F|  |TAMS 0x00000000e3500000, 0x00000000e3500000| Untracked 
|  54|0x00000000e3600000, 0x00000000e3600000, 0x00000000e3700000|  0%| F|  |TAMS 0x00000000e3600000, 0x00000000e3600000| Untracked 
|  55|0x00000000e3700000, 0x00000000e3700000, 0x00000000e3800000|  0%| F|  |TAMS 0x00000000e3700000, 0x00000000e3700000| Untracked 
|  56|0x00000000e3800000, 0x00000000e3800000, 0x00000000e3900000|  0%| F|  |TAMS 0x00000000e3800000, 0x00000000e3800000| Untracked 
|  57|0x00000000e3900000, 0x00000000e3900000, 0x00000000e3a00000|  0%| F|  |TAMS 0x00000000e3900000, 0x00000000e3900000| Untracked 
|  58|0x00000000e3a00000, 0x00000000e3a00000, 0x00000000e3b00000|  0%| F|  |TAMS 0x00000000e3a00000, 0x00000000e3a00000| Untracked 
|  59|0x00000000e3b00000, 0x00000000e3b00000, 0x00000000e3c00000|  0%| F|  |TAMS 0x00000000e3b00000, 0x00000000e3b00000| Untracked 
|  60|0x00000000e3c00000, 0x00000000e3c00000, 0x00000000e3d00000|  0%| F|  |TAMS 0x00000000e3c00000, 0x00000000e3c00000| Untracked 
|  61|0x00000000e3d00000, 0x00000000e3d00000, 0x00000000e3e00000|  0%| F|  |TAMS 0x00000000e3d00000, 0x00000000e3d00000| Untracked 
|  62|0x00000000e3e00000, 0x00000000e3e00000, 0x00000000e3f00000|  0%| F|  |TAMS 0x00000000e3e00000, 0x00000000e3e00000| Untracked 
|  63|0x00000000e3f00000, 0x00000000e3f00000, 0x00000000e4000000|  0%| F|  |TAMS 0x00000000e3f00000, 0x00000000e3f00000| Untracked 
|  64|0x00000000e4000000, 0x00000000e4000000, 0x00000000e4100000|  0%| F|  |TAMS 0x00000000e4000000, 0x00000000e4000000| Untracked 
|  65|0x00000000e4100000, 0x00000000e4100000, 0x00000000e4200000|  0%| F|  |TAMS 0x00000000e4100000, 0x00000000e4100000| Untracked 
|  66|0x00000000e4200000, 0x00000000e4200000, 0x00000000e4300000|  0%| F|  |TAMS 0x00000000e4200000, 0x00000000e4200000| Untracked 
|  67|0x00000000e4300000, 0x00000000e4300000, 0x00000000e4400000|  0%| F|  |TAMS 0x00000000e4300000, 0x00000000e4300000| Untracked 
|  68|0x00000000e4400000, 0x00000000e4400000, 0x00000000e4500000|  0%| F|  |TAMS 0x00000000e4400000, 0x00000000e4400000| Untracked 
|  69|0x00000000e4500000, 0x00000000e4500000, 0x00000000e4600000|  0%| F|  |TAMS 0x00000000e4500000, 0x00000000e4500000| Untracked 
|  70|0x00000000e4600000, 0x00000000e4600000, 0x00000000e4700000|  0%| F|  |TAMS 0x00000000e4600000, 0x00000000e4600000| Untracked 
|  71|0x00000000e4700000, 0x00000000e4700000, 0x00000000e4800000|  0%| F|  |TAMS 0x00000000e4700000, 0x00000000e4700000| Untracked 
|  72|0x00000000e4800000, 0x00000000e4800000, 0x00000000e4900000|  0%| F|  |TAMS 0x00000000e4800000, 0x00000000e4800000| Untracked 
|  73|0x00000000e4900000, 0x00000000e4900000, 0x00000000e4a00000|  0%| F|  |TAMS 0x00000000e4900000, 0x00000000e4900000| Untracked 
|  74|0x00000000e4a00000, 0x00000000e4a00000, 0x00000000e4b00000|  0%| F|  |TAMS 0x00000000e4a00000, 0x00000000e4a00000| Untracked 
|  75|0x00000000e4b00000, 0x00000000e4b00000, 0x00000000e4c00000|  0%| F|  |TAMS 0x00000000e4b00000, 0x00000000e4b00000| Untracked 
|  76|0x00000000e4c00000, 0x00000000e4c00000, 0x00000000e4d00000|  0%| F|  |TAMS 0x00000000e4c00000, 0x00000000e4c00000| Untracked 
|  77|0x00000000e4d00000, 0x00000000e4d00000, 0x00000000e4e00000|  0%| F|  |TAMS 0x00000000e4d00000, 0x00000000e4d00000| Untracked 
|  78|0x00000000e4e00000, 0x00000000e4e00000, 0x00000000e4f00000|  0%| F|  |TAMS 0x00000000e4e00000, 0x00000000e4e00000| Untracked 
|  79|0x00000000e4f00000, 0x00000000e4f00000, 0x00000000e5000000|  0%| F|  |TAMS 0x00000000e4f00000, 0x00000000e4f00000| Untracked 
|  80|0x00000000e5000000, 0x00000000e5000000, 0x00000000e5100000|  0%| F|  |TAMS 0x00000000e5000000, 0x00000000e5000000| Untracked 
|  81|0x00000000e5100000, 0x00000000e5100000, 0x00000000e5200000|  0%| F|  |TAMS 0x00000000e5100000, 0x00000000e5100000| Untracked 
|  82|0x00000000e5200000, 0x00000000e5200000, 0x00000000e5300000|  0%| F|  |TAMS 0x00000000e5200000, 0x00000000e5200000| Untracked 
|  83|0x00000000e5300000, 0x00000000e5300000, 0x00000000e5400000|  0%| F|  |TAMS 0x00000000e5300000, 0x00000000e5300000| Untracked 
|  84|0x00000000e5400000, 0x00000000e5400000, 0x00000000e5500000|  0%| F|  |TAMS 0x00000000e5400000, 0x00000000e5400000| Untracked 
|  85|0x00000000e5500000, 0x00000000e5500000, 0x00000000e5600000|  0%| F|  |TAMS 0x00000000e5500000, 0x00000000e5500000| Untracked 
|  86|0x00000000e5600000, 0x00000000e5600000, 0x00000000e5700000|  0%| F|  |TAMS 0x00000000e5600000, 0x00000000e5600000| Untracked 
|  87|0x00000000e5700000, 0x00000000e5700000, 0x00000000e5800000|  0%| F|  |TAMS 0x00000000e5700000, 0x00000000e5700000| Untracked 
|  88|0x00000000e5800000, 0x00000000e5800000, 0x00000000e5900000|  0%| F|  |TAMS 0x00000000e5800000, 0x00000000e5800000| Untracked 
|  89|0x00000000e5900000, 0x00000000e5900000, 0x00000000e5a00000|  0%| F|  |TAMS 0x00000000e5900000, 0x00000000e5900000| Untracked 
|  90|0x00000000e5a00000, 0x00000000e5a00000, 0x00000000e5b00000|  0%| F|  |TAMS 0x00000000e5a00000, 0x00000000e5a00000| Untracked 
|  91|0x00000000e5b00000, 0x00000000e5b00000, 0x00000000e5c00000|  0%| F|  |TAMS 0x00000000e5b00000, 0x00000000e5b00000| Untracked 
|  92|0x00000000e5c00000, 0x00000000e5c00000, 0x00000000e5d00000|  0%| F|  |TAMS 0x00000000e5c00000, 0x00000000e5c00000| Untracked 
|  93|0x00000000e5d00000, 0x00000000e5d00000, 0x00000000e5e00000|  0%| F|  |TAMS 0x00000000e5d00000, 0x00000000e5d00000| Untracked 
|  94|0x00000000e5e00000, 0x00000000e5e00000, 0x00000000e5f00000|  0%| F|  |TAMS 0x00000000e5e00000, 0x00000000e5e00000| Untracked 
|  95|0x00000000e5f00000, 0x00000000e5f00000, 0x00000000e6000000|  0%| F|  |TAMS 0x00000000e5f00000, 0x00000000e5f00000| Untracked 
|  96|0x00000000e6000000, 0x00000000e6000000, 0x00000000e6100000|  0%| F|  |TAMS 0x00000000e6000000, 0x00000000e6000000| Untracked 
|  97|0x00000000e6100000, 0x00000000e6100000, 0x00000000e6200000|  0%| F|  |TAMS 0x00000000e6100000, 0x00000000e6100000| Untracked 
|  98|0x00000000e6200000, 0x00000000e6200000, 0x00000000e6300000|  0%| F|  |TAMS 0x00000000e6200000, 0x00000000e6200000| Untracked 
|  99|0x00000000e6300000, 0x00000000e6300000, 0x00000000e6400000|  0%| F|  |TAMS 0x00000000e6300000, 0x00000000e6300000| Untracked 
| 100|0x00000000e6400000, 0x00000000e6400000, 0x00000000e6500000|  0%| F|  |TAMS 0x00000000e6400000, 0x00000000e6400000| Untracked 
| 101|0x00000000e6500000, 0x00000000e6500000, 0x00000000e6600000|  0%| F|  |TAMS 0x00000000e6500000, 0x00000000e6500000| Untracked 
| 102|0x00000000e6600000, 0x00000000e6600000, 0x00000000e6700000|  0%| F|  |TAMS 0x00000000e6600000, 0x00000000e6600000| Untracked 
| 103|0x00000000e6700000, 0x00000000e6700000, 0x00000000e6800000|  0%| F|  |TAMS 0x00000000e6700000, 0x00000000e6700000| Untracked 
| 104|0x00000000e6800000, 0x00000000e6800000, 0x00000000e6900000|  0%| F|  |TAMS 0x00000000e6800000, 0x00000000e6800000| Untracked 
| 105|0x00000000e6900000, 0x00000000e6900000, 0x00000000e6a00000|  0%| F|  |TAMS 0x00000000e6900000, 0x00000000e6900000| Untracked 
| 106|0x00000000e6a00000, 0x00000000e6a00000, 0x00000000e6b00000|  0%| F|  |TAMS 0x00000000e6a00000, 0x00000000e6a00000| Untracked 
| 107|0x00000000e6b00000, 0x00000000e6b00000, 0x00000000e6c00000|  0%| F|  |TAMS 0x00000000e6b00000, 0x00000000e6b00000| Untracked 
| 108|0x00000000e6c00000, 0x00000000e6c00000, 0x00000000e6d00000|  0%| F|  |TAMS 0x00000000e6c00000, 0x00000000e6c00000| Untracked 
| 109|0x00000000e6d00000, 0x00000000e6d00000, 0x00000000e6e00000|  0%| F|  |TAMS 0x00000000e6d00000, 0x00000000e6d00000| Untracked 
| 110|0x00000000e6e00000, 0x00000000e6e00000, 0x00000000e6f00000|  0%| F|  |TAMS 0x00000000e6e00000, 0x00000000e6e00000| Untracked 
| 111|0x00000000e6f00000, 0x00000000e6f00000, 0x00000000e7000000|  0%| F|  |TAMS 0x00000000e6f00000, 0x00000000e6f00000| Untracked 
| 112|0x00000000e7000000, 0x00000000e7000000, 0x00000000e7100000|  0%| F|  |TAMS 0x00000000e7000000, 0x00000000e7000000| Untracked 
| 113|0x00000000e7100000, 0x00000000e7100000, 0x00000000e7200000|  0%| F|  |TAMS 0x00000000e7100000, 0x00000000e7100000| Untracked 
| 114|0x00000000e7200000, 0x00000000e7200000, 0x00000000e7300000|  0%| F|  |TAMS 0x00000000e7200000, 0x00000000e7200000| Untracked 
| 115|0x00000000e7300000, 0x00000000e7300000, 0x00000000e7400000|  0%| F|  |TAMS 0x00000000e7300000, 0x00000000e7300000| Untracked 
| 116|0x00000000e7400000, 0x00000000e7400000, 0x00000000e7500000|  0%| F|  |TAMS 0x00000000e7400000, 0x00000000e7400000| Untracked 
| 117|0x00000000e7500000, 0x00000000e7500000, 0x00000000e7600000|  0%| F|  |TAMS 0x00000000e7500000, 0x00000000e7500000| Untracked 
| 118|0x00000000e7600000, 0x00000000e7600000, 0x00000000e7700000|  0%| F|  |TAMS 0x00000000e7600000, 0x00000000e7600000| Untracked 
| 119|0x00000000e7700000, 0x00000000e7700000, 0x00000000e7800000|  0%| F|  |TAMS 0x00000000e7700000, 0x00000000e7700000| Untracked 
| 120|0x00000000e7800000, 0x00000000e7800000, 0x00000000e7900000|  0%| F|  |TAMS 0x00000000e7800000, 0x00000000e7800000| Untracked 
| 121|0x00000000e7900000, 0x00000000e7900000, 0x00000000e7a00000|  0%| F|  |TAMS 0x00000000e7900000, 0x00000000e7900000| Untracked 
| 122|0x00000000e7a00000, 0x00000000e7a00000, 0x00000000e7b00000|  0%| F|  |TAMS 0x00000000e7a00000, 0x00000000e7a00000| Untracked 
| 123|0x00000000e7b00000, 0x00000000e7b00000, 0x00000000e7c00000|  0%| F|  |TAMS 0x00000000e7b00000, 0x00000000e7b00000| Untracked 
| 124|0x00000000e7c00000, 0x00000000e7c00000, 0x00000000e7d00000|  0%| F|  |TAMS 0x00000000e7c00000, 0x00000000e7c00000| Untracked 
| 125|0x00000000e7d00000, 0x00000000e7d00000, 0x00000000e7e00000|  0%| F|  |TAMS 0x00000000e7d00000, 0x00000000e7d00000| Untracked 
| 126|0x00000000e7e00000, 0x00000000e7e00000, 0x00000000e7f00000|  0%| F|  |TAMS 0x00000000e7e00000, 0x00000000e7e00000| Untracked 
| 127|0x00000000e7f00000, 0x00000000e7f00000, 0x00000000e8000000|  0%| F|  |TAMS 0x00000000e7f00000, 0x00000000e7f00000| Untracked 
| 128|0x00000000e8000000, 0x00000000e8000000, 0x00000000e8100000|  0%| F|  |TAMS 0x00000000e8000000, 0x00000000e8000000| Untracked 
| 129|0x00000000e8100000, 0x00000000e8100000, 0x00000000e8200000|  0%| F|  |TAMS 0x00000000e8100000, 0x00000000e8100000| Untracked 
| 130|0x00000000e8200000, 0x00000000e8200000, 0x00000000e8300000|  0%| F|  |TAMS 0x00000000e8200000, 0x00000000e8200000| Untracked 
| 131|0x00000000e8300000, 0x00000000e8300000, 0x00000000e8400000|  0%| F|  |TAMS 0x00000000e8300000, 0x00000000e8300000| Untracked 
| 132|0x00000000e8400000, 0x00000000e8400000, 0x00000000e8500000|  0%| F|  |TAMS 0x00000000e8400000, 0x00000000e8400000| Untracked 
| 133|0x00000000e8500000, 0x00000000e8500000, 0x00000000e8600000|  0%| F|  |TAMS 0x00000000e8500000, 0x00000000e8500000| Untracked 
| 134|0x00000000e8600000, 0x00000000e8600000, 0x00000000e8700000|  0%| F|  |TAMS 0x00000000e8600000, 0x00000000e8600000| Untracked 
| 135|0x00000000e8700000, 0x00000000e8700000, 0x00000000e8800000|  0%| F|  |TAMS 0x00000000e8700000, 0x00000000e8700000| Untracked 
| 136|0x00000000e8800000, 0x00000000e8800000, 0x00000000e8900000|  0%| F|  |TAMS 0x00000000e8800000, 0x00000000e8800000| Untracked 
| 137|0x00000000e8900000, 0x00000000e8900000, 0x00000000e8a00000|  0%| F|  |TAMS 0x00000000e8900000, 0x00000000e8900000| Untracked 
| 138|0x00000000e8a00000, 0x00000000e8a00000, 0x00000000e8b00000|  0%| F|  |TAMS 0x00000000e8a00000, 0x00000000e8a00000| Untracked 
| 139|0x00000000e8b00000, 0x00000000e8b00000, 0x00000000e8c00000|  0%| F|  |TAMS 0x00000000e8b00000, 0x00000000e8b00000| Untracked 
| 140|0x00000000e8c00000, 0x00000000e8c00000, 0x00000000e8d00000|  0%| F|  |TAMS 0x00000000e8c00000, 0x00000000e8c00000| Untracked 
| 141|0x00000000e8d00000, 0x00000000e8d00000, 0x00000000e8e00000|  0%| F|  |TAMS 0x00000000e8d00000, 0x00000000e8d00000| Untracked 
| 142|0x00000000e8e00000, 0x00000000e8e00000, 0x00000000e8f00000|  0%| F|  |TAMS 0x00000000e8e00000, 0x00000000e8e00000| Untracked 
| 143|0x00000000e8f00000, 0x00000000e8f00000, 0x00000000e9000000|  0%| F|  |TAMS 0x00000000e8f00000, 0x00000000e8f00000| Untracked 
| 144|0x00000000e9000000, 0x00000000e9000000, 0x00000000e9100000|  0%| F|  |TAMS 0x00000000e9000000, 0x00000000e9000000| Untracked 
| 145|0x00000000e9100000, 0x00000000e9100000, 0x00000000e9200000|  0%| F|  |TAMS 0x00000000e9100000, 0x00000000e9100000| Untracked 
| 146|0x00000000e9200000, 0x00000000e9200000, 0x00000000e9300000|  0%| F|  |TAMS 0x00000000e9200000, 0x00000000e9200000| Untracked 
| 147|0x00000000e9300000, 0x00000000e9300000, 0x00000000e9400000|  0%| F|  |TAMS 0x00000000e9300000, 0x00000000e9300000| Untracked 
| 148|0x00000000e9400000, 0x00000000e9400000, 0x00000000e9500000|  0%| F|  |TAMS 0x00000000e9400000, 0x00000000e9400000| Untracked 
| 149|0x00000000e9500000, 0x00000000e9500000, 0x00000000e9600000|  0%| F|  |TAMS 0x00000000e9500000, 0x00000000e9500000| Untracked 
| 150|0x00000000e9600000, 0x00000000e9600000, 0x00000000e9700000|  0%| F|  |TAMS 0x00000000e9600000, 0x00000000e9600000| Untracked 
| 151|0x00000000e9700000, 0x00000000e9700000, 0x00000000e9800000|  0%| F|  |TAMS 0x00000000e9700000, 0x00000000e9700000| Untracked 
| 152|0x00000000e9800000, 0x00000000e9800000, 0x00000000e9900000|  0%| F|  |TAMS 0x00000000e9800000, 0x00000000e9800000| Untracked 
| 153|0x00000000e9900000, 0x00000000e9900000, 0x00000000e9a00000|  0%| F|  |TAMS 0x00000000e9900000, 0x00000000e9900000| Untracked 
| 154|0x00000000e9a00000, 0x00000000e9a00000, 0x00000000e9b00000|  0%| F|  |TAMS 0x00000000e9a00000, 0x00000000e9a00000| Untracked 
| 155|0x00000000e9b00000, 0x00000000e9b00000, 0x00000000e9c00000|  0%| F|  |TAMS 0x00000000e9b00000, 0x00000000e9b00000| Untracked 
| 156|0x00000000e9c00000, 0x00000000e9c00000, 0x00000000e9d00000|  0%| F|  |TAMS 0x00000000e9c00000, 0x00000000e9c00000| Untracked 
| 157|0x00000000e9d00000, 0x00000000e9d00000, 0x00000000e9e00000|  0%| F|  |TAMS 0x00000000e9d00000, 0x00000000e9d00000| Untracked 
| 158|0x00000000e9e00000, 0x00000000e9e00000, 0x00000000e9f00000|  0%| F|  |TAMS 0x00000000e9e00000, 0x00000000e9e00000| Untracked 
| 159|0x00000000e9f00000, 0x00000000e9f00000, 0x00000000ea000000|  0%| F|  |TAMS 0x00000000e9f00000, 0x00000000e9f00000| Untracked 
| 160|0x00000000ea000000, 0x00000000ea000000, 0x00000000ea100000|  0%| F|  |TAMS 0x00000000ea000000, 0x00000000ea000000| Untracked 
| 161|0x00000000ea100000, 0x00000000ea100000, 0x00000000ea200000|  0%| F|  |TAMS 0x00000000ea100000, 0x00000000ea100000| Untracked 
| 162|0x00000000ea200000, 0x00000000ea200000, 0x00000000ea300000|  0%| F|  |TAMS 0x00000000ea200000, 0x00000000ea200000| Untracked 
| 163|0x00000000ea300000, 0x00000000ea300000, 0x00000000ea400000|  0%| F|  |TAMS 0x00000000ea300000, 0x00000000ea300000| Untracked 
| 164|0x00000000ea400000, 0x00000000ea400000, 0x00000000ea500000|  0%| F|  |TAMS 0x00000000ea400000, 0x00000000ea400000| Untracked 
| 165|0x00000000ea500000, 0x00000000ea500000, 0x00000000ea600000|  0%| F|  |TAMS 0x00000000ea500000, 0x00000000ea500000| Untracked 
| 166|0x00000000ea600000, 0x00000000ea600000, 0x00000000ea700000|  0%| F|  |TAMS 0x00000000ea600000, 0x00000000ea600000| Untracked 
| 167|0x00000000ea700000, 0x00000000ea700000, 0x00000000ea800000|  0%| F|  |TAMS 0x00000000ea700000, 0x00000000ea700000| Untracked 
| 168|0x00000000ea800000, 0x00000000ea800000, 0x00000000ea900000|  0%| F|  |TAMS 0x00000000ea800000, 0x00000000ea800000| Untracked 
| 169|0x00000000ea900000, 0x00000000ea900000, 0x00000000eaa00000|  0%| F|  |TAMS 0x00000000ea900000, 0x00000000ea900000| Untracked 
| 170|0x00000000eaa00000, 0x00000000eaa00000, 0x00000000eab00000|  0%| F|  |TAMS 0x00000000eaa00000, 0x00000000eaa00000| Untracked 
| 171|0x00000000eab00000, 0x00000000eab00000, 0x00000000eac00000|  0%| F|  |TAMS 0x00000000eab00000, 0x00000000eab00000| Untracked 
| 172|0x00000000eac00000, 0x00000000eac00000, 0x00000000ead00000|  0%| F|  |TAMS 0x00000000eac00000, 0x00000000eac00000| Untracked 
| 173|0x00000000ead00000, 0x00000000ead00000, 0x00000000eae00000|  0%| F|  |TAMS 0x00000000ead00000, 0x00000000ead00000| Untracked 
| 174|0x00000000eae00000, 0x00000000eae00000, 0x00000000eaf00000|  0%| F|  |TAMS 0x00000000eae00000, 0x00000000eae00000| Untracked 
| 175|0x00000000eaf00000, 0x00000000eaf00000, 0x00000000eb000000|  0%| F|  |TAMS 0x00000000eaf00000, 0x00000000eaf00000| Untracked 
| 176|0x00000000eb000000, 0x00000000eb000000, 0x00000000eb100000|  0%| F|  |TAMS 0x00000000eb000000, 0x00000000eb000000| Untracked 
| 177|0x00000000eb100000, 0x00000000eb100000, 0x00000000eb200000|  0%| F|  |TAMS 0x00000000eb100000, 0x00000000eb100000| Untracked 
| 178|0x00000000eb200000, 0x00000000eb200000, 0x00000000eb300000|  0%| F|  |TAMS 0x00000000eb200000, 0x00000000eb200000| Untracked 
| 179|0x00000000eb300000, 0x00000000eb300000, 0x00000000eb400000|  0%| F|  |TAMS 0x00000000eb300000, 0x00000000eb300000| Untracked 
| 180|0x00000000eb400000, 0x00000000eb400000, 0x00000000eb500000|  0%| F|  |TAMS 0x00000000eb400000, 0x00000000eb400000| Untracked 
| 181|0x00000000eb500000, 0x00000000eb500000, 0x00000000eb600000|  0%| F|  |TAMS 0x00000000eb500000, 0x00000000eb500000| Untracked 
| 182|0x00000000eb600000, 0x00000000eb600000, 0x00000000eb700000|  0%| F|  |TAMS 0x00000000eb600000, 0x00000000eb600000| Untracked 
| 183|0x00000000eb700000, 0x00000000eb700000, 0x00000000eb800000|  0%| F|  |TAMS 0x00000000eb700000, 0x00000000eb700000| Untracked 
| 184|0x00000000eb800000, 0x00000000eb800000, 0x00000000eb900000|  0%| F|  |TAMS 0x00000000eb800000, 0x00000000eb800000| Untracked 
| 185|0x00000000eb900000, 0x00000000eb900000, 0x00000000eba00000|  0%| F|  |TAMS 0x00000000eb900000, 0x00000000eb900000| Untracked 
| 186|0x00000000eba00000, 0x00000000eba00000, 0x00000000ebb00000|  0%| F|  |TAMS 0x00000000eba00000, 0x00000000eba00000| Untracked 
| 187|0x00000000ebb00000, 0x00000000ebb00000, 0x00000000ebc00000|  0%| F|  |TAMS 0x00000000ebb00000, 0x00000000ebb00000| Untracked 
| 188|0x00000000ebc00000, 0x00000000ebc00000, 0x00000000ebd00000|  0%| F|  |TAMS 0x00000000ebc00000, 0x00000000ebc00000| Untracked 
| 189|0x00000000ebd00000, 0x00000000ebd00000, 0x00000000ebe00000|  0%| F|  |TAMS 0x00000000ebd00000, 0x00000000ebd00000| Untracked 
| 190|0x00000000ebe00000, 0x00000000ebe00000, 0x00000000ebf00000|  0%| F|  |TAMS 0x00000000ebe00000, 0x00000000ebe00000| Untracked 
| 191|0x00000000ebf00000, 0x00000000ebf00000, 0x00000000ec000000|  0%| F|  |TAMS 0x00000000ebf00000, 0x00000000ebf00000| Untracked 
| 192|0x00000000ec000000, 0x00000000ec100000, 0x00000000ec100000|100%| E|  |TAMS 0x00000000ec000000, 0x00000000ec000000| Complete 
| 193|0x00000000ec100000, 0x00000000ec200000, 0x00000000ec200000|100%| E|CS|TAMS 0x00000000ec100000, 0x00000000ec100000| Complete 
| 194|0x00000000ec200000, 0x00000000ec300000, 0x00000000ec300000|100%| E|CS|TAMS 0x00000000ec200000, 0x00000000ec200000| Complete 
| 195|0x00000000ec300000, 0x00000000ec400000, 0x00000000ec400000|100%| E|CS|TAMS 0x00000000ec300000, 0x00000000ec300000| Complete 
| 196|0x00000000ec400000, 0x00000000ec500000, 0x00000000ec500000|100%| E|CS|TAMS 0x00000000ec400000, 0x00000000ec400000| Complete 
| 197|0x00000000ec500000, 0x00000000ec600000, 0x00000000ec600000|100%| E|CS|TAMS 0x00000000ec500000, 0x00000000ec500000| Complete 
| 198|0x00000000ec600000, 0x00000000ec700000, 0x00000000ec700000|100%| E|CS|TAMS 0x00000000ec600000, 0x00000000ec600000| Complete 
| 199|0x00000000ec700000, 0x00000000ec800000, 0x00000000ec800000|100%| E|CS|TAMS 0x00000000ec700000, 0x00000000ec700000| Complete 
| 200|0x00000000ec800000, 0x00000000ec900000, 0x00000000ec900000|100%| E|CS|TAMS 0x00000000ec800000, 0x00000000ec800000| Complete 
| 201|0x00000000ec900000, 0x00000000eca00000, 0x00000000eca00000|100%| E|CS|TAMS 0x00000000ec900000, 0x00000000ec900000| Complete 
| 202|0x00000000eca00000, 0x00000000ecb00000, 0x00000000ecb00000|100%| E|CS|TAMS 0x00000000eca00000, 0x00000000eca00000| Complete 
| 203|0x00000000ecb00000, 0x00000000ecc00000, 0x00000000ecc00000|100%| E|CS|TAMS 0x00000000ecb00000, 0x00000000ecb00000| Complete 
| 204|0x00000000ecc00000, 0x00000000ecd00000, 0x00000000ecd00000|100%| E|CS|TAMS 0x00000000ecc00000, 0x00000000ecc00000| Complete 
| 205|0x00000000ecd00000, 0x00000000ece00000, 0x00000000ece00000|100%| E|CS|TAMS 0x00000000ecd00000, 0x00000000ecd00000| Complete 
| 206|0x00000000ece00000, 0x00000000ecf00000, 0x00000000ecf00000|100%| E|CS|TAMS 0x00000000ece00000, 0x00000000ece00000| Complete 
| 207|0x00000000ecf00000, 0x00000000ed000000, 0x00000000ed000000|100%| E|CS|TAMS 0x00000000ecf00000, 0x00000000ecf00000| Complete 
| 208|0x00000000ed000000, 0x00000000ed100000, 0x00000000ed100000|100%| E|CS|TAMS 0x00000000ed000000, 0x00000000ed000000| Complete 
| 209|0x00000000ed100000, 0x00000000ed200000, 0x00000000ed200000|100%| E|CS|TAMS 0x00000000ed100000, 0x00000000ed100000| Complete 
| 210|0x00000000ed200000, 0x00000000ed300000, 0x00000000ed300000|100%| E|CS|TAMS 0x00000000ed200000, 0x00000000ed200000| Complete 
| 211|0x00000000ed300000, 0x00000000ed400000, 0x00000000ed400000|100%| E|CS|TAMS 0x00000000ed300000, 0x00000000ed300000| Complete 
| 212|0x00000000ed400000, 0x00000000ed500000, 0x00000000ed500000|100%| E|CS|TAMS 0x00000000ed400000, 0x00000000ed400000| Complete 
| 213|0x00000000ed500000, 0x00000000ed600000, 0x00000000ed600000|100%| E|CS|TAMS 0x00000000ed500000, 0x00000000ed500000| Complete 
| 214|0x00000000ed600000, 0x00000000ed700000, 0x00000000ed700000|100%| E|CS|TAMS 0x00000000ed600000, 0x00000000ed600000| Complete 
| 215|0x00000000ed700000, 0x00000000ed800000, 0x00000000ed800000|100%| E|CS|TAMS 0x00000000ed700000, 0x00000000ed700000| Complete 
| 216|0x00000000ed800000, 0x00000000ed900000, 0x00000000ed900000|100%| E|CS|TAMS 0x00000000ed800000, 0x00000000ed800000| Complete 
| 217|0x00000000ed900000, 0x00000000eda00000, 0x00000000eda00000|100%| E|CS|TAMS 0x00000000ed900000, 0x00000000ed900000| Complete 
| 218|0x00000000eda00000, 0x00000000edb00000, 0x00000000edb00000|100%| E|CS|TAMS 0x00000000eda00000, 0x00000000eda00000| Complete 
| 219|0x00000000edb00000, 0x00000000edc00000, 0x00000000edc00000|100%| E|CS|TAMS 0x00000000edb00000, 0x00000000edb00000| Complete 
| 220|0x00000000edc00000, 0x00000000edd00000, 0x00000000edd00000|100%| E|CS|TAMS 0x00000000edc00000, 0x00000000edc00000| Complete 
| 221|0x00000000edd00000, 0x00000000ede00000, 0x00000000ede00000|100%| E|CS|TAMS 0x00000000edd00000, 0x00000000edd00000| Complete 
| 222|0x00000000ede00000, 0x00000000edf00000, 0x00000000edf00000|100%| E|CS|TAMS 0x00000000ede00000, 0x00000000ede00000| Complete 
| 223|0x00000000edf00000, 0x00000000ee000000, 0x00000000ee000000|100%| E|CS|TAMS 0x00000000edf00000, 0x00000000edf00000| Complete 
| 224|0x00000000ee000000, 0x00000000ee100000, 0x00000000ee100000|100%| E|CS|TAMS 0x00000000ee000000, 0x00000000ee000000| Complete 
| 225|0x00000000ee100000, 0x00000000ee200000, 0x00000000ee200000|100%| E|CS|TAMS 0x00000000ee100000, 0x00000000ee100000| Complete 
| 226|0x00000000ee200000, 0x00000000ee300000, 0x00000000ee300000|100%| E|CS|TAMS 0x00000000ee200000, 0x00000000ee200000| Complete 
| 227|0x00000000ee300000, 0x00000000ee400000, 0x00000000ee400000|100%| E|CS|TAMS 0x00000000ee300000, 0x00000000ee300000| Complete 
| 228|0x00000000ee400000, 0x00000000ee500000, 0x00000000ee500000|100%| E|CS|TAMS 0x00000000ee400000, 0x00000000ee400000| Complete 
| 229|0x00000000ee500000, 0x00000000ee600000, 0x00000000ee600000|100%| E|CS|TAMS 0x00000000ee500000, 0x00000000ee500000| Complete 
| 230|0x00000000ee600000, 0x00000000ee700000, 0x00000000ee700000|100%| E|CS|TAMS 0x00000000ee600000, 0x00000000ee600000| Complete 
| 231|0x00000000ee700000, 0x00000000ee800000, 0x00000000ee800000|100%| E|CS|TAMS 0x00000000ee700000, 0x00000000ee700000| Complete 
| 232|0x00000000ee800000, 0x00000000ee900000, 0x00000000ee900000|100%| E|CS|TAMS 0x00000000ee800000, 0x00000000ee800000| Complete 
| 233|0x00000000ee900000, 0x00000000eea00000, 0x00000000eea00000|100%| E|CS|TAMS 0x00000000ee900000, 0x00000000ee900000| Complete 
| 234|0x00000000eea00000, 0x00000000eeb00000, 0x00000000eeb00000|100%| E|CS|TAMS 0x00000000eea00000, 0x00000000eea00000| Complete 
| 235|0x00000000eeb00000, 0x00000000eec00000, 0x00000000eec00000|100%| E|CS|TAMS 0x00000000eeb00000, 0x00000000eeb00000| Complete 
| 236|0x00000000eec00000, 0x00000000eed00000, 0x00000000eed00000|100%| E|CS|TAMS 0x00000000eec00000, 0x00000000eec00000| Complete 
| 237|0x00000000eed00000, 0x00000000eee00000, 0x00000000eee00000|100%| E|CS|TAMS 0x00000000eed00000, 0x00000000eed00000| Complete 
| 238|0x00000000eee00000, 0x00000000eef00000, 0x00000000eef00000|100%| E|CS|TAMS 0x00000000eee00000, 0x00000000eee00000| Complete 
| 239|0x00000000eef00000, 0x00000000ef000000, 0x00000000ef000000|100%| E|CS|TAMS 0x00000000eef00000, 0x00000000eef00000| Complete 
| 240|0x00000000ef000000, 0x00000000ef100000, 0x00000000ef100000|100%| E|CS|TAMS 0x00000000ef000000, 0x00000000ef000000| Complete 
| 241|0x00000000ef100000, 0x00000000ef200000, 0x00000000ef200000|100%| E|CS|TAMS 0x00000000ef100000, 0x00000000ef100000| Complete 
| 242|0x00000000ef200000, 0x00000000ef300000, 0x00000000ef300000|100%| E|CS|TAMS 0x00000000ef200000, 0x00000000ef200000| Complete 
| 243|0x00000000ef300000, 0x00000000ef400000, 0x00000000ef400000|100%| E|CS|TAMS 0x00000000ef300000, 0x00000000ef300000| Complete 
| 244|0x00000000ef400000, 0x00000000ef500000, 0x00000000ef500000|100%| E|CS|TAMS 0x00000000ef400000, 0x00000000ef400000| Complete 
| 245|0x00000000ef500000, 0x00000000ef600000, 0x00000000ef600000|100%| E|CS|TAMS 0x00000000ef500000, 0x00000000ef500000| Complete 
| 246|0x00000000ef600000, 0x00000000ef700000, 0x00000000ef700000|100%| E|CS|TAMS 0x00000000ef600000, 0x00000000ef600000| Complete 
| 247|0x00000000ef700000, 0x00000000ef800000, 0x00000000ef800000|100%| E|CS|TAMS 0x00000000ef700000, 0x00000000ef700000| Complete 
| 248|0x00000000ef800000, 0x00000000ef900000, 0x00000000ef900000|100%| E|CS|TAMS 0x00000000ef800000, 0x00000000ef800000| Complete 
| 249|0x00000000ef900000, 0x00000000efa00000, 0x00000000efa00000|100%| E|CS|TAMS 0x00000000ef900000, 0x00000000ef900000| Complete 
| 250|0x00000000efa00000, 0x00000000efb00000, 0x00000000efb00000|100%| E|CS|TAMS 0x00000000efa00000, 0x00000000efa00000| Complete 
| 251|0x00000000efb00000, 0x00000000efc00000, 0x00000000efc00000|100%| E|  |TAMS 0x00000000efb00000, 0x00000000efb00000| Complete 
| 252|0x00000000efc00000, 0x00000000efd00000, 0x00000000efd00000|100%| E|CS|TAMS 0x00000000efc00000, 0x00000000efc00000| Complete 
| 253|0x00000000efd00000, 0x00000000efd5b580, 0x00000000efe00000| 35%| S|CS|TAMS 0x00000000efd00000, 0x00000000efd00000| Complete 
| 254|0x00000000efe00000, 0x00000000eff00000, 0x00000000eff00000|100%| E|CS|TAMS 0x00000000efe00000, 0x00000000efe00000| Complete 
| 255|0x00000000eff00000, 0x00000000f0000000, 0x00000000f0000000|100%| E|CS|TAMS 0x00000000eff00000, 0x00000000eff00000| Complete 

Card table byte_map: [0x000002a8401f0000,0x000002a8402f0000] _byte_map_base: 0x000002a83faf0000

Marking Bits (Prev, Next): (CMBitMap*) 0x000002a828fe6260, (CMBitMap*) 0x000002a828fe62a0
 Prev Bits: [0x000002a8403f0000, 0x000002a840bf0000)
 Next Bits: [0x000002a840bf0000, 0x000002a8413f0000)

Polling page: 0x000002a827140000

Metaspace:

Usage:
  Non-class:     32.71 MB used.
      Class:      5.32 MB used.
       Both:     38.03 MB used.

Virtual space:
  Non-class space:       64.00 MB reserved,      32.88 MB ( 51%) committed,  1 nodes.
      Class space:      320.00 MB reserved,       5.50 MB (  2%) committed,  1 nodes.
             Both:      384.00 MB reserved,      38.38 MB ( 10%) committed. 

Chunk freelists:
   Non-Class:  15.12 MB
       Class:  10.36 MB
        Both:  25.48 MB

MaxMetaspaceSize: 384.00 MB
CompressedClassSpaceSize: 320.00 MB
Initial GC threshold: 21.00 MB
Current GC threshold: 59.94 MB
CDS: on
MetaspaceReclaimPolicy: balanced
 - commit_granule_bytes: 65536.
 - commit_granule_words: 8192.
 - virtual_space_node_default_size: 8388608.
 - enlarge_chunks_in_place: 1.
 - new_chunks_are_fully_committed: 0.
 - uncommit_free_chunks: 1.
 - use_allocation_guard: 0.
 - handle_deallocations: 1.


Internal statistics:

num_allocs_failed_limit: 12.
num_arena_births: 358.
num_arena_deaths: 0.
num_vsnodes_births: 2.
num_vsnodes_deaths: 0.
num_space_committed: 614.
num_space_uncommitted: 0.
num_chunks_returned_to_freelist: 12.
num_chunks_taken_from_freelist: 1780.
num_chunk_merges: 12.
num_chunk_splits: 1206.
num_chunks_enlarged: 857.
num_inconsistent_stats: 0.

CodeHeap 'non-profiled nmethods': size=119168Kb used=2500Kb max_used=2883Kb free=116667Kb
 bounds [0x000002a838400000, 0x000002a8386e0000, 0x000002a83f860000]
CodeHeap 'profiled nmethods': size=119104Kb used=9456Kb max_used=10883Kb free=109647Kb
 bounds [0x000002a830860000, 0x000002a831320000, 0x000002a837cb0000]
CodeHeap 'non-nmethods': size=7488Kb used=3435Kb max_used=3485Kb free=4053Kb
 bounds [0x000002a837cb0000, 0x000002a838030000, 0x000002a838400000]
 total_blobs=5544 nmethods=4723 adapters=731
 compilation: enabled
              stopped_count=0, restarted_count=0
 full_count=0

Compilation events (20 events):
Event: 107.284 Thread 0x000002a844375cd0 5418       3       java.util.concurrent.ConcurrentHashMap$BaseIterator::<init> (21 bytes)
Event: 107.285 Thread 0x000002a844375cd0 nmethod 5418 0x000002a8309c6f90 code [0x000002a8309c7140, 0x000002a8309c7318]
Event: 107.285 Thread 0x000002a844375cd0 5419   !   3       java.io.File::toPath (54 bytes)
Event: 107.287 Thread 0x000002a844375cd0 nmethod 5419 0x000002a8309ccf90 code [0x000002a8309cd180, 0x000002a8309cd828]
Event: 107.287 Thread 0x000002a844375cd0 5420       3       groovyjarjarasm.asm.ClassReader::readUnsignedShort (26 bytes)
Event: 107.287 Thread 0x000002a844375cd0 nmethod 5420 0x000002a830b92110 code [0x000002a830b922a0, 0x000002a830b92418]
Event: 107.290 Thread 0x000002a844375cd0 5421       3       groovyjarjarasm.asm.ClassReader::readUtf (161 bytes)
Event: 107.291 Thread 0x000002a844375cd0 nmethod 5421 0x000002a830a08310 code [0x000002a830a084e0, 0x000002a830a08948]
Event: 107.291 Thread 0x000002a844375cd0 5422       3       groovyjarjarasm.asm.ClassReader::readUtf (44 bytes)
Event: 107.291 Thread 0x000002a844375cd0 nmethod 5422 0x000002a830a88b90 code [0x000002a830a88d60, 0x000002a830a89158]
Event: 107.291 Thread 0x000002a844375cd0 5423       3       groovyjarjarasm.asm.ClassReader::readUTF8 (23 bytes)
Event: 107.291 Thread 0x000002a844375cd0 nmethod 5423 0x000002a8309c6910 code [0x000002a8309c6ac0, 0x000002a8309c6d18]
Event: 107.293 Thread 0x000002a844375cd0 5425       3       groovyjarjarasm.asm.ClassReader::readInt (52 bytes)
Event: 107.294 Thread 0x000002a844375cd0 nmethod 5425 0x000002a830b84990 code [0x000002a830b84b20, 0x000002a830b84cf8]
Event: 107.311 Thread 0x000002a844375cd0 5426   !   3       sun.nio.fs.WindowsPath::getPathForWin32Calls (135 bytes)
Event: 107.313 Thread 0x000002a844375cd0 nmethod 5426 0x000002a8308f4110 code [0x000002a8308f43a0, 0x000002a8308f5298]
Event: 107.313 Thread 0x000002a844375cd0 5427       3       groovyjarjarasm.asm.ClassReader::readBytecodeInstructionOffset (1 bytes)
Event: 107.313 Thread 0x000002a844375cd0 nmethod 5427 0x000002a8308dd990 code [0x000002a8308ddb20, 0x000002a8308ddc38]
Event: 107.315 Thread 0x000002a844375cd0 5428       3       groovyjarjarasm.asm.ClassReader::createDebugLabel (23 bytes)
Event: 107.315 Thread 0x000002a844375cd0 nmethod 5428 0x000002a830e36b10 code [0x000002a830e36ce0, 0x000002a830e371b8]

GC Heap History (12 events):
Event: 1.832 GC heap before
{Heap before GC invocations=0 (full 0):
 garbage-first heap   total 262144K, used 26624K [0x00000000e0000000, 0x0000000100000000)
  region size 1024K, 23 young (23552K), 0 survivors (0K)
 Metaspace       used 2856K, committed 2944K, reserved 393216K
  class space    used 339K, committed 384K, reserved 327680K
}
Event: 1.897 GC heap after
{Heap after GC invocations=1 (full 0):
 garbage-first heap   total 262144K, used 10552K [0x00000000e0000000, 0x0000000100000000)
  region size 1024K, 3 young (3072K), 3 survivors (3072K)
 Metaspace       used 2856K, committed 2944K, reserved 393216K
  class space    used 339K, committed 384K, reserved 327680K
}
Event: 3.247 GC heap before
{Heap before GC invocations=1 (full 0):
 garbage-first heap   total 262144K, used 38200K [0x00000000e0000000, 0x0000000100000000)
  region size 1024K, 30 young (30720K), 3 survivors (3072K)
 Metaspace       used 4081K, committed 4288K, reserved 393216K
  class space    used 495K, committed 576K, reserved 327680K
}
Event: 3.251 GC heap after
{Heap after GC invocations=2 (full 0):
 garbage-first heap   total 262144K, used 11592K [0x00000000e0000000, 0x0000000100000000)
  region size 1024K, 1 young (1024K), 1 survivors (1024K)
 Metaspace       used 4081K, committed 4288K, reserved 393216K
  class space    used 495K, committed 576K, reserved 327680K
}
Event: 10.503 GC heap before
{Heap before GC invocations=2 (full 0):
 garbage-first heap   total 262144K, used 132424K [0x00000000e0000000, 0x0000000100000000)
  region size 1024K, 120 young (122880K), 1 survivors (1024K)
 Metaspace       used 21240K, committed 21504K, reserved 393216K
  class space    used 3102K, committed 3264K, reserved 327680K
}
Event: 10.509 GC heap after
{Heap after GC invocations=3 (full 0):
 garbage-first heap   total 262144K, used 22893K [0x00000000e0000000, 0x0000000100000000)
  region size 1024K, 12 young (12288K), 12 survivors (12288K)
 Metaspace       used 21240K, committed 21504K, reserved 393216K
  class space    used 3102K, committed 3264K, reserved 327680K
}
Event: 76.653 GC heap before
{Heap before GC invocations=4 (full 0):
 garbage-first heap   total 262144K, used 145773K [0x00000000e0000000, 0x0000000100000000)
  region size 1024K, 129 young (132096K), 12 survivors (12288K)
 Metaspace       used 35613K, committed 35968K, reserved 393216K
  class space    used 4915K, committed 5120K, reserved 327680K
}
Event: 76.697 GC heap after
{Heap after GC invocations=5 (full 0):
 garbage-first heap   total 262144K, used 31300K [0x00000000e0000000, 0x0000000100000000)
  region size 1024K, 9 young (9216K), 9 survivors (9216K)
 Metaspace       used 35613K, committed 35968K, reserved 393216K
  class space    used 4915K, committed 5120K, reserved 327680K
}
Event: 76.756 GC heap before
{Heap before GC invocations=5 (full 0):
 garbage-first heap   total 262144K, used 33348K [0x00000000e0000000, 0x0000000100000000)
  region size 1024K, 12 young (12288K), 9 survivors (9216K)
 Metaspace       used 35940K, committed 36288K, reserved 393216K
  class space    used 5025K, committed 5184K, reserved 327680K
}
Event: 76.763 GC heap after
{Heap after GC invocations=6 (full 0):
 garbage-first heap   total 262144K, used 31527K [0x00000000e0000000, 0x0000000100000000)
  region size 1024K, 2 young (2048K), 2 survivors (2048K)
 Metaspace       used 35940K, committed 36288K, reserved 393216K
  class space    used 5025K, committed 5184K, reserved 327680K
}
Event: 76.810 GC heap before
{Heap before GC invocations=6 (full 0):
 garbage-first heap   total 262144K, used 32551K [0x00000000e0000000, 0x0000000100000000)
  region size 1024K, 4 young (4096K), 2 survivors (2048K)
 Metaspace       used 36275K, committed 36608K, reserved 393216K
  class space    used 5090K, committed 5248K, reserved 327680K
}
Event: 76.813 GC heap after
{Heap after GC invocations=7 (full 0):
 garbage-first heap   total 262144K, used 30760K [0x00000000e0000000, 0x0000000100000000)
  region size 1024K, 1 young (1024K), 1 survivors (1024K)
 Metaspace       used 36275K, committed 36608K, reserved 393216K
  class space    used 5090K, committed 5248K, reserved 327680K
}

Deoptimization events (20 events):
Event: 105.453 Thread 0x000002a860bfbee0 Uncommon trap: trap_request=0xffffff45 fr.pc=0x000002a838464060 relative=0x0000000000000620
Event: 105.453 Thread 0x000002a860bfbee0 Uncommon trap: reason=unstable_if action=reinterpret pc=0x000002a838464060 method=java.lang.AbstractStringBuilder.append(Ljava/lang/String;)Ljava/lang/AbstractStringBuilder; @ 1 c2
Event: 105.453 Thread 0x000002a860bfbee0 DEOPT PACKING pc=0x000002a838464060 sp=0x000000db4bcfe410
Event: 105.454 Thread 0x000002a860bfbee0 DEOPT UNPACKING pc=0x000002a837d023a3 sp=0x000000db4bcfe390 mode 2
Event: 105.457 Thread 0x000002a860bfbee0 Uncommon trap: trap_request=0xffffff45 fr.pc=0x000002a8384450f0 relative=0x0000000000000630
Event: 105.457 Thread 0x000002a860bfbee0 Uncommon trap: reason=unstable_if action=reinterpret pc=0x000002a8384450f0 method=java.lang.AbstractStringBuilder.append(Ljava/lang/String;)Ljava/lang/AbstractStringBuilder; @ 1 c2
Event: 105.457 Thread 0x000002a860bfbee0 DEOPT PACKING pc=0x000002a8384450f0 sp=0x000000db4bcfe3a0
Event: 105.457 Thread 0x000002a860bfbee0 DEOPT UNPACKING pc=0x000002a837d023a3 sp=0x000000db4bcfe388 mode 2
Event: 106.319 Thread 0x000002a860bc8850 Uncommon trap: trap_request=0xffffff45 fr.pc=0x000002a838487ce4 relative=0x0000000000000064
Event: 106.319 Thread 0x000002a860bc8850 Uncommon trap: reason=unstable_if action=reinterpret pc=0x000002a838487ce4 method=java.util.zip.ZipFile$ZipEntryIterator.hasNext()Z @ 8 c2
Event: 106.319 Thread 0x000002a860bc8850 DEOPT PACKING pc=0x000002a838487ce4 sp=0x000000db4dcfedf0
Event: 106.319 Thread 0x000002a860bc8850 DEOPT UNPACKING pc=0x000002a837d023a3 sp=0x000000db4dcfed28 mode 2
Event: 107.311 Thread 0x000002a85ee2c310 Uncommon trap: trap_request=0xffffffde fr.pc=0x000002a8385f050c relative=0x00000000000007ac
Event: 107.311 Thread 0x000002a85ee2c310 Uncommon trap: reason=class_check action=maybe_recompile pc=0x000002a8385f050c method=java.io.BufferedInputStream.read1([BII)I @ 39 c2
Event: 107.311 Thread 0x000002a85ee2c310 DEOPT PACKING pc=0x000002a8385f050c sp=0x000000db4c1f7c40
Event: 107.312 Thread 0x000002a85ee2c310 DEOPT UNPACKING pc=0x000002a837d023a3 sp=0x000000db4c1f7b78 mode 2
Event: 107.312 Thread 0x000002a85ee2c310 Uncommon trap: trap_request=0xffffffde fr.pc=0x000002a8385f050c relative=0x00000000000007ac
Event: 107.312 Thread 0x000002a85ee2c310 Uncommon trap: reason=class_check action=maybe_recompile pc=0x000002a8385f050c method=java.io.BufferedInputStream.read1([BII)I @ 39 c2
Event: 107.312 Thread 0x000002a85ee2c310 DEOPT PACKING pc=0x000002a8385f050c sp=0x000000db4c1f7c40
Event: 107.312 Thread 0x000002a85ee2c310 DEOPT UNPACKING pc=0x000002a837d023a3 sp=0x000000db4c1f7b78 mode 2

Classes unloaded (0 events):
No events

Classes redefined (0 events):
No events

Internal exceptions (20 events):
Event: 77.869 Thread 0x000002a85ee2c310 Implicit null exception at 0x000002a8385e9a6c to 0x000002a8385e9b1c
Event: 77.944 Thread 0x000002a85ee2c310 Exception <a 'java/lang/ClassNotFoundException'{0x00000000ed69d0b8}: org/apache/groovy/parser/antlr4/util/StringUtils$4BeanInfo> (0x00000000ed69d0b8) 
thrown [s\open\src\hotspot\share\classfile\systemDictionary.cpp, line 256]
Event: 77.968 Thread 0x000002a85ee2c310 Exception <a 'java/lang/ClassNotFoundException'{0x00000000ed5ce168}: org/apache/groovy/parser/antlr4/util/StringUtils$4Customizer> (0x00000000ed5ce168) 
thrown [s\open\src\hotspot\share\classfile\systemDictionary.cpp, line 256]
Event: 77.987 Thread 0x000002a85ee2c310 Exception <a 'java/lang/ClassNotFoundException'{0x00000000ed325430}: org/apache/groovy/parser/antlr4/util/StringUtils$2BeanInfo> (0x00000000ed325430) 
thrown [s\open\src\hotspot\share\classfile\systemDictionary.cpp, line 256]
Event: 78.005 Thread 0x000002a85ee2c310 Exception <a 'java/lang/ClassNotFoundException'{0x00000000ed256468}: org/apache/groovy/parser/antlr4/util/StringUtils$2Customizer> (0x00000000ed256468) 
thrown [s\open\src\hotspot\share\classfile\systemDictionary.cpp, line 256]
Event: 78.036 Thread 0x000002a85ee2c310 Exception <a 'java/lang/ClassNotFoundException'{0x00000000ed1ad018}: org/apache/groovy/parser/antlr4/util/StringUtils$1BeanInfo> (0x00000000ed1ad018) 
thrown [s\open\src\hotspot\share\classfile\systemDictionary.cpp, line 256]
Event: 78.051 Thread 0x000002a85ee2c310 Exception <a 'java/lang/ClassNotFoundException'{0x00000000ed0de0c0}: org/apache/groovy/parser/antlr4/util/StringUtils$1Customizer> (0x00000000ed0de0c0) 
thrown [s\open\src\hotspot\share\classfile\systemDictionary.cpp, line 256]
Event: 78.063 Thread 0x000002a85ee2c310 Exception <a 'java/lang/ClassNotFoundException'{0x00000000ece35140}: org/apache/groovy/parser/antlr4/util/StringUtils$3BeanInfo> (0x00000000ece35140) 
thrown [s\open\src\hotspot\share\classfile\systemDictionary.cpp, line 256]
Event: 78.070 Thread 0x000002a85ee2c310 Exception <a 'java/lang/ClassNotFoundException'{0x00000000ecd661a0}: org/apache/groovy/parser/antlr4/util/StringUtils$3Customizer> (0x00000000ecd661a0) 
thrown [s\open\src\hotspot\share\classfile\systemDictionary.cpp, line 256]
Event: 78.149 Thread 0x000002a85ee2c310 Exception <a 'sun/nio/fs/WindowsException'{0x00000000ecb06960}> (0x00000000ecb06960) 
thrown [s\open\src\hotspot\share\prims\jni.cpp, line 516]
Event: 78.150 Thread 0x000002a85ee2c310 Exception <a 'sun/nio/fs/WindowsException'{0x00000000ecb07fc0}> (0x00000000ecb07fc0) 
thrown [s\open\src\hotspot\share\prims\jni.cpp, line 516]
Event: 78.183 Thread 0x000002a85ee2c310 Exception <a 'sun/nio/fs/WindowsException'{0x00000000ecbe64d8}> (0x00000000ecbe64d8) 
thrown [s\open\src\hotspot\share\prims\jni.cpp, line 516]
Event: 78.184 Thread 0x000002a85ee2c310 Exception <a 'sun/nio/fs/WindowsException'{0x00000000ecbe6758}> (0x00000000ecbe6758) 
thrown [s\open\src\hotspot\share\prims\jni.cpp, line 516]
Event: 105.453 Thread 0x000002a860bfbee0 Implicit null exception at 0x000002a838463a72 to 0x000002a838464048
Event: 105.457 Thread 0x000002a860bfbee0 Implicit null exception at 0x000002a838444af2 to 0x000002a8384450d8
Event: 106.330 Thread 0x000002a860bc8850 Exception <a 'sun/nio/fs/WindowsException'{0x00000000ec4222b8}> (0x00000000ec4222b8) 
thrown [s\open\src\hotspot\share\prims\jni.cpp, line 516]
Event: 106.332 Thread 0x000002a860bc8850 Exception <a 'sun/nio/fs/WindowsException'{0x00000000ec4228a0}> (0x00000000ec4228a0) 
thrown [s\open\src\hotspot\share\prims\jni.cpp, line 516]
Event: 106.348 Thread 0x000002a860bc8850 Exception <a 'sun/nio/fs/WindowsException'{0x00000000ec441620}> (0x00000000ec441620) 
thrown [s\open\src\hotspot\share\prims\jni.cpp, line 516]
Event: 106.350 Thread 0x000002a860bc8850 Exception <a 'sun/nio/fs/WindowsException'{0x00000000ec441798}> (0x00000000ec441798) 
thrown [s\open\src\hotspot\share\prims\jni.cpp, line 516]
Event: 107.116 Thread 0x000002a85ee2c310 Exception <a 'java/lang/NoSuchMethodError'{0x00000000ec3a2880}: 'void java.lang.invoke.DirectMethodHandle$Holder.invokeSpecialIFC(java.lang.Object, java.lang.Object, java.lang.Object)'> (0x00000000ec3a2880) 
thrown [s\open\src\hotspot\share\interpreter\linkResolver.cpp, line 759]

VM Operations (20 events):
Event: 77.690 Executing VM operation: ICBufferFull
Event: 77.690 Executing VM operation: ICBufferFull done
Event: 77.731 Executing VM operation: HandshakeAllThreads
Event: 77.732 Executing VM operation: HandshakeAllThreads done
Event: 77.805 Executing VM operation: HandshakeAllThreads
Event: 77.805 Executing VM operation: HandshakeAllThreads done
Event: 78.180 Executing VM operation: HandshakeAllThreads
Event: 78.180 Executing VM operation: HandshakeAllThreads done
Event: 79.195 Executing VM operation: Cleanup
Event: 79.195 Executing VM operation: Cleanup done
Event: 81.220 Executing VM operation: Cleanup
Event: 81.220 Executing VM operation: Cleanup done
Event: 86.252 Executing VM operation: Cleanup
Event: 86.252 Executing VM operation: Cleanup done
Event: 93.305 Executing VM operation: Cleanup
Event: 93.306 Executing VM operation: Cleanup done
Event: 96.318 Executing VM operation: Cleanup
Event: 96.318 Executing VM operation: Cleanup done
Event: 106.396 Executing VM operation: Cleanup
Event: 106.412 Executing VM operation: Cleanup done

Events (20 events):
Event: 78.163 loading class java/nio/channels/Channels
Event: 78.163 loading class java/nio/channels/Channels done
Event: 78.163 loading class java/nio/channels/Channels$1
Event: 78.163 loading class java/nio/channels/Channels$1 done
Event: 78.164 loading class java/nio/charset/UnsupportedCharsetException
Event: 78.164 loading class java/nio/charset/UnsupportedCharsetException done
Event: 78.169 loading class java/util/zip/Deflater
Event: 78.169 loading class java/util/zip/Deflater done
Event: 78.172 loading class java/util/zip/Deflater$DeflaterZStreamRef
Event: 78.172 loading class java/util/zip/Deflater$DeflaterZStreamRef done
Event: 78.179 loading class java/nio/StringCharBuffer
Event: 78.179 loading class java/nio/StringCharBuffer done
Event: 78.182 loading class java/nio/file/StandardCopyOption
Event: 78.182 loading class java/nio/file/StandardCopyOption done
Event: 78.182 loading class sun/nio/fs/WindowsFileCopy
Event: 78.183 loading class sun/nio/fs/WindowsFileCopy done
Event: 81.095 Thread 0x000002a85e37bdf0 Thread exited: 0x000002a85e37bdf0
Event: 84.190 Thread 0x000002a85e37c340 Thread exited: 0x000002a85e37c340
Event: 84.190 Thread 0x000002a85e37a8b0 Thread exited: 0x000002a85e37a8b0
Event: 105.964 Thread 0x000002a860bc8850 Thread added: 0x000002a860bc8850


Dynamic libraries:
0x00007ff7e47b0000 - 0x00007ff7e47c0000 	P:\Dev\Tools\Java\jdk-17\bin\java.exe
0x00007ffb6f430000 - 0x00007ffb6f628000 	C:\WINDOWS\SYSTEM32\ntdll.dll
0x00007ffb6e270000 - 0x00007ffb6e32d000 	C:\WINDOWS\System32\KERNEL32.DLL
0x00007ffb6cf90000 - 0x00007ffb6d286000 	C:\WINDOWS\System32\KERNELBASE.dll
0x00007ffb6cae0000 - 0x00007ffb6cbe0000 	C:\WINDOWS\System32\ucrtbase.dll
0x00007ffb30990000 - 0x00007ffb309a9000 	P:\Dev\Tools\Java\jdk-17\bin\jli.dll
0x00007ffb6e1c0000 - 0x00007ffb6e270000 	C:\WINDOWS\System32\ADVAPI32.dll
0x00007ffb6e050000 - 0x00007ffb6e0ee000 	C:\WINDOWS\System32\msvcrt.dll
0x00007ffb6f240000 - 0x00007ffb6f2e0000 	C:\WINDOWS\System32\sechost.dll
0x00007ffb6e4a0000 - 0x00007ffb6e5c5000 	C:\WINDOWS\System32\RPCRT4.dll
0x00007ffb6cd80000 - 0x00007ffb6cda7000 	C:\WINDOWS\System32\bcrypt.dll
0x00007ffb6d870000 - 0x00007ffb6da0e000 	C:\WINDOWS\System32\USER32.dll
0x00007ffb6cd50000 - 0x00007ffb6cd72000 	C:\WINDOWS\System32\win32u.dll
0x00007ffb6db30000 - 0x00007ffb6db5b000 	C:\WINDOWS\System32\GDI32.dll
0x00007ffb6cc30000 - 0x00007ffb6cd47000 	C:\WINDOWS\System32\gdi32full.dll
0x00007ffb6cdb0000 - 0x00007ffb6ce4d000 	C:\WINDOWS\System32\msvcp_win.dll
0x00007ffb325d0000 - 0x00007ffb325eb000 	P:\Dev\Tools\Java\jdk-17\bin\VCRUNTIME140.dll
0x00007ffb57170000 - 0x00007ffb5740a000 	C:\WINDOWS\WinSxS\amd64_microsoft.windows.common-controls_6595b64144ccf1df_6.0.19041.3636_none_60b6a03d71f818d5\COMCTL32.dll
0x00007ffb570a0000 - 0x00007ffb570aa000 	C:\WINDOWS\SYSTEM32\VERSION.dll
0x00007ffb6f180000 - 0x00007ffb6f1b2000 	C:\WINDOWS\System32\IMM32.DLL
0x00007ffb46100000 - 0x00007ffb4610c000 	P:\Dev\Tools\Java\jdk-17\bin\vcruntime140_1.dll
0x00007ffb257c0000 - 0x00007ffb2584e000 	P:\Dev\Tools\Java\jdk-17\bin\msvcp140.dll
0x00007ffb24bd0000 - 0x00007ffb257b1000 	P:\Dev\Tools\Java\jdk-17\bin\server\jvm.dll
0x00007ffb6f170000 - 0x00007ffb6f178000 	C:\WINDOWS\System32\PSAPI.DLL
0x00007ffb68340000 - 0x00007ffb68349000 	C:\WINDOWS\SYSTEM32\WSOCK32.dll
0x00007ffb6e0f0000 - 0x00007ffb6e15b000 	C:\WINDOWS\System32\WS2_32.dll
0x00007ffb5f140000 - 0x00007ffb5f167000 	C:\WINDOWS\SYSTEM32\WINMM.dll
0x00007ffb6a930000 - 0x00007ffb6a942000 	C:\WINDOWS\SYSTEM32\kernel.appcore.dll
0x00007ffb43440000 - 0x00007ffb4344a000 	P:\Dev\Tools\Java\jdk-17\bin\jimage.dll
0x00007ffb6a190000 - 0x00007ffb6a374000 	C:\WINDOWS\SYSTEM32\DBGHELP.DLL
0x00007ffb4e6b0000 - 0x00007ffb4e6e4000 	C:\WINDOWS\SYSTEM32\dbgcore.DLL
0x00007ffb6ce50000 - 0x00007ffb6ced2000 	C:\WINDOWS\System32\bcryptPrimitives.dll
0x00007ffb54aa0000 - 0x00007ffb54aae000 	P:\Dev\Tools\Java\jdk-17\bin\instrument.dll
0x00007ffb28160000 - 0x00007ffb28185000 	P:\Dev\Tools\Java\jdk-17\bin\java.dll
0x00007ffb24af0000 - 0x00007ffb24bc7000 	P:\Dev\Tools\Java\jdk-17\bin\jsvml.dll
0x00007ffb6e780000 - 0x00007ffb6eeeb000 	C:\WINDOWS\System32\SHELL32.dll
0x00007ffb6ab60000 - 0x00007ffb6b2fe000 	C:\WINDOWS\SYSTEM32\windows.storage.dll
0x00007ffb6d510000 - 0x00007ffb6d863000 	C:\WINDOWS\System32\combase.dll
0x00007ffb6c510000 - 0x00007ffb6c53e000 	C:\WINDOWS\SYSTEM32\Wldp.dll
0x00007ffb6f0a0000 - 0x00007ffb6f16d000 	C:\WINDOWS\System32\OLEAUT32.dll
0x00007ffb6f340000 - 0x00007ffb6f3ed000 	C:\WINDOWS\System32\SHCORE.dll
0x00007ffb6e160000 - 0x00007ffb6e1b5000 	C:\WINDOWS\System32\shlwapi.dll
0x00007ffb6ca10000 - 0x00007ffb6ca35000 	C:\WINDOWS\SYSTEM32\profapi.dll
0x00007ffb28400000 - 0x00007ffb28418000 	P:\Dev\Tools\Java\jdk-17\bin\zip.dll
0x00007ffb2c350000 - 0x00007ffb2c369000 	P:\Dev\Tools\Java\jdk-17\bin\net.dll
0x00007ffb67050000 - 0x00007ffb6715a000 	C:\WINDOWS\SYSTEM32\WINHTTP.dll
0x00007ffb6c270000 - 0x00007ffb6c2da000 	C:\WINDOWS\system32\mswsock.dll
0x00007ffb284e0000 - 0x00007ffb284f6000 	P:\Dev\Tools\Java\jdk-17\bin\nio.dll
0x00007ffb390f0000 - 0x00007ffb39100000 	P:\Dev\Tools\Java\jdk-17\bin\verify.dll
0x00007ffb51c00000 - 0x00007ffb51c27000 	C:\Users\Jaesin\.gradle\native\c067742578af261105cb4f569cf0c3c89f3d7b1fecec35dd04571415982c5e48\windows-amd64\native-platform.dll
0x00007ffb24290000 - 0x00007ffb243d4000 	C:\Users\Jaesin\.gradle\native\38dada09dfb8b06ba9b0570ebf7e218e3eb74d4ef43ca46872605cf95ebc2f47\windows-amd64\native-platform-file-events.dll
0x00007ffb42db0000 - 0x00007ffb42dba000 	P:\Dev\Tools\Java\jdk-17\bin\management.dll
0x00007ffb3ff00000 - 0x00007ffb3ff0b000 	P:\Dev\Tools\Java\jdk-17\bin\management_ext.dll
0x00007ffb6c460000 - 0x00007ffb6c478000 	C:\WINDOWS\SYSTEM32\CRYPTSP.dll
0x00007ffb6bb30000 - 0x00007ffb6bb64000 	C:\WINDOWS\system32\rsaenh.dll
0x00007ffb6c9d0000 - 0x00007ffb6c9fe000 	C:\WINDOWS\SYSTEM32\USERENV.dll
0x00007ffb6c480000 - 0x00007ffb6c48c000 	C:\WINDOWS\SYSTEM32\CRYPTBASE.dll
0x00007ffb6bf10000 - 0x00007ffb6bf4b000 	C:\WINDOWS\SYSTEM32\IPHLPAPI.DLL
0x00007ffb6db60000 - 0x00007ffb6db68000 	C:\WINDOWS\System32\NSI.dll
0x00007ffb65a50000 - 0x00007ffb65a67000 	C:\WINDOWS\SYSTEM32\dhcpcsvc6.DLL
0x00007ffb65a30000 - 0x00007ffb65a4d000 	C:\WINDOWS\SYSTEM32\dhcpcsvc.DLL
0x00007ffb6bf50000 - 0x00007ffb6c01b000 	C:\WINDOWS\SYSTEM32\DNSAPI.dll
0x00007ffb38310000 - 0x00007ffb3831e000 	P:\Dev\Tools\Java\jdk-17\bin\sunmscapi.dll
0x00007ffb6d290000 - 0x00007ffb6d3ed000 	C:\WINDOWS\System32\CRYPT32.dll
0x00007ffb6c580000 - 0x00007ffb6c5a8000 	C:\WINDOWS\SYSTEM32\ncrypt.dll
0x00007ffb6c540000 - 0x00007ffb6c57b000 	C:\WINDOWS\SYSTEM32\NTASN1.dll
0x00007ffb3a6f0000 - 0x00007ffb3a6f7000 	C:\WINDOWS\system32\wshunix.dll

dbghelp: loaded successfully - version: 4.0.5 - missing functions: none
symbol engine: initialized successfully - sym options: 0x614 - pdb path: .;P:\Dev\Tools\Java\jdk-17\bin;C:\WINDOWS\SYSTEM32;C:\WINDOWS\WinSxS\amd64_microsoft.windows.common-controls_6595b64144ccf1df_6.0.19041.3636_none_60b6a03d71f818d5;P:\Dev\Tools\Java\jdk-17\bin\server;C:\Users\Jaesin\.gradle\native\c067742578af261105cb4f569cf0c3c89f3d7b1fecec35dd04571415982c5e48\windows-amd64;C:\Users\Jaesin\.gradle\native\38dada09dfb8b06ba9b0570ebf7e218e3eb74d4ef43ca46872605cf95ebc2f47\windows-amd64

VM Arguments:
jvm_args: --add-opens=java.base/java.util=ALL-UNNAMED --add-opens=java.base/java.lang=ALL-UNNAMED --add-opens=java.base/java.lang.invoke=ALL-UNNAMED --add-opens=java.prefs/java.util.prefs=ALL-UNNAMED --add-opens=java.base/java.nio.charset=ALL-UNNAMED --add-opens=java.base/java.net=ALL-UNNAMED --add-opens=java.base/java.util.concurrent.atomic=ALL-UNNAMED -XX:MaxMetaspaceSize=384m -XX:+HeapDumpOnOutOfMemoryError -Xms256m -Xmx512m -Dfile.encoding=x-windows-949 -Duser.country=KR -Duser.language=ko -Duser.variant -javaagent:C:\Users\Jaesin\.gradle\wrapper\dists\gradle-8.7-bin\bhs2wmbdwecv87pi65oeuq5iu\gradle-8.7\lib\agents\gradle-instrumentation-agent-8.7.jar 
java_command: org.gradle.launcher.daemon.bootstrap.GradleDaemon 8.7
java_class_path (initial): C:\Users\Jaesin\.gradle\wrapper\dists\gradle-8.7-bin\bhs2wmbdwecv87pi65oeuq5iu\gradle-8.7\lib\gradle-launcher-8.7.jar
Launcher Type: SUN_STANDARD

[Global flags]
     intx CICompilerCount                          = 12                                        {product} {ergonomic}
   size_t CompressedClassSpaceSize                 = 335544320                                 {product} {ergonomic}
     uint ConcGCThreads                            = 3                                         {product} {ergonomic}
     uint G1ConcRefinementThreads                  = 13                                        {product} {ergonomic}
   size_t G1HeapRegionSize                         = 1048576                                   {product} {ergonomic}
    uintx GCDrainStackTargetSize                   = 64                                        {product} {ergonomic}
     bool HeapDumpOnOutOfMemoryError               = true                                   {manageable} {command line}
   size_t InitialHeapSize                          = 268435456                                 {product} {command line}
   size_t MarkStackSize                            = 4194304                                   {product} {ergonomic}
   size_t MaxHeapSize                              = 536870912                                 {product} {command line}
   size_t MaxMetaspaceSize                         = 402653184                                 {product} {command line}
   size_t MaxNewSize                               = 321912832                                 {product} {ergonomic}
   size_t MinHeapDeltaBytes                        = 1048576                                   {product} {ergonomic}
   size_t MinHeapSize                              = 268435456                                 {product} {command line}
    uintx NonNMethodCodeHeapSize                   = 7602480                                {pd product} {ergonomic}
    uintx NonProfiledCodeHeapSize                  = 122027880                              {pd product} {ergonomic}
    uintx ProfiledCodeHeapSize                     = 122027880                              {pd product} {ergonomic}
    uintx ReservedCodeCacheSize                    = 251658240                              {pd product} {ergonomic}
     bool SegmentedCodeCache                       = true                                      {product} {ergonomic}
   size_t SoftMaxHeapSize                          = 536870912                              {manageable} {ergonomic}
     bool UseCompressedClassPointers               = true                           {product lp64_product} {ergonomic}
     bool UseCompressedOops                        = true                           {product lp64_product} {ergonomic}
     bool UseG1GC                                  = true                                      {product} {ergonomic}
     bool UseLargePagesIndividualAllocation        = false                                  {pd product} {ergonomic}

Logging:
Log output configuration:
 #0: stdout all=warning uptime,level,tags
 #1: stderr all=off uptime,level,tags

Environment Variables:
JAVA_HOME=P:\Dev\Tools\Java\jdk-17
PATH=C:\Program Files\Common Files\Oracle\Java\javapath;P:\Dev\Tools\Java\jdk-17\bin;C:\WINDOWS\system32;C:\WINDOWS;C:\WINDOWS\System32\Wbem;C:\WINDOWS\System32\WindowsPowerShell\v1.0\;C:\WINDOWS\System32\OpenSSH\;P:\Dev\Tools\VS_Code\;C:\Program Files\Bandizip\;P:\Dev\Tools\Git\cmd;C:\Program Files\PowerShell\7\;C:\Program Files\Docker\Docker\resources\bin;P:\Dev\Tools\flutter\bin;P:\Dev\Tools\Erlang\Erlang OTP;P:\Dev\Tools\Ruby32\bin;C:\Users\Jaesin\AppData\Local\Programs\Python\Launcher\;C:\Program Files\MySQL\MySQL Shell 8.0\bin\;C:\Users\Jaesin\AppData\Local\Microsoft\WindowsApps;P:\Dev\tools\java\IntelliJ IDEA Community Edition 2023.2.4\bin;P:\Dev\Tools\VS_Code\Microsoft VS Code\bin;C:\Users\Jaesin\AppData\Roaming\npm;C:\Users\Jaesin\AppData\Local\GitHubDesktop\bin;C:\Users\Jaesin\AppData\Local\Programs\oh-my-posh\bin
USERNAME=Jaesin
OS=Windows_NT
PROCESSOR_IDENTIFIER=Intel64 Family 6 Model 186 Stepping 2, GenuineIntel



---------------  S Y S T E M  ---------------

OS:
 Windows 10 , 64 bit Build 19041 (10.0.19041.3636)
OS uptime: 2 days 13:10 hours
Hyper-V role detected

CPU: total 16 (initial active 16) (8 cores per cpu, 2 threads per core) family 6 model 186 stepping 2 microcode 0x410e, cx8, cmov, fxsr, ht, mmx, 3dnowpref, sse, sse2, sse3, ssse3, sse4.1, sse4.2, popcnt, lzcnt, tsc, tscinvbit, avx, avx2, aes, erms, clmul, bmi1, bmi2, adx, sha, fma, vzeroupper, clflush, clflushopt, clwb, hv

Memory: 4k page, system-wide physical 15932M (325M free)
TotalPageFile size 45524M (AvailPageFile size 1M)
current process WorkingSet (physical memory assigned to process): 149M, peak: 265M
current process commit charge ("private bytes"): 461M, peak: 483M

vm_info: Java HotSpot(TM) 64-Bit Server VM (17.0.9+11-LTS-201) for windows-amd64 JRE (17.0.9+11-LTS-201), built on Oct 10 2023 23:16:06 by "mach5one" with MS VC++ 17.1 (VS2022)

END.
