#
# There is insufficient memory for the Java Runtime Environment to continue.
# Native memory allocation (malloc) failed to allocate 290592 bytes for Chunk::new
# Possible reasons:
#   The system is out of physical RAM or swap space
#   The process is running with CompressedOops enabled, and the Java Heap may be blocking the growth of the native heap
# Possible solutions:
#   Reduce memory load on the system
#   Increase physical memory or swap space
#   Check if swap backing store is full
#   Decrease Java heap size (-Xmx/-Xms)
#   Decrease number of Java threads
#   Decrease Java thread stack sizes (-Xss)
#   Set larger code cache with -XX:ReservedCodeCacheSize=
#   JVM is running with Unscaled Compressed Oops mode in which the Java heap is
#     placed in the first 4GB address space. The Java Heap base address is the
#     maximum limit for the native heap growth. Please use -XX:HeapBaseMinAddress
#     to set the Java Heap base and to place the Java Heap above 4GB virtual address.
# This output file may be truncated or incomplete.
#
#  Out of Memory Error (arena.cpp:189), pid=22432, tid=15920
#
# JRE version: Java(TM) SE Runtime Environment (17.0.9+11) (build 17.0.9+11-LTS-201)
# Java VM: Java HotSpot(TM) 64-Bit Server VM (17.0.9+11-LTS-201, mixed mode, sharing, tiered, compressed oops, compressed class ptrs, g1 gc, windows-amd64)
# No core dump will be written. Minidumps are not enabled by default on client versions of Windows
#

---------------  S U M M A R Y ------------

Command Line: --add-opens=java.base/java.util=ALL-UNNAMED --add-opens=java.base/java.lang=ALL-UNNAMED --add-opens=java.base/java.lang.invoke=ALL-UNNAMED --add-opens=java.prefs/java.util.prefs=ALL-UNNAMED --add-opens=java.base/java.nio.charset=ALL-UNNAMED --add-opens=java.base/java.net=ALL-UNNAMED --add-opens=java.base/java.util.concurrent.atomic=ALL-UNNAMED -XX:MaxMetaspaceSize=384m -XX:+HeapDumpOnOutOfMemoryError -Xms256m -Xmx512m -Dfile.encoding=x-windows-949 -Duser.country=KR -Duser.language=ko -Duser.variant -javaagent:C:\Users\Jaesin\.gradle\wrapper\dists\gradle-8.7-bin\bhs2wmbdwecv87pi65oeuq5iu\gradle-8.7\lib\agents\gradle-instrumentation-agent-8.7.jar org.gradle.launcher.daemon.bootstrap.GradleDaemon 8.7

Host: 13th Gen Intel(R) Core(TM) i5-1340P, 16 cores, 15G,  Windows 10 , 64 bit Build 19041 (10.0.19041.3636)
Time: Wed Apr 17 21:57:20 2024  Windows 10 , 64 bit Build 19041 (10.0.19041.3636) elapsed time: 79.106138 seconds (0d 0h 1m 19s)

---------------  T H R E A D  ---------------

Current thread (0x000001769dde3e30):  JavaThread "C2 CompilerThread0" daemon [_thread_in_native, id=15920, stack(0x0000002c7ac00000,0x0000002c7ad00000)]


Current CompileTask:
C2:  79108 5079       4       org.objectweb.asm.SymbolTable::addConstantUtf8Reference (101 bytes)

Stack: [0x0000002c7ac00000,0x0000002c7ad00000]
Native frames: (J=compiled Java code, j=interpreted, Vv=VM code, C=native code)
V  [jvm.dll+0x678a4a]
V  [jvm.dll+0x7d9cfd]
V  [jvm.dll+0x7db60e]
V  [jvm.dll+0x7dbc73]
V  [jvm.dll+0x245e1f]
V  [jvm.dll+0xaaafb]
V  [jvm.dll+0xab09c]
V  [jvm.dll+0x36237e]
V  [jvm.dll+0x32ca01]
V  [jvm.dll+0x32be9a]
V  [jvm.dll+0x21812f]
V  [jvm.dll+0x217561]
V  [jvm.dll+0x1a3bc0]
V  [jvm.dll+0x2272de]
V  [jvm.dll+0x22548b]
V  [jvm.dll+0x78f58c]
V  [jvm.dll+0x78998a]
V  [jvm.dll+0x677875]
C  [ucrtbase.dll+0x21bb2]
C  [KERNEL32.DLL+0x17344]
C  [ntdll.dll+0x526b1]


---------------  P R O C E S S  ---------------

Threads class SMR info:
_java_thread_list=0x00000176b975da80, length=41, elements={
0x00000176829ca8e0, 0x000001769ddb0d40, 0x000001769ddb1ad0, 0x000001769ddd1eb0,
0x000001769ddd3990, 0x000001769ddd6780, 0x000001769dddad60, 0x000001769dde3e30,
0x00000176b7018050, 0x00000176b70744d0, 0x000001769dd9bc20, 0x00000176b72126b0,
0x00000176b7f69610, 0x00000176b97bdc70, 0x00000176b98bda60, 0x00000176b8b38470,
0x00000176b8b36550, 0x00000176b8acb550, 0x00000176b8aca110, 0x00000176b8acbf70,
0x00000176b8aca620, 0x00000176b8acb040, 0x00000176b8acba60, 0x00000176b8acc480,
0x00000176b8acc990, 0x00000176b8accea0, 0x00000176bb6d9270, 0x00000176bb6dca20,
0x00000176bb6d8340, 0x00000176bb6d9780, 0x00000176bb6d9c90, 0x00000176bb6dc510,
0x00000176bb6dabc0, 0x00000176bb6dd950, 0x00000176bb6db5e0, 0x00000176bb6dd440,
0x00000176bb6dde60, 0x00000176bb6db0d0, 0x00000176bb6de880, 0x00000176bb6dbaf0,
0x00000176bb6de370
}

Java Threads: ( => current thread )
  0x00000176829ca8e0 JavaThread "main" [_thread_blocked, id=7768, stack(0x0000002c79e00000,0x0000002c79f00000)]
  0x000001769ddb0d40 JavaThread "Reference Handler" daemon [_thread_blocked, id=21084, stack(0x0000002c7a500000,0x0000002c7a600000)]
  0x000001769ddb1ad0 JavaThread "Finalizer" daemon [_thread_blocked, id=33892, stack(0x0000002c7a600000,0x0000002c7a700000)]
  0x000001769ddd1eb0 JavaThread "Signal Dispatcher" daemon [_thread_blocked, id=20504, stack(0x0000002c7a800000,0x0000002c7a900000)]
  0x000001769ddd3990 JavaThread "Attach Listener" daemon [_thread_blocked, id=39308, stack(0x0000002c7a900000,0x0000002c7aa00000)]
  0x000001769ddd6780 JavaThread "Service Thread" daemon [_thread_blocked, id=41196, stack(0x0000002c7aa00000,0x0000002c7ab00000)]
  0x000001769dddad60 JavaThread "Monitor Deflation Thread" daemon [_thread_blocked, id=34220, stack(0x0000002c7ab00000,0x0000002c7ac00000)]
=>0x000001769dde3e30 JavaThread "C2 CompilerThread0" daemon [_thread_in_native, id=15920, stack(0x0000002c7ac00000,0x0000002c7ad00000)]
  0x00000176b7018050 JavaThread "C1 CompilerThread0" daemon [_thread_in_native, id=41060, stack(0x0000002c7ad00000,0x0000002c7ae00000)]
  0x00000176b70744d0 JavaThread "Sweeper thread" daemon [_thread_blocked, id=34544, stack(0x0000002c7ae00000,0x0000002c7af00000)]
  0x000001769dd9bc20 JavaThread "Common-Cleaner" daemon [_thread_blocked, id=35944, stack(0x0000002c7af00000,0x0000002c7b000000)]
  0x00000176b72126b0 JavaThread "Notification Thread" daemon [_thread_blocked, id=11720, stack(0x0000002c7b400000,0x0000002c7b500000)]
  0x00000176b7f69610 JavaThread "Daemon health stats" [_thread_blocked, id=36496, stack(0x0000002c7bb00000,0x0000002c7bc00000)]
  0x00000176b97bdc70 JavaThread "Incoming local TCP Connector on port 63318" [_thread_in_native, id=24204, stack(0x0000002c7b300000,0x0000002c7b400000)]
  0x00000176b98bda60 JavaThread "Daemon periodic checks" [_thread_blocked, id=23868, stack(0x0000002c7bc00000,0x0000002c7bd00000)]
  0x00000176b8b38470 JavaThread "Daemon" [_thread_blocked, id=38404, stack(0x0000002c7bd00000,0x0000002c7be00000)]
  0x00000176b8b36550 JavaThread "Handler for socket connection from /127.0.0.1:63318 to /127.0.0.1:63320" [_thread_in_native, id=14188, stack(0x0000002c7be00000,0x0000002c7bf00000)]
  0x00000176b8acb550 JavaThread "Cancel handler" [_thread_blocked, id=35916, stack(0x0000002c7bf00000,0x0000002c7c000000)]
  0x00000176b8aca110 JavaThread "Daemon worker" [_thread_in_vm, id=36560, stack(0x0000002c7c000000,0x0000002c7c100000)]
  0x00000176b8acbf70 JavaThread "Asynchronous log dispatcher for DefaultDaemonConnection: socket connection from /127.0.0.1:63318 to /127.0.0.1:63320" [_thread_blocked, id=9032, stack(0x0000002c7c100000,0x0000002c7c200000)]
  0x00000176b8aca620 JavaThread "Stdin handler" [_thread_blocked, id=13324, stack(0x0000002c7c200000,0x0000002c7c300000)]
  0x00000176b8acb040 JavaThread "Daemon client event forwarder" [_thread_blocked, id=18048, stack(0x0000002c7c300000,0x0000002c7c400000)]
  0x00000176b8acba60 JavaThread "Cache worker for journal cache (C:\Users\Jaesin\.gradle\caches\journal-1)" [_thread_blocked, id=40768, stack(0x0000002c7c400000,0x0000002c7c500000)]
  0x00000176b8acc480 JavaThread "File lock request listener" [_thread_in_native, id=33964, stack(0x0000002c7c500000,0x0000002c7c600000)]
  0x00000176b8acc990 JavaThread "File lock release action executor" [_thread_blocked, id=28088, stack(0x0000002c7b200000,0x0000002c7b300000)]
  0x00000176b8accea0 JavaThread "Cache worker for file hash cache (C:\Users\Jaesin\.gradle\caches\8.7\fileHashes)" [_thread_blocked, id=37308, stack(0x0000002c7c600000,0x0000002c7c700000)]
  0x00000176bb6d9270 JavaThread "Cache worker for file hash cache (P:\Dev\Project\MSA\order-service\.gradle\8.7\fileHashes)" [_thread_blocked, id=30420, stack(0x0000002c7c700000,0x0000002c7c800000)]
  0x00000176bb6dca20 JavaThread "File watcher server" daemon [_thread_in_native, id=8924, stack(0x0000002c7c800000,0x0000002c7c900000)]
  0x00000176bb6d8340 JavaThread "File watcher consumer" daemon [_thread_blocked, id=31884, stack(0x0000002c7d000000,0x0000002c7d100000)]
  0x00000176bb6d9780 JavaThread "Cache worker for checksums cache (P:\Dev\Project\MSA\order-service\.gradle\8.7\checksums)" [_thread_blocked, id=34396, stack(0x0000002c7d300000,0x0000002c7d400000)]
  0x00000176bb6d9c90 JavaThread "Cache worker for cache directory md-supplier (C:\Users\Jaesin\.gradle\caches\8.7\md-supplier)" [_thread_blocked, id=37760, stack(0x0000002c7d400000,0x0000002c7d500000)]
  0x00000176bb6dc510 JavaThread "Cache worker for cache directory md-rule (C:\Users\Jaesin\.gradle\caches\8.7\md-rule)" [_thread_blocked, id=37264, stack(0x0000002c7d500000,0x0000002c7d600000)]
  0x00000176bb6dabc0 JavaThread "Cache worker for file content cache (C:\Users\Jaesin\.gradle\caches\8.7\fileContent)" [_thread_blocked, id=12916, stack(0x0000002c7d600000,0x0000002c7d700000)]
  0x00000176bb6dd950 JavaThread "jar transforms" [_thread_blocked, id=40684, stack(0x0000002c7b000000,0x0000002c7b100000)]
  0x00000176bb6db5e0 JavaThread "jar transforms Thread 2" [_thread_blocked, id=26588, stack(0x0000002c7b100000,0x0000002c7b200000)]
  0x00000176bb6dd440 JavaThread "jar transforms Thread 3" [_thread_blocked, id=30948, stack(0x0000002c7d800000,0x0000002c7d900000)]
  0x00000176bb6dde60 JavaThread "jar transforms Thread 4" [_thread_blocked, id=37992, stack(0x0000002c7db00000,0x0000002c7dc00000)]
  0x00000176bb6db0d0 JavaThread "jar transforms Thread 5" [_thread_blocked, id=33468, stack(0x0000002c7dc00000,0x0000002c7dd00000)]
  0x00000176bb6de880 JavaThread "jar transforms Thread 6" [_thread_blocked, id=22392, stack(0x0000002c7dd00000,0x0000002c7de00000)]
  0x00000176bb6dbaf0 JavaThread "jar transforms Thread 7" [_thread_blocked, id=4116, stack(0x0000002c79c00000,0x0000002c79d00000)]
  0x00000176bb6de370 JavaThread "jar transforms Thread 8" [_thread_blocked, id=24488, stack(0x0000002c79d00000,0x0000002c79e00000)]

Other Threads:
  0x000001769ddad230 VMThread "VM Thread" [stack: 0x0000002c7a400000,0x0000002c7a500000] [id=31404]
  0x00000176b71db260 WatcherThread [stack: 0x0000002c7b500000,0x0000002c7b600000] [id=41848]
  0x00000176829f8140 GCTaskThread "GC Thread#0" [stack: 0x0000002c79f00000,0x0000002c7a000000] [id=13092]
  0x00000176b75e4f30 GCTaskThread "GC Thread#1" [stack: 0x0000002c7b600000,0x0000002c7b700000] [id=40344]
  0x00000176b72cab20 GCTaskThread "GC Thread#2" [stack: 0x0000002c7b700000,0x0000002c7b800000] [id=36416]
  0x00000176b7e05fe0 GCTaskThread "GC Thread#3" [stack: 0x0000002c7b800000,0x0000002c7b900000] [id=37756]
  0x00000176b7e062a0 GCTaskThread "GC Thread#4" [stack: 0x0000002c7b900000,0x0000002c7ba00000] [id=41340]
  0x00000176b800ca60 GCTaskThread "GC Thread#5" [stack: 0x0000002c7ba00000,0x0000002c7bb00000] [id=40164]
  0x00000176b97460e0 GCTaskThread "GC Thread#6" [stack: 0x0000002c7c900000,0x0000002c7ca00000] [id=21280]
  0x00000176ba3a6340 GCTaskThread "GC Thread#7" [stack: 0x0000002c7ca00000,0x0000002c7cb00000] [id=41016]
  0x00000176ba3a6600 GCTaskThread "GC Thread#8" [stack: 0x0000002c7cb00000,0x0000002c7cc00000] [id=30776]
  0x00000176b77d62a0 GCTaskThread "GC Thread#9" [stack: 0x0000002c7cc00000,0x0000002c7cd00000] [id=38248]
  0x00000176b92ed2d0 GCTaskThread "GC Thread#10" [stack: 0x0000002c7cd00000,0x0000002c7ce00000] [id=38016]
  0x00000176b92edb10 GCTaskThread "GC Thread#11" [stack: 0x0000002c7ce00000,0x0000002c7cf00000] [id=41304]
  0x00000176b92ed850 GCTaskThread "GC Thread#12" [stack: 0x0000002c7cf00000,0x0000002c7d000000] [id=36364]
  0x00000176829fdfb0 ConcurrentGCThread "G1 Main Marker" [stack: 0x0000002c7a000000,0x0000002c7a100000] [id=38440]
  0x00000176829fe8d0 ConcurrentGCThread "G1 Conc#0" [stack: 0x0000002c7a100000,0x0000002c7a200000] [id=1876]
  0x00000176b92ec510 ConcurrentGCThread "G1 Conc#1" [stack: 0x0000002c7d100000,0x0000002c7d200000] [id=34188]
  0x00000176b92ebf90 ConcurrentGCThread "G1 Conc#2" [stack: 0x0000002c7d200000,0x0000002c7d300000] [id=35528]
  0x0000017682a9dac0 ConcurrentGCThread "G1 Refine#0" [stack: 0x0000002c7a200000,0x0000002c7a300000] [id=16960]
  0x0000017682a9e400 ConcurrentGCThread "G1 Service" [stack: 0x0000002c7a300000,0x0000002c7a400000] [id=34656]

Threads with active compile tasks:
C2 CompilerThread0    79331 5079       4       org.objectweb.asm.SymbolTable::addConstantUtf8Reference (101 bytes)
C1 CompilerThread0    79332 5088       3       org.objectweb.asm.ClassReader::readCode (5117 bytes)

VM state: synchronizing (normal execution)

VM Mutex/Monitor currently owned by a thread:  ([mutex/lock_event])
[0x00000176829c4b40] Metaspace_lock - owner thread: 0x00000176b8aca110
[0x00000176829c5eb0] Threads_lock - owner thread: 0x000001769ddad230

Heap address: 0x00000000e0000000, size: 512 MB, Compressed Oops mode: 32-bit

CDS archive(s) mapped at: [0x000001769e000000-0x000001769ebd0000-0x000001769ebd0000), size 12386304, SharedBaseAddress: 0x000001769e000000, ArchiveRelocationMode: 1.
Compressed class space mapped at: 0x000001769f000000-0x00000176b3000000, reserved size: 335544320
Narrow klass base: 0x000001769e000000, Narrow klass shift: 0, Narrow klass range: 0x100000000

GC Precious Log:
 CPUs: 16 total, 16 available
 Memory: 15932M
 Large Page Support: Disabled
 NUMA Support: Disabled
 Compressed Oops: Enabled (32-bit)
 Heap Region Size: 1M
 Heap Min Capacity: 256M
 Heap Initial Capacity: 256M
 Heap Max Capacity: 512M
 Pre-touch: Disabled
 Parallel Workers: 13
 Concurrent Workers: 3
 Concurrent Refinement Workers: 13
 Periodic GC: Disabled

Heap:
 garbage-first heap   total 262144K, used 46090K [0x00000000e0000000, 0x0000000100000000)
  region size 1024K, 24 young (24576K), 10 survivors (10240K)
 Metaspace       used 38288K, committed 38656K, reserved 393216K
  class space    used 5346K, committed 5504K, reserved 327680K

Heap Regions: E=young(eden), S=young(survivor), O=old, HS=humongous(starts), HC=humongous(continues), CS=collection set, F=free, OA=open archive, CA=closed archive, TAMS=top-at-mark-start (previous, next)
|   0|0x00000000e0000000, 0x00000000e0100000, 0x00000000e0100000|100%|HS|  |TAMS 0x00000000e0100000, 0x00000000e0000000| Complete 
|   1|0x00000000e0100000, 0x00000000e0200000, 0x00000000e0200000|100%|HC|  |TAMS 0x00000000e0200000, 0x00000000e0100000| Complete 
|   2|0x00000000e0200000, 0x00000000e0300000, 0x00000000e0300000|100%|HC|  |TAMS 0x00000000e0300000, 0x00000000e0200000| Complete 
|   3|0x00000000e0300000, 0x00000000e0400000, 0x00000000e0400000|100%|HC|  |TAMS 0x00000000e0400000, 0x00000000e0300000| Complete 
|   4|0x00000000e0400000, 0x00000000e0500000, 0x00000000e0500000|100%| O|  |TAMS 0x00000000e0500000, 0x00000000e0400000| Untracked 
|   5|0x00000000e0500000, 0x00000000e0600000, 0x00000000e0600000|100%| O|  |TAMS 0x00000000e0600000, 0x00000000e0500000| Untracked 
|   6|0x00000000e0600000, 0x00000000e0700000, 0x00000000e0700000|100%| O|  |TAMS 0x00000000e0700000, 0x00000000e0600000| Untracked 
|   7|0x00000000e0700000, 0x00000000e0800000, 0x00000000e0800000|100%| O|  |TAMS 0x00000000e0800000, 0x00000000e0700000| Untracked 
|   8|0x00000000e0800000, 0x00000000e0900000, 0x00000000e0900000|100%| O|  |TAMS 0x00000000e0900000, 0x00000000e0800000| Untracked 
|   9|0x00000000e0900000, 0x00000000e0a00000, 0x00000000e0a00000|100%| O|  |TAMS 0x00000000e0a00000, 0x00000000e0900000| Untracked 
|  10|0x00000000e0a00000, 0x00000000e0b00000, 0x00000000e0b00000|100%| O|  |TAMS 0x00000000e0b00000, 0x00000000e0a00000| Untracked 
|  11|0x00000000e0b00000, 0x00000000e0c00000, 0x00000000e0c00000|100%| O|  |TAMS 0x00000000e0c00000, 0x00000000e0b00000| Untracked 
|  12|0x00000000e0c00000, 0x00000000e0d00000, 0x00000000e0d00000|100%| O|  |TAMS 0x00000000e0d00000, 0x00000000e0c00000| Untracked 
|  13|0x00000000e0d00000, 0x00000000e0e00000, 0x00000000e0e00000|100%| O|  |TAMS 0x00000000e0e00000, 0x00000000e0d00000| Untracked 
|  14|0x00000000e0e00000, 0x00000000e0f00000, 0x00000000e0f00000|100%| O|  |TAMS 0x00000000e0f00000, 0x00000000e0e00000| Untracked 
|  15|0x00000000e0f00000, 0x00000000e1000000, 0x00000000e1000000|100%| O|  |TAMS 0x00000000e1000000, 0x00000000e0f00000| Untracked 
|  16|0x00000000e1000000, 0x00000000e1100000, 0x00000000e1100000|100%| O|  |TAMS 0x00000000e1100000, 0x00000000e1000000| Untracked 
|  17|0x00000000e1100000, 0x00000000e1200000, 0x00000000e1200000|100%| O|  |TAMS 0x00000000e1200000, 0x00000000e1100000| Untracked 
|  18|0x00000000e1200000, 0x00000000e1300000, 0x00000000e1300000|100%| O|  |TAMS 0x00000000e1300000, 0x00000000e1200000| Untracked 
|  19|0x00000000e1300000, 0x00000000e1400000, 0x00000000e1400000|100%| O|  |TAMS 0x00000000e1400000, 0x00000000e1300000| Untracked 
|  20|0x00000000e1400000, 0x00000000e1500000, 0x00000000e1500000|100%| O|  |TAMS 0x00000000e1500000, 0x00000000e1400000| Untracked 
|  21|0x00000000e1500000, 0x00000000e1600000, 0x00000000e1600000|100%| O|  |TAMS 0x00000000e1600000, 0x00000000e1500000| Untracked 
|  22|0x00000000e1600000, 0x00000000e1631e00, 0x00000000e1700000| 19%| O|  |TAMS 0x00000000e1631e00, 0x00000000e1600000| Untracked 
|  23|0x00000000e1700000, 0x00000000e1700000, 0x00000000e1800000|  0%| F|  |TAMS 0x00000000e1700000, 0x00000000e1700000| Untracked 
|  24|0x00000000e1800000, 0x00000000e1800000, 0x00000000e1900000|  0%| F|  |TAMS 0x00000000e1800000, 0x00000000e1800000| Untracked 
|  25|0x00000000e1900000, 0x00000000e1900000, 0x00000000e1a00000|  0%| F|  |TAMS 0x00000000e1900000, 0x00000000e1900000| Untracked 
|  26|0x00000000e1a00000, 0x00000000e1a00000, 0x00000000e1b00000|  0%| F|  |TAMS 0x00000000e1a00000, 0x00000000e1a00000| Untracked 
|  27|0x00000000e1b00000, 0x00000000e1b00000, 0x00000000e1c00000|  0%| F|  |TAMS 0x00000000e1b00000, 0x00000000e1b00000| Untracked 
|  28|0x00000000e1c00000, 0x00000000e1c00000, 0x00000000e1d00000|  0%| F|  |TAMS 0x00000000e1c00000, 0x00000000e1c00000| Untracked 
|  29|0x00000000e1d00000, 0x00000000e1d00000, 0x00000000e1e00000|  0%| F|  |TAMS 0x00000000e1d00000, 0x00000000e1d00000| Untracked 
|  30|0x00000000e1e00000, 0x00000000e1e00000, 0x00000000e1f00000|  0%| F|  |TAMS 0x00000000e1e00000, 0x00000000e1e00000| Untracked 
|  31|0x00000000e1f00000, 0x00000000e1f00000, 0x00000000e2000000|  0%| F|  |TAMS 0x00000000e1f00000, 0x00000000e1f00000| Untracked 
|  32|0x00000000e2000000, 0x00000000e2000000, 0x00000000e2100000|  0%| F|  |TAMS 0x00000000e2000000, 0x00000000e2000000| Untracked 
|  33|0x00000000e2100000, 0x00000000e2100000, 0x00000000e2200000|  0%| F|  |TAMS 0x00000000e2100000, 0x00000000e2100000| Untracked 
|  34|0x00000000e2200000, 0x00000000e2200000, 0x00000000e2300000|  0%| F|  |TAMS 0x00000000e2200000, 0x00000000e2200000| Untracked 
|  35|0x00000000e2300000, 0x00000000e2300000, 0x00000000e2400000|  0%| F|  |TAMS 0x00000000e2300000, 0x00000000e2300000| Untracked 
|  36|0x00000000e2400000, 0x00000000e2400000, 0x00000000e2500000|  0%| F|  |TAMS 0x00000000e2400000, 0x00000000e2400000| Untracked 
|  37|0x00000000e2500000, 0x00000000e2500000, 0x00000000e2600000|  0%| F|  |TAMS 0x00000000e2500000, 0x00000000e2500000| Untracked 
|  38|0x00000000e2600000, 0x00000000e2600000, 0x00000000e2700000|  0%| F|  |TAMS 0x00000000e2600000, 0x00000000e2600000| Untracked 
|  39|0x00000000e2700000, 0x00000000e2700000, 0x00000000e2800000|  0%| F|  |TAMS 0x00000000e2700000, 0x00000000e2700000| Untracked 
|  40|0x00000000e2800000, 0x00000000e2800000, 0x00000000e2900000|  0%| F|  |TAMS 0x00000000e2800000, 0x00000000e2800000| Untracked 
|  41|0x00000000e2900000, 0x00000000e2900000, 0x00000000e2a00000|  0%| F|  |TAMS 0x00000000e2900000, 0x00000000e2900000| Untracked 
|  42|0x00000000e2a00000, 0x00000000e2a00000, 0x00000000e2b00000|  0%| F|  |TAMS 0x00000000e2a00000, 0x00000000e2a00000| Untracked 
|  43|0x00000000e2b00000, 0x00000000e2b00000, 0x00000000e2c00000|  0%| F|  |TAMS 0x00000000e2b00000, 0x00000000e2b00000| Untracked 
|  44|0x00000000e2c00000, 0x00000000e2c00000, 0x00000000e2d00000|  0%| F|  |TAMS 0x00000000e2c00000, 0x00000000e2c00000| Untracked 
|  45|0x00000000e2d00000, 0x00000000e2d00000, 0x00000000e2e00000|  0%| F|  |TAMS 0x00000000e2d00000, 0x00000000e2d00000| Untracked 
|  46|0x00000000e2e00000, 0x00000000e2e00000, 0x00000000e2f00000|  0%| F|  |TAMS 0x00000000e2e00000, 0x00000000e2e00000| Untracked 
|  47|0x00000000e2f00000, 0x00000000e2f00000, 0x00000000e3000000|  0%| F|  |TAMS 0x00000000e2f00000, 0x00000000e2f00000| Untracked 
|  48|0x00000000e3000000, 0x00000000e3000000, 0x00000000e3100000|  0%| F|  |TAMS 0x00000000e3000000, 0x00000000e3000000| Untracked 
|  49|0x00000000e3100000, 0x00000000e3100000, 0x00000000e3200000|  0%| F|  |TAMS 0x00000000e3100000, 0x00000000e3100000| Untracked 
|  50|0x00000000e3200000, 0x00000000e3200000, 0x00000000e3300000|  0%| F|  |TAMS 0x00000000e3200000, 0x00000000e3200000| Untracked 
|  51|0x00000000e3300000, 0x00000000e3300000, 0x00000000e3400000|  0%| F|  |TAMS 0x00000000e3300000, 0x00000000e3300000| Untracked 
|  52|0x00000000e3400000, 0x00000000e3400000, 0x00000000e3500000|  0%| F|  |TAMS 0x00000000e3400000, 0x00000000e3400000| Untracked 
|  53|0x00000000e3500000, 0x00000000e3500000, 0x00000000e3600000|  0%| F|  |TAMS 0x00000000e3500000, 0x00000000e3500000| Untracked 
|  54|0x00000000e3600000, 0x00000000e3600000, 0x00000000e3700000|  0%| F|  |TAMS 0x00000000e3600000, 0x00000000e3600000| Untracked 
|  55|0x00000000e3700000, 0x00000000e3700000, 0x00000000e3800000|  0%| F|  |TAMS 0x00000000e3700000, 0x00000000e3700000| Untracked 
|  56|0x00000000e3800000, 0x00000000e3800000, 0x00000000e3900000|  0%| F|  |TAMS 0x00000000e3800000, 0x00000000e3800000| Untracked 
|  57|0x00000000e3900000, 0x00000000e3900000, 0x00000000e3a00000|  0%| F|  |TAMS 0x00000000e3900000, 0x00000000e3900000| Untracked 
|  58|0x00000000e3a00000, 0x00000000e3a00000, 0x00000000e3b00000|  0%| F|  |TAMS 0x00000000e3a00000, 0x00000000e3a00000| Untracked 
|  59|0x00000000e3b00000, 0x00000000e3b00000, 0x00000000e3c00000|  0%| F|  |TAMS 0x00000000e3b00000, 0x00000000e3b00000| Untracked 
|  60|0x00000000e3c00000, 0x00000000e3c00000, 0x00000000e3d00000|  0%| F|  |TAMS 0x00000000e3c00000, 0x00000000e3c00000| Untracked 
|  61|0x00000000e3d00000, 0x00000000e3d00000, 0x00000000e3e00000|  0%| F|  |TAMS 0x00000000e3d00000, 0x00000000e3d00000| Untracked 
|  62|0x00000000e3e00000, 0x00000000e3e00000, 0x00000000e3f00000|  0%| F|  |TAMS 0x00000000e3e00000, 0x00000000e3e00000| Untracked 
|  63|0x00000000e3f00000, 0x00000000e3f00000, 0x00000000e4000000|  0%| F|  |TAMS 0x00000000e3f00000, 0x00000000e3f00000| Untracked 
|  64|0x00000000e4000000, 0x00000000e4000000, 0x00000000e4100000|  0%| F|  |TAMS 0x00000000e4000000, 0x00000000e4000000| Untracked 
|  65|0x00000000e4100000, 0x00000000e4100000, 0x00000000e4200000|  0%| F|  |TAMS 0x00000000e4100000, 0x00000000e4100000| Untracked 
|  66|0x00000000e4200000, 0x00000000e4200000, 0x00000000e4300000|  0%| F|  |TAMS 0x00000000e4200000, 0x00000000e4200000| Untracked 
|  67|0x00000000e4300000, 0x00000000e4300000, 0x00000000e4400000|  0%| F|  |TAMS 0x00000000e4300000, 0x00000000e4300000| Untracked 
|  68|0x00000000e4400000, 0x00000000e4400000, 0x00000000e4500000|  0%| F|  |TAMS 0x00000000e4400000, 0x00000000e4400000| Untracked 
|  69|0x00000000e4500000, 0x00000000e4500000, 0x00000000e4600000|  0%| F|  |TAMS 0x00000000e4500000, 0x00000000e4500000| Untracked 
|  70|0x00000000e4600000, 0x00000000e4600000, 0x00000000e4700000|  0%| F|  |TAMS 0x00000000e4600000, 0x00000000e4600000| Untracked 
|  71|0x00000000e4700000, 0x00000000e4700000, 0x00000000e4800000|  0%| F|  |TAMS 0x00000000e4700000, 0x00000000e4700000| Untracked 
|  72|0x00000000e4800000, 0x00000000e4800000, 0x00000000e4900000|  0%| F|  |TAMS 0x00000000e4800000, 0x00000000e4800000| Untracked 
|  73|0x00000000e4900000, 0x00000000e4900000, 0x00000000e4a00000|  0%| F|  |TAMS 0x00000000e4900000, 0x00000000e4900000| Untracked 
|  74|0x00000000e4a00000, 0x00000000e4a00000, 0x00000000e4b00000|  0%| F|  |TAMS 0x00000000e4a00000, 0x00000000e4a00000| Untracked 
|  75|0x00000000e4b00000, 0x00000000e4b00000, 0x00000000e4c00000|  0%| F|  |TAMS 0x00000000e4b00000, 0x00000000e4b00000| Untracked 
|  76|0x00000000e4c00000, 0x00000000e4c00000, 0x00000000e4d00000|  0%| F|  |TAMS 0x00000000e4c00000, 0x00000000e4c00000| Untracked 
|  77|0x00000000e4d00000, 0x00000000e4d00000, 0x00000000e4e00000|  0%| F|  |TAMS 0x00000000e4d00000, 0x00000000e4d00000| Untracked 
|  78|0x00000000e4e00000, 0x00000000e4e00000, 0x00000000e4f00000|  0%| F|  |TAMS 0x00000000e4e00000, 0x00000000e4e00000| Untracked 
|  79|0x00000000e4f00000, 0x00000000e4f00000, 0x00000000e5000000|  0%| F|  |TAMS 0x00000000e4f00000, 0x00000000e4f00000| Untracked 
|  80|0x00000000e5000000, 0x00000000e5000000, 0x00000000e5100000|  0%| F|  |TAMS 0x00000000e5000000, 0x00000000e5000000| Untracked 
|  81|0x00000000e5100000, 0x00000000e5100000, 0x00000000e5200000|  0%| F|  |TAMS 0x00000000e5100000, 0x00000000e5100000| Untracked 
|  82|0x00000000e5200000, 0x00000000e5200000, 0x00000000e5300000|  0%| F|  |TAMS 0x00000000e5200000, 0x00000000e5200000| Untracked 
|  83|0x00000000e5300000, 0x00000000e5300000, 0x00000000e5400000|  0%| F|  |TAMS 0x00000000e5300000, 0x00000000e5300000| Untracked 
|  84|0x00000000e5400000, 0x00000000e5400000, 0x00000000e5500000|  0%| F|  |TAMS 0x00000000e5400000, 0x00000000e5400000| Untracked 
|  85|0x00000000e5500000, 0x00000000e5500000, 0x00000000e5600000|  0%| F|  |TAMS 0x00000000e5500000, 0x00000000e5500000| Untracked 
|  86|0x00000000e5600000, 0x00000000e5600000, 0x00000000e5700000|  0%| F|  |TAMS 0x00000000e5600000, 0x00000000e5600000| Untracked 
|  87|0x00000000e5700000, 0x00000000e5700000, 0x00000000e5800000|  0%| F|  |TAMS 0x00000000e5700000, 0x00000000e5700000| Untracked 
|  88|0x00000000e5800000, 0x00000000e5800000, 0x00000000e5900000|  0%| F|  |TAMS 0x00000000e5800000, 0x00000000e5800000| Untracked 
|  89|0x00000000e5900000, 0x00000000e5900000, 0x00000000e5a00000|  0%| F|  |TAMS 0x00000000e5900000, 0x00000000e5900000| Untracked 
|  90|0x00000000e5a00000, 0x00000000e5a00000, 0x00000000e5b00000|  0%| F|  |TAMS 0x00000000e5a00000, 0x00000000e5a00000| Untracked 
|  91|0x00000000e5b00000, 0x00000000e5b00000, 0x00000000e5c00000|  0%| F|  |TAMS 0x00000000e5b00000, 0x00000000e5b00000| Untracked 
|  92|0x00000000e5c00000, 0x00000000e5c00000, 0x00000000e5d00000|  0%| F|  |TAMS 0x00000000e5c00000, 0x00000000e5c00000| Untracked 
|  93|0x00000000e5d00000, 0x00000000e5d00000, 0x00000000e5e00000|  0%| F|  |TAMS 0x00000000e5d00000, 0x00000000e5d00000| Untracked 
|  94|0x00000000e5e00000, 0x00000000e5e00000, 0x00000000e5f00000|  0%| F|  |TAMS 0x00000000e5e00000, 0x00000000e5e00000| Untracked 
|  95|0x00000000e5f00000, 0x00000000e5f00000, 0x00000000e6000000|  0%| F|  |TAMS 0x00000000e5f00000, 0x00000000e5f00000| Untracked 
|  96|0x00000000e6000000, 0x00000000e6000000, 0x00000000e6100000|  0%| F|  |TAMS 0x00000000e6000000, 0x00000000e6000000| Untracked 
|  97|0x00000000e6100000, 0x00000000e6100000, 0x00000000e6200000|  0%| F|  |TAMS 0x00000000e6100000, 0x00000000e6100000| Untracked 
|  98|0x00000000e6200000, 0x00000000e6200000, 0x00000000e6300000|  0%| F|  |TAMS 0x00000000e6200000, 0x00000000e6200000| Untracked 
|  99|0x00000000e6300000, 0x00000000e6300000, 0x00000000e6400000|  0%| F|  |TAMS 0x00000000e6300000, 0x00000000e6300000| Untracked 
| 100|0x00000000e6400000, 0x00000000e6400000, 0x00000000e6500000|  0%| F|  |TAMS 0x00000000e6400000, 0x00000000e6400000| Untracked 
| 101|0x00000000e6500000, 0x00000000e6500000, 0x00000000e6600000|  0%| F|  |TAMS 0x00000000e6500000, 0x00000000e6500000| Untracked 
| 102|0x00000000e6600000, 0x00000000e6600000, 0x00000000e6700000|  0%| F|  |TAMS 0x00000000e6600000, 0x00000000e6600000| Untracked 
| 103|0x00000000e6700000, 0x00000000e6700000, 0x00000000e6800000|  0%| F|  |TAMS 0x00000000e6700000, 0x00000000e6700000| Untracked 
| 104|0x00000000e6800000, 0x00000000e6800000, 0x00000000e6900000|  0%| F|  |TAMS 0x00000000e6800000, 0x00000000e6800000| Untracked 
| 105|0x00000000e6900000, 0x00000000e6900000, 0x00000000e6a00000|  0%| F|  |TAMS 0x00000000e6900000, 0x00000000e6900000| Untracked 
| 106|0x00000000e6a00000, 0x00000000e6a00000, 0x00000000e6b00000|  0%| F|  |TAMS 0x00000000e6a00000, 0x00000000e6a00000| Untracked 
| 107|0x00000000e6b00000, 0x00000000e6b00000, 0x00000000e6c00000|  0%| F|  |TAMS 0x00000000e6b00000, 0x00000000e6b00000| Untracked 
| 108|0x00000000e6c00000, 0x00000000e6c00000, 0x00000000e6d00000|  0%| F|  |TAMS 0x00000000e6c00000, 0x00000000e6c00000| Untracked 
| 109|0x00000000e6d00000, 0x00000000e6d00000, 0x00000000e6e00000|  0%| F|  |TAMS 0x00000000e6d00000, 0x00000000e6d00000| Untracked 
| 110|0x00000000e6e00000, 0x00000000e6ed0aa8, 0x00000000e6f00000| 81%| S|CS|TAMS 0x00000000e6e00000, 0x00000000e6e00000| Complete 
| 111|0x00000000e6f00000, 0x00000000e7000000, 0x00000000e7000000|100%| S|CS|TAMS 0x00000000e6f00000, 0x00000000e6f00000| Complete 
| 112|0x00000000e7000000, 0x00000000e7100000, 0x00000000e7100000|100%| S|CS|TAMS 0x00000000e7000000, 0x00000000e7000000| Complete 
| 113|0x00000000e7100000, 0x00000000e7200000, 0x00000000e7200000|100%| S|CS|TAMS 0x00000000e7100000, 0x00000000e7100000| Complete 
| 114|0x00000000e7200000, 0x00000000e7300000, 0x00000000e7300000|100%| S|CS|TAMS 0x00000000e7200000, 0x00000000e7200000| Complete 
| 115|0x00000000e7300000, 0x00000000e7400000, 0x00000000e7400000|100%| S|CS|TAMS 0x00000000e7300000, 0x00000000e7300000| Complete 
| 116|0x00000000e7400000, 0x00000000e7500000, 0x00000000e7500000|100%| S|CS|TAMS 0x00000000e7400000, 0x00000000e7400000| Complete 
| 117|0x00000000e7500000, 0x00000000e7600000, 0x00000000e7600000|100%| S|CS|TAMS 0x00000000e7500000, 0x00000000e7500000| Complete 
| 118|0x00000000e7600000, 0x00000000e7700000, 0x00000000e7700000|100%| S|CS|TAMS 0x00000000e7600000, 0x00000000e7600000| Complete 
| 119|0x00000000e7700000, 0x00000000e7800000, 0x00000000e7800000|100%| S|CS|TAMS 0x00000000e7700000, 0x00000000e7700000| Complete 
| 120|0x00000000e7800000, 0x00000000e7800000, 0x00000000e7900000|  0%| F|  |TAMS 0x00000000e7800000, 0x00000000e7800000| Untracked 
| 121|0x00000000e7900000, 0x00000000e7900000, 0x00000000e7a00000|  0%| F|  |TAMS 0x00000000e7900000, 0x00000000e7900000| Untracked 
| 122|0x00000000e7a00000, 0x00000000e7a00000, 0x00000000e7b00000|  0%| F|  |TAMS 0x00000000e7a00000, 0x00000000e7a00000| Untracked 
| 123|0x00000000e7b00000, 0x00000000e7b00000, 0x00000000e7c00000|  0%| F|  |TAMS 0x00000000e7b00000, 0x00000000e7b00000| Untracked 
| 124|0x00000000e7c00000, 0x00000000e7c00000, 0x00000000e7d00000|  0%| F|  |TAMS 0x00000000e7c00000, 0x00000000e7c00000| Untracked 
| 125|0x00000000e7d00000, 0x00000000e7d00000, 0x00000000e7e00000|  0%| F|  |TAMS 0x00000000e7d00000, 0x00000000e7d00000| Untracked 
| 126|0x00000000e7e00000, 0x00000000e7e00000, 0x00000000e7f00000|  0%| F|  |TAMS 0x00000000e7e00000, 0x00000000e7e00000| Untracked 
| 127|0x00000000e7f00000, 0x00000000e7f00000, 0x00000000e8000000|  0%| F|  |TAMS 0x00000000e7f00000, 0x00000000e7f00000| Untracked 
| 128|0x00000000e8000000, 0x00000000e8000000, 0x00000000e8100000|  0%| F|  |TAMS 0x00000000e8000000, 0x00000000e8000000| Untracked 
| 129|0x00000000e8100000, 0x00000000e8100000, 0x00000000e8200000|  0%| F|  |TAMS 0x00000000e8100000, 0x00000000e8100000| Untracked 
| 130|0x00000000e8200000, 0x00000000e8200000, 0x00000000e8300000|  0%| F|  |TAMS 0x00000000e8200000, 0x00000000e8200000| Untracked 
| 131|0x00000000e8300000, 0x00000000e8300000, 0x00000000e8400000|  0%| F|  |TAMS 0x00000000e8300000, 0x00000000e8300000| Untracked 
| 132|0x00000000e8400000, 0x00000000e8400000, 0x00000000e8500000|  0%| F|  |TAMS 0x00000000e8400000, 0x00000000e8400000| Untracked 
| 133|0x00000000e8500000, 0x00000000e8500000, 0x00000000e8600000|  0%| F|  |TAMS 0x00000000e8500000, 0x00000000e8500000| Untracked 
| 134|0x00000000e8600000, 0x00000000e8600000, 0x00000000e8700000|  0%| F|  |TAMS 0x00000000e8600000, 0x00000000e8600000| Untracked 
| 135|0x00000000e8700000, 0x00000000e8700000, 0x00000000e8800000|  0%| F|  |TAMS 0x00000000e8700000, 0x00000000e8700000| Untracked 
| 136|0x00000000e8800000, 0x00000000e8800000, 0x00000000e8900000|  0%| F|  |TAMS 0x00000000e8800000, 0x00000000e8800000| Untracked 
| 137|0x00000000e8900000, 0x00000000e8900000, 0x00000000e8a00000|  0%| F|  |TAMS 0x00000000e8900000, 0x00000000e8900000| Untracked 
| 138|0x00000000e8a00000, 0x00000000e8a00000, 0x00000000e8b00000|  0%| F|  |TAMS 0x00000000e8a00000, 0x00000000e8a00000| Untracked 
| 139|0x00000000e8b00000, 0x00000000e8b00000, 0x00000000e8c00000|  0%| F|  |TAMS 0x00000000e8b00000, 0x00000000e8b00000| Untracked 
| 140|0x00000000e8c00000, 0x00000000e8c00000, 0x00000000e8d00000|  0%| F|  |TAMS 0x00000000e8c00000, 0x00000000e8c00000| Untracked 
| 141|0x00000000e8d00000, 0x00000000e8d00000, 0x00000000e8e00000|  0%| F|  |TAMS 0x00000000e8d00000, 0x00000000e8d00000| Untracked 
| 142|0x00000000e8e00000, 0x00000000e8e00000, 0x00000000e8f00000|  0%| F|  |TAMS 0x00000000e8e00000, 0x00000000e8e00000| Untracked 
| 143|0x00000000e8f00000, 0x00000000e8f00000, 0x00000000e9000000|  0%| F|  |TAMS 0x00000000e8f00000, 0x00000000e8f00000| Untracked 
| 144|0x00000000e9000000, 0x00000000e9000000, 0x00000000e9100000|  0%| F|  |TAMS 0x00000000e9000000, 0x00000000e9000000| Untracked 
| 145|0x00000000e9100000, 0x00000000e9100000, 0x00000000e9200000|  0%| F|  |TAMS 0x00000000e9100000, 0x00000000e9100000| Untracked 
| 146|0x00000000e9200000, 0x00000000e9200000, 0x00000000e9300000|  0%| F|  |TAMS 0x00000000e9200000, 0x00000000e9200000| Untracked 
| 147|0x00000000e9300000, 0x00000000e9300000, 0x00000000e9400000|  0%| F|  |TAMS 0x00000000e9300000, 0x00000000e9300000| Untracked 
| 148|0x00000000e9400000, 0x00000000e9400000, 0x00000000e9500000|  0%| F|  |TAMS 0x00000000e9400000, 0x00000000e9400000| Untracked 
| 149|0x00000000e9500000, 0x00000000e9500000, 0x00000000e9600000|  0%| F|  |TAMS 0x00000000e9500000, 0x00000000e9500000| Untracked 
| 150|0x00000000e9600000, 0x00000000e9600000, 0x00000000e9700000|  0%| F|  |TAMS 0x00000000e9600000, 0x00000000e9600000| Untracked 
| 151|0x00000000e9700000, 0x00000000e9700000, 0x00000000e9800000|  0%| F|  |TAMS 0x00000000e9700000, 0x00000000e9700000| Untracked 
| 152|0x00000000e9800000, 0x00000000e9800000, 0x00000000e9900000|  0%| F|  |TAMS 0x00000000e9800000, 0x00000000e9800000| Untracked 
| 153|0x00000000e9900000, 0x00000000e9900000, 0x00000000e9a00000|  0%| F|  |TAMS 0x00000000e9900000, 0x00000000e9900000| Untracked 
| 154|0x00000000e9a00000, 0x00000000e9a00000, 0x00000000e9b00000|  0%| F|  |TAMS 0x00000000e9a00000, 0x00000000e9a00000| Untracked 
| 155|0x00000000e9b00000, 0x00000000e9b00000, 0x00000000e9c00000|  0%| F|  |TAMS 0x00000000e9b00000, 0x00000000e9b00000| Untracked 
| 156|0x00000000e9c00000, 0x00000000e9c00000, 0x00000000e9d00000|  0%| F|  |TAMS 0x00000000e9c00000, 0x00000000e9c00000| Untracked 
| 157|0x00000000e9d00000, 0x00000000e9d00000, 0x00000000e9e00000|  0%| F|  |TAMS 0x00000000e9d00000, 0x00000000e9d00000| Untracked 
| 158|0x00000000e9e00000, 0x00000000e9e00000, 0x00000000e9f00000|  0%| F|  |TAMS 0x00000000e9e00000, 0x00000000e9e00000| Untracked 
| 159|0x00000000e9f00000, 0x00000000e9f00000, 0x00000000ea000000|  0%| F|  |TAMS 0x00000000e9f00000, 0x00000000e9f00000| Untracked 
| 160|0x00000000ea000000, 0x00000000ea000000, 0x00000000ea100000|  0%| F|  |TAMS 0x00000000ea000000, 0x00000000ea000000| Untracked 
| 161|0x00000000ea100000, 0x00000000ea100000, 0x00000000ea200000|  0%| F|  |TAMS 0x00000000ea100000, 0x00000000ea100000| Untracked 
| 162|0x00000000ea200000, 0x00000000ea200000, 0x00000000ea300000|  0%| F|  |TAMS 0x00000000ea200000, 0x00000000ea200000| Untracked 
| 163|0x00000000ea300000, 0x00000000ea300000, 0x00000000ea400000|  0%| F|  |TAMS 0x00000000ea300000, 0x00000000ea300000| Untracked 
| 164|0x00000000ea400000, 0x00000000ea400000, 0x00000000ea500000|  0%| F|  |TAMS 0x00000000ea400000, 0x00000000ea400000| Untracked 
| 165|0x00000000ea500000, 0x00000000ea500000, 0x00000000ea600000|  0%| F|  |TAMS 0x00000000ea500000, 0x00000000ea500000| Untracked 
| 166|0x00000000ea600000, 0x00000000ea600000, 0x00000000ea700000|  0%| F|  |TAMS 0x00000000ea600000, 0x00000000ea600000| Untracked 
| 167|0x00000000ea700000, 0x00000000ea700000, 0x00000000ea800000|  0%| F|  |TAMS 0x00000000ea700000, 0x00000000ea700000| Untracked 
| 168|0x00000000ea800000, 0x00000000ea800000, 0x00000000ea900000|  0%| F|  |TAMS 0x00000000ea800000, 0x00000000ea800000| Untracked 
| 169|0x00000000ea900000, 0x00000000ea900000, 0x00000000eaa00000|  0%| F|  |TAMS 0x00000000ea900000, 0x00000000ea900000| Untracked 
| 170|0x00000000eaa00000, 0x00000000eaa00000, 0x00000000eab00000|  0%| F|  |TAMS 0x00000000eaa00000, 0x00000000eaa00000| Untracked 
| 171|0x00000000eab00000, 0x00000000eab00000, 0x00000000eac00000|  0%| F|  |TAMS 0x00000000eab00000, 0x00000000eab00000| Untracked 
| 172|0x00000000eac00000, 0x00000000eac00000, 0x00000000ead00000|  0%| F|  |TAMS 0x00000000eac00000, 0x00000000eac00000| Untracked 
| 173|0x00000000ead00000, 0x00000000ead00000, 0x00000000eae00000|  0%| F|  |TAMS 0x00000000ead00000, 0x00000000ead00000| Untracked 
| 174|0x00000000eae00000, 0x00000000eae00000, 0x00000000eaf00000|  0%| F|  |TAMS 0x00000000eae00000, 0x00000000eae00000| Untracked 
| 175|0x00000000eaf00000, 0x00000000eaf00000, 0x00000000eb000000|  0%| F|  |TAMS 0x00000000eaf00000, 0x00000000eaf00000| Untracked 
| 176|0x00000000eb000000, 0x00000000eb000000, 0x00000000eb100000|  0%| F|  |TAMS 0x00000000eb000000, 0x00000000eb000000| Untracked 
| 177|0x00000000eb100000, 0x00000000eb100000, 0x00000000eb200000|  0%| F|  |TAMS 0x00000000eb100000, 0x00000000eb100000| Untracked 
| 178|0x00000000eb200000, 0x00000000eb200000, 0x00000000eb300000|  0%| F|  |TAMS 0x00000000eb200000, 0x00000000eb200000| Untracked 
| 179|0x00000000eb300000, 0x00000000eb300000, 0x00000000eb400000|  0%| F|  |TAMS 0x00000000eb300000, 0x00000000eb300000| Untracked 
| 180|0x00000000eb400000, 0x00000000eb400000, 0x00000000eb500000|  0%| F|  |TAMS 0x00000000eb400000, 0x00000000eb400000| Untracked 
| 181|0x00000000eb500000, 0x00000000eb500000, 0x00000000eb600000|  0%| F|  |TAMS 0x00000000eb500000, 0x00000000eb500000| Untracked 
| 182|0x00000000eb600000, 0x00000000eb600000, 0x00000000eb700000|  0%| F|  |TAMS 0x00000000eb600000, 0x00000000eb600000| Untracked 
| 183|0x00000000eb700000, 0x00000000eb700000, 0x00000000eb800000|  0%| F|  |TAMS 0x00000000eb700000, 0x00000000eb700000| Untracked 
| 184|0x00000000eb800000, 0x00000000eb800000, 0x00000000eb900000|  0%| F|  |TAMS 0x00000000eb800000, 0x00000000eb800000| Untracked 
| 185|0x00000000eb900000, 0x00000000eb900000, 0x00000000eba00000|  0%| F|  |TAMS 0x00000000eb900000, 0x00000000eb900000| Untracked 
| 186|0x00000000eba00000, 0x00000000eba00000, 0x00000000ebb00000|  0%| F|  |TAMS 0x00000000eba00000, 0x00000000eba00000| Untracked 
| 187|0x00000000ebb00000, 0x00000000ebb00000, 0x00000000ebc00000|  0%| F|  |TAMS 0x00000000ebb00000, 0x00000000ebb00000| Untracked 
| 188|0x00000000ebc00000, 0x00000000ebc00000, 0x00000000ebd00000|  0%| F|  |TAMS 0x00000000ebc00000, 0x00000000ebc00000| Untracked 
| 189|0x00000000ebd00000, 0x00000000ebd00000, 0x00000000ebe00000|  0%| F|  |TAMS 0x00000000ebd00000, 0x00000000ebd00000| Untracked 
| 190|0x00000000ebe00000, 0x00000000ebe00000, 0x00000000ebf00000|  0%| F|  |TAMS 0x00000000ebe00000, 0x00000000ebe00000| Untracked 
| 191|0x00000000ebf00000, 0x00000000ebf00000, 0x00000000ec000000|  0%| F|  |TAMS 0x00000000ebf00000, 0x00000000ebf00000| Untracked 
| 192|0x00000000ec000000, 0x00000000ec000000, 0x00000000ec100000|  0%| F|  |TAMS 0x00000000ec000000, 0x00000000ec000000| Untracked 
| 193|0x00000000ec100000, 0x00000000ec100000, 0x00000000ec200000|  0%| F|  |TAMS 0x00000000ec100000, 0x00000000ec100000| Untracked 
| 194|0x00000000ec200000, 0x00000000ec200000, 0x00000000ec300000|  0%| F|  |TAMS 0x00000000ec200000, 0x00000000ec200000| Untracked 
| 195|0x00000000ec300000, 0x00000000ec300000, 0x00000000ec400000|  0%| F|  |TAMS 0x00000000ec300000, 0x00000000ec300000| Untracked 
| 196|0x00000000ec400000, 0x00000000ec400000, 0x00000000ec500000|  0%| F|  |TAMS 0x00000000ec400000, 0x00000000ec400000| Untracked 
| 197|0x00000000ec500000, 0x00000000ec500000, 0x00000000ec600000|  0%| F|  |TAMS 0x00000000ec500000, 0x00000000ec500000| Untracked 
| 198|0x00000000ec600000, 0x00000000ec600000, 0x00000000ec700000|  0%| F|  |TAMS 0x00000000ec600000, 0x00000000ec600000| Untracked 
| 199|0x00000000ec700000, 0x00000000ec700000, 0x00000000ec800000|  0%| F|  |TAMS 0x00000000ec700000, 0x00000000ec700000| Untracked 
| 200|0x00000000ec800000, 0x00000000ec800000, 0x00000000ec900000|  0%| F|  |TAMS 0x00000000ec800000, 0x00000000ec800000| Untracked 
| 201|0x00000000ec900000, 0x00000000ec900000, 0x00000000eca00000|  0%| F|  |TAMS 0x00000000ec900000, 0x00000000ec900000| Untracked 
| 202|0x00000000eca00000, 0x00000000eca00000, 0x00000000ecb00000|  0%| F|  |TAMS 0x00000000eca00000, 0x00000000eca00000| Untracked 
| 203|0x00000000ecb00000, 0x00000000ecb00000, 0x00000000ecc00000|  0%| F|  |TAMS 0x00000000ecb00000, 0x00000000ecb00000| Untracked 
| 204|0x00000000ecc00000, 0x00000000ecc00000, 0x00000000ecd00000|  0%| F|  |TAMS 0x00000000ecc00000, 0x00000000ecc00000| Untracked 
| 205|0x00000000ecd00000, 0x00000000ecd00000, 0x00000000ece00000|  0%| F|  |TAMS 0x00000000ecd00000, 0x00000000ecd00000| Untracked 
| 206|0x00000000ece00000, 0x00000000ece00000, 0x00000000ecf00000|  0%| F|  |TAMS 0x00000000ece00000, 0x00000000ece00000| Untracked 
| 207|0x00000000ecf00000, 0x00000000ecf00000, 0x00000000ed000000|  0%| F|  |TAMS 0x00000000ecf00000, 0x00000000ecf00000| Untracked 
| 208|0x00000000ed000000, 0x00000000ed000000, 0x00000000ed100000|  0%| F|  |TAMS 0x00000000ed000000, 0x00000000ed000000| Untracked 
| 209|0x00000000ed100000, 0x00000000ed100000, 0x00000000ed200000|  0%| F|  |TAMS 0x00000000ed100000, 0x00000000ed100000| Untracked 
| 210|0x00000000ed200000, 0x00000000ed200000, 0x00000000ed300000|  0%| F|  |TAMS 0x00000000ed200000, 0x00000000ed200000| Untracked 
| 211|0x00000000ed300000, 0x00000000ed300000, 0x00000000ed400000|  0%| F|  |TAMS 0x00000000ed300000, 0x00000000ed300000| Untracked 
| 212|0x00000000ed400000, 0x00000000ed400000, 0x00000000ed500000|  0%| F|  |TAMS 0x00000000ed400000, 0x00000000ed400000| Untracked 
| 213|0x00000000ed500000, 0x00000000ed500000, 0x00000000ed600000|  0%| F|  |TAMS 0x00000000ed500000, 0x00000000ed500000| Untracked 
| 214|0x00000000ed600000, 0x00000000ed600000, 0x00000000ed700000|  0%| F|  |TAMS 0x00000000ed600000, 0x00000000ed600000| Untracked 
| 215|0x00000000ed700000, 0x00000000ed700000, 0x00000000ed800000|  0%| F|  |TAMS 0x00000000ed700000, 0x00000000ed700000| Untracked 
| 216|0x00000000ed800000, 0x00000000ed800000, 0x00000000ed900000|  0%| F|  |TAMS 0x00000000ed800000, 0x00000000ed800000| Untracked 
| 217|0x00000000ed900000, 0x00000000ed900000, 0x00000000eda00000|  0%| F|  |TAMS 0x00000000ed900000, 0x00000000ed900000| Untracked 
| 218|0x00000000eda00000, 0x00000000eda00000, 0x00000000edb00000|  0%| F|  |TAMS 0x00000000eda00000, 0x00000000eda00000| Untracked 
| 219|0x00000000edb00000, 0x00000000edb00000, 0x00000000edc00000|  0%| F|  |TAMS 0x00000000edb00000, 0x00000000edb00000| Untracked 
| 220|0x00000000edc00000, 0x00000000edc00000, 0x00000000edd00000|  0%| F|  |TAMS 0x00000000edc00000, 0x00000000edc00000| Untracked 
| 221|0x00000000edd00000, 0x00000000edd00000, 0x00000000ede00000|  0%| F|  |TAMS 0x00000000edd00000, 0x00000000edd00000| Untracked 
| 222|0x00000000ede00000, 0x00000000ede00000, 0x00000000edf00000|  0%| F|  |TAMS 0x00000000ede00000, 0x00000000ede00000| Untracked 
| 223|0x00000000edf00000, 0x00000000edf00000, 0x00000000ee000000|  0%| F|  |TAMS 0x00000000edf00000, 0x00000000edf00000| Untracked 
| 224|0x00000000ee000000, 0x00000000ee000000, 0x00000000ee100000|  0%| F|  |TAMS 0x00000000ee000000, 0x00000000ee000000| Untracked 
| 225|0x00000000ee100000, 0x00000000ee100000, 0x00000000ee200000|  0%| F|  |TAMS 0x00000000ee100000, 0x00000000ee100000| Untracked 
| 226|0x00000000ee200000, 0x00000000ee200000, 0x00000000ee300000|  0%| F|  |TAMS 0x00000000ee200000, 0x00000000ee200000| Untracked 
| 227|0x00000000ee300000, 0x00000000ee300000, 0x00000000ee400000|  0%| F|  |TAMS 0x00000000ee300000, 0x00000000ee300000| Untracked 
| 228|0x00000000ee400000, 0x00000000ee400000, 0x00000000ee500000|  0%| F|  |TAMS 0x00000000ee400000, 0x00000000ee400000| Untracked 
| 229|0x00000000ee500000, 0x00000000ee500000, 0x00000000ee600000|  0%| F|  |TAMS 0x00000000ee500000, 0x00000000ee500000| Untracked 
| 230|0x00000000ee600000, 0x00000000ee600000, 0x00000000ee700000|  0%| F|  |TAMS 0x00000000ee600000, 0x00000000ee600000| Untracked 
| 231|0x00000000ee700000, 0x00000000ee700000, 0x00000000ee800000|  0%| F|  |TAMS 0x00000000ee700000, 0x00000000ee700000| Untracked 
| 232|0x00000000ee800000, 0x00000000ee800000, 0x00000000ee900000|  0%| F|  |TAMS 0x00000000ee800000, 0x00000000ee800000| Untracked 
| 233|0x00000000ee900000, 0x00000000ee900000, 0x00000000eea00000|  0%| F|  |TAMS 0x00000000ee900000, 0x00000000ee900000| Untracked 
| 234|0x00000000eea00000, 0x00000000eea00000, 0x00000000eeb00000|  0%| F|  |TAMS 0x00000000eea00000, 0x00000000eea00000| Untracked 
| 235|0x00000000eeb00000, 0x00000000eeb00000, 0x00000000eec00000|  0%| F|  |TAMS 0x00000000eeb00000, 0x00000000eeb00000| Untracked 
| 236|0x00000000eec00000, 0x00000000eec00000, 0x00000000eed00000|  0%| F|  |TAMS 0x00000000eec00000, 0x00000000eec00000| Untracked 
| 237|0x00000000eed00000, 0x00000000eed00000, 0x00000000eee00000|  0%| F|  |TAMS 0x00000000eed00000, 0x00000000eed00000| Untracked 
| 238|0x00000000eee00000, 0x00000000eee00000, 0x00000000eef00000|  0%| F|  |TAMS 0x00000000eee00000, 0x00000000eee00000| Untracked 
| 239|0x00000000eef00000, 0x00000000eef00000, 0x00000000ef000000|  0%| F|  |TAMS 0x00000000eef00000, 0x00000000eef00000| Untracked 
| 240|0x00000000ef000000, 0x00000000ef000000, 0x00000000ef100000|  0%| F|  |TAMS 0x00000000ef000000, 0x00000000ef000000| Untracked 
| 241|0x00000000ef100000, 0x00000000ef100000, 0x00000000ef200000|  0%| F|  |TAMS 0x00000000ef100000, 0x00000000ef100000| Untracked 
| 242|0x00000000ef200000, 0x00000000ef281c10, 0x00000000ef300000| 50%| E|  |TAMS 0x00000000ef200000, 0x00000000ef200000| Complete 
| 243|0x00000000ef300000, 0x00000000ef400000, 0x00000000ef400000|100%| E|CS|TAMS 0x00000000ef300000, 0x00000000ef300000| Complete 
| 244|0x00000000ef400000, 0x00000000ef500000, 0x00000000ef500000|100%| E|CS|TAMS 0x00000000ef400000, 0x00000000ef400000| Complete 
| 245|0x00000000ef500000, 0x00000000ef600000, 0x00000000ef600000|100%| E|CS|TAMS 0x00000000ef500000, 0x00000000ef500000| Complete 
| 246|0x00000000ef600000, 0x00000000ef700000, 0x00000000ef700000|100%| E|CS|TAMS 0x00000000ef600000, 0x00000000ef600000| Complete 
| 247|0x00000000ef700000, 0x00000000ef800000, 0x00000000ef800000|100%| E|CS|TAMS 0x00000000ef700000, 0x00000000ef700000| Complete 
| 248|0x00000000ef800000, 0x00000000ef900000, 0x00000000ef900000|100%| E|CS|TAMS 0x00000000ef800000, 0x00000000ef800000| Complete 
| 249|0x00000000ef900000, 0x00000000efa00000, 0x00000000efa00000|100%| E|CS|TAMS 0x00000000ef900000, 0x00000000ef900000| Complete 
| 250|0x00000000efa00000, 0x00000000efb00000, 0x00000000efb00000|100%| E|CS|TAMS 0x00000000efa00000, 0x00000000efa00000| Complete 
| 251|0x00000000efb00000, 0x00000000efc00000, 0x00000000efc00000|100%| E|CS|TAMS 0x00000000efb00000, 0x00000000efb00000| Complete 
| 252|0x00000000efc00000, 0x00000000efd00000, 0x00000000efd00000|100%| E|CS|TAMS 0x00000000efc00000, 0x00000000efc00000| Complete 
| 253|0x00000000efd00000, 0x00000000efe00000, 0x00000000efe00000|100%| E|CS|TAMS 0x00000000efd00000, 0x00000000efd00000| Complete 
| 254|0x00000000efe00000, 0x00000000eff00000, 0x00000000eff00000|100%| E|CS|TAMS 0x00000000efe00000, 0x00000000efe00000| Complete 
| 255|0x00000000eff00000, 0x00000000f0000000, 0x00000000f0000000|100%| E|CS|TAMS 0x00000000eff00000, 0x00000000eff00000| Complete 

Card table byte_map: [0x0000017699c10000,0x0000017699d10000] _byte_map_base: 0x0000017699510000

Marking Bits (Prev, Next): (CMBitMap*) 0x00000176829f8670, (CMBitMap*) 0x00000176829f86b0
 Prev Bits: [0x0000017699e10000, 0x000001769a610000)
 Next Bits: [0x000001769a610000, 0x000001769ae10000)

Polling page: 0x00000176809c0000

Metaspace:

Usage:
  Non-class:     32.17 MB used.
      Class:      5.22 MB used.
       Both:     37.39 MB used.

Virtual space:
  Non-class space:       64.00 MB reserved,      32.38 MB ( 51%) committed,  1 nodes.
      Class space:      320.00 MB reserved,       5.38 MB (  2%) committed,  1 nodes.
             Both:      384.00 MB reserved,      37.75 MB ( 10%) committed. 

Chunk freelists:
   Non-Class:  15.64 MB
       Class:  10.42 MB
        Both:  26.06 MB

MaxMetaspaceSize: 384.00 MB
CompressedClassSpaceSize: 320.00 MB
Initial GC threshold: 21.00 MB
Current GC threshold: 60.56 MB
CDS: on
MetaspaceReclaimPolicy: balanced
 - commit_granule_bytes: 65536.
 - commit_granule_words: 8192.
 - virtual_space_node_default_size: 8388608.
 - enlarge_chunks_in_place: 1.
 - new_chunks_are_fully_committed: 0.
 - uncommit_free_chunks: 1.
 - use_allocation_guard: 0.
 - handle_deallocations: 1.


Internal statistics:

num_allocs_failed_limit: 12.
num_arena_births: 374.
num_arena_deaths: 0.
num_vsnodes_births: 2.
num_vsnodes_deaths: 0.
num_space_committed: 604.
num_space_uncommitted: 0.
num_chunks_returned_to_freelist: 12.
num_chunks_taken_from_freelist: 1797.
num_chunk_merges: 12.
num_chunk_splits: 1202.
num_chunks_enlarged: 836.
num_inconsistent_stats: 0.

CodeHeap 'non-profiled nmethods': size=119168Kb used=2790Kb max_used=2790Kb free=116377Kb
 bounds [0x0000017691e10000, 0x00000176920d0000, 0x0000017699270000]
CodeHeap 'profiled nmethods': size=119104Kb used=10709Kb max_used=10709Kb free=108395Kb
 bounds [0x000001768a270000, 0x000001768acf0000, 0x00000176916c0000]
CodeHeap 'non-nmethods': size=7488Kb used=2296Kb max_used=4025Kb free=5192Kb
 bounds [0x00000176916c0000, 0x0000017691ac0000, 0x0000017691e10000]
 total_blobs=5882 nmethods=5078 adapters=716
 compilation: enabled
              stopped_count=0, restarted_count=0
 full_count=0

Compilation events (20 events):
Event: 79.051 Thread 0x00000176b7018050 nmethod 5073 0x000001768acdb890 code [0x000001768acdbe00, 0x000001768acde3d8]
Event: 79.051 Thread 0x00000176b7018050 5078       3       org.objectweb.asm.ClassReader::createDebugLabel (23 bytes)
Event: 79.051 Thread 0x00000176b7018050 nmethod 5078 0x000001768acdf390 code [0x000001768acdf560, 0x000001768acdfa38]
Event: 79.051 Thread 0x00000176b7018050 5076       3       org.objectweb.asm.ClassReader::readClass (7 bytes)
Event: 79.052 Thread 0x00000176b7018050 nmethod 5076 0x000001768acdfc10 code [0x000001768acdfde0, 0x000001768ace0148]
Event: 79.052 Thread 0x00000176b7018050 5077       3       org.objectweb.asm.ClassReader::readStringish (16 bytes)
Event: 79.052 Thread 0x000001769dde3e30 5079       4       org.objectweb.asm.SymbolTable::addConstantUtf8Reference (101 bytes)
Event: 79.052 Thread 0x00000176b7018050 nmethod 5077 0x000001768ace0310 code [0x000001768ace04e0, 0x000001768ace07c8]
Event: 79.052 Thread 0x00000176b7018050 5074       3       sun.net.www.protocol.file.Handler::createFileURLConnection (10 bytes)
Event: 79.052 Thread 0x00000176b7018050 nmethod 5074 0x000001768ace0990 code [0x000001768ace0b40, 0x000001768ace0ce8]
Event: 79.052 Thread 0x00000176b7018050 5075       3       sun.net.www.protocol.file.FileURLConnection::<init> (38 bytes)
Event: 79.052 Thread 0x00000176b7018050 nmethod 5075 0x000001768ace0d90 code [0x000001768ace0f60, 0x000001768ace1358]
Event: 79.055 Thread 0x00000176b7018050 5081       3       org.objectweb.asm.ClassReader::readLabel (20 bytes)
Event: 79.055 Thread 0x00000176b7018050 nmethod 5081 0x000001768ace1510 code [0x000001768ace16c0, 0x000001768ace1af8]
Event: 79.070 Thread 0x00000176b7018050 5082       3       org.objectweb.asm.Label::accept (69 bytes)
Event: 79.071 Thread 0x00000176b7018050 nmethod 5082 0x000001768ace1c90 code [0x000001768ace1e60, 0x000001768ace23c8]
Event: 79.071 Thread 0x00000176b7018050 5083       3       org.objectweb.asm.Label::addLineNumber (106 bytes)
Event: 79.071 Thread 0x00000176b7018050 nmethod 5083 0x000001768ace2590 code [0x000001768ace2760, 0x000001768ace2ca8]
Event: 79.071 Thread 0x00000176b7018050 5084       3       org.objectweb.asm.MethodWriter::visitLineNumber (50 bytes)
Event: 79.072 Thread 0x00000176b7018050 nmethod 5084 0x000001768ace2e90 code [0x000001768ace3060, 0x000001768ace34f8]

GC Heap History (10 events):
Event: 1.104 GC heap before
{Heap before GC invocations=0 (full 0):
 garbage-first heap   total 262144K, used 26624K [0x00000000e0000000, 0x0000000100000000)
  region size 1024K, 23 young (23552K), 0 survivors (0K)
 Metaspace       used 2814K, committed 2944K, reserved 393216K
  class space    used 331K, committed 384K, reserved 327680K
}
Event: 1.114 GC heap after
{Heap after GC invocations=1 (full 0):
 garbage-first heap   total 262144K, used 10513K [0x00000000e0000000, 0x0000000100000000)
  region size 1024K, 3 young (3072K), 3 survivors (3072K)
 Metaspace       used 2814K, committed 2944K, reserved 393216K
  class space    used 331K, committed 384K, reserved 327680K
}
Event: 2.449 GC heap before
{Heap before GC invocations=1 (full 0):
 garbage-first heap   total 262144K, used 38161K [0x00000000e0000000, 0x0000000100000000)
  region size 1024K, 30 young (30720K), 3 survivors (3072K)
 Metaspace       used 4078K, committed 4224K, reserved 393216K
  class space    used 495K, committed 576K, reserved 327680K
}
Event: 2.452 GC heap after
{Heap after GC invocations=2 (full 0):
 garbage-first heap   total 262144K, used 11659K [0x00000000e0000000, 0x0000000100000000)
  region size 1024K, 1 young (1024K), 1 survivors (1024K)
 Metaspace       used 4078K, committed 4224K, reserved 393216K
  class space    used 495K, committed 576K, reserved 327680K
}
Event: 13.053 GC heap before
{Heap before GC invocations=2 (full 0):
 garbage-first heap   total 262144K, used 132491K [0x00000000e0000000, 0x0000000100000000)
  region size 1024K, 118 young (120832K), 1 survivors (1024K)
 Metaspace       used 21017K, committed 21376K, reserved 393216K
  class space    used 3060K, committed 3264K, reserved 327680K
}
Event: 13.165 GC heap after
{Heap after GC invocations=3 (full 0):
 garbage-first heap   total 262144K, used 22705K [0x00000000e0000000, 0x0000000100000000)
  region size 1024K, 12 young (12288K), 12 survivors (12288K)
 Metaspace       used 21017K, committed 21376K, reserved 393216K
  class space    used 3060K, committed 3264K, reserved 327680K
}
Event: 13.247 GC heap before
{Heap before GC invocations=3 (full 0):
 garbage-first heap   total 262144K, used 24753K [0x00000000e0000000, 0x0000000100000000)
  region size 1024K, 15 young (15360K), 12 survivors (12288K)
 Metaspace       used 21246K, committed 21504K, reserved 393216K
  class space    used 3101K, committed 3264K, reserved 327680K
}
Event: 13.252 GC heap after
{Heap after GC invocations=4 (full 0):
 garbage-first heap   total 262144K, used 23851K [0x00000000e0000000, 0x0000000100000000)
  region size 1024K, 2 young (2048K), 2 survivors (2048K)
 Metaspace       used 21246K, committed 21504K, reserved 393216K
  class space    used 3101K, committed 3264K, reserved 327680K
}
Event: 78.094 GC heap before
{Heap before GC invocations=5 (full 0):
 garbage-first heap   total 262144K, used 164139K [0x00000000e0000000, 0x0000000100000000)
  region size 1024K, 136 young (139264K), 2 survivors (2048K)
 Metaspace       used 36739K, committed 37120K, reserved 393216K
  class space    used 5086K, committed 5312K, reserved 327680K
}
Event: 78.220 GC heap after
{Heap after GC invocations=6 (full 0):
 garbage-first heap   total 262144K, used 32778K [0x00000000e0000000, 0x0000000100000000)
  region size 1024K, 10 young (10240K), 10 survivors (10240K)
 Metaspace       used 36739K, committed 37120K, reserved 393216K
  class space    used 5086K, committed 5312K, reserved 327680K
}

Deoptimization events (20 events):
Event: 78.081 Thread 0x00000176b8aca110 Uncommon trap: trap_request=0xffffffde fr.pc=0x0000017692039bd4 relative=0x0000000000003214
Event: 78.081 Thread 0x00000176b8aca110 Uncommon trap: reason=class_check action=maybe_recompile pc=0x0000017692039bd4 method=java.util.regex.Pattern$CharProperty.study(Ljava/util/regex/Pattern$TreeInfo;)Z @ 25 c2
Event: 78.081 Thread 0x00000176b8aca110 DEOPT PACKING pc=0x0000017692039bd4 sp=0x0000002c7c0fa0d0
Event: 78.081 Thread 0x00000176b8aca110 DEOPT UNPACKING pc=0x00000176917123a3 sp=0x0000002c7c0f9fc8 mode 2
Event: 78.794 Thread 0x00000176b8aca110 Uncommon trap: trap_request=0xffffff45 fr.pc=0x0000017691fc3cb8 relative=0x00000000000002f8
Event: 78.794 Thread 0x00000176b8aca110 Uncommon trap: reason=unstable_if action=reinterpret pc=0x0000017691fc3cb8 method=org.gradle.internal.reflect.PropertyAccessorType.isGetGetterName(Ljava/lang/String;)Z @ 14 c2
Event: 78.794 Thread 0x00000176b8aca110 DEOPT PACKING pc=0x0000017691fc3cb8 sp=0x0000002c7c0f9340
Event: 78.794 Thread 0x00000176b8aca110 DEOPT UNPACKING pc=0x00000176917123a3 sp=0x0000002c7c0f9298 mode 2
Event: 78.802 Thread 0x00000176b8aca110 Uncommon trap: trap_request=0xffffffcc fr.pc=0x00000176920c2f58 relative=0x0000000000000338
Event: 78.802 Thread 0x00000176b8aca110 Uncommon trap: reason=intrinsic_or_type_checked_inlining action=make_not_entrant pc=0x00000176920c2f58 method=java.util.Arrays.copyOf([Ljava/lang/Object;ILjava/lang/Class;)[Ljava/lang/Object; @ 35 c2
Event: 78.802 Thread 0x00000176b8aca110 DEOPT PACKING pc=0x00000176920c2f58 sp=0x0000002c7c0f9440
Event: 78.802 Thread 0x00000176b8aca110 DEOPT UNPACKING pc=0x00000176917123a3 sp=0x0000002c7c0f93d0 mode 2
Event: 78.845 Thread 0x00000176b8aca110 Uncommon trap: trap_request=0xffffff45 fr.pc=0x0000017691fb30e8 relative=0x00000000000000e8
Event: 78.845 Thread 0x00000176b8aca110 Uncommon trap: reason=unstable_if action=reinterpret pc=0x0000017691fb30e8 method=org.objectweb.asm.ByteVector.putShort(I)Lorg/objectweb/asm/ByteVector; @ 13 c2
Event: 78.845 Thread 0x00000176b8aca110 DEOPT PACKING pc=0x0000017691fb30e8 sp=0x0000002c7c0f8f60
Event: 78.845 Thread 0x00000176b8aca110 DEOPT UNPACKING pc=0x00000176917123a3 sp=0x0000002c7c0f8ef8 mode 2
Event: 78.962 Thread 0x00000176b8aca110 Uncommon trap: trap_request=0xffffff45 fr.pc=0x00000176920844d4 relative=0x0000000000001674
Event: 78.962 Thread 0x00000176b8aca110 Uncommon trap: reason=unstable_if action=reinterpret pc=0x00000176920844d4 method=java.util.concurrent.ConcurrentHashMap.computeIfAbsent(Ljava/lang/Object;Ljava/util/function/Function;)Ljava/lang/Object; @ 123 c2
Event: 78.962 Thread 0x00000176b8aca110 DEOPT PACKING pc=0x00000176920844d4 sp=0x0000002c7c0fa240
Event: 78.963 Thread 0x00000176b8aca110 DEOPT UNPACKING pc=0x00000176917123a3 sp=0x0000002c7c0fa1c0 mode 2

Classes unloaded (0 events):
No events

Classes redefined (0 events):
No events

Internal exceptions (20 events):
Event: 22.417 Thread 0x00000176b8aca110 Exception <a 'sun/nio/fs/WindowsException'{0x00000000e8c1f748}> (0x00000000e8c1f748) 
thrown [s\open\src\hotspot\share\prims\jni.cpp, line 516]
Event: 22.418 Thread 0x00000176b8aca110 Exception <a 'sun/nio/fs/WindowsException'{0x00000000e8c20ce0}> (0x00000000e8c20ce0) 
thrown [s\open\src\hotspot\share\prims\jni.cpp, line 516]
Event: 35.131 Thread 0x00000176b98bda60 Implicit null exception at 0x0000017691e51672 to 0x0000017691e51c48
Event: 35.132 Thread 0x00000176b98bda60 Implicit null exception at 0x0000017691e5a372 to 0x0000017691e5a958
Event: 70.633 Thread 0x00000176b8aca110 Exception <a 'java/lang/IncompatibleClassChangeError'{0x00000000e85d8040}: Found class java.lang.Object, but interface was expected> (0x00000000e85d8040) 
thrown [s\open\src\hotspot\share\interpreter\linkResolver.cpp, line 826]
Event: 75.850 Thread 0x00000176b8aca110 Exception <a 'java/lang/ClassNotFoundException'{0x00000000e8252f40}: settings_cr22hyi0l6q1v268nag4u9ccBeanInfo> (0x00000000e8252f40) 
thrown [s\open\src\hotspot\share\classfile\systemDictionary.cpp, line 256]
Event: 75.859 Thread 0x00000176b8aca110 Exception <a 'java/lang/ClassNotFoundException'{0x00000000e825d870}: org/gradle/initialization/SettingsScriptBeanInfo> (0x00000000e825d870) 
thrown [s\open\src\hotspot\share\classfile\systemDictionary.cpp, line 256]
Event: 75.864 Thread 0x00000176b8aca110 Exception <a 'java/lang/ClassNotFoundException'{0x00000000e8268320}: org/gradle/plugin/use/internal/PluginsAwareScriptBeanInfo> (0x00000000e8268320) 
thrown [s\open\src\hotspot\share\classfile\systemDictionary.cpp, line 256]
Event: 75.921 Thread 0x00000176b8aca110 Exception <a 'java/lang/ClassNotFoundException'{0x00000000e8272dc8}: org/gradle/plugin/use/internal/PluginsAwareScriptCustomizer> (0x00000000e8272dc8) 
thrown [s\open\src\hotspot\share\classfile\systemDictionary.cpp, line 256]
Event: 76.110 Thread 0x00000176b8aca110 Exception <a 'java/lang/ClassNotFoundException'{0x00000000e8285a78}: org/gradle/initialization/SettingsScriptCustomizer> (0x00000000e8285a78) 
thrown [s\open\src\hotspot\share\classfile\systemDictionary.cpp, line 256]
Event: 76.122 Thread 0x00000176b8aca110 Exception <a 'java/lang/ClassNotFoundException'{0x00000000e8293ad8}: settings_cr22hyi0l6q1v268nag4u9ccCustomizer> (0x00000000e8293ad8) 
thrown [s\open\src\hotspot\share\classfile\systemDictionary.cpp, line 256]
Event: 76.701 Thread 0x00000176b8aca110 Exception <a 'java/lang/ClassNotFoundException'{0x00000000e8121988}: org/gradle/initialization/DefaultSettings_DecoratedBeanInfo> (0x00000000e8121988) 
thrown [s\open\src\hotspot\share\classfile\systemDictionary.cpp, line 256]
Event: 76.706 Thread 0x00000176b8aca110 Exception <a 'java/lang/ClassNotFoundException'{0x00000000e8131e18}: org/gradle/initialization/DefaultSettingsBeanInfo> (0x00000000e8131e18) 
thrown [s\open\src\hotspot\share\classfile\systemDictionary.cpp, line 256]
Event: 76.710 Thread 0x00000176b8aca110 Exception <a 'java/lang/ClassNotFoundException'{0x00000000e8141aa0}: org/gradle/initialization/DefaultSettingsCustomizer> (0x00000000e8141aa0) 
thrown [s\open\src\hotspot\share\classfile\systemDictionary.cpp, line 256]
Event: 76.732 Thread 0x00000176b8aca110 Exception <a 'java/lang/ClassNotFoundException'{0x00000000e8187a38}: org/gradle/initialization/DefaultSettings_DecoratedCustomizer> (0x00000000e8187a38) 
thrown [s\open\src\hotspot\share\classfile\systemDictionary.cpp, line 256]
Event: 76.780 Thread 0x00000176b8aca110 Exception <a 'java/lang/ClassNotFoundException'{0x00000000e81fddc8}: org/gradle/initialization/DefaultProjectDescriptorBeanInfo> (0x00000000e81fddc8) 
thrown [s\open\src\hotspot\share\classfile\systemDictionary.cpp, line 256]
Event: 76.795 Thread 0x00000176b8aca110 Exception <a 'java/lang/ClassNotFoundException'{0x00000000e800d0c0}: org/gradle/initialization/DefaultProjectDescriptorCustomizer> (0x00000000e800d0c0) 
thrown [s\open\src\hotspot\share\classfile\systemDictionary.cpp, line 256]
Event: 77.210 Thread 0x00000176b8aca110 Exception <a 'java/lang/NoSuchMethodError'{0x00000000e80555a8}: 'void java.lang.invoke.DirectMethodHandle$Holder.invokeInterface(java.lang.Object, java.lang.Object)'> (0x00000000e80555a8) 
thrown [s\open\src\hotspot\share\interpreter\linkResolver.cpp, line 759]
Event: 77.469 Thread 0x00000176b8aca110 Implicit null exception at 0x0000017691fcfa6c to 0x0000017691fcfb14
Event: 78.767 Thread 0x00000176b8aca110 Exception <a 'java/lang/NoSuchMethodError'{0x00000000ef8155a8}: 'long java.lang.invoke.DirectMethodHandle$Holder.invokeStatic(java.lang.Object, long)'> (0x00000000ef8155a8) 
thrown [s\open\src\hotspot\share\interpreter\linkResolver.cpp, line 759]

VM Operations (20 events):
Event: 70.771 Executing VM operation: Cleanup
Event: 70.786 Executing VM operation: Cleanup done
Event: 71.794 Executing VM operation: Cleanup
Event: 71.794 Executing VM operation: Cleanup done
Event: 74.822 Executing VM operation: Cleanup
Event: 74.822 Executing VM operation: Cleanup done
Event: 75.832 Executing VM operation: Cleanup
Event: 75.833 Executing VM operation: Cleanup done
Event: 77.836 Executing VM operation: Cleanup
Event: 77.837 Executing VM operation: Cleanup done
Event: 77.952 Executing VM operation: HandshakeAllThreads
Event: 77.953 Executing VM operation: HandshakeAllThreads done
Event: 78.060 Executing VM operation: HandshakeAllThreads
Event: 78.060 Executing VM operation: HandshakeAllThreads done
Event: 78.093 Executing VM operation: CollectForMetadataAllocation
Event: 78.220 Executing VM operation: CollectForMetadataAllocation done
Event: 78.262 Executing VM operation: G1Concurrent
Event: 78.321 Executing VM operation: G1Concurrent done
Event: 78.326 Executing VM operation: G1Concurrent
Event: 78.326 Executing VM operation: G1Concurrent done

Events (20 events):
Event: 69.455 Thread 0x00000176bb6dbaf0 Thread added: 0x00000176bb6dbaf0
Event: 74.351 Thread 0x00000176bb6de370 Thread added: 0x00000176bb6de370
Event: 77.014 loading class jdk/internal/math/FDBigInteger
Event: 77.082 loading class jdk/internal/math/FDBigInteger done
Event: 77.363 loading class java/util/zip/GZIPOutputStream
Event: 77.366 loading class java/util/zip/GZIPOutputStream done
Event: 77.367 loading class java/util/zip/GZIPInputStream
Event: 77.370 loading class java/util/zip/GZIPInputStream done
Event: 77.852 loading class java/nio/file/AtomicMoveNotSupportedException
Event: 77.853 loading class java/nio/file/AtomicMoveNotSupportedException done
Event: 77.924 loading class java/io/FileWriter
Event: 77.924 loading class java/io/FileWriter done
Event: 78.058 loading class java/util/ArrayList$ListItr
Event: 78.059 loading class java/util/ArrayList$ListItr done
Event: 78.621 loading class java/util/DualPivotQuicksort
Event: 78.622 loading class java/util/DualPivotQuicksort done
Event: 78.766 loading class java/util/function/LongUnaryOperator
Event: 78.767 loading class java/util/function/LongUnaryOperator done
Event: 78.786 loading class java/lang/StringIndexOutOfBoundsException
Event: 78.786 loading class java/lang/StringIndexOutOfBoundsException done


Dynamic libraries:
0x00007ff7e47b0000 - 0x00007ff7e47c0000 	P:\Dev\Tools\Java\jdk-17\bin\java.exe
0x00007ffb6f430000 - 0x00007ffb6f628000 	C:\WINDOWS\SYSTEM32\ntdll.dll
0x00007ffb6e270000 - 0x00007ffb6e32d000 	C:\WINDOWS\System32\KERNEL32.DLL
0x00007ffb6cf90000 - 0x00007ffb6d286000 	C:\WINDOWS\System32\KERNELBASE.dll
0x00007ffb6cae0000 - 0x00007ffb6cbe0000 	C:\WINDOWS\System32\ucrtbase.dll
0x00007ffb30990000 - 0x00007ffb309a9000 	P:\Dev\Tools\Java\jdk-17\bin\jli.dll
0x00007ffb6e1c0000 - 0x00007ffb6e270000 	C:\WINDOWS\System32\ADVAPI32.dll
0x00007ffb6e050000 - 0x00007ffb6e0ee000 	C:\WINDOWS\System32\msvcrt.dll
0x00007ffb6f240000 - 0x00007ffb6f2e0000 	C:\WINDOWS\System32\sechost.dll
0x00007ffb6e4a0000 - 0x00007ffb6e5c5000 	C:\WINDOWS\System32\RPCRT4.dll
0x00007ffb6cd80000 - 0x00007ffb6cda7000 	C:\WINDOWS\System32\bcrypt.dll
0x00007ffb6d870000 - 0x00007ffb6da0e000 	C:\WINDOWS\System32\USER32.dll
0x00007ffb6cd50000 - 0x00007ffb6cd72000 	C:\WINDOWS\System32\win32u.dll
0x00007ffb6db30000 - 0x00007ffb6db5b000 	C:\WINDOWS\System32\GDI32.dll
0x00007ffb6cc30000 - 0x00007ffb6cd47000 	C:\WINDOWS\System32\gdi32full.dll
0x00007ffb6cdb0000 - 0x00007ffb6ce4d000 	C:\WINDOWS\System32\msvcp_win.dll
0x00007ffb325d0000 - 0x00007ffb325eb000 	P:\Dev\Tools\Java\jdk-17\bin\VCRUNTIME140.dll
0x00007ffb57170000 - 0x00007ffb5740a000 	C:\WINDOWS\WinSxS\amd64_microsoft.windows.common-controls_6595b64144ccf1df_6.0.19041.3636_none_60b6a03d71f818d5\COMCTL32.dll
0x00007ffb570a0000 - 0x00007ffb570aa000 	C:\WINDOWS\SYSTEM32\VERSION.dll
0x00007ffb6f180000 - 0x00007ffb6f1b2000 	C:\WINDOWS\System32\IMM32.DLL
0x00007ffb46100000 - 0x00007ffb4610c000 	P:\Dev\Tools\Java\jdk-17\bin\vcruntime140_1.dll
0x00007ffb257c0000 - 0x00007ffb2584e000 	P:\Dev\Tools\Java\jdk-17\bin\msvcp140.dll
0x00007ffb24bd0000 - 0x00007ffb257b1000 	P:\Dev\Tools\Java\jdk-17\bin\server\jvm.dll
0x00007ffb6f170000 - 0x00007ffb6f178000 	C:\WINDOWS\System32\PSAPI.DLL
0x00007ffb68340000 - 0x00007ffb68349000 	C:\WINDOWS\SYSTEM32\WSOCK32.dll
0x00007ffb6e0f0000 - 0x00007ffb6e15b000 	C:\WINDOWS\System32\WS2_32.dll
0x00007ffb5f140000 - 0x00007ffb5f167000 	C:\WINDOWS\SYSTEM32\WINMM.dll
0x00007ffb6a930000 - 0x00007ffb6a942000 	C:\WINDOWS\SYSTEM32\kernel.appcore.dll
0x00007ffb43440000 - 0x00007ffb4344a000 	P:\Dev\Tools\Java\jdk-17\bin\jimage.dll
0x00007ffb6a190000 - 0x00007ffb6a374000 	C:\WINDOWS\SYSTEM32\DBGHELP.DLL
0x00007ffb4e6b0000 - 0x00007ffb4e6e4000 	C:\WINDOWS\SYSTEM32\dbgcore.DLL
0x00007ffb6ce50000 - 0x00007ffb6ced2000 	C:\WINDOWS\System32\bcryptPrimitives.dll
0x00007ffb54aa0000 - 0x00007ffb54aae000 	P:\Dev\Tools\Java\jdk-17\bin\instrument.dll
0x00007ffb28160000 - 0x00007ffb28185000 	P:\Dev\Tools\Java\jdk-17\bin\java.dll
0x00007ffb24af0000 - 0x00007ffb24bc7000 	P:\Dev\Tools\Java\jdk-17\bin\jsvml.dll
0x00007ffb6e780000 - 0x00007ffb6eeeb000 	C:\WINDOWS\System32\SHELL32.dll
0x00007ffb6ab60000 - 0x00007ffb6b2fe000 	C:\WINDOWS\SYSTEM32\windows.storage.dll
0x00007ffb6d510000 - 0x00007ffb6d863000 	C:\WINDOWS\System32\combase.dll
0x00007ffb6c510000 - 0x00007ffb6c53e000 	C:\WINDOWS\SYSTEM32\Wldp.dll
0x00007ffb6f0a0000 - 0x00007ffb6f16d000 	C:\WINDOWS\System32\OLEAUT32.dll
0x00007ffb6f340000 - 0x00007ffb6f3ed000 	C:\WINDOWS\System32\SHCORE.dll
0x00007ffb6e160000 - 0x00007ffb6e1b5000 	C:\WINDOWS\System32\shlwapi.dll
0x00007ffb6ca10000 - 0x00007ffb6ca35000 	C:\WINDOWS\SYSTEM32\profapi.dll
0x00007ffb28400000 - 0x00007ffb28418000 	P:\Dev\Tools\Java\jdk-17\bin\zip.dll
0x00007ffb2c350000 - 0x00007ffb2c369000 	P:\Dev\Tools\Java\jdk-17\bin\net.dll
0x00007ffb67050000 - 0x00007ffb6715a000 	C:\WINDOWS\SYSTEM32\WINHTTP.dll
0x00007ffb6c270000 - 0x00007ffb6c2da000 	C:\WINDOWS\system32\mswsock.dll
0x00007ffb284e0000 - 0x00007ffb284f6000 	P:\Dev\Tools\Java\jdk-17\bin\nio.dll
0x00007ffb390f0000 - 0x00007ffb39100000 	P:\Dev\Tools\Java\jdk-17\bin\verify.dll
0x00007ffb51c00000 - 0x00007ffb51c27000 	C:\Users\Jaesin\.gradle\native\c067742578af261105cb4f569cf0c3c89f3d7b1fecec35dd04571415982c5e48\windows-amd64\native-platform.dll
0x00007ffb24290000 - 0x00007ffb243d4000 	C:\Users\Jaesin\.gradle\native\38dada09dfb8b06ba9b0570ebf7e218e3eb74d4ef43ca46872605cf95ebc2f47\windows-amd64\native-platform-file-events.dll
0x00007ffb42db0000 - 0x00007ffb42dba000 	P:\Dev\Tools\Java\jdk-17\bin\management.dll
0x00007ffb3ff00000 - 0x00007ffb3ff0b000 	P:\Dev\Tools\Java\jdk-17\bin\management_ext.dll
0x00007ffb6c460000 - 0x00007ffb6c478000 	C:\WINDOWS\SYSTEM32\CRYPTSP.dll
0x00007ffb6bb30000 - 0x00007ffb6bb64000 	C:\WINDOWS\system32\rsaenh.dll
0x00007ffb6c9d0000 - 0x00007ffb6c9fe000 	C:\WINDOWS\SYSTEM32\USERENV.dll
0x00007ffb6c480000 - 0x00007ffb6c48c000 	C:\WINDOWS\SYSTEM32\CRYPTBASE.dll
0x00007ffb6bf10000 - 0x00007ffb6bf4b000 	C:\WINDOWS\SYSTEM32\IPHLPAPI.DLL
0x00007ffb6db60000 - 0x00007ffb6db68000 	C:\WINDOWS\System32\NSI.dll
0x00007ffb65a50000 - 0x00007ffb65a67000 	C:\WINDOWS\SYSTEM32\dhcpcsvc6.DLL
0x00007ffb65a30000 - 0x00007ffb65a4d000 	C:\WINDOWS\SYSTEM32\dhcpcsvc.DLL
0x00007ffb6bf50000 - 0x00007ffb6c01b000 	C:\WINDOWS\SYSTEM32\DNSAPI.dll
0x00007ffb38310000 - 0x00007ffb3831e000 	P:\Dev\Tools\Java\jdk-17\bin\sunmscapi.dll
0x00007ffb6d290000 - 0x00007ffb6d3ed000 	C:\WINDOWS\System32\CRYPT32.dll
0x00007ffb6c580000 - 0x00007ffb6c5a8000 	C:\WINDOWS\SYSTEM32\ncrypt.dll
0x00007ffb6c540000 - 0x00007ffb6c57b000 	C:\WINDOWS\SYSTEM32\NTASN1.dll
0x00007ffb3a6f0000 - 0x00007ffb3a6f7000 	C:\WINDOWS\system32\wshunix.dll

dbghelp: loaded successfully - version: 4.0.5 - missing functions: none
symbol engine: initialized successfully - sym options: 0x614 - pdb path: .;P:\Dev\Tools\Java\jdk-17\bin;C:\WINDOWS\SYSTEM32;C:\WINDOWS\WinSxS\amd64_microsoft.windows.common-controls_6595b64144ccf1df_6.0.19041.3636_none_60b6a03d71f818d5;P:\Dev\Tools\Java\jdk-17\bin\server;C:\Users\Jaesin\.gradle\native\c067742578af261105cb4f569cf0c3c89f3d7b1fecec35dd04571415982c5e48\windows-amd64;C:\Users\Jaesin\.gradle\native\38dada09dfb8b06ba9b0570ebf7e218e3eb74d4ef43ca46872605cf95ebc2f47\windows-amd64

VM Arguments:
jvm_args: --add-opens=java.base/java.util=ALL-UNNAMED --add-opens=java.base/java.lang=ALL-UNNAMED --add-opens=java.base/java.lang.invoke=ALL-UNNAMED --add-opens=java.prefs/java.util.prefs=ALL-UNNAMED --add-opens=java.base/java.nio.charset=ALL-UNNAMED --add-opens=java.base/java.net=ALL-UNNAMED --add-opens=java.base/java.util.concurrent.atomic=ALL-UNNAMED -XX:MaxMetaspaceSize=384m -XX:+HeapDumpOnOutOfMemoryError -Xms256m -Xmx512m -Dfile.encoding=x-windows-949 -Duser.country=KR -Duser.language=ko -Duser.variant -javaagent:C:\Users\Jaesin\.gradle\wrapper\dists\gradle-8.7-bin\bhs2wmbdwecv87pi65oeuq5iu\gradle-8.7\lib\agents\gradle-instrumentation-agent-8.7.jar 
java_command: org.gradle.launcher.daemon.bootstrap.GradleDaemon 8.7
java_class_path (initial): C:\Users\Jaesin\.gradle\wrapper\dists\gradle-8.7-bin\bhs2wmbdwecv87pi65oeuq5iu\gradle-8.7\lib\gradle-launcher-8.7.jar
Launcher Type: SUN_STANDARD

[Global flags]
     intx CICompilerCount                          = 12                                        {product} {ergonomic}
   size_t CompressedClassSpaceSize                 = 335544320                                 {product} {ergonomic}
     uint ConcGCThreads                            = 3                                         {product} {ergonomic}
     uint G1ConcRefinementThreads                  = 13                                        {product} {ergonomic}
   size_t G1HeapRegionSize                         = 1048576                                   {product} {ergonomic}
    uintx GCDrainStackTargetSize                   = 64                                        {product} {ergonomic}
     bool HeapDumpOnOutOfMemoryError               = true                                   {manageable} {command line}
   size_t InitialHeapSize                          = 268435456                                 {product} {command line}
   size_t MarkStackSize                            = 4194304                                   {product} {ergonomic}
   size_t MaxHeapSize                              = 536870912                                 {product} {command line}
   size_t MaxMetaspaceSize                         = 402653184                                 {product} {command line}
   size_t MaxNewSize                               = 321912832                                 {product} {ergonomic}
   size_t MinHeapDeltaBytes                        = 1048576                                   {product} {ergonomic}
   size_t MinHeapSize                              = 268435456                                 {product} {command line}
    uintx NonNMethodCodeHeapSize                   = 7602480                                {pd product} {ergonomic}
    uintx NonProfiledCodeHeapSize                  = 122027880                              {pd product} {ergonomic}
    uintx ProfiledCodeHeapSize                     = 122027880                              {pd product} {ergonomic}
    uintx ReservedCodeCacheSize                    = 251658240                              {pd product} {ergonomic}
     bool SegmentedCodeCache                       = true                                      {product} {ergonomic}
   size_t SoftMaxHeapSize                          = 536870912                              {manageable} {ergonomic}
     bool UseCompressedClassPointers               = true                           {product lp64_product} {ergonomic}
     bool UseCompressedOops                        = true                           {product lp64_product} {ergonomic}
     bool UseG1GC                                  = true                                      {product} {ergonomic}
     bool UseLargePagesIndividualAllocation        = false                                  {pd product} {ergonomic}

Logging:
Log output configuration:
 #0: stdout all=warning uptime,level,tags
 #1: stderr all=off uptime,level,tags

Environment Variables:
JAVA_HOME=P:\Dev\Tools\Java\jdk-17
PATH=C:\Program Files\Common Files\Oracle\Java\javapath;P:\Dev\Tools\Java\jdk-17\bin;C:\WINDOWS\system32;C:\WINDOWS;C:\WINDOWS\System32\Wbem;C:\WINDOWS\System32\WindowsPowerShell\v1.0\;C:\WINDOWS\System32\OpenSSH\;P:\Dev\Tools\VS_Code\;C:\Program Files\Bandizip\;P:\Dev\Tools\Git\cmd;C:\Program Files\PowerShell\7\;C:\Program Files\Docker\Docker\resources\bin;P:\Dev\Tools\flutter\bin;P:\Dev\Tools\Erlang\Erlang OTP;P:\Dev\Tools\Ruby32\bin;C:\Users\Jaesin\AppData\Local\Programs\Python\Launcher\;C:\Program Files\MySQL\MySQL Shell 8.0\bin\;C:\Users\Jaesin\AppData\Local\Microsoft\WindowsApps;P:\Dev\tools\java\IntelliJ IDEA Community Edition 2023.2.4\bin;P:\Dev\Tools\VS_Code\Microsoft VS Code\bin;C:\Users\Jaesin\AppData\Roaming\npm;C:\Users\Jaesin\AppData\Local\GitHubDesktop\bin;C:\Users\Jaesin\AppData\Local\Programs\oh-my-posh\bin
USERNAME=Jaesin
OS=Windows_NT
PROCESSOR_IDENTIFIER=Intel64 Family 6 Model 186 Stepping 2, GenuineIntel



---------------  S Y S T E M  ---------------

OS:
 Windows 10 , 64 bit Build 19041 (10.0.19041.3636)
OS uptime: 2 days 13:09 hours
Hyper-V role detected

CPU: total 16 (initial active 16) (8 cores per cpu, 2 threads per core) family 6 model 186 stepping 2 microcode 0x410e, cx8, cmov, fxsr, ht, mmx, 3dnowpref, sse, sse2, sse3, ssse3, sse4.1, sse4.2, popcnt, lzcnt, tsc, tscinvbit, avx, avx2, aes, erms, clmul, bmi1, bmi2, adx, sha, fma, vzeroupper, clflush, clflushopt, clwb, hv

Memory: 4k page, system-wide physical 15932M (857M free)
TotalPageFile size 45524M (AvailPageFile size 1392M)
current process WorkingSet (physical memory assigned to process): 189M, peak: 300M
current process commit charge ("private bytes"): 452M, peak: 458M

vm_info: Java HotSpot(TM) 64-Bit Server VM (17.0.9+11-LTS-201) for windows-amd64 JRE (17.0.9+11-LTS-201), built on Oct 10 2023 23:16:06 by "mach5one" with MS VC++ 17.1 (VS2022)

END.
