#
# There is insufficient memory for the Java Runtime Environment to continue.
# Native memory allocation (malloc) failed to allocate 589216 bytes for Chunk::new
# Possible reasons:
#   The system is out of physical RAM or swap space
#   The process is running with CompressedOops enabled, and the Java Heap may be blocking the growth of the native heap
# Possible solutions:
#   Reduce memory load on the system
#   Increase physical memory or swap space
#   Check if swap backing store is full
#   Decrease Java heap size (-Xmx/-Xms)
#   Decrease number of Java threads
#   Decrease Java thread stack sizes (-Xss)
#   Set larger code cache with -XX:ReservedCodeCacheSize=
#   JVM is running with Unscaled Compressed Oops mode in which the Java heap is
#     placed in the first 4GB address space. The Java Heap base address is the
#     maximum limit for the native heap growth. Please use -XX:HeapBaseMinAddress
#     to set the Java Heap base and to place the Java Heap above 4GB virtual address.
# This output file may be truncated or incomplete.
#
#  Out of Memory Error (arena.cpp:189), pid=32084, tid=14484
#
# JRE version: Java(TM) SE Runtime Environment (17.0.9+11) (build 17.0.9+11-LTS-201)
# Java VM: Java HotSpot(TM) 64-Bit Server VM (17.0.9+11-LTS-201, mixed mode, sharing, tiered, compressed oops, compressed class ptrs, g1 gc, windows-amd64)
# No core dump will be written. Minidumps are not enabled by default on client versions of Windows
#

---------------  S U M M A R Y ------------

Command Line: --add-opens=java.base/java.util=ALL-UNNAMED --add-opens=java.base/java.lang=ALL-UNNAMED --add-opens=java.base/java.lang.invoke=ALL-UNNAMED --add-opens=java.prefs/java.util.prefs=ALL-UNNAMED --add-opens=java.base/java.nio.charset=ALL-UNNAMED --add-opens=java.base/java.net=ALL-UNNAMED --add-opens=java.base/java.util.concurrent.atomic=ALL-UNNAMED -XX:MaxMetaspaceSize=384m -XX:+HeapDumpOnOutOfMemoryError -Xms256m -Xmx512m -Dfile.encoding=x-windows-949 -Duser.country=KR -Duser.language=ko -Duser.variant -javaagent:C:\Users\Jaesin\.gradle\wrapper\dists\gradle-8.7-bin\bhs2wmbdwecv87pi65oeuq5iu\gradle-8.7\lib\agents\gradle-instrumentation-agent-8.7.jar org.gradle.launcher.daemon.bootstrap.GradleDaemon 8.7

Host: 13th Gen Intel(R) Core(TM) i5-1340P, 16 cores, 15G,  Windows 10 , 64 bit Build 19041 (10.0.19041.3636)
Time: Wed Apr 17 21:57:19 2024  Windows 10 , 64 bit Build 19041 (10.0.19041.3636) elapsed time: 81.889979 seconds (0d 0h 1m 21s)

---------------  T H R E A D  ---------------

Current thread (0x000001117979c060):  JavaThread "C2 CompilerThread0" daemon [_thread_in_native, id=14484, stack(0x0000000677e00000,0x0000000677f00000)]


Current CompileTask:
C2:  81893 11377       4       io.spring.gradle.dependencymanagement.org.apache.maven.model.inheritance.DefaultInheritanceAssembler$InheritanceModelMerger::mergePlugin (71 bytes)

Stack: [0x0000000677e00000,0x0000000677f00000]
Native frames: (J=compiled Java code, j=interpreted, Vv=VM code, C=native code)
V  [jvm.dll+0x678a4a]
V  [jvm.dll+0x7d9cfd]
V  [jvm.dll+0x7db60e]
V  [jvm.dll+0x7dbc73]
V  [jvm.dll+0x245e1f]
V  [jvm.dll+0xaaafb]
V  [jvm.dll+0xab09c]
V  [jvm.dll+0x2ab7ef]
V  [jvm.dll+0x5812e5]
V  [jvm.dll+0x220c52]
V  [jvm.dll+0x219b15]
V  [jvm.dll+0x217459]
V  [jvm.dll+0x1a3bc0]
V  [jvm.dll+0x2272de]
V  [jvm.dll+0x22548b]
V  [jvm.dll+0x78f58c]
V  [jvm.dll+0x78998a]
V  [jvm.dll+0x677875]
C  [ucrtbase.dll+0x21bb2]
C  [KERNEL32.DLL+0x17344]
C  [ntdll.dll+0x526b1]


---------------  P R O C E S S  ---------------

Threads class SMR info:
_java_thread_list=0x000001111867fce0, length=121, elements={
0x000001115c469580, 0x000001117977a2e0, 0x000001117977ba90, 0x00000111797970d0,
0x0000011179797ba0, 0x0000011179798670, 0x000001117979b050, 0x000001117979c060,
0x000001117979c970, 0x00000111797aa2c0, 0x000001117997b7e0, 0x0000011179a887a0,
0x00000111153d3f30, 0x0000011115843650, 0x000001117f246a40, 0x00000111160bfa50,
0x0000011115491ec0, 0x0000011115492df0, 0x00000111154928e0, 0x0000011115493810,
0x0000011115490a80, 0x00000111154914a0, 0x0000011116ab5e20, 0x0000011116aaf8e0,
0x0000011116ab0d20, 0x0000011116ab3fc0, 0x0000011116aafdf0, 0x0000011116ab1230,
0x0000011116ab5400, 0x0000011116ab0300, 0x0000011116ab3090, 0x0000011116ab44d0,
0x0000011116ab2670, 0x00000111168322e0, 0x00000111168327f0, 0x0000011116833720,
0x0000011115af1040, 0x0000011115aef1e0, 0x0000011115af0b30, 0x0000011115af0620,
0x0000011115aefc00, 0x0000011115af2ea0, 0x0000011115af1a60, 0x0000011115af38c0,
0x0000011115aef6f0, 0x0000011115af5720, 0x0000011115af1550, 0x0000011115af5c30,
0x0000011115af1f70, 0x0000011115af6140, 0x0000011115af2480, 0x0000011115af47f0,
0x0000011115af3dd0, 0x0000011115af2990, 0x0000011115af33b0, 0x0000011115aeecd0,
0x0000011115af42e0, 0x0000011115af4d00, 0x0000011115af5210, 0x0000011115af6650,
0x0000011116833210, 0x000001111682e110, 0x0000011116831dd0, 0x000001111682ff70,
0x0000011116830990, 0x00000111168313b0, 0x000001111682bda0, 0x0000011116830ea0,
0x00000111168318c0, 0x000001111682e620, 0x000001111682d1e0, 0x000001111682c2b0,
0x000001111682ccd0, 0x000001111682c7c0, 0x000001111682d6f0, 0x000001111682dc00,
0x000001111682eb30, 0x000001111682f040, 0x0000011116830480, 0x0000011116832d00,
0x000001111682f550, 0x000001111682fa60, 0x0000011115a36960, 0x0000011115a37380,
0x0000011115a34b00, 0x0000011115a31d70, 0x0000011115a331b0, 0x0000011115a35a30,
0x0000011115a35520, 0x0000011115a32790, 0x0000011115a336c0, 0x0000011115a33bd0,
0x0000011115a340e0, 0x0000011115a35010, 0x0000011115a35f40, 0x0000011115a2ff10,
0x0000011115a30930, 0x0000011115a37890, 0x0000011115a36450, 0x0000011115a31860,
0x0000011115a36e70, 0x0000011115a30420, 0x0000011115a30e40, 0x0000011115a31350,
0x0000011116ab0810, 0x0000011116ab4ef0, 0x0000011116ab1740, 0x0000011116ab5910,
0x0000011116ab1c50, 0x0000011116ab35a0, 0x0000011116ab49e0, 0x0000011116ab6840,
0x0000011115bd9340, 0x0000011116ab2160, 0x0000011116aaf3d0, 0x0000011116ab6d50,
0x0000011116ab2b80, 0x0000011115490f90, 0x00000111154919b0, 0x00000111154923d0,
0x0000011115490060
}

Java Threads: ( => current thread )
  0x000001115c469580 JavaThread "main" [_thread_blocked, id=19632, stack(0x0000000677100000,0x0000000677200000)]
  0x000001117977a2e0 JavaThread "Reference Handler" daemon [_thread_blocked, id=3104, stack(0x0000000677800000,0x0000000677900000)]
  0x000001117977ba90 JavaThread "Finalizer" daemon [_thread_blocked, id=37144, stack(0x0000000677900000,0x0000000677a00000)]
  0x00000111797970d0 JavaThread "Signal Dispatcher" daemon [_thread_blocked, id=3676, stack(0x0000000677a00000,0x0000000677b00000)]
  0x0000011179797ba0 JavaThread "Attach Listener" daemon [_thread_blocked, id=34368, stack(0x0000000677b00000,0x0000000677c00000)]
  0x0000011179798670 JavaThread "Service Thread" daemon [_thread_blocked, id=24340, stack(0x0000000677c00000,0x0000000677d00000)]
  0x000001117979b050 JavaThread "Monitor Deflation Thread" daemon [_thread_blocked, id=22904, stack(0x0000000677d00000,0x0000000677e00000)]
=>0x000001117979c060 JavaThread "C2 CompilerThread0" daemon [_thread_in_native, id=14484, stack(0x0000000677e00000,0x0000000677f00000)]
  0x000001117979c970 JavaThread "C1 CompilerThread0" daemon [_thread_blocked, id=24904, stack(0x0000000677f00000,0x0000000678000000)]
  0x00000111797aa2c0 JavaThread "Sweeper thread" daemon [_thread_blocked, id=26816, stack(0x0000000678000000,0x0000000678100000)]
  0x000001117997b7e0 JavaThread "Common-Cleaner" daemon [_thread_blocked, id=37312, stack(0x0000000678200000,0x0000000678300000)]
  0x0000011179a887a0 JavaThread "Notification Thread" daemon [_thread_blocked, id=26392, stack(0x0000000678600000,0x0000000678700000)]
  0x00000111153d3f30 JavaThread "Daemon health stats" [_thread_blocked, id=3912, stack(0x0000000679000000,0x0000000679100000)]
  0x0000011115843650 JavaThread "Incoming local TCP Connector on port 63310" [_thread_in_native, id=13180, stack(0x0000000679100000,0x0000000679200000)]
  0x000001117f246a40 JavaThread "Daemon periodic checks" [_thread_blocked, id=34260, stack(0x0000000678a00000,0x0000000678b00000)]
  0x00000111160bfa50 JavaThread "Daemon" [_thread_blocked, id=33628, stack(0x0000000679200000,0x0000000679300000)]
  0x0000011115491ec0 JavaThread "Daemon worker" [_thread_blocked, id=30684, stack(0x0000000679500000,0x0000000679600000)]
  0x0000011115492df0 JavaThread "Cache worker for journal cache (C:\Users\Jaesin\.gradle\caches\journal-1)" [_thread_in_Java, id=29276, stack(0x0000000679900000,0x0000000679a00000)]
  0x00000111154928e0 JavaThread "File lock request listener" [_thread_in_native, id=35792, stack(0x0000000679a00000,0x0000000679b00000)]
  0x0000011115493810 JavaThread "Cache worker for file hash cache (C:\Users\Jaesin\.gradle\caches\8.7\fileHashes)" [_thread_blocked, id=29928, stack(0x0000000678900000,0x0000000678a00000)]
  0x0000011115490a80 JavaThread "File watcher server" daemon [_thread_in_native, id=36536, stack(0x0000000679c00000,0x0000000679d00000)]
  0x00000111154914a0 JavaThread "File watcher consumer" daemon [_thread_blocked, id=18044, stack(0x0000000679d00000,0x0000000679e00000)]
  0x0000011116ab5e20 JavaThread "Cache worker for file content cache (C:\Users\Jaesin\.gradle\caches\8.7\fileContent)" [_thread_blocked, id=25680, stack(0x000000067aa00000,0x000000067ab00000)]
  0x0000011116aaf8e0 JavaThread "jar transforms" [_thread_blocked, id=13736, stack(0x000000067ab00000,0x000000067ac00000)]
  0x0000011116ab0d20 JavaThread "jar transforms Thread 2" [_thread_blocked, id=12344, stack(0x000000067ac00000,0x000000067ad00000)]
  0x0000011116ab3fc0 JavaThread "File lock release action executor" [_thread_blocked, id=1812, stack(0x000000067ae00000,0x000000067af00000)]
  0x0000011116aafdf0 JavaThread "jar transforms Thread 3" [_thread_blocked, id=39416, stack(0x000000067af00000,0x000000067b000000)]
  0x0000011116ab1230 JavaThread "jar transforms Thread 4" [_thread_blocked, id=2876, stack(0x000000067b000000,0x000000067b100000)]
  0x0000011116ab5400 JavaThread "jar transforms Thread 5" [_thread_blocked, id=30560, stack(0x000000067b100000,0x000000067b200000)]
  0x0000011116ab0300 JavaThread "jar transforms Thread 6" [_thread_blocked, id=34852, stack(0x000000067b200000,0x000000067b300000)]
  0x0000011116ab3090 JavaThread "jar transforms Thread 7" [_thread_blocked, id=7784, stack(0x0000000678400000,0x0000000678500000)]
  0x0000011116ab44d0 JavaThread "jar transforms Thread 8" [_thread_blocked, id=6936, stack(0x0000000678500000,0x0000000678600000)]
  0x0000011116ab2670 JavaThread "jar transforms Thread 9" [_thread_blocked, id=17140, stack(0x000000067ad00000,0x000000067ae00000)]
  0x00000111168322e0 JavaThread "Memory manager" [_thread_blocked, id=328, stack(0x000000067d100000,0x000000067d200000)]
  0x00000111168327f0 JavaThread "jar transforms Thread 10" [_thread_blocked, id=39584, stack(0x0000000678100000,0x0000000678200000)]
  0x0000011116833720 JavaThread "included builds" [_thread_blocked, id=2024, stack(0x000000067d400000,0x000000067d500000)]
  0x0000011115af1040 JavaThread "VFS cleanup" [_thread_blocked, id=12576, stack(0x0000000600000000,0x0000000600100000)]
  0x0000011115aef1e0 JavaThread "Daemon Thread 2" [_thread_blocked, id=37804, stack(0x0000000600200000,0x0000000600300000)]
  0x0000011115af0b30 JavaThread "Handler for socket connection from /127.0.0.1:63310 to /127.0.0.1:63362" [_thread_in_native, id=41816, stack(0x0000000600300000,0x0000000600400000)]
  0x0000011115af0620 JavaThread "Cancel handler" [_thread_blocked, id=33680, stack(0x0000000600400000,0x0000000600500000)]
  0x0000011115aefc00 JavaThread "Asynchronous log dispatcher for DefaultDaemonConnection: socket connection from /127.0.0.1:63310 to /127.0.0.1:63362" [_thread_blocked, id=38824, stack(0x0000000600500000,0x0000000600600000)]
  0x0000011115af2ea0 JavaThread "Stdin handler" [_thread_blocked, id=19696, stack(0x0000000600100000,0x0000000600200000)]
  0x0000011115af1a60 JavaThread "Daemon client event forwarder" [_thread_blocked, id=17416, stack(0x0000000600600000,0x0000000600700000)]
  0x0000011115af38c0 JavaThread "Cache worker for file hash cache (P:\Dev\Project\MSA\catalog-service\.gradle\8.7\fileHashes)" [_thread_blocked, id=9960, stack(0x0000000600700000,0x0000000600800000)]
  0x0000011115aef6f0 JavaThread "Cache worker for checksums cache (P:\Dev\Project\MSA\catalog-service\.gradle\8.7\checksums)" [_thread_blocked, id=3904, stack(0x0000000600800000,0x0000000600900000)]
  0x0000011115af5720 JavaThread "Cache worker for cache directory md-supplier (C:\Users\Jaesin\.gradle\caches\8.7\md-supplier)" [_thread_blocked, id=36372, stack(0x0000000600900000,0x0000000600a00000)]
  0x0000011115af1550 JavaThread "Cache worker for cache directory md-rule (C:\Users\Jaesin\.gradle\caches\8.7\md-rule)" [_thread_blocked, id=37900, stack(0x0000000600a00000,0x0000000600b00000)]
  0x0000011115af5c30 JavaThread "jar transforms Thread 11" [_thread_blocked, id=35096, stack(0x0000000600b00000,0x0000000600c00000)]
  0x0000011115af1f70 JavaThread "jar transforms Thread 12" [_thread_blocked, id=36804, stack(0x0000000600e00000,0x0000000600f00000)]
  0x0000011115af6140 JavaThread "Cache worker for Build Output Cleanup Cache (P:\Dev\Project\MSA\catalog-service\.gradle\buildOutputCleanup)" [_thread_blocked, id=8304, stack(0x0000000601000000,0x0000000601100000)]
  0x0000011115af2480 JavaThread "jar transforms Thread 13" [_thread_blocked, id=30888, stack(0x0000000600f00000,0x0000000601000000)]
  0x0000011115af47f0 JavaThread "Unconstrained build operations" [_thread_blocked, id=15416, stack(0x0000000601100000,0x0000000601200000)]
  0x0000011115af3dd0 JavaThread "Unconstrained build operations Thread 2" [_thread_blocked, id=33828, stack(0x0000000601200000,0x0000000601300000)]
  0x0000011115af2990 JavaThread "Unconstrained build operations Thread 3" [_thread_blocked, id=40296, stack(0x0000000601300000,0x0000000601400000)]
  0x0000011115af33b0 JavaThread "Unconstrained build operations Thread 4" [_thread_blocked, id=1816, stack(0x0000000601400000,0x0000000601500000)]
  0x0000011115aeecd0 JavaThread "Unconstrained build operations Thread 5" [_thread_blocked, id=18464, stack(0x0000000601500000,0x0000000601600000)]
  0x0000011115af42e0 JavaThread "Unconstrained build operations Thread 6" [_thread_blocked, id=39548, stack(0x0000000601600000,0x0000000601700000)]
  0x0000011115af4d00 JavaThread "Unconstrained build operations Thread 7" [_thread_blocked, id=31496, stack(0x0000000601700000,0x0000000601800000)]
  0x0000011115af5210 JavaThread "Unconstrained build operations Thread 8" [_thread_blocked, id=41840, stack(0x0000000601800000,0x0000000601900000)]
  0x0000011115af6650 JavaThread "Unconstrained build operations Thread 9" [_thread_blocked, id=14868, stack(0x0000000601900000,0x0000000601a00000)]
  0x0000011116833210 JavaThread "Unconstrained build operations Thread 10" [_thread_blocked, id=25640, stack(0x0000000601a00000,0x0000000601b00000)]
  0x000001111682e110 JavaThread "Unconstrained build operations Thread 11" [_thread_blocked, id=36936, stack(0x0000000601b00000,0x0000000601c00000)]
  0x0000011116831dd0 JavaThread "Unconstrained build operations Thread 12" [_thread_blocked, id=40528, stack(0x0000000601c00000,0x0000000601d00000)]
  0x000001111682ff70 JavaThread "Unconstrained build operations Thread 13" [_thread_blocked, id=33372, stack(0x0000000601d00000,0x0000000601e00000)]
  0x0000011116830990 JavaThread "Unconstrained build operations Thread 14" [_thread_blocked, id=41608, stack(0x0000000601e00000,0x0000000601f00000)]
  0x00000111168313b0 JavaThread "Unconstrained build operations Thread 15" [_thread_blocked, id=20428, stack(0x0000000601f00000,0x0000000602000000)]
  0x000001111682bda0 JavaThread "jar transforms Thread 14" [_thread_blocked, id=38812, stack(0x0000000602000000,0x0000000602100000)]
  0x0000011116830ea0 JavaThread "included builds" [_thread_blocked, id=39004, stack(0x0000000602100000,0x0000000602200000)]
  0x00000111168318c0 JavaThread "Execution worker" [_thread_in_Java, id=26720, stack(0x0000000602200000,0x0000000602300000)]
  0x000001111682e620 JavaThread "Execution worker Thread 2" [_thread_blocked, id=38272, stack(0x0000000602300000,0x0000000602400000)]
  0x000001111682d1e0 JavaThread "Execution worker Thread 3" [_thread_blocked, id=796, stack(0x0000000602400000,0x0000000602500000)]
  0x000001111682c2b0 JavaThread "Execution worker Thread 4" [_thread_blocked, id=23572, stack(0x0000000602500000,0x0000000602600000)]
  0x000001111682ccd0 JavaThread "Execution worker Thread 5" [_thread_blocked, id=31644, stack(0x0000000602600000,0x0000000602700000)]
  0x000001111682c7c0 JavaThread "Execution worker Thread 6" [_thread_blocked, id=34244, stack(0x0000000602700000,0x0000000602800000)]
  0x000001111682d6f0 JavaThread "Execution worker Thread 7" [_thread_blocked, id=4260, stack(0x0000000602800000,0x0000000602900000)]
  0x000001111682dc00 JavaThread "Execution worker Thread 8" [_thread_blocked, id=16204, stack(0x0000000602900000,0x0000000602a00000)]
  0x000001111682eb30 JavaThread "Execution worker Thread 9" [_thread_blocked, id=37600, stack(0x0000000602a00000,0x0000000602b00000)]
  0x000001111682f040 JavaThread "Execution worker Thread 10" [_thread_blocked, id=16612, stack(0x0000000602b00000,0x0000000602c00000)]
  0x0000011116830480 JavaThread "Execution worker Thread 11" [_thread_blocked, id=28820, stack(0x0000000602c00000,0x0000000602d00000)]
  0x0000011116832d00 JavaThread "Execution worker Thread 12" [_thread_blocked, id=31120, stack(0x0000000602d00000,0x0000000602e00000)]
  0x000001111682f550 JavaThread "Execution worker Thread 13" [_thread_blocked, id=15184, stack(0x0000000602e00000,0x0000000602f00000)]
  0x000001111682fa60 JavaThread "Execution worker Thread 14" [_thread_blocked, id=39580, stack(0x0000000602f00000,0x0000000603000000)]
  0x0000011115a36960 JavaThread "Execution worker Thread 15" [_thread_blocked, id=19640, stack(0x0000000603000000,0x0000000603100000)]
  0x0000011115a37380 JavaThread "Cache worker for execution history cache (P:\Dev\Project\MSA\catalog-service\.gradle\8.7\executionHistory)" [_thread_blocked, id=10944, stack(0x0000000603100000,0x0000000603200000)]
  0x0000011115a34b00 JavaThread "Unconstrained build operations Thread 16" [_thread_blocked, id=3408, stack(0x0000000603200000,0x0000000603300000)]
  0x0000011115a31d70 JavaThread "Unconstrained build operations Thread 17" [_thread_blocked, id=29668, stack(0x0000000603300000,0x0000000603400000)]
  0x0000011115a331b0 JavaThread "Unconstrained build operations Thread 18" [_thread_blocked, id=32376, stack(0x0000000603400000,0x0000000603500000)]
  0x0000011115a35a30 JavaThread "Unconstrained build operations Thread 19" [_thread_blocked, id=12760, stack(0x0000000603500000,0x0000000603600000)]
  0x0000011115a35520 JavaThread "Unconstrained build operations Thread 20" [_thread_blocked, id=33940, stack(0x0000000603600000,0x0000000603700000)]
  0x0000011115a32790 JavaThread "Unconstrained build operations Thread 21" [_thread_blocked, id=23848, stack(0x0000000603700000,0x0000000603800000)]
  0x0000011115a336c0 JavaThread "Unconstrained build operations Thread 22" [_thread_blocked, id=41892, stack(0x0000000603800000,0x0000000603900000)]
  0x0000011115a33bd0 JavaThread "Unconstrained build operations Thread 23" [_thread_blocked, id=25524, stack(0x0000000603900000,0x0000000603a00000)]
  0x0000011115a340e0 JavaThread "Unconstrained build operations Thread 24" [_thread_blocked, id=40388, stack(0x0000000603a00000,0x0000000603b00000)]
  0x0000011115a35010 JavaThread "Unconstrained build operations Thread 25" [_thread_blocked, id=38244, stack(0x0000000603b00000,0x0000000603c00000)]
  0x0000011115a35f40 JavaThread "Unconstrained build operations Thread 26" [_thread_blocked, id=37680, stack(0x0000000603c00000,0x0000000603d00000)]
  0x0000011115a2ff10 JavaThread "Unconstrained build operations Thread 27" [_thread_blocked, id=18308, stack(0x0000000603d00000,0x0000000603e00000)]
  0x0000011115a30930 JavaThread "Unconstrained build operations Thread 28" [_thread_blocked, id=30092, stack(0x0000000603e00000,0x0000000603f00000)]
  0x0000011115a37890 JavaThread "Unconstrained build operations Thread 29" [_thread_blocked, id=18180, stack(0x0000000603f00000,0x0000000604000000)]
  0x0000011115a36450 JavaThread "Unconstrained build operations Thread 30" [_thread_blocked, id=30328, stack(0x0000000604000000,0x0000000604100000)]
  0x0000011115a31860 JavaThread "Unconstrained build operations Thread 31" [_thread_blocked, id=4464, stack(0x0000000604100000,0x0000000604200000)]
  0x0000011115a36e70 JavaThread "Unconstrained build operations Thread 32" [_thread_blocked, id=1648, stack(0x0000000604200000,0x0000000604300000)]
  0x0000011115a30420 JavaThread "Unconstrained build operations Thread 33" [_thread_blocked, id=33240, stack(0x0000000604300000,0x0000000604400000)]
  0x0000011115a30e40 JavaThread "Unconstrained build operations Thread 34" [_thread_blocked, id=3524, stack(0x0000000604400000,0x0000000604500000)]
  0x0000011115a31350 JavaThread "Unconstrained build operations Thread 35" [_thread_blocked, id=40476, stack(0x0000000604500000,0x0000000604600000)]
  0x0000011116ab0810 JavaThread "Unconstrained build operations Thread 36" [_thread_blocked, id=40152, stack(0x0000000604600000,0x0000000604700000)]
  0x0000011116ab4ef0 JavaThread "Unconstrained build operations Thread 37" [_thread_blocked, id=35404, stack(0x0000000604700000,0x0000000604800000)]
  0x0000011116ab1740 JavaThread "Unconstrained build operations Thread 38" [_thread_blocked, id=14472, stack(0x0000000604800000,0x0000000604900000)]
  0x0000011116ab5910 JavaThread "Unconstrained build operations Thread 39" [_thread_blocked, id=34376, stack(0x0000000604900000,0x0000000604a00000)]
  0x0000011116ab1c50 JavaThread "Unconstrained build operations Thread 40" [_thread_blocked, id=38040, stack(0x0000000604a00000,0x0000000604b00000)]
  0x0000011116ab35a0 JavaThread "Unconstrained build operations Thread 41" [_thread_blocked, id=1388, stack(0x0000000604b00000,0x0000000604c00000)]
  0x0000011116ab49e0 JavaThread "Unconstrained build operations Thread 42" [_thread_blocked, id=31152, stack(0x0000000604c00000,0x0000000604d00000)]
  0x0000011116ab6840 JavaThread "Unconstrained build operations Thread 43" [_thread_blocked, id=30912, stack(0x0000000604d00000,0x0000000604e00000)]
  0x0000011115bd9340 JavaThread "C1 CompilerThread1" daemon [_thread_blocked, id=40664, stack(0x0000000604e00000,0x0000000604f00000)]
  0x0000011116ab2160 JavaThread "Unconstrained build operations Thread 44" [_thread_blocked, id=26276, stack(0x0000000604f00000,0x0000000605000000)]
  0x0000011116aaf3d0 JavaThread "Unconstrained build operations Thread 45" [_thread_blocked, id=38600, stack(0x0000000605000000,0x0000000605100000)]
  0x0000011116ab6d50 JavaThread "Unconstrained build operations Thread 46" [_thread_blocked, id=29636, stack(0x0000000605100000,0x0000000605200000)]
  0x0000011116ab2b80 JavaThread "Unconstrained build operations Thread 47" [_thread_blocked, id=37944, stack(0x0000000605200000,0x0000000605300000)]
  0x0000011115490f90 JavaThread "Unconstrained build operations Thread 48" [_thread_blocked, id=24016, stack(0x0000000605300000,0x0000000605400000)]
  0x00000111154919b0 JavaThread "Unconstrained build operations Thread 49" [_thread_blocked, id=30204, stack(0x0000000605400000,0x0000000605500000)]
  0x00000111154923d0 JavaThread "Unconstrained build operations Thread 50" [_thread_blocked, id=25360, stack(0x0000000605500000,0x0000000605600000)]
  0x0000011115490060 JavaThread "Unconstrained build operations Thread 51" [_thread_blocked, id=30084, stack(0x0000000605600000,0x0000000605700000)]
  0x0000011115493300 JavaThread "Unconstrained build operations Thread 52" [_thread_blocked, id=40268, stack(0x0000000605700000,0x0000000605800000)]

Other Threads:
  0x00000111797777a0 VMThread "VM Thread" [stack: 0x0000000677700000,0x0000000677800000] [id=35656]
  0x000001117963bfb0 WatcherThread [stack: 0x0000000678700000,0x0000000678800000] [id=35668]
  0x000001115c496890 GCTaskThread "GC Thread#0" [stack: 0x0000000677200000,0x0000000677300000] [id=39392]
  0x000001117f36eac0 GCTaskThread "GC Thread#1" [stack: 0x0000000678b00000,0x0000000678c00000] [id=39304]
  0x000001117f3b2b50 GCTaskThread "GC Thread#2" [stack: 0x0000000678c00000,0x0000000678d00000] [id=16200]
  0x000001117ee2d240 GCTaskThread "GC Thread#3" [stack: 0x0000000678d00000,0x0000000678e00000] [id=39648]
  0x000001117f45f010 GCTaskThread "GC Thread#4" [stack: 0x0000000678e00000,0x0000000678f00000] [id=28164]
  0x000001117f45f2d0 GCTaskThread "GC Thread#5" [stack: 0x0000000678f00000,0x0000000679000000] [id=26656]
  0x00000111160cfc80 GCTaskThread "GC Thread#6" [stack: 0x0000000679e00000,0x0000000679f00000] [id=36844]
  0x000001117f7cecf0 GCTaskThread "GC Thread#7" [stack: 0x0000000679f00000,0x000000067a000000] [id=41668]
  0x0000011115be9570 GCTaskThread "GC Thread#8" [stack: 0x000000067a000000,0x000000067a100000] [id=31588]
  0x0000011116adfe60 GCTaskThread "GC Thread#9" [stack: 0x000000067a100000,0x000000067a200000] [id=34936]
  0x0000011116ae0c20 GCTaskThread "GC Thread#10" [stack: 0x000000067a200000,0x000000067a300000] [id=28960]
  0x0000011116ae1460 GCTaskThread "GC Thread#11" [stack: 0x000000067a300000,0x000000067a400000] [id=40660]
  0x0000011116adfba0 GCTaskThread "GC Thread#12" [stack: 0x000000067a400000,0x000000067a500000] [id=7096]
  0x000001115c49c700 ConcurrentGCThread "G1 Main Marker" [stack: 0x0000000677300000,0x0000000677400000] [id=12164]
  0x000001115c49d020 ConcurrentGCThread "G1 Conc#0" [stack: 0x0000000677400000,0x0000000677500000] [id=29020]
  0x0000011116ae0120 ConcurrentGCThread "G1 Conc#1" [stack: 0x000000067a500000,0x000000067a600000] [id=26872]
  0x0000011116ae0ee0 ConcurrentGCThread "G1 Conc#2" [stack: 0x000000067a600000,0x000000067a700000] [id=17608]
  0x00000111796344f0 ConcurrentGCThread "G1 Refine#0" [stack: 0x0000000677500000,0x0000000677600000] [id=18960]
  0x0000011179634bd0 ConcurrentGCThread "G1 Service" [stack: 0x0000000677600000,0x0000000677700000] [id=25300]

Threads with active compile tasks:
C2 CompilerThread0    82302 11377       4       io.spring.gradle.dependencymanagement.org.apache.maven.model.inheritance.DefaultInheritanceAssembler$InheritanceModelMerger::mergePlugin (71 bytes)

VM state: not at safepoint (normal execution)

VM Mutex/Monitor currently owned by a thread: None

Heap address: 0x00000000e0000000, size: 512 MB, Compressed Oops mode: 32-bit

CDS archive(s) mapped at: [0x0000011100000000-0x0000011100bd0000-0x0000011100bd0000), size 12386304, SharedBaseAddress: 0x0000011100000000, ArchiveRelocationMode: 1.
Compressed class space mapped at: 0x0000011101000000-0x0000011115000000, reserved size: 335544320
Narrow klass base: 0x0000011100000000, Narrow klass shift: 0, Narrow klass range: 0x100000000

GC Precious Log:
 CPUs: 16 total, 16 available
 Memory: 15932M
 Large Page Support: Disabled
 NUMA Support: Disabled
 Compressed Oops: Enabled (32-bit)
 Heap Region Size: 1M
 Heap Min Capacity: 256M
 Heap Initial Capacity: 256M
 Heap Max Capacity: 512M
 Pre-touch: Disabled
 Parallel Workers: 13
 Concurrent Workers: 3
 Concurrent Refinement Workers: 13
 Periodic GC: Disabled

Heap:
 garbage-first heap   total 262144K, used 90641K [0x00000000e0000000, 0x0000000100000000)
  region size 1024K, 41 young (41984K), 6 survivors (6144K)
 Metaspace       used 56374K, committed 57024K, reserved 393216K
  class space    used 7777K, committed 8128K, reserved 327680K

Heap Regions: E=young(eden), S=young(survivor), O=old, HS=humongous(starts), HC=humongous(continues), CS=collection set, F=free, OA=open archive, CA=closed archive, TAMS=top-at-mark-start (previous, next)
|   0|0x00000000e0000000, 0x00000000e0100000, 0x00000000e0100000|100%|HS|  |TAMS 0x00000000e0100000, 0x00000000e0000000| Complete 
|   1|0x00000000e0100000, 0x00000000e0200000, 0x00000000e0200000|100%|HC|  |TAMS 0x00000000e0200000, 0x00000000e0100000| Complete 
|   2|0x00000000e0200000, 0x00000000e0300000, 0x00000000e0300000|100%|HC|  |TAMS 0x00000000e0300000, 0x00000000e0200000| Complete 
|   3|0x00000000e0300000, 0x00000000e0400000, 0x00000000e0400000|100%|HC|  |TAMS 0x00000000e0400000, 0x00000000e0300000| Complete 
|   4|0x00000000e0400000, 0x00000000e0500000, 0x00000000e0500000|100%| O|  |TAMS 0x00000000e0500000, 0x00000000e0400000| Untracked 
|   5|0x00000000e0500000, 0x00000000e0600000, 0x00000000e0600000|100%| O|  |TAMS 0x00000000e0500000, 0x00000000e0500000| Untracked 
|   6|0x00000000e0600000, 0x00000000e0700000, 0x00000000e0700000|100%| O|  |TAMS 0x00000000e0700000, 0x00000000e0600000| Untracked 
|   7|0x00000000e0700000, 0x00000000e0800000, 0x00000000e0800000|100%| O|  |TAMS 0x00000000e0800000, 0x00000000e0700000| Untracked 
|   8|0x00000000e0800000, 0x00000000e0900000, 0x00000000e0900000|100%| O|  |TAMS 0x00000000e0900000, 0x00000000e0800000| Untracked 
|   9|0x00000000e0900000, 0x00000000e0a00000, 0x00000000e0a00000|100%| O|  |TAMS 0x00000000e0a00000, 0x00000000e0900000| Untracked 
|  10|0x00000000e0a00000, 0x00000000e0b00000, 0x00000000e0b00000|100%| O|  |TAMS 0x00000000e0b00000, 0x00000000e0a00000| Untracked 
|  11|0x00000000e0b00000, 0x00000000e0c00000, 0x00000000e0c00000|100%| O|  |TAMS 0x00000000e0c00000, 0x00000000e0b00000| Untracked 
|  12|0x00000000e0c00000, 0x00000000e0d00000, 0x00000000e0d00000|100%| O|  |TAMS 0x00000000e0d00000, 0x00000000e0c00000| Untracked 
|  13|0x00000000e0d00000, 0x00000000e0e00000, 0x00000000e0e00000|100%| O|  |TAMS 0x00000000e0e00000, 0x00000000e0d00000| Untracked 
|  14|0x00000000e0e00000, 0x00000000e0f00000, 0x00000000e0f00000|100%| O|  |TAMS 0x00000000e0f00000, 0x00000000e0e00000| Untracked 
|  15|0x00000000e0f00000, 0x00000000e1000000, 0x00000000e1000000|100%| O|  |TAMS 0x00000000e1000000, 0x00000000e0f00000| Untracked 
|  16|0x00000000e1000000, 0x00000000e1100000, 0x00000000e1100000|100%| O|  |TAMS 0x00000000e1100000, 0x00000000e1000000| Untracked 
|  17|0x00000000e1100000, 0x00000000e1200000, 0x00000000e1200000|100%| O|  |TAMS 0x00000000e1200000, 0x00000000e1100000| Untracked 
|  18|0x00000000e1200000, 0x00000000e1300000, 0x00000000e1300000|100%| O|  |TAMS 0x00000000e1200000, 0x00000000e1200000| Untracked 
|  19|0x00000000e1300000, 0x00000000e1400000, 0x00000000e1400000|100%| O|  |TAMS 0x00000000e1400000, 0x00000000e1300000| Untracked 
|  20|0x00000000e1400000, 0x00000000e1500000, 0x00000000e1500000|100%| O|  |TAMS 0x00000000e1500000, 0x00000000e1400000| Untracked 
|  21|0x00000000e1500000, 0x00000000e1600000, 0x00000000e1600000|100%| O|  |TAMS 0x00000000e1600000, 0x00000000e1500000| Untracked 
|  22|0x00000000e1600000, 0x00000000e1700000, 0x00000000e1700000|100%| O|  |TAMS 0x00000000e1700000, 0x00000000e1600000| Untracked 
|  23|0x00000000e1700000, 0x00000000e1800000, 0x00000000e1800000|100%| O|  |TAMS 0x00000000e1800000, 0x00000000e1700000| Untracked 
|  24|0x00000000e1800000, 0x00000000e1900000, 0x00000000e1900000|100%| O|  |TAMS 0x00000000e1900000, 0x00000000e1800000| Untracked 
|  25|0x00000000e1900000, 0x00000000e1a00000, 0x00000000e1a00000|100%| O|  |TAMS 0x00000000e1a00000, 0x00000000e1900000| Untracked 
|  26|0x00000000e1a00000, 0x00000000e1b00000, 0x00000000e1b00000|100%| O|  |TAMS 0x00000000e1b00000, 0x00000000e1a00000| Untracked 
|  27|0x00000000e1b00000, 0x00000000e1c00000, 0x00000000e1c00000|100%| O|  |TAMS 0x00000000e1c00000, 0x00000000e1b00000| Untracked 
|  28|0x00000000e1c00000, 0x00000000e1d00000, 0x00000000e1d00000|100%| O|  |TAMS 0x00000000e1d00000, 0x00000000e1c00000| Untracked 
|  29|0x00000000e1d00000, 0x00000000e1e00000, 0x00000000e1e00000|100%| O|  |TAMS 0x00000000e1e00000, 0x00000000e1d00000| Untracked 
|  30|0x00000000e1e00000, 0x00000000e1f00000, 0x00000000e1f00000|100%| O|  |TAMS 0x00000000e1f00000, 0x00000000e1e00000| Untracked 
|  31|0x00000000e1f00000, 0x00000000e2000000, 0x00000000e2000000|100%| O|  |TAMS 0x00000000e2000000, 0x00000000e1f00000| Untracked 
|  32|0x00000000e2000000, 0x00000000e2100000, 0x00000000e2100000|100%| O|  |TAMS 0x00000000e209a000, 0x00000000e2000000| Untracked 
|  33|0x00000000e2100000, 0x00000000e2200000, 0x00000000e2200000|100%| O|  |TAMS 0x00000000e2100000, 0x00000000e2100000| Untracked 
|  34|0x00000000e2200000, 0x00000000e2300000, 0x00000000e2300000|100%| O|  |TAMS 0x00000000e2200000, 0x00000000e2200000| Untracked 
|  35|0x00000000e2300000, 0x00000000e2400000, 0x00000000e2400000|100%| O|  |TAMS 0x00000000e2300000, 0x00000000e2300000| Untracked 
|  36|0x00000000e2400000, 0x00000000e2500000, 0x00000000e2500000|100%| O|  |TAMS 0x00000000e2400000, 0x00000000e2400000| Untracked 
|  37|0x00000000e2500000, 0x00000000e2600000, 0x00000000e2600000|100%| O|  |TAMS 0x00000000e2500000, 0x00000000e2500000| Untracked 
|  38|0x00000000e2600000, 0x00000000e2700000, 0x00000000e2700000|100%| O|  |TAMS 0x00000000e2600000, 0x00000000e2600000| Untracked 
|  39|0x00000000e2700000, 0x00000000e2800000, 0x00000000e2800000|100%| O|  |TAMS 0x00000000e2700000, 0x00000000e2700000| Untracked 
|  40|0x00000000e2800000, 0x00000000e2900000, 0x00000000e2900000|100%| O|  |TAMS 0x00000000e2800000, 0x00000000e2800000| Untracked 
|  41|0x00000000e2900000, 0x00000000e2a00000, 0x00000000e2a00000|100%| O|  |TAMS 0x00000000e2900000, 0x00000000e2900000| Untracked 
|  42|0x00000000e2a00000, 0x00000000e2b00000, 0x00000000e2b00000|100%| O|  |TAMS 0x00000000e2a00000, 0x00000000e2a00000| Untracked 
|  43|0x00000000e2b00000, 0x00000000e2c00000, 0x00000000e2c00000|100%| O|  |TAMS 0x00000000e2b00000, 0x00000000e2b00000| Untracked 
|  44|0x00000000e2c00000, 0x00000000e2d00000, 0x00000000e2d00000|100%| O|  |TAMS 0x00000000e2c00000, 0x00000000e2c00000| Untracked 
|  45|0x00000000e2d00000, 0x00000000e2e00000, 0x00000000e2e00000|100%| O|  |TAMS 0x00000000e2d00000, 0x00000000e2d00000| Untracked 
|  46|0x00000000e2e00000, 0x00000000e2f00000, 0x00000000e2f00000|100%| O|  |TAMS 0x00000000e2e00000, 0x00000000e2e00000| Untracked 
|  47|0x00000000e2f00000, 0x00000000e3000000, 0x00000000e3000000|100%| O|  |TAMS 0x00000000e2f00000, 0x00000000e2f00000| Untracked 
|  48|0x00000000e3000000, 0x00000000e3100000, 0x00000000e3100000|100%| O|  |TAMS 0x00000000e3000000, 0x00000000e3000000| Untracked 
|  49|0x00000000e3100000, 0x00000000e3200000, 0x00000000e3200000|100%| O|  |TAMS 0x00000000e3100000, 0x00000000e3100000| Untracked 
|  50|0x00000000e3200000, 0x00000000e325e800, 0x00000000e3300000| 36%| O|  |TAMS 0x00000000e3200000, 0x00000000e3200000| Untracked 
|  51|0x00000000e3300000, 0x00000000e3300000, 0x00000000e3400000|  0%| F|  |TAMS 0x00000000e3300000, 0x00000000e3300000| Untracked 
|  52|0x00000000e3400000, 0x00000000e3400000, 0x00000000e3500000|  0%| F|  |TAMS 0x00000000e3400000, 0x00000000e3400000| Untracked 
|  53|0x00000000e3500000, 0x00000000e3500000, 0x00000000e3600000|  0%| F|  |TAMS 0x00000000e3500000, 0x00000000e3500000| Untracked 
|  54|0x00000000e3600000, 0x00000000e3600000, 0x00000000e3700000|  0%| F|  |TAMS 0x00000000e3600000, 0x00000000e3600000| Untracked 
|  55|0x00000000e3700000, 0x00000000e3700000, 0x00000000e3800000|  0%| F|  |TAMS 0x00000000e3700000, 0x00000000e3700000| Untracked 
|  56|0x00000000e3800000, 0x00000000e3800000, 0x00000000e3900000|  0%| F|  |TAMS 0x00000000e3800000, 0x00000000e3800000| Untracked 
|  57|0x00000000e3900000, 0x00000000e3900000, 0x00000000e3a00000|  0%| F|  |TAMS 0x00000000e3900000, 0x00000000e3900000| Untracked 
|  58|0x00000000e3a00000, 0x00000000e3a00000, 0x00000000e3b00000|  0%| F|  |TAMS 0x00000000e3a00000, 0x00000000e3a00000| Untracked 
|  59|0x00000000e3b00000, 0x00000000e3b00000, 0x00000000e3c00000|  0%| F|  |TAMS 0x00000000e3b00000, 0x00000000e3b00000| Untracked 
|  60|0x00000000e3c00000, 0x00000000e3c00000, 0x00000000e3d00000|  0%| F|  |TAMS 0x00000000e3c00000, 0x00000000e3c00000| Untracked 
|  61|0x00000000e3d00000, 0x00000000e3d00000, 0x00000000e3e00000|  0%| F|  |TAMS 0x00000000e3d00000, 0x00000000e3d00000| Untracked 
|  62|0x00000000e3e00000, 0x00000000e3e00000, 0x00000000e3f00000|  0%| F|  |TAMS 0x00000000e3e00000, 0x00000000e3e00000| Untracked 
|  63|0x00000000e3f00000, 0x00000000e3f00000, 0x00000000e4000000|  0%| F|  |TAMS 0x00000000e3f00000, 0x00000000e3f00000| Untracked 
|  64|0x00000000e4000000, 0x00000000e4000000, 0x00000000e4100000|  0%| F|  |TAMS 0x00000000e4000000, 0x00000000e4000000| Untracked 
|  65|0x00000000e4100000, 0x00000000e4100000, 0x00000000e4200000|  0%| F|  |TAMS 0x00000000e4100000, 0x00000000e4100000| Untracked 
|  66|0x00000000e4200000, 0x00000000e4200000, 0x00000000e4300000|  0%| F|  |TAMS 0x00000000e4200000, 0x00000000e4200000| Untracked 
|  67|0x00000000e4300000, 0x00000000e4300000, 0x00000000e4400000|  0%| F|  |TAMS 0x00000000e4300000, 0x00000000e4300000| Untracked 
|  68|0x00000000e4400000, 0x00000000e4400000, 0x00000000e4500000|  0%| F|  |TAMS 0x00000000e4400000, 0x00000000e4400000| Untracked 
|  69|0x00000000e4500000, 0x00000000e4500000, 0x00000000e4600000|  0%| F|  |TAMS 0x00000000e4500000, 0x00000000e4500000| Untracked 
|  70|0x00000000e4600000, 0x00000000e4600000, 0x00000000e4700000|  0%| F|  |TAMS 0x00000000e4600000, 0x00000000e4600000| Untracked 
|  71|0x00000000e4700000, 0x00000000e4700000, 0x00000000e4800000|  0%| F|  |TAMS 0x00000000e4700000, 0x00000000e4700000| Untracked 
|  72|0x00000000e4800000, 0x00000000e4800000, 0x00000000e4900000|  0%| F|  |TAMS 0x00000000e4800000, 0x00000000e4800000| Untracked 
|  73|0x00000000e4900000, 0x00000000e4900000, 0x00000000e4a00000|  0%| F|  |TAMS 0x00000000e4900000, 0x00000000e4900000| Untracked 
|  74|0x00000000e4a00000, 0x00000000e4a00000, 0x00000000e4b00000|  0%| F|  |TAMS 0x00000000e4a00000, 0x00000000e4a00000| Untracked 
|  75|0x00000000e4b00000, 0x00000000e4b00000, 0x00000000e4c00000|  0%| F|  |TAMS 0x00000000e4b00000, 0x00000000e4b00000| Untracked 
|  76|0x00000000e4c00000, 0x00000000e4c00000, 0x00000000e4d00000|  0%| F|  |TAMS 0x00000000e4c00000, 0x00000000e4c00000| Untracked 
|  77|0x00000000e4d00000, 0x00000000e4d00000, 0x00000000e4e00000|  0%| F|  |TAMS 0x00000000e4d00000, 0x00000000e4d00000| Untracked 
|  78|0x00000000e4e00000, 0x00000000e4e00000, 0x00000000e4f00000|  0%| F|  |TAMS 0x00000000e4e00000, 0x00000000e4e00000| Untracked 
|  79|0x00000000e4f00000, 0x00000000e4f00000, 0x00000000e5000000|  0%| F|  |TAMS 0x00000000e4f00000, 0x00000000e4f00000| Untracked 
|  80|0x00000000e5000000, 0x00000000e5000000, 0x00000000e5100000|  0%| F|  |TAMS 0x00000000e5000000, 0x00000000e5000000| Untracked 
|  81|0x00000000e5100000, 0x00000000e5100000, 0x00000000e5200000|  0%| F|  |TAMS 0x00000000e5100000, 0x00000000e5100000| Untracked 
|  82|0x00000000e5200000, 0x00000000e5200000, 0x00000000e5300000|  0%| F|  |TAMS 0x00000000e5200000, 0x00000000e5200000| Untracked 
|  83|0x00000000e5300000, 0x00000000e5300000, 0x00000000e5400000|  0%| F|  |TAMS 0x00000000e5300000, 0x00000000e5300000| Untracked 
|  84|0x00000000e5400000, 0x00000000e5400000, 0x00000000e5500000|  0%| F|  |TAMS 0x00000000e5400000, 0x00000000e5400000| Untracked 
|  85|0x00000000e5500000, 0x00000000e5500000, 0x00000000e5600000|  0%| F|  |TAMS 0x00000000e5500000, 0x00000000e5500000| Untracked 
|  86|0x00000000e5600000, 0x00000000e5600000, 0x00000000e5700000|  0%| F|  |TAMS 0x00000000e5600000, 0x00000000e5600000| Untracked 
|  87|0x00000000e5700000, 0x00000000e5700000, 0x00000000e5800000|  0%| F|  |TAMS 0x00000000e5700000, 0x00000000e5700000| Untracked 
|  88|0x00000000e5800000, 0x00000000e5800000, 0x00000000e5900000|  0%| F|  |TAMS 0x00000000e5800000, 0x00000000e5800000| Untracked 
|  89|0x00000000e5900000, 0x00000000e5900000, 0x00000000e5a00000|  0%| F|  |TAMS 0x00000000e5900000, 0x00000000e5900000| Untracked 
|  90|0x00000000e5a00000, 0x00000000e5a00000, 0x00000000e5b00000|  0%| F|  |TAMS 0x00000000e5a00000, 0x00000000e5a00000| Untracked 
|  91|0x00000000e5b00000, 0x00000000e5b00000, 0x00000000e5c00000|  0%| F|  |TAMS 0x00000000e5b00000, 0x00000000e5b00000| Untracked 
|  92|0x00000000e5c00000, 0x00000000e5c00000, 0x00000000e5d00000|  0%| F|  |TAMS 0x00000000e5c00000, 0x00000000e5c00000| Untracked 
|  93|0x00000000e5d00000, 0x00000000e5d00000, 0x00000000e5e00000|  0%| F|  |TAMS 0x00000000e5d00000, 0x00000000e5d00000| Untracked 
|  94|0x00000000e5e00000, 0x00000000e5e00000, 0x00000000e5f00000|  0%| F|  |TAMS 0x00000000e5e00000, 0x00000000e5e00000| Untracked 
|  95|0x00000000e5f00000, 0x00000000e5f00000, 0x00000000e6000000|  0%| F|  |TAMS 0x00000000e5f00000, 0x00000000e5f00000| Untracked 
|  96|0x00000000e6000000, 0x00000000e6000000, 0x00000000e6100000|  0%| F|  |TAMS 0x00000000e6000000, 0x00000000e6000000| Untracked 
|  97|0x00000000e6100000, 0x00000000e6100000, 0x00000000e6200000|  0%| F|  |TAMS 0x00000000e6100000, 0x00000000e6100000| Untracked 
|  98|0x00000000e6200000, 0x00000000e6200000, 0x00000000e6300000|  0%| F|  |TAMS 0x00000000e6200000, 0x00000000e6200000| Untracked 
|  99|0x00000000e6300000, 0x00000000e6300000, 0x00000000e6400000|  0%| F|  |TAMS 0x00000000e6300000, 0x00000000e6300000| Untracked 
| 100|0x00000000e6400000, 0x00000000e6400000, 0x00000000e6500000|  0%| F|  |TAMS 0x00000000e6400000, 0x00000000e6400000| Untracked 
| 101|0x00000000e6500000, 0x00000000e6500000, 0x00000000e6600000|  0%| F|  |TAMS 0x00000000e6500000, 0x00000000e6500000| Untracked 
| 102|0x00000000e6600000, 0x00000000e6600000, 0x00000000e6700000|  0%| F|  |TAMS 0x00000000e6600000, 0x00000000e6600000| Untracked 
| 103|0x00000000e6700000, 0x00000000e6700000, 0x00000000e6800000|  0%| F|  |TAMS 0x00000000e6700000, 0x00000000e6700000| Untracked 
| 104|0x00000000e6800000, 0x00000000e6800000, 0x00000000e6900000|  0%| F|  |TAMS 0x00000000e6800000, 0x00000000e6800000| Untracked 
| 105|0x00000000e6900000, 0x00000000e6900000, 0x00000000e6a00000|  0%| F|  |TAMS 0x00000000e6900000, 0x00000000e6900000| Untracked 
| 106|0x00000000e6a00000, 0x00000000e6a00000, 0x00000000e6b00000|  0%| F|  |TAMS 0x00000000e6a00000, 0x00000000e6a00000| Untracked 
| 107|0x00000000e6b00000, 0x00000000e6b00000, 0x00000000e6c00000|  0%| F|  |TAMS 0x00000000e6b00000, 0x00000000e6b00000| Untracked 
| 108|0x00000000e6c00000, 0x00000000e6c00000, 0x00000000e6d00000|  0%| F|  |TAMS 0x00000000e6c00000, 0x00000000e6c00000| Untracked 
| 109|0x00000000e6d00000, 0x00000000e6d00000, 0x00000000e6e00000|  0%| F|  |TAMS 0x00000000e6d00000, 0x00000000e6d00000| Untracked 
| 110|0x00000000e6e00000, 0x00000000e6e25cf8, 0x00000000e6f00000| 14%| S|CS|TAMS 0x00000000e6e00000, 0x00000000e6e00000| Complete 
| 111|0x00000000e6f00000, 0x00000000e7000000, 0x00000000e7000000|100%| S|CS|TAMS 0x00000000e6f00000, 0x00000000e6f00000| Complete 
| 112|0x00000000e7000000, 0x00000000e7100000, 0x00000000e7100000|100%| S|CS|TAMS 0x00000000e7000000, 0x00000000e7000000| Complete 
| 113|0x00000000e7100000, 0x00000000e7200000, 0x00000000e7200000|100%| S|CS|TAMS 0x00000000e7100000, 0x00000000e7100000| Complete 
| 114|0x00000000e7200000, 0x00000000e7300000, 0x00000000e7300000|100%| S|CS|TAMS 0x00000000e7200000, 0x00000000e7200000| Complete 
| 115|0x00000000e7300000, 0x00000000e7400000, 0x00000000e7400000|100%| S|CS|TAMS 0x00000000e7300000, 0x00000000e7300000| Complete 
| 116|0x00000000e7400000, 0x00000000e7400000, 0x00000000e7500000|  0%| F|  |TAMS 0x00000000e7400000, 0x00000000e7400000| Untracked 
| 117|0x00000000e7500000, 0x00000000e7500000, 0x00000000e7600000|  0%| F|  |TAMS 0x00000000e7500000, 0x00000000e7500000| Untracked 
| 118|0x00000000e7600000, 0x00000000e7600000, 0x00000000e7700000|  0%| F|  |TAMS 0x00000000e7600000, 0x00000000e7600000| Untracked 
| 119|0x00000000e7700000, 0x00000000e7700000, 0x00000000e7800000|  0%| F|  |TAMS 0x00000000e7700000, 0x00000000e7700000| Untracked 
| 120|0x00000000e7800000, 0x00000000e7800000, 0x00000000e7900000|  0%| F|  |TAMS 0x00000000e7800000, 0x00000000e7800000| Untracked 
| 121|0x00000000e7900000, 0x00000000e7900000, 0x00000000e7a00000|  0%| F|  |TAMS 0x00000000e7900000, 0x00000000e7900000| Untracked 
| 122|0x00000000e7a00000, 0x00000000e7a00000, 0x00000000e7b00000|  0%| F|  |TAMS 0x00000000e7a00000, 0x00000000e7a00000| Untracked 
| 123|0x00000000e7b00000, 0x00000000e7b00000, 0x00000000e7c00000|  0%| F|  |TAMS 0x00000000e7b00000, 0x00000000e7b00000| Untracked 
| 124|0x00000000e7c00000, 0x00000000e7c00000, 0x00000000e7d00000|  0%| F|  |TAMS 0x00000000e7c00000, 0x00000000e7c00000| Untracked 
| 125|0x00000000e7d00000, 0x00000000e7d00000, 0x00000000e7e00000|  0%| F|  |TAMS 0x00000000e7d00000, 0x00000000e7d00000| Untracked 
| 126|0x00000000e7e00000, 0x00000000e7e00000, 0x00000000e7f00000|  0%| F|  |TAMS 0x00000000e7e00000, 0x00000000e7e00000| Untracked 
| 127|0x00000000e7f00000, 0x00000000e7f00000, 0x00000000e8000000|  0%| F|  |TAMS 0x00000000e7f00000, 0x00000000e7f00000| Untracked 
| 128|0x00000000e8000000, 0x00000000e8000000, 0x00000000e8100000|  0%| F|  |TAMS 0x00000000e8000000, 0x00000000e8000000| Untracked 
| 129|0x00000000e8100000, 0x00000000e8100000, 0x00000000e8200000|  0%| F|  |TAMS 0x00000000e8100000, 0x00000000e8100000| Untracked 
| 130|0x00000000e8200000, 0x00000000e8200000, 0x00000000e8300000|  0%| F|  |TAMS 0x00000000e8200000, 0x00000000e8200000| Untracked 
| 131|0x00000000e8300000, 0x00000000e8300000, 0x00000000e8400000|  0%| F|  |TAMS 0x00000000e8300000, 0x00000000e8300000| Untracked 
| 132|0x00000000e8400000, 0x00000000e8400000, 0x00000000e8500000|  0%| F|  |TAMS 0x00000000e8400000, 0x00000000e8400000| Untracked 
| 133|0x00000000e8500000, 0x00000000e8500000, 0x00000000e8600000|  0%| F|  |TAMS 0x00000000e8500000, 0x00000000e8500000| Untracked 
| 134|0x00000000e8600000, 0x00000000e8600000, 0x00000000e8700000|  0%| F|  |TAMS 0x00000000e8600000, 0x00000000e8600000| Untracked 
| 135|0x00000000e8700000, 0x00000000e8700000, 0x00000000e8800000|  0%| F|  |TAMS 0x00000000e8700000, 0x00000000e8700000| Untracked 
| 136|0x00000000e8800000, 0x00000000e8800000, 0x00000000e8900000|  0%| F|  |TAMS 0x00000000e8800000, 0x00000000e8800000| Untracked 
| 137|0x00000000e8900000, 0x00000000e8900000, 0x00000000e8a00000|  0%| F|  |TAMS 0x00000000e8900000, 0x00000000e8900000| Untracked 
| 138|0x00000000e8a00000, 0x00000000e8a00000, 0x00000000e8b00000|  0%| F|  |TAMS 0x00000000e8a00000, 0x00000000e8a00000| Untracked 
| 139|0x00000000e8b00000, 0x00000000e8b00000, 0x00000000e8c00000|  0%| F|  |TAMS 0x00000000e8b00000, 0x00000000e8b00000| Untracked 
| 140|0x00000000e8c00000, 0x00000000e8c00000, 0x00000000e8d00000|  0%| F|  |TAMS 0x00000000e8c00000, 0x00000000e8c00000| Untracked 
| 141|0x00000000e8d00000, 0x00000000e8d00000, 0x00000000e8e00000|  0%| F|  |TAMS 0x00000000e8d00000, 0x00000000e8d00000| Untracked 
| 142|0x00000000e8e00000, 0x00000000e8e00000, 0x00000000e8f00000|  0%| F|  |TAMS 0x00000000e8e00000, 0x00000000e8e00000| Untracked 
| 143|0x00000000e8f00000, 0x00000000e8f00000, 0x00000000e9000000|  0%| F|  |TAMS 0x00000000e8f00000, 0x00000000e8f00000| Untracked 
| 144|0x00000000e9000000, 0x00000000e9000000, 0x00000000e9100000|  0%| F|  |TAMS 0x00000000e9000000, 0x00000000e9000000| Untracked 
| 145|0x00000000e9100000, 0x00000000e9100000, 0x00000000e9200000|  0%| F|  |TAMS 0x00000000e9100000, 0x00000000e9100000| Untracked 
| 146|0x00000000e9200000, 0x00000000e9200000, 0x00000000e9300000|  0%| F|  |TAMS 0x00000000e9200000, 0x00000000e9200000| Untracked 
| 147|0x00000000e9300000, 0x00000000e9300000, 0x00000000e9400000|  0%| F|  |TAMS 0x00000000e9300000, 0x00000000e9300000| Untracked 
| 148|0x00000000e9400000, 0x00000000e9400000, 0x00000000e9500000|  0%| F|  |TAMS 0x00000000e9400000, 0x00000000e9400000| Untracked 
| 149|0x00000000e9500000, 0x00000000e9500000, 0x00000000e9600000|  0%| F|  |TAMS 0x00000000e9500000, 0x00000000e9500000| Untracked 
| 150|0x00000000e9600000, 0x00000000e9600000, 0x00000000e9700000|  0%| F|  |TAMS 0x00000000e9600000, 0x00000000e9600000| Untracked 
| 151|0x00000000e9700000, 0x00000000e9700000, 0x00000000e9800000|  0%| F|  |TAMS 0x00000000e9700000, 0x00000000e9700000| Untracked 
| 152|0x00000000e9800000, 0x00000000e9800000, 0x00000000e9900000|  0%| F|  |TAMS 0x00000000e9800000, 0x00000000e9800000| Untracked 
| 153|0x00000000e9900000, 0x00000000e9900000, 0x00000000e9a00000|  0%| F|  |TAMS 0x00000000e9900000, 0x00000000e9900000| Untracked 
| 154|0x00000000e9a00000, 0x00000000e9a00000, 0x00000000e9b00000|  0%| F|  |TAMS 0x00000000e9a00000, 0x00000000e9a00000| Untracked 
| 155|0x00000000e9b00000, 0x00000000e9b00000, 0x00000000e9c00000|  0%| F|  |TAMS 0x00000000e9b00000, 0x00000000e9b00000| Untracked 
| 156|0x00000000e9c00000, 0x00000000e9c00000, 0x00000000e9d00000|  0%| F|  |TAMS 0x00000000e9c00000, 0x00000000e9c00000| Untracked 
| 157|0x00000000e9d00000, 0x00000000e9d00000, 0x00000000e9e00000|  0%| F|  |TAMS 0x00000000e9d00000, 0x00000000e9d00000| Untracked 
| 158|0x00000000e9e00000, 0x00000000e9e00000, 0x00000000e9f00000|  0%| F|  |TAMS 0x00000000e9e00000, 0x00000000e9e00000| Untracked 
| 159|0x00000000e9f00000, 0x00000000e9f00000, 0x00000000ea000000|  0%| F|  |TAMS 0x00000000e9f00000, 0x00000000e9f00000| Untracked 
| 160|0x00000000ea000000, 0x00000000ea000000, 0x00000000ea100000|  0%| F|  |TAMS 0x00000000ea000000, 0x00000000ea000000| Untracked 
| 161|0x00000000ea100000, 0x00000000ea100000, 0x00000000ea200000|  0%| F|  |TAMS 0x00000000ea100000, 0x00000000ea100000| Untracked 
| 162|0x00000000ea200000, 0x00000000ea200000, 0x00000000ea300000|  0%| F|  |TAMS 0x00000000ea200000, 0x00000000ea200000| Untracked 
| 163|0x00000000ea300000, 0x00000000ea300000, 0x00000000ea400000|  0%| F|  |TAMS 0x00000000ea300000, 0x00000000ea300000| Untracked 
| 164|0x00000000ea400000, 0x00000000ea400000, 0x00000000ea500000|  0%| F|  |TAMS 0x00000000ea400000, 0x00000000ea400000| Untracked 
| 165|0x00000000ea500000, 0x00000000ea500000, 0x00000000ea600000|  0%| F|  |TAMS 0x00000000ea500000, 0x00000000ea500000| Untracked 
| 166|0x00000000ea600000, 0x00000000ea600000, 0x00000000ea700000|  0%| F|  |TAMS 0x00000000ea600000, 0x00000000ea600000| Untracked 
| 167|0x00000000ea700000, 0x00000000ea700000, 0x00000000ea800000|  0%| F|  |TAMS 0x00000000ea700000, 0x00000000ea700000| Untracked 
| 168|0x00000000ea800000, 0x00000000ea800000, 0x00000000ea900000|  0%| F|  |TAMS 0x00000000ea800000, 0x00000000ea800000| Untracked 
| 169|0x00000000ea900000, 0x00000000ea900000, 0x00000000eaa00000|  0%| F|  |TAMS 0x00000000ea900000, 0x00000000ea900000| Untracked 
| 170|0x00000000eaa00000, 0x00000000eaa00000, 0x00000000eab00000|  0%| F|  |TAMS 0x00000000eaa00000, 0x00000000eaa00000| Untracked 
| 171|0x00000000eab00000, 0x00000000eab00000, 0x00000000eac00000|  0%| F|  |TAMS 0x00000000eab00000, 0x00000000eab00000| Untracked 
| 172|0x00000000eac00000, 0x00000000eac00000, 0x00000000ead00000|  0%| F|  |TAMS 0x00000000eac00000, 0x00000000eac00000| Untracked 
| 173|0x00000000ead00000, 0x00000000ead00000, 0x00000000eae00000|  0%| F|  |TAMS 0x00000000ead00000, 0x00000000ead00000| Untracked 
| 174|0x00000000eae00000, 0x00000000eae00000, 0x00000000eaf00000|  0%| F|  |TAMS 0x00000000eae00000, 0x00000000eae00000| Untracked 
| 175|0x00000000eaf00000, 0x00000000eaf00000, 0x00000000eb000000|  0%| F|  |TAMS 0x00000000eaf00000, 0x00000000eaf00000| Untracked 
| 176|0x00000000eb000000, 0x00000000eb000000, 0x00000000eb100000|  0%| F|  |TAMS 0x00000000eb000000, 0x00000000eb000000| Untracked 
| 177|0x00000000eb100000, 0x00000000eb100000, 0x00000000eb200000|  0%| F|  |TAMS 0x00000000eb100000, 0x00000000eb100000| Untracked 
| 178|0x00000000eb200000, 0x00000000eb200000, 0x00000000eb300000|  0%| F|  |TAMS 0x00000000eb200000, 0x00000000eb200000| Untracked 
| 179|0x00000000eb300000, 0x00000000eb300000, 0x00000000eb400000|  0%| F|  |TAMS 0x00000000eb300000, 0x00000000eb300000| Untracked 
| 180|0x00000000eb400000, 0x00000000eb400000, 0x00000000eb500000|  0%| F|  |TAMS 0x00000000eb400000, 0x00000000eb400000| Untracked 
| 181|0x00000000eb500000, 0x00000000eb500000, 0x00000000eb600000|  0%| F|  |TAMS 0x00000000eb500000, 0x00000000eb500000| Untracked 
| 182|0x00000000eb600000, 0x00000000eb600000, 0x00000000eb700000|  0%| F|  |TAMS 0x00000000eb600000, 0x00000000eb600000| Untracked 
| 183|0x00000000eb700000, 0x00000000eb700000, 0x00000000eb800000|  0%| F|  |TAMS 0x00000000eb700000, 0x00000000eb700000| Untracked 
| 184|0x00000000eb800000, 0x00000000eb800000, 0x00000000eb900000|  0%| F|  |TAMS 0x00000000eb800000, 0x00000000eb800000| Untracked 
| 185|0x00000000eb900000, 0x00000000eb900000, 0x00000000eba00000|  0%| F|  |TAMS 0x00000000eb900000, 0x00000000eb900000| Untracked 
| 186|0x00000000eba00000, 0x00000000eba00000, 0x00000000ebb00000|  0%| F|  |TAMS 0x00000000eba00000, 0x00000000eba00000| Untracked 
| 187|0x00000000ebb00000, 0x00000000ebb00000, 0x00000000ebc00000|  0%| F|  |TAMS 0x00000000ebb00000, 0x00000000ebb00000| Untracked 
| 188|0x00000000ebc00000, 0x00000000ebc00000, 0x00000000ebd00000|  0%| F|  |TAMS 0x00000000ebc00000, 0x00000000ebc00000| Untracked 
| 189|0x00000000ebd00000, 0x00000000ebd00000, 0x00000000ebe00000|  0%| F|  |TAMS 0x00000000ebd00000, 0x00000000ebd00000| Untracked 
| 190|0x00000000ebe00000, 0x00000000ebe00000, 0x00000000ebf00000|  0%| F|  |TAMS 0x00000000ebe00000, 0x00000000ebe00000| Untracked 
| 191|0x00000000ebf00000, 0x00000000ebf00000, 0x00000000ec000000|  0%| F|  |TAMS 0x00000000ebf00000, 0x00000000ebf00000| Untracked 
| 192|0x00000000ec000000, 0x00000000ec000000, 0x00000000ec100000|  0%| F|  |TAMS 0x00000000ec000000, 0x00000000ec000000| Untracked 
| 193|0x00000000ec100000, 0x00000000ec100000, 0x00000000ec200000|  0%| F|  |TAMS 0x00000000ec100000, 0x00000000ec100000| Untracked 
| 194|0x00000000ec200000, 0x00000000ec200000, 0x00000000ec300000|  0%| F|  |TAMS 0x00000000ec200000, 0x00000000ec200000| Untracked 
| 195|0x00000000ec300000, 0x00000000ec300000, 0x00000000ec400000|  0%| F|  |TAMS 0x00000000ec300000, 0x00000000ec300000| Untracked 
| 196|0x00000000ec400000, 0x00000000ec400000, 0x00000000ec500000|  0%| F|  |TAMS 0x00000000ec400000, 0x00000000ec400000| Untracked 
| 197|0x00000000ec500000, 0x00000000ec500000, 0x00000000ec600000|  0%| F|  |TAMS 0x00000000ec500000, 0x00000000ec500000| Untracked 
| 198|0x00000000ec600000, 0x00000000ec600000, 0x00000000ec700000|  0%| F|  |TAMS 0x00000000ec600000, 0x00000000ec600000| Untracked 
| 199|0x00000000ec700000, 0x00000000ec700000, 0x00000000ec800000|  0%| F|  |TAMS 0x00000000ec700000, 0x00000000ec700000| Untracked 
| 200|0x00000000ec800000, 0x00000000ec800000, 0x00000000ec900000|  0%| F|  |TAMS 0x00000000ec800000, 0x00000000ec800000| Untracked 
| 201|0x00000000ec900000, 0x00000000ec900000, 0x00000000eca00000|  0%| F|  |TAMS 0x00000000ec900000, 0x00000000ec900000| Untracked 
| 202|0x00000000eca00000, 0x00000000eca00000, 0x00000000ecb00000|  0%| F|  |TAMS 0x00000000eca00000, 0x00000000eca00000| Untracked 
| 203|0x00000000ecb00000, 0x00000000ecb00000, 0x00000000ecc00000|  0%| F|  |TAMS 0x00000000ecb00000, 0x00000000ecb00000| Untracked 
| 204|0x00000000ecc00000, 0x00000000ecc00000, 0x00000000ecd00000|  0%| F|  |TAMS 0x00000000ecc00000, 0x00000000ecc00000| Untracked 
| 205|0x00000000ecd00000, 0x00000000ecd00000, 0x00000000ece00000|  0%| F|  |TAMS 0x00000000ecd00000, 0x00000000ecd00000| Untracked 
| 206|0x00000000ece00000, 0x00000000ece00000, 0x00000000ecf00000|  0%| F|  |TAMS 0x00000000ece00000, 0x00000000ece00000| Untracked 
| 207|0x00000000ecf00000, 0x00000000ecf00000, 0x00000000ed000000|  0%| F|  |TAMS 0x00000000ecf00000, 0x00000000ecf00000| Untracked 
| 208|0x00000000ed000000, 0x00000000ed000000, 0x00000000ed100000|  0%| F|  |TAMS 0x00000000ed000000, 0x00000000ed000000| Untracked 
| 209|0x00000000ed100000, 0x00000000ed100000, 0x00000000ed200000|  0%| F|  |TAMS 0x00000000ed100000, 0x00000000ed100000| Untracked 
| 210|0x00000000ed200000, 0x00000000ed200000, 0x00000000ed300000|  0%| F|  |TAMS 0x00000000ed200000, 0x00000000ed200000| Untracked 
| 211|0x00000000ed300000, 0x00000000ed300000, 0x00000000ed400000|  0%| F|  |TAMS 0x00000000ed300000, 0x00000000ed300000| Untracked 
| 212|0x00000000ed400000, 0x00000000ed400000, 0x00000000ed500000|  0%| F|  |TAMS 0x00000000ed400000, 0x00000000ed400000| Untracked 
| 213|0x00000000ed500000, 0x00000000ed500000, 0x00000000ed600000|  0%| F|  |TAMS 0x00000000ed500000, 0x00000000ed500000| Untracked 
| 214|0x00000000ed600000, 0x00000000ed600000, 0x00000000ed700000|  0%| F|  |TAMS 0x00000000ed600000, 0x00000000ed600000| Untracked 
| 215|0x00000000ed700000, 0x00000000ed700000, 0x00000000ed800000|  0%| F|  |TAMS 0x00000000ed700000, 0x00000000ed700000| Untracked 
| 216|0x00000000ed800000, 0x00000000ed800000, 0x00000000ed900000|  0%| F|  |TAMS 0x00000000ed800000, 0x00000000ed800000| Untracked 
| 217|0x00000000ed900000, 0x00000000ed900000, 0x00000000eda00000|  0%| F|  |TAMS 0x00000000ed900000, 0x00000000ed900000| Untracked 
| 218|0x00000000eda00000, 0x00000000eda00000, 0x00000000edb00000|  0%| F|  |TAMS 0x00000000eda00000, 0x00000000eda00000| Untracked 
| 219|0x00000000edb00000, 0x00000000edb00000, 0x00000000edc00000|  0%| F|  |TAMS 0x00000000edb00000, 0x00000000edb00000| Untracked 
| 220|0x00000000edc00000, 0x00000000edcf5cd8, 0x00000000edd00000| 96%| E|  |TAMS 0x00000000edc00000, 0x00000000edc00000| Complete 
| 221|0x00000000edd00000, 0x00000000ede00000, 0x00000000ede00000|100%| E|CS|TAMS 0x00000000edd00000, 0x00000000edd00000| Complete 
| 222|0x00000000ede00000, 0x00000000edf00000, 0x00000000edf00000|100%| E|  |TAMS 0x00000000ede00000, 0x00000000ede00000| Complete 
| 223|0x00000000edf00000, 0x00000000ee000000, 0x00000000ee000000|100%| E|CS|TAMS 0x00000000edf00000, 0x00000000edf00000| Complete 
| 224|0x00000000ee000000, 0x00000000ee100000, 0x00000000ee100000|100%| E|CS|TAMS 0x00000000ee000000, 0x00000000ee000000| Complete 
| 225|0x00000000ee100000, 0x00000000ee200000, 0x00000000ee200000|100%| E|CS|TAMS 0x00000000ee100000, 0x00000000ee100000| Complete 
| 226|0x00000000ee200000, 0x00000000ee300000, 0x00000000ee300000|100%| E|CS|TAMS 0x00000000ee200000, 0x00000000ee200000| Complete 
| 227|0x00000000ee300000, 0x00000000ee400000, 0x00000000ee400000|100%| E|CS|TAMS 0x00000000ee300000, 0x00000000ee300000| Complete 
| 228|0x00000000ee400000, 0x00000000ee500000, 0x00000000ee500000|100%| E|CS|TAMS 0x00000000ee400000, 0x00000000ee400000| Complete 
| 229|0x00000000ee500000, 0x00000000ee600000, 0x00000000ee600000|100%| E|CS|TAMS 0x00000000ee500000, 0x00000000ee500000| Complete 
| 230|0x00000000ee600000, 0x00000000ee700000, 0x00000000ee700000|100%| E|CS|TAMS 0x00000000ee600000, 0x00000000ee600000| Complete 
| 231|0x00000000ee700000, 0x00000000ee800000, 0x00000000ee800000|100%| E|CS|TAMS 0x00000000ee700000, 0x00000000ee700000| Complete 
| 232|0x00000000ee800000, 0x00000000ee900000, 0x00000000ee900000|100%| E|CS|TAMS 0x00000000ee800000, 0x00000000ee800000| Complete 
| 233|0x00000000ee900000, 0x00000000eea00000, 0x00000000eea00000|100%| E|CS|TAMS 0x00000000ee900000, 0x00000000ee900000| Complete 
| 234|0x00000000eea00000, 0x00000000eeb00000, 0x00000000eeb00000|100%| E|CS|TAMS 0x00000000eea00000, 0x00000000eea00000| Complete 
| 235|0x00000000eeb00000, 0x00000000eec00000, 0x00000000eec00000|100%| E|CS|TAMS 0x00000000eeb00000, 0x00000000eeb00000| Complete 
| 236|0x00000000eec00000, 0x00000000eed00000, 0x00000000eed00000|100%| E|CS|TAMS 0x00000000eec00000, 0x00000000eec00000| Complete 
| 237|0x00000000eed00000, 0x00000000eee00000, 0x00000000eee00000|100%| E|CS|TAMS 0x00000000eed00000, 0x00000000eed00000| Complete 
| 238|0x00000000eee00000, 0x00000000eef00000, 0x00000000eef00000|100%| E|CS|TAMS 0x00000000eee00000, 0x00000000eee00000| Complete 
| 239|0x00000000eef00000, 0x00000000ef000000, 0x00000000ef000000|100%| E|CS|TAMS 0x00000000eef00000, 0x00000000eef00000| Complete 
| 240|0x00000000ef000000, 0x00000000ef100000, 0x00000000ef100000|100%| E|CS|TAMS 0x00000000ef000000, 0x00000000ef000000| Complete 
| 241|0x00000000ef100000, 0x00000000ef200000, 0x00000000ef200000|100%| E|CS|TAMS 0x00000000ef100000, 0x00000000ef100000| Complete 
| 242|0x00000000ef200000, 0x00000000ef300000, 0x00000000ef300000|100%| E|CS|TAMS 0x00000000ef200000, 0x00000000ef200000| Complete 
| 243|0x00000000ef300000, 0x00000000ef400000, 0x00000000ef400000|100%| E|CS|TAMS 0x00000000ef300000, 0x00000000ef300000| Complete 
| 244|0x00000000ef400000, 0x00000000ef500000, 0x00000000ef500000|100%| E|CS|TAMS 0x00000000ef400000, 0x00000000ef400000| Complete 
| 245|0x00000000ef500000, 0x00000000ef600000, 0x00000000ef600000|100%| E|CS|TAMS 0x00000000ef500000, 0x00000000ef500000| Complete 
| 246|0x00000000ef600000, 0x00000000ef700000, 0x00000000ef700000|100%| E|CS|TAMS 0x00000000ef600000, 0x00000000ef600000| Complete 
| 247|0x00000000ef700000, 0x00000000ef800000, 0x00000000ef800000|100%| E|CS|TAMS 0x00000000ef700000, 0x00000000ef700000| Complete 
| 248|0x00000000ef800000, 0x00000000ef900000, 0x00000000ef900000|100%| E|CS|TAMS 0x00000000ef800000, 0x00000000ef800000| Complete 
| 249|0x00000000ef900000, 0x00000000efa00000, 0x00000000efa00000|100%| E|CS|TAMS 0x00000000ef900000, 0x00000000ef900000| Complete 
| 250|0x00000000efa00000, 0x00000000efb00000, 0x00000000efb00000|100%| E|CS|TAMS 0x00000000efa00000, 0x00000000efa00000| Complete 
| 251|0x00000000efb00000, 0x00000000efc00000, 0x00000000efc00000|100%| E|CS|TAMS 0x00000000efb00000, 0x00000000efb00000| Complete 
| 252|0x00000000efc00000, 0x00000000efd00000, 0x00000000efd00000|100%| E|CS|TAMS 0x00000000efc00000, 0x00000000efc00000| Complete 
| 253|0x00000000efd00000, 0x00000000efe00000, 0x00000000efe00000|100%| E|CS|TAMS 0x00000000efd00000, 0x00000000efd00000| Complete 
| 254|0x00000000efe00000, 0x00000000eff00000, 0x00000000eff00000|100%| E|CS|TAMS 0x00000000efe00000, 0x00000000efe00000| Complete 
| 255|0x00000000eff00000, 0x00000000f0000000, 0x00000000f0000000|100%| E|CS|TAMS 0x00000000eff00000, 0x00000000eff00000| Complete 

Card table byte_map: [0x00000111755c0000,0x00000111756c0000] _byte_map_base: 0x0000011174ec0000

Marking Bits (Prev, Next): (CMBitMap*) 0x000001115c496dc0, (CMBitMap*) 0x000001115c496e00
 Prev Bits: [0x00000111757c0000, 0x0000011175fc0000)
 Next Bits: [0x0000011175fc0000, 0x00000111767c0000)

Polling page: 0x000001115c540000

Metaspace:

Usage:
  Non-class:     47.48 MB used.
      Class:      7.60 MB used.
       Both:     55.07 MB used.

Virtual space:
  Non-class space:       64.00 MB reserved,      47.75 MB ( 75%) committed,  1 nodes.
      Class space:      320.00 MB reserved,       7.94 MB (  2%) committed,  1 nodes.
             Both:      384.00 MB reserved,      55.69 MB ( 15%) committed. 

Chunk freelists:
   Non-Class:  15.88 MB
       Class:  8.04 MB
        Both:  23.92 MB

MaxMetaspaceSize: 384.00 MB
CompressedClassSpaceSize: 320.00 MB
Initial GC threshold: 21.00 MB
Current GC threshold: 59.19 MB
CDS: on
MetaspaceReclaimPolicy: balanced
 - commit_granule_bytes: 65536.
 - commit_granule_words: 8192.
 - virtual_space_node_default_size: 8388608.
 - enlarge_chunks_in_place: 1.
 - new_chunks_are_fully_committed: 0.
 - uncommit_free_chunks: 1.
 - use_allocation_guard: 0.
 - handle_deallocations: 1.


Internal statistics:

num_allocs_failed_limit: 9.
num_arena_births: 728.
num_arena_deaths: 0.
num_vsnodes_births: 2.
num_vsnodes_deaths: 0.
num_space_committed: 891.
num_space_uncommitted: 0.
num_chunks_returned_to_freelist: 9.
num_chunks_taken_from_freelist: 3151.
num_chunk_merges: 9.
num_chunk_splits: 1979.
num_chunks_enlarged: 1216.
num_inconsistent_stats: 0.

CodeHeap 'non-profiled nmethods': size=119168Kb used=5801Kb max_used=5980Kb free=113367Kb
 bounds [0x000001116d080000, 0x000001116d660000, 0x00000111744e0000]
CodeHeap 'profiled nmethods': size=119104Kb used=20204Kb max_used=21216Kb free=98899Kb
 bounds [0x00000111654e0000, 0x00000111669a0000, 0x000001116c930000]
CodeHeap 'non-nmethods': size=7488Kb used=2895Kb max_used=4089Kb free=4592Kb
 bounds [0x000001116c930000, 0x000001116cd30000, 0x000001116d080000]
 total_blobs=10850 nmethods=10001 adapters=758
 compilation: enabled
              stopped_count=0, restarted_count=0
 full_count=0

Compilation events (20 events):
Event: 81.597 Thread 0x000001117979c970 11376       3       org.gradle.internal.dispatch.ProxyDispatchAdapter$DispatchingInvocationHandler::<init> (15 bytes)
Event: 81.597 Thread 0x000001117979c970 nmethod 11376 0x00000111660ae910 code [0x00000111660aeac0, 0x00000111660aecd8]
Event: 81.598 Thread 0x000001117979c060 nmethod 11374 0x000001116d538e90 code [0x000001116d539000, 0x000001116d539138]
Event: 81.809 Thread 0x000001117979c060 11377       4       io.spring.gradle.dependencymanagement.org.apache.maven.model.inheritance.DefaultInheritanceAssembler$InheritanceModelMerger::mergePlugin (71 bytes)
Event: 81.825 Thread 0x000001117979c970 11383       3       org.gradle.api.internal.DefaultDomainObjectCollection::addEagerAction (32 bytes)
Event: 81.827 Thread 0x000001117979c970 nmethod 11383 0x0000011165a0b490 code [0x0000011165a0b660, 0x0000011165a0bb18]
Event: 81.827 Thread 0x000001117979c970 11384       3       org.gradle.api.internal.collections.DefaultCollectionEventRegister::registerEagerAddAction (7 bytes)
Event: 81.827 Thread 0x000001117979c970 nmethod 11384 0x000001116618ed10 code [0x000001116618eee0, 0x000001116618f218]
Event: 81.827 Thread 0x000001117979c970 11385       3       org.gradle.api.internal.collections.DefaultCollectionEventRegister::registerEagerAddDecoratedAction (11 bytes)
Event: 81.828 Thread 0x000001117979c970 nmethod 11385 0x0000011165a64a10 code [0x0000011165a64bc0, 0x0000011165a64e98]
Event: 81.828 Thread 0x000001117979c970 11386       3       org.gradle.api.internal.collections.DefaultCollectionEventRegister::subscribe (62 bytes)
Event: 81.828 Thread 0x000001117979c970 nmethod 11386 0x0000011165bf9290 code [0x0000011165bf94a0, 0x0000011165bf9d28]
Event: 81.829 Thread 0x000001117979c970 11387       3       it.unimi.dsi.fastutil.HashCommon::nextPowerOfTwo (53 bytes)
Event: 81.829 Thread 0x000001117979c970 nmethod 11387 0x0000011165ee1d90 code [0x0000011165ee1f20, 0x0000011165ee20d8]
Event: 81.829 Thread 0x000001117979c970 11388       3       it.unimi.dsi.fastutil.HashCommon::maxFill (16 bytes)
Event: 81.829 Thread 0x000001117979c970 nmethod 11388 0x0000011166069690 code [0x0000011166069840, 0x0000011166069aa8]
Event: 81.855 Thread 0x000001117979c970 11390       3       org.gradle.api.internal.artifacts.DefaultDependencyManagementServices$DependencyResolutionScopeServices::lambda$createRepositoriesSupplier$1 (75 bytes)
Event: 81.860 Thread 0x000001117979c970 nmethod 11390 0x0000011165cf7310 code [0x0000011165cf77e0, 0x0000011165cf9fb8]
Event: 81.860 Thread 0x000001117979c970 11391       3       org.gradle.api.internal.collections.AbstractIterationOrderRetainingElementSource::constantTimeIsEmpty (10 bytes)
Event: 81.860 Thread 0x000001117979c970 nmethod 11391 0x0000011165ee1910 code [0x0000011165ee1ac0, 0x0000011165ee1c88]

GC Heap History (20 events):
Event: 0.393 GC heap before
{Heap before GC invocations=0 (full 0):
 garbage-first heap   total 262144K, used 26624K [0x00000000e0000000, 0x0000000100000000)
  region size 1024K, 23 young (23552K), 0 survivors (0K)
 Metaspace       used 2761K, committed 2880K, reserved 393216K
  class space    used 325K, committed 384K, reserved 327680K
}
Event: 0.396 GC heap after
{Heap after GC invocations=1 (full 0):
 garbage-first heap   total 262144K, used 10837K [0x00000000e0000000, 0x0000000100000000)
  region size 1024K, 3 young (3072K), 3 survivors (3072K)
 Metaspace       used 2761K, committed 2880K, reserved 393216K
  class space    used 325K, committed 384K, reserved 327680K
}
Event: 0.679 GC heap before
{Heap before GC invocations=1 (full 0):
 garbage-first heap   total 262144K, used 38485K [0x00000000e0000000, 0x0000000100000000)
  region size 1024K, 30 young (30720K), 3 survivors (3072K)
 Metaspace       used 4077K, committed 4224K, reserved 393216K
  class space    used 495K, committed 576K, reserved 327680K
}
Event: 0.681 GC heap after
{Heap after GC invocations=2 (full 0):
 garbage-first heap   total 262144K, used 11751K [0x00000000e0000000, 0x0000000100000000)
  region size 1024K, 1 young (1024K), 1 survivors (1024K)
 Metaspace       used 4077K, committed 4224K, reserved 393216K
  class space    used 495K, committed 576K, reserved 327680K
}
Event: 2.114 GC heap before
{Heap before GC invocations=2 (full 0):
 garbage-first heap   total 262144K, used 132583K [0x00000000e0000000, 0x0000000100000000)
  region size 1024K, 119 young (121856K), 1 survivors (1024K)
 Metaspace       used 21197K, committed 21504K, reserved 393216K
  class space    used 3105K, committed 3264K, reserved 327680K
}
Event: 2.120 GC heap after
{Heap after GC invocations=3 (full 0):
 garbage-first heap   total 262144K, used 23026K [0x00000000e0000000, 0x0000000100000000)
  region size 1024K, 12 young (12288K), 12 survivors (12288K)
 Metaspace       used 21197K, committed 21504K, reserved 393216K
  class space    used 3105K, committed 3264K, reserved 327680K
}
Event: 5.345 GC heap before
{Heap before GC invocations=4 (full 0):
 garbage-first heap   total 262144K, used 145906K [0x00000000e0000000, 0x0000000100000000)
  region size 1024K, 129 young (132096K), 12 survivors (12288K)
 Metaspace       used 35566K, committed 35968K, reserved 393216K
  class space    used 4932K, committed 5120K, reserved 327680K
}
Event: 5.356 GC heap after
{Heap after GC invocations=5 (full 0):
 garbage-first heap   total 262144K, used 33472K [0x00000000e0000000, 0x0000000100000000)
  region size 1024K, 11 young (11264K), 11 survivors (11264K)
 Metaspace       used 35566K, committed 35968K, reserved 393216K
  class space    used 4932K, committed 5120K, reserved 327680K
}
Event: 5.382 GC heap before
{Heap before GC invocations=5 (full 0):
 garbage-first heap   total 262144K, used 34496K [0x00000000e0000000, 0x0000000100000000)
  region size 1024K, 12 young (12288K), 11 survivors (11264K)
 Metaspace       used 35731K, committed 36224K, reserved 393216K
  class space    used 4959K, committed 5184K, reserved 327680K
}
Event: 5.386 GC heap after
{Heap after GC invocations=6 (full 0):
 garbage-first heap   total 262144K, used 33882K [0x00000000e0000000, 0x0000000100000000)
  region size 1024K, 2 young (2048K), 2 survivors (2048K)
 Metaspace       used 35731K, committed 36224K, reserved 393216K
  class space    used 4959K, committed 5184K, reserved 327680K
}
Event: 5.426 GC heap before
{Heap before GC invocations=6 (full 0):
 garbage-first heap   total 262144K, used 34906K [0x00000000e0000000, 0x0000000100000000)
  region size 1024K, 4 young (4096K), 2 survivors (2048K)
 Metaspace       used 35881K, committed 36288K, reserved 393216K
  class space    used 4975K, committed 5184K, reserved 327680K
}
Event: 5.428 GC heap after
{Heap after GC invocations=7 (full 0):
 garbage-first heap   total 262144K, used 32826K [0x00000000e0000000, 0x0000000100000000)
  region size 1024K, 1 young (1024K), 1 survivors (1024K)
 Metaspace       used 35881K, committed 36288K, reserved 393216K
  class space    used 4975K, committed 5184K, reserved 327680K
}
Event: 12.653 GC heap before
{Heap before GC invocations=8 (full 0):
 garbage-first heap   total 262144K, used 189498K [0x00000000e0000000, 0x0000000100000000)
  region size 1024K, 153 young (156672K), 1 survivors (1024K)
 Metaspace       used 48174K, committed 48640K, reserved 393216K
  class space    used 6859K, committed 7104K, reserved 327680K
}
Event: 12.658 GC heap after
{Heap after GC invocations=9 (full 0):
 garbage-first heap   total 262144K, used 41503K [0x00000000e0000000, 0x0000000100000000)
  region size 1024K, 9 young (9216K), 9 survivors (9216K)
 Metaspace       used 48174K, committed 48640K, reserved 393216K
  class space    used 6859K, committed 7104K, reserved 327680K
}
Event: 12.678 GC heap before
{Heap before GC invocations=9 (full 0):
 garbage-first heap   total 262144K, used 44575K [0x00000000e0000000, 0x0000000100000000)
  region size 1024K, 12 young (12288K), 9 survivors (9216K)
 Metaspace       used 48199K, committed 48704K, reserved 393216K
  class space    used 6863K, committed 7104K, reserved 327680K
}
Event: 12.682 GC heap after
{Heap after GC invocations=10 (full 0):
 garbage-first heap   total 262144K, used 42384K [0x00000000e0000000, 0x0000000100000000)
  region size 1024K, 2 young (2048K), 2 survivors (2048K)
 Metaspace       used 48199K, committed 48704K, reserved 393216K
  class space    used 6863K, committed 7104K, reserved 327680K
}
Event: 22.085 GC heap before
{Heap before GC invocations=10 (full 0):
 garbage-first heap   total 262144K, used 195984K [0x00000000e0000000, 0x0000000100000000)
  region size 1024K, 153 young (156672K), 2 survivors (2048K)
 Metaspace       used 54190K, committed 54784K, reserved 393216K
  class space    used 7563K, committed 7872K, reserved 327680K
}
Event: 22.094 GC heap after
{Heap after GC invocations=11 (full 0):
 garbage-first heap   total 262144K, used 54012K [0x00000000e0000000, 0x0000000100000000)
  region size 1024K, 13 young (13312K), 13 survivors (13312K)
 Metaspace       used 54190K, committed 54784K, reserved 393216K
  class space    used 7563K, committed 7872K, reserved 327680K
}
Event: 72.705 GC heap before
{Heap before GC invocations=11 (full 0):
 garbage-first heap   total 262144K, used 196348K [0x00000000e0000000, 0x0000000100000000)
  region size 1024K, 153 young (156672K), 13 survivors (13312K)
 Metaspace       used 56060K, committed 56704K, reserved 393216K
  class space    used 7753K, committed 8064K, reserved 327680K
}
Event: 72.824 GC heap after
{Heap after GC invocations=12 (full 0):
 garbage-first heap   total 262144K, used 56849K [0x00000000e0000000, 0x0000000100000000)
  region size 1024K, 6 young (6144K), 6 survivors (6144K)
 Metaspace       used 56060K, committed 56704K, reserved 393216K
  class space    used 7753K, committed 8064K, reserved 327680K
}

Deoptimization events (20 events):
Event: 80.613 Thread 0x0000011115491ec0 DEOPT PACKING pc=0x000001116d2759dc sp=0x00000006795f95a0
Event: 80.613 Thread 0x0000011115491ec0 DEOPT UNPACKING pc=0x000001116c9823a3 sp=0x00000006795f9540 mode 2
Event: 80.634 Thread 0x0000011115491ec0 Uncommon trap: trap_request=0xffffffc6 fr.pc=0x000001116d64fb2c relative=0x0000000000000aac
Event: 80.634 Thread 0x0000011115491ec0 Uncommon trap: reason=bimorphic_or_optimized_type_check action=maybe_recompile pc=0x000001116d64fb2c method=java.util.stream.FindOps$FindOp.evaluateSequential(Ljava/util/stream/PipelineHelper;Ljava/util/Spliterator;)Ljava/lang/Object; @ 14 c2
Event: 80.634 Thread 0x0000011115491ec0 DEOPT PACKING pc=0x000001116d64fb2c sp=0x00000006795f8750
Event: 80.634 Thread 0x0000011115491ec0 DEOPT UNPACKING pc=0x000001116c9823a3 sp=0x00000006795f8730 mode 2
Event: 80.768 Thread 0x00000111168318c0 Uncommon trap: trap_request=0xffffffc6 fr.pc=0x000001116d347628 relative=0x0000000000000188
Event: 80.768 Thread 0x00000111168318c0 Uncommon trap: reason=bimorphic_or_optimized_type_check action=maybe_recompile pc=0x000001116d347628 method=java.util.stream.StreamOpFlag.fromCharacteristics(Ljava/util/Spliterator;)I @ 14 c2
Event: 80.768 Thread 0x00000111168318c0 DEOPT PACKING pc=0x000001116d347628 sp=0x00000006022fe4f0
Event: 80.768 Thread 0x00000111168318c0 DEOPT UNPACKING pc=0x000001116c9823a3 sp=0x00000006022fe3d8 mode 2
Event: 80.888 Thread 0x00000111168318c0 Uncommon trap: trap_request=0xffffffc6 fr.pc=0x000001116d1ef5e8 relative=0x0000000000000788
Event: 80.888 Thread 0x00000111168318c0 Uncommon trap: reason=bimorphic_or_optimized_type_check action=maybe_recompile pc=0x000001116d1ef5e8 method=java.util.stream.MatchOps$MatchOp.evaluateSequential(Ljava/util/stream/PipelineHelper;Ljava/util/Spliterator;)Ljava/lang/Boolean; @ 14 c2
Event: 80.888 Thread 0x00000111168318c0 DEOPT PACKING pc=0x000001116d1ef5e8 sp=0x00000006022fa880
Event: 80.888 Thread 0x00000111168318c0 DEOPT UNPACKING pc=0x000001116c9823a3 sp=0x00000006022fa7b8 mode 2
Event: 80.995 Thread 0x00000111168318c0 Uncommon trap: trap_request=0xffffff76 fr.pc=0x000001116d392540 relative=0x00000000000001a0
Event: 80.995 Thread 0x00000111168318c0 Uncommon trap: reason=predicate action=maybe_recompile pc=0x000001116d392540 method=java.util.LinkedHashMap.keysToArray([Ljava/lang/Object;)[Ljava/lang/Object; @ 12 c2
Event: 80.995 Thread 0x00000111168318c0 DEOPT PACKING pc=0x000001116d392540 sp=0x00000006022f96e0
Event: 80.995 Thread 0x00000111168318c0 DEOPT UNPACKING pc=0x000001116c9823a3 sp=0x00000006022f9698 mode 2
Event: 81.391 Thread 0x00000111168318c0 DEOPT PACKING pc=0x00000111655c466b sp=0x00000006022f96d0
Event: 81.391 Thread 0x00000111168318c0 DEOPT UNPACKING pc=0x000001116c982b43 sp=0x00000006022f8b78 mode 0

Classes unloaded (0 events):
No events

Classes redefined (0 events):
No events

Internal exceptions (20 events):
Event: 23.972 Thread 0x0000011115491ec0 Exception <a 'java/lang/ClassNotFoundException'{0x00000000e8eb3348}: org/gradle/api/internal/tasks/TaskStateInternalCustomizer> (0x00000000e8eb3348) 
thrown [s\open\src\hotspot\share\classfile\systemDictionary.cpp, line 256]
Event: 23.978 Thread 0x0000011115491ec0 Exception <a 'java/lang/ClassNotFoundException'{0x00000000e8dd37f8}: java/lang/StringBeanInfo> (0x00000000e8dd37f8) 
thrown [s\open\src\hotspot\share\classfile\systemDictionary.cpp, line 256]
Event: 23.978 Thread 0x0000011115491ec0 Exception <a 'java/lang/ClassNotFoundException'{0x00000000e8dd8928}: java/lang/StringCustomizer> (0x00000000e8dd8928) 
thrown [s\open\src\hotspot\share\classfile\systemDictionary.cpp, line 256]
Event: 23.983 Thread 0x0000011115491ec0 Exception <a 'java/lang/ClassNotFoundException'{0x00000000e8c26408}: org/gradle/api/internal/tasks/DefaultTaskOutputsBeanInfo> (0x00000000e8c26408) 
thrown [s\open\src\hotspot\share\classfile\systemDictionary.cpp, line 256]
Event: 23.983 Thread 0x0000011115491ec0 Exception <a 'java/lang/ClassNotFoundException'{0x00000000e8c2fb98}: org/gradle/api/internal/tasks/DefaultTaskOutputsCustomizer> (0x00000000e8c2fb98) 
thrown [s\open\src\hotspot\share\classfile\systemDictionary.cpp, line 256]
Event: 23.988 Thread 0x0000011115491ec0 Exception <a 'java/lang/NoSuchMethodError'{0x00000000e8c620b0}: 'void java.lang.invoke.DirectMethodHandle$Holder.invokeSpecial(java.lang.Object, java.lang.Object, int)'> (0x00000000e8c620b0) 
thrown [s\open\src\hotspot\share\interpreter\linkResolver.cpp, line 759]
Event: 23.992 Thread 0x0000011115491ec0 Exception <a 'java/lang/NoSuchMethodError'{0x00000000e8c85bd8}: 'void java.lang.invoke.DirectMethodHandle$Holder.invokeVirtual(java.lang.Object, java.lang.Object)'> (0x00000000e8c85bd8) 
thrown [s\open\src\hotspot\share\interpreter\linkResolver.cpp, line 759]
Event: 25.106 Thread 0x0000011115af1a60 Exception <a 'java/io/IOException'{0x00000000e81c9490}> (0x00000000e81c9490) 
thrown [s\open\src\hotspot\share\prims\jni.cpp, line 516]
Event: 25.345 Thread 0x0000011115491ec0 Exception <a 'sun/nio/fs/WindowsException'{0x00000000e7fe8870}> (0x00000000e7fe8870) 
thrown [s\open\src\hotspot\share\prims\jni.cpp, line 516]
Event: 25.347 Thread 0x0000011115491ec0 Exception <a 'sun/nio/fs/WindowsException'{0x00000000e7fe9de8}> (0x00000000e7fe9de8) 
thrown [s\open\src\hotspot\share\prims\jni.cpp, line 516]
Event: 25.351 Thread 0x0000011115491ec0 Exception <a 'sun/nio/fs/WindowsException'{0x00000000e7feb360}> (0x00000000e7feb360) 
thrown [s\open\src\hotspot\share\prims\jni.cpp, line 516]
Event: 25.352 Thread 0x0000011115491ec0 Exception <a 'sun/nio/fs/WindowsException'{0x00000000e7fec8c8}> (0x00000000e7fec8c8) 
thrown [s\open\src\hotspot\share\prims\jni.cpp, line 516]
Event: 40.981 Thread 0x0000011115491ec0 Exception <a 'java/lang/ClassNotFoundException'{0x00000000e7b8dee0}: settings_cpo8lmy0is5sjc7scvl8glsegBeanInfo> (0x00000000e7b8dee0) 
thrown [s\open\src\hotspot\share\classfile\systemDictionary.cpp, line 256]
Event: 40.982 Thread 0x0000011115491ec0 Exception <a 'java/lang/ClassNotFoundException'{0x00000000e7a1f810}: settings_cpo8lmy0is5sjc7scvl8glsegCustomizer> (0x00000000e7a1f810) 
thrown [s\open\src\hotspot\share\classfile\systemDictionary.cpp, line 256]
Event: 70.281 Thread 0x0000011115491ec0 Exception <a 'java/lang/ClassNotFoundException'{0x00000000e75653c0}: build_5xcp2mv75khnmj33gfghzrowrBeanInfo> (0x00000000e75653c0) 
thrown [s\open\src\hotspot\share\classfile\systemDictionary.cpp, line 256]
Event: 70.286 Thread 0x0000011115491ec0 Exception <a 'java/lang/ClassNotFoundException'{0x00000000e756bdb8}: build_5xcp2mv75khnmj33gfghzrowrCustomizer> (0x00000000e756bdb8) 
thrown [s\open\src\hotspot\share\classfile\systemDictionary.cpp, line 256]
Event: 73.890 Thread 0x0000011115491ec0 Exception <a 'java/lang/NoClassDefFoundError'{0x00000000efa27758}: org/jetbrains/kotlin/gradle/plugin/KotlinPluginWrapper> (0x00000000efa27758) 
thrown [s\open\src\hotspot\share\oops\constantPool.cpp, line 835]
Event: 73.890 Thread 0x0000011115491ec0 Exception <a 'java/lang/NoClassDefFoundError'{0x00000000efa29850}: org/graalvm/buildtools/gradle/NativeImagePlugin> (0x00000000efa29850) 
thrown [s\open\src\hotspot\share\oops\constantPool.cpp, line 835]
Event: 80.257 Thread 0x0000011115491ec0 Exception <a 'java/lang/ClassNotFoundException'{0x00000000ef708340}: build_5xcp2mv75khnmj33gfghzrowrBeanInfo> (0x00000000ef708340) 
thrown [s\open\src\hotspot\share\classfile\systemDictionary.cpp, line 256]
Event: 80.258 Thread 0x0000011115491ec0 Exception <a 'java/lang/ClassNotFoundException'{0x00000000ef70ecd8}: build_5xcp2mv75khnmj33gfghzrowrCustomizer> (0x00000000ef70ecd8) 
thrown [s\open\src\hotspot\share\classfile\systemDictionary.cpp, line 256]

VM Operations (20 events):
Event: 63.308 Executing VM operation: Cleanup
Event: 63.308 Executing VM operation: Cleanup done
Event: 68.346 Executing VM operation: Cleanup
Event: 68.347 Executing VM operation: Cleanup done
Event: 70.363 Executing VM operation: Cleanup
Event: 70.424 Executing VM operation: Cleanup done
Event: 71.427 Executing VM operation: Cleanup
Event: 71.427 Executing VM operation: Cleanup done
Event: 72.435 Executing VM operation: Cleanup
Event: 72.451 Executing VM operation: Cleanup done
Event: 72.702 Executing VM operation: G1CollectForAllocation
Event: 72.824 Executing VM operation: G1CollectForAllocation done
Event: 73.831 Executing VM operation: Cleanup
Event: 73.863 Executing VM operation: Cleanup done
Event: 73.863 Executing VM operation: HandshakeAllThreads
Event: 73.863 Executing VM operation: HandshakeAllThreads done
Event: 74.866 Executing VM operation: Cleanup
Event: 74.866 Executing VM operation: Cleanup done
Event: 80.906 Executing VM operation: Cleanup
Event: 80.908 Executing VM operation: Cleanup done

Events (20 events):
Event: 81.310 Thread 0x0000011115a33bd0 Thread added: 0x0000011115a33bd0
Event: 81.329 Thread 0x0000011115a340e0 Thread added: 0x0000011115a340e0
Event: 81.345 Thread 0x0000011115a35010 Thread added: 0x0000011115a35010
Event: 81.356 Thread 0x0000011115a35f40 Thread added: 0x0000011115a35f40
Event: 81.366 Thread 0x0000011115a2ff10 Thread added: 0x0000011115a2ff10
Event: 81.392 Thread 0x0000011115a30930 Thread added: 0x0000011115a30930
Event: 81.406 Thread 0x0000011115a37890 Thread added: 0x0000011115a37890
Event: 81.418 Thread 0x0000011115a36450 Thread added: 0x0000011115a36450
Event: 81.435 Thread 0x0000011115a31860 Thread added: 0x0000011115a31860
Event: 81.449 Thread 0x0000011115a36e70 Thread added: 0x0000011115a36e70
Event: 81.468 Thread 0x0000011115a30420 Thread added: 0x0000011115a30420
Event: 81.482 Thread 0x0000011115a30e40 Thread added: 0x0000011115a30e40
Event: 81.496 Thread 0x0000011115a31350 Thread added: 0x0000011115a31350
Event: 81.506 Thread 0x0000011116ab0810 Thread added: 0x0000011116ab0810
Event: 81.517 Thread 0x0000011116ab4ef0 Thread added: 0x0000011116ab4ef0
Event: 81.534 Thread 0x0000011116ab1740 Thread added: 0x0000011116ab1740
Event: 81.547 Thread 0x0000011116ab5910 Thread added: 0x0000011116ab5910
Event: 81.574 Thread 0x0000011116ab1c50 Thread added: 0x0000011116ab1c50
Event: 81.757 Thread 0x0000011116ab35a0 Thread added: 0x0000011116ab35a0
Event: 81.844 Thread 0x0000011116ab49e0 Thread added: 0x0000011116ab49e0


Dynamic libraries:
0x00007ff7e47b0000 - 0x00007ff7e47c0000 	P:\Dev\Tools\Java\jdk-17\bin\java.exe
0x00007ffb6f430000 - 0x00007ffb6f628000 	C:\WINDOWS\SYSTEM32\ntdll.dll
0x00007ffb6e270000 - 0x00007ffb6e32d000 	C:\WINDOWS\System32\KERNEL32.DLL
0x00007ffb6cf90000 - 0x00007ffb6d286000 	C:\WINDOWS\System32\KERNELBASE.dll
0x00007ffb6cae0000 - 0x00007ffb6cbe0000 	C:\WINDOWS\System32\ucrtbase.dll
0x00007ffb30990000 - 0x00007ffb309a9000 	P:\Dev\Tools\Java\jdk-17\bin\jli.dll
0x00007ffb325d0000 - 0x00007ffb325eb000 	P:\Dev\Tools\Java\jdk-17\bin\VCRUNTIME140.dll
0x00007ffb6e1c0000 - 0x00007ffb6e270000 	C:\WINDOWS\System32\ADVAPI32.dll
0x00007ffb6e050000 - 0x00007ffb6e0ee000 	C:\WINDOWS\System32\msvcrt.dll
0x00007ffb6f240000 - 0x00007ffb6f2e0000 	C:\WINDOWS\System32\sechost.dll
0x00007ffb6e4a0000 - 0x00007ffb6e5c5000 	C:\WINDOWS\System32\RPCRT4.dll
0x00007ffb6cd80000 - 0x00007ffb6cda7000 	C:\WINDOWS\System32\bcrypt.dll
0x00007ffb6d870000 - 0x00007ffb6da0e000 	C:\WINDOWS\System32\USER32.dll
0x00007ffb6cd50000 - 0x00007ffb6cd72000 	C:\WINDOWS\System32\win32u.dll
0x00007ffb6db30000 - 0x00007ffb6db5b000 	C:\WINDOWS\System32\GDI32.dll
0x00007ffb57170000 - 0x00007ffb5740a000 	C:\WINDOWS\WinSxS\amd64_microsoft.windows.common-controls_6595b64144ccf1df_6.0.19041.3636_none_60b6a03d71f818d5\COMCTL32.dll
0x00007ffb6cc30000 - 0x00007ffb6cd47000 	C:\WINDOWS\System32\gdi32full.dll
0x00007ffb6cdb0000 - 0x00007ffb6ce4d000 	C:\WINDOWS\System32\msvcp_win.dll
0x00007ffb570a0000 - 0x00007ffb570aa000 	C:\WINDOWS\SYSTEM32\VERSION.dll
0x00007ffb6f180000 - 0x00007ffb6f1b2000 	C:\WINDOWS\System32\IMM32.DLL
0x00007ffb46100000 - 0x00007ffb4610c000 	P:\Dev\Tools\Java\jdk-17\bin\vcruntime140_1.dll
0x00007ffb257c0000 - 0x00007ffb2584e000 	P:\Dev\Tools\Java\jdk-17\bin\msvcp140.dll
0x00007ffb24bd0000 - 0x00007ffb257b1000 	P:\Dev\Tools\Java\jdk-17\bin\server\jvm.dll
0x00007ffb6f170000 - 0x00007ffb6f178000 	C:\WINDOWS\System32\PSAPI.DLL
0x00007ffb5f140000 - 0x00007ffb5f167000 	C:\WINDOWS\SYSTEM32\WINMM.dll
0x00007ffb68340000 - 0x00007ffb68349000 	C:\WINDOWS\SYSTEM32\WSOCK32.dll
0x00007ffb6e0f0000 - 0x00007ffb6e15b000 	C:\WINDOWS\System32\WS2_32.dll
0x00007ffb6a930000 - 0x00007ffb6a942000 	C:\WINDOWS\SYSTEM32\kernel.appcore.dll
0x00007ffb43440000 - 0x00007ffb4344a000 	P:\Dev\Tools\Java\jdk-17\bin\jimage.dll
0x00007ffb6a190000 - 0x00007ffb6a374000 	C:\WINDOWS\SYSTEM32\DBGHELP.DLL
0x00007ffb4e6b0000 - 0x00007ffb4e6e4000 	C:\WINDOWS\SYSTEM32\dbgcore.DLL
0x00007ffb6ce50000 - 0x00007ffb6ced2000 	C:\WINDOWS\System32\bcryptPrimitives.dll
0x00007ffb54aa0000 - 0x00007ffb54aae000 	P:\Dev\Tools\Java\jdk-17\bin\instrument.dll
0x00007ffb28160000 - 0x00007ffb28185000 	P:\Dev\Tools\Java\jdk-17\bin\java.dll
0x00007ffb24af0000 - 0x00007ffb24bc7000 	P:\Dev\Tools\Java\jdk-17\bin\jsvml.dll
0x00007ffb6e780000 - 0x00007ffb6eeeb000 	C:\WINDOWS\System32\SHELL32.dll
0x00007ffb6ab60000 - 0x00007ffb6b2fe000 	C:\WINDOWS\SYSTEM32\windows.storage.dll
0x00007ffb6d510000 - 0x00007ffb6d863000 	C:\WINDOWS\System32\combase.dll
0x00007ffb6c510000 - 0x00007ffb6c53e000 	C:\WINDOWS\SYSTEM32\Wldp.dll
0x00007ffb6f0a0000 - 0x00007ffb6f16d000 	C:\WINDOWS\System32\OLEAUT32.dll
0x00007ffb6f340000 - 0x00007ffb6f3ed000 	C:\WINDOWS\System32\SHCORE.dll
0x00007ffb6e160000 - 0x00007ffb6e1b5000 	C:\WINDOWS\System32\shlwapi.dll
0x00007ffb6ca10000 - 0x00007ffb6ca35000 	C:\WINDOWS\SYSTEM32\profapi.dll
0x00007ffb28400000 - 0x00007ffb28418000 	P:\Dev\Tools\Java\jdk-17\bin\zip.dll
0x00007ffb2c350000 - 0x00007ffb2c369000 	P:\Dev\Tools\Java\jdk-17\bin\net.dll
0x00007ffb67050000 - 0x00007ffb6715a000 	C:\WINDOWS\SYSTEM32\WINHTTP.dll
0x00007ffb6c270000 - 0x00007ffb6c2da000 	C:\WINDOWS\system32\mswsock.dll
0x00007ffb284e0000 - 0x00007ffb284f6000 	P:\Dev\Tools\Java\jdk-17\bin\nio.dll
0x00007ffb390f0000 - 0x00007ffb39100000 	P:\Dev\Tools\Java\jdk-17\bin\verify.dll
0x00007ffb51c00000 - 0x00007ffb51c27000 	C:\Users\Jaesin\.gradle\native\c067742578af261105cb4f569cf0c3c89f3d7b1fecec35dd04571415982c5e48\windows-amd64\native-platform.dll
0x00007ffb24290000 - 0x00007ffb243d4000 	C:\Users\Jaesin\.gradle\native\38dada09dfb8b06ba9b0570ebf7e218e3eb74d4ef43ca46872605cf95ebc2f47\windows-amd64\native-platform-file-events.dll
0x00007ffb42db0000 - 0x00007ffb42dba000 	P:\Dev\Tools\Java\jdk-17\bin\management.dll
0x00007ffb3ff00000 - 0x00007ffb3ff0b000 	P:\Dev\Tools\Java\jdk-17\bin\management_ext.dll
0x00007ffb6c460000 - 0x00007ffb6c478000 	C:\WINDOWS\SYSTEM32\CRYPTSP.dll
0x00007ffb6bb30000 - 0x00007ffb6bb64000 	C:\WINDOWS\system32\rsaenh.dll
0x00007ffb6c9d0000 - 0x00007ffb6c9fe000 	C:\WINDOWS\SYSTEM32\USERENV.dll
0x00007ffb6c480000 - 0x00007ffb6c48c000 	C:\WINDOWS\SYSTEM32\CRYPTBASE.dll
0x00007ffb6bf10000 - 0x00007ffb6bf4b000 	C:\WINDOWS\SYSTEM32\IPHLPAPI.DLL
0x00007ffb6db60000 - 0x00007ffb6db68000 	C:\WINDOWS\System32\NSI.dll
0x00007ffb65a50000 - 0x00007ffb65a67000 	C:\WINDOWS\SYSTEM32\dhcpcsvc6.DLL
0x00007ffb65a30000 - 0x00007ffb65a4d000 	C:\WINDOWS\SYSTEM32\dhcpcsvc.DLL
0x00007ffb6bf50000 - 0x00007ffb6c01b000 	C:\WINDOWS\SYSTEM32\DNSAPI.dll
0x00007ffb38310000 - 0x00007ffb3831e000 	P:\Dev\Tools\Java\jdk-17\bin\sunmscapi.dll
0x00007ffb6d290000 - 0x00007ffb6d3ed000 	C:\WINDOWS\System32\CRYPT32.dll
0x00007ffb6c580000 - 0x00007ffb6c5a8000 	C:\WINDOWS\SYSTEM32\ncrypt.dll
0x00007ffb6c540000 - 0x00007ffb6c57b000 	C:\WINDOWS\SYSTEM32\NTASN1.dll
0x00007ffb3a6f0000 - 0x00007ffb3a6f7000 	C:\WINDOWS\system32\wshunix.dll

dbghelp: loaded successfully - version: 4.0.5 - missing functions: none
symbol engine: initialized successfully - sym options: 0x614 - pdb path: (cannot be retrieved)

VM Arguments:
jvm_args: --add-opens=java.base/java.util=ALL-UNNAMED --add-opens=java.base/java.lang=ALL-UNNAMED --add-opens=java.base/java.lang.invoke=ALL-UNNAMED --add-opens=java.prefs/java.util.prefs=ALL-UNNAMED --add-opens=java.base/java.nio.charset=ALL-UNNAMED --add-opens=java.base/java.net=ALL-UNNAMED --add-opens=java.base/java.util.concurrent.atomic=ALL-UNNAMED -XX:MaxMetaspaceSize=384m -XX:+HeapDumpOnOutOfMemoryError -Xms256m -Xmx512m -Dfile.encoding=x-windows-949 -Duser.country=KR -Duser.language=ko -Duser.variant -javaagent:C:\Users\Jaesin\.gradle\wrapper\dists\gradle-8.7-bin\bhs2wmbdwecv87pi65oeuq5iu\gradle-8.7\lib\agents\gradle-instrumentation-agent-8.7.jar 
java_command: org.gradle.launcher.daemon.bootstrap.GradleDaemon 8.7
java_class_path (initial): C:\Users\Jaesin\.gradle\wrapper\dists\gradle-8.7-bin\bhs2wmbdwecv87pi65oeuq5iu\gradle-8.7\lib\gradle-launcher-8.7.jar
Launcher Type: SUN_STANDARD

[Global flags]
     intx CICompilerCount                          = 12                                        {product} {ergonomic}
   size_t CompressedClassSpaceSize                 = 335544320                                 {product} {ergonomic}
     uint ConcGCThreads                            = 3                                         {product} {ergonomic}
     uint G1ConcRefinementThreads                  = 13                                        {product} {ergonomic}
   size_t G1HeapRegionSize                         = 1048576                                   {product} {ergonomic}
    uintx GCDrainStackTargetSize                   = 64                                        {product} {ergonomic}
     bool HeapDumpOnOutOfMemoryError               = true                                   {manageable} {command line}
   size_t InitialHeapSize                          = 268435456                                 {product} {command line}
   size_t MarkStackSize                            = 4194304                                   {product} {ergonomic}
   size_t MaxHeapSize                              = 536870912                                 {product} {command line}
   size_t MaxMetaspaceSize                         = 402653184                                 {product} {command line}
   size_t MaxNewSize                               = 321912832                                 {product} {ergonomic}
   size_t MinHeapDeltaBytes                        = 1048576                                   {product} {ergonomic}
   size_t MinHeapSize                              = 268435456                                 {product} {command line}
    uintx NonNMethodCodeHeapSize                   = 7602480                                {pd product} {ergonomic}
    uintx NonProfiledCodeHeapSize                  = 122027880                              {pd product} {ergonomic}
    uintx ProfiledCodeHeapSize                     = 122027880                              {pd product} {ergonomic}
    uintx ReservedCodeCacheSize                    = 251658240                              {pd product} {ergonomic}
     bool SegmentedCodeCache                       = true                                      {product} {ergonomic}
   size_t SoftMaxHeapSize                          = 536870912                              {manageable} {ergonomic}
     bool UseCompressedClassPointers               = true                           {product lp64_product} {ergonomic}
     bool UseCompressedOops                        = true                           {product lp64_product} {ergonomic}
     bool UseG1GC                                  = true                                      {product} {ergonomic}
     bool UseLargePagesIndividualAllocation        = false                                  {pd product} {ergonomic}

Logging:
Log output configuration:
 #0: stdout all=warning uptime,level,tags
 #1: stderr all=off uptime,level,tags

Environment Variables:
JAVA_HOME=P:\Dev\Tools\Java\jdk-17
PATH=C:\Program Files\Common Files\Oracle\Java\javapath;P:\Dev\Tools\Java\jdk-17\bin;C:\WINDOWS\system32;C:\WINDOWS;C:\WINDOWS\System32\Wbem;C:\WINDOWS\System32\WindowsPowerShell\v1.0\;C:\WINDOWS\System32\OpenSSH\;P:\Dev\Tools\VS_Code\;C:\Program Files\Bandizip\;P:\Dev\Tools\Git\cmd;C:\Program Files\PowerShell\7\;C:\Program Files\Docker\Docker\resources\bin;P:\Dev\Tools\flutter\bin;P:\Dev\Tools\Erlang\Erlang OTP;P:\Dev\Tools\Ruby32\bin;C:\Users\Jaesin\AppData\Local\Programs\Python\Launcher\;C:\Program Files\MySQL\MySQL Shell 8.0\bin\;C:\Users\Jaesin\AppData\Local\Microsoft\WindowsApps;P:\Dev\tools\java\IntelliJ IDEA Community Edition 2023.2.4\bin;P:\Dev\Tools\VS_Code\Microsoft VS Code\bin;C:\Users\Jaesin\AppData\Roaming\npm;C:\Users\Jaesin\AppData\Local\GitHubDesktop\bin;C:\Users\Jaesin\AppData\Local\Programs\oh-my-posh\bin
USERNAME=Jaesin
OS=Windows_NT
PROCESSOR_IDENTIFIER=Intel64 Family 6 Model 186 Stepping 2, GenuineIntel



---------------  S Y S T E M  ---------------

OS:
 Windows 10 , 64 bit Build 19041 (10.0.19041.3636)
OS uptime: 2 days 13:09 hours
Hyper-V role detected

CPU: total 16 (initial active 16) (8 cores per cpu, 2 threads per core) family 6 model 186 stepping 2 microcode 0x410e, cx8, cmov, fxsr, ht, mmx, 3dnowpref, sse, sse2, sse3, ssse3, sse4.1, sse4.2, popcnt, lzcnt, tsc, tscinvbit, avx, avx2, aes, erms, clmul, bmi1, bmi2, adx, sha, fma, vzeroupper, clflush, clflushopt, clwb, hv

Memory: 4k page, system-wide physical 15932M (463M free)
TotalPageFile size 45524M (AvailPageFile size 0M)
current process WorkingSet (physical memory assigned to process): 223M, peak: 420M
current process commit charge ("private bytes"): 505M, peak: 526M

vm_info: Java HotSpot(TM) 64-Bit Server VM (17.0.9+11-LTS-201) for windows-amd64 JRE (17.0.9+11-LTS-201), built on Oct 10 2023 23:16:06 by "mach5one" with MS VC++ 17.1 (VS2022)

END.
