#
# There is insufficient memory for the Java Runtime Environment to continue.
# Native memory allocation (malloc) failed to allocate 32744 bytes for ChunkPool::allocate
# Possible reasons:
#   The system is out of physical RAM or swap space
#   The process is running with CompressedOops enabled, and the Java Heap may be blocking the growth of the native heap
# Possible solutions:
#   Reduce memory load on the system
#   Increase physical memory or swap space
#   Check if swap backing store is full
#   Decrease Java heap size (-Xmx/-Xms)
#   Decrease number of Java threads
#   Decrease Java thread stack sizes (-Xss)
#   Set larger code cache with -XX:ReservedCodeCacheSize=
#   JVM is running with Unscaled Compressed Oops mode in which the Java heap is
#     placed in the first 4GB address space. The Java Heap base address is the
#     maximum limit for the native heap growth. Please use -XX:HeapBaseMinAddress
#     to set the Java Heap base and to place the Java Heap above 4GB virtual address.
# This output file may be truncated or incomplete.
#
#  Out of Memory Error (arena.cpp:78), pid=13800, tid=20740
#
# JRE version: Java(TM) SE Runtime Environment (17.0.9+11) (build 17.0.9+11-LTS-201)
# Java VM: Java HotSpot(TM) 64-Bit Server VM (17.0.9+11-LTS-201, mixed mode, sharing, tiered, compressed oops, compressed class ptrs, g1 gc, windows-amd64)
# No core dump will be written. Minidumps are not enabled by default on client versions of Windows
#

---------------  S U M M A R Y ------------

Command Line: --add-opens=java.base/java.util=ALL-UNNAMED --add-opens=java.base/java.lang=ALL-UNNAMED --add-opens=java.base/java.lang.invoke=ALL-UNNAMED --add-opens=java.prefs/java.util.prefs=ALL-UNNAMED --add-opens=java.base/java.nio.charset=ALL-UNNAMED --add-opens=java.base/java.net=ALL-UNNAMED --add-opens=java.base/java.util.concurrent.atomic=ALL-UNNAMED -XX:MaxMetaspaceSize=384m -XX:+HeapDumpOnOutOfMemoryError -Xms256m -Xmx512m -Dfile.encoding=x-windows-949 -Duser.country=KR -Duser.language=ko -Duser.variant -javaagent:C:\Users\Jaesin\.gradle\wrapper\dists\gradle-8.7-bin\bhs2wmbdwecv87pi65oeuq5iu\gradle-8.7\lib\agents\gradle-instrumentation-agent-8.7.jar org.gradle.launcher.daemon.bootstrap.GradleDaemon 8.7

Host: 13th Gen Intel(R) Core(TM) i5-1340P, 16 cores, 15G,  Windows 10 , 64 bit Build 19041 (10.0.19041.3636)
Time: Wed Apr 17 21:57:00 2024  Windows 10 , 64 bit Build 19041 (10.0.19041.3636) elapsed time: 10.842061 seconds (0d 0h 0m 10s)

---------------  T H R E A D  ---------------

Current thread (0x0000021a5ff35820):  JavaThread "C2 CompilerThread0" daemon [_thread_in_native, id=20740, stack(0x0000007ff5d00000,0x0000007ff5e00000)]


Current CompileTask:
C2:  10844 2530   !   4       java.lang.ClassLoader::loadClass (121 bytes)

Stack: [0x0000007ff5d00000,0x0000007ff5e00000]
Native frames: (J=compiled Java code, j=interpreted, Vv=VM code, C=native code)
V  [jvm.dll+0x678a4a]
V  [jvm.dll+0x7d9cfd]
V  [jvm.dll+0x7db60e]
V  [jvm.dll+0x7dbc73]
V  [jvm.dll+0x245e1f]
V  [jvm.dll+0xaad50]
V  [jvm.dll+0xab09c]
V  [jvm.dll+0x79e329]
V  [jvm.dll+0x6d580f]
V  [jvm.dll+0x348e72]
V  [jvm.dll+0x33de7e]
V  [jvm.dll+0x3458e0]
V  [jvm.dll+0x1a8300]
V  [jvm.dll+0x68edac]
V  [jvm.dll+0x689016]
V  [jvm.dll+0x688660]
V  [jvm.dll+0x68656a]
V  [jvm.dll+0x1a6ddc]
V  [jvm.dll+0x2aaa1c]
V  [jvm.dll+0x691043]
V  [jvm.dll+0x689016]
V  [jvm.dll+0x688660]
V  [jvm.dll+0x68656a]
V  [jvm.dll+0x1a6ddc]
V  [jvm.dll+0x2aaa1c]
V  [jvm.dll+0x691043]
V  [jvm.dll+0x689016]
V  [jvm.dll+0x688660]
V  [jvm.dll+0x68656a]
V  [jvm.dll+0x1a6ddc]
V  [jvm.dll+0x1a796b]
V  [jvm.dll+0x2aaa1c]
V  [jvm.dll+0x691043]
V  [jvm.dll+0x689016]
V  [jvm.dll+0x688660]
V  [jvm.dll+0x68656a]
V  [jvm.dll+0x1a6ddc]
V  [jvm.dll+0x1a796b]
V  [jvm.dll+0x2aaa1c]
V  [jvm.dll+0x691043]
V  [jvm.dll+0x689016]
V  [jvm.dll+0x688660]
V  [jvm.dll+0x68656a]
V  [jvm.dll+0x1a6ddc]
V  [jvm.dll+0x1a796b]
V  [jvm.dll+0x2aaa1c]
V  [jvm.dll+0x691043]
V  [jvm.dll+0x689016]
V  [jvm.dll+0x688660]
V  [jvm.dll+0x68656a]
V  [jvm.dll+0x1a6ddc]
V  [jvm.dll+0x1a796b]
V  [jvm.dll+0x1a796b]
V  [jvm.dll+0x1a78a9]
V  [jvm.dll+0x2aaa1c]
V  [jvm.dll+0x691043]
V  [jvm.dll+0x689016]
V  [jvm.dll+0x688660]
V  [jvm.dll+0x68656a]
V  [jvm.dll+0x1a6ddc]
V  [jvm.dll+0x217118]
V  [jvm.dll+0x1a3bc0]
V  [jvm.dll+0x2272de]
V  [jvm.dll+0x22548b]
V  [jvm.dll+0x78f58c]
V  [jvm.dll+0x78998a]
V  [jvm.dll+0x677875]
C  [ucrtbase.dll+0x21bb2]
C  [KERNEL32.DLL+0x17344]
C  [ntdll.dll+0x526b1]


---------------  P R O C E S S  ---------------

Threads class SMR info:
_java_thread_list=0x0000021a795532b0, length=26, elements={
0x0000021a44b873c0, 0x0000021a5ff15e80, 0x0000021a5ff16c10, 0x0000021a5ff2fde0,
0x0000021a5ff318c0, 0x0000021a5ff342a0, 0x0000021a5ff34b70, 0x0000021a5ff35820,
0x0000021a5ff38de0, 0x0000021a790a8050, 0x0000021a5ff028e0, 0x0000021a791f8d60,
0x0000021a7abca9c0, 0x0000021a7ac183d0, 0x0000021a7aa49040, 0x0000021a7ac75040,
0x0000021a7a968250, 0x0000021a7a93ea50, 0x0000021a7a93fe90, 0x0000021a7a93e540,
0x0000021a7a9403a0, 0x0000021a7a93f470, 0x0000021a7a93ef60, 0x0000021a7a93f980,
0x0000021a7a9412d0, 0x0000021a7a940dc0
}

Java Threads: ( => current thread )
  0x0000021a44b873c0 JavaThread "main" [_thread_blocked, id=33804, stack(0x0000007ff5000000,0x0000007ff5100000)]
  0x0000021a5ff15e80 JavaThread "Reference Handler" daemon [_thread_blocked, id=40376, stack(0x0000007ff5700000,0x0000007ff5800000)]
  0x0000021a5ff16c10 JavaThread "Finalizer" daemon [_thread_blocked, id=17904, stack(0x0000007ff5800000,0x0000007ff5900000)]
  0x0000021a5ff2fde0 JavaThread "Signal Dispatcher" daemon [_thread_blocked, id=18652, stack(0x0000007ff5900000,0x0000007ff5a00000)]
  0x0000021a5ff318c0 JavaThread "Attach Listener" daemon [_thread_blocked, id=39332, stack(0x0000007ff5a00000,0x0000007ff5b00000)]
  0x0000021a5ff342a0 JavaThread "Service Thread" daemon [_thread_blocked, id=40928, stack(0x0000007ff5b00000,0x0000007ff5c00000)]
  0x0000021a5ff34b70 JavaThread "Monitor Deflation Thread" daemon [_thread_blocked, id=25236, stack(0x0000007ff5c00000,0x0000007ff5d00000)]
=>0x0000021a5ff35820 JavaThread "C2 CompilerThread0" daemon [_thread_in_native, id=20740, stack(0x0000007ff5d00000,0x0000007ff5e00000)]
  0x0000021a5ff38de0 JavaThread "C1 CompilerThread0" daemon [_thread_blocked, id=32912, stack(0x0000007ff5e00000,0x0000007ff5f00000)]
  0x0000021a790a8050 JavaThread "Sweeper thread" daemon [_thread_blocked, id=22836, stack(0x0000007ff5f00000,0x0000007ff6000000)]
  0x0000021a5ff028e0 JavaThread "Common-Cleaner" daemon [_thread_blocked, id=30816, stack(0x0000007ff6000000,0x0000007ff6100000)]
  0x0000021a791f8d60 JavaThread "Notification Thread" daemon [_thread_blocked, id=35228, stack(0x0000007ff6100000,0x0000007ff6200000)]
  0x0000021a7abca9c0 JavaThread "Daemon health stats" [_thread_blocked, id=6528, stack(0x0000007ff6800000,0x0000007ff6900000)]
  0x0000021a7ac183d0 JavaThread "Incoming local TCP Connector on port 63397" [_thread_in_native, id=13452, stack(0x0000007ff6a00000,0x0000007ff6b00000)]
  0x0000021a7aa49040 JavaThread "Daemon periodic checks" [_thread_blocked, id=10624, stack(0x0000007ff6b00000,0x0000007ff6c00000)]
  0x0000021a7ac75040 JavaThread "Daemon" [_thread_blocked, id=41388, stack(0x0000007ff6c00000,0x0000007ff6d00000)]
  0x0000021a7a968250 JavaThread "Handler for socket connection from /127.0.0.1:63397 to /127.0.0.1:63398" [_thread_in_native, id=39112, stack(0x0000007ff6d00000,0x0000007ff6e00000)]
  0x0000021a7a93ea50 JavaThread "Cancel handler" [_thread_blocked, id=35240, stack(0x0000007ff6e00000,0x0000007ff6f00000)]
  0x0000021a7a93fe90 JavaThread "Daemon worker" [_thread_in_vm, id=23252, stack(0x0000007ff6f00000,0x0000007ff7000000)]
  0x0000021a7a93e540 JavaThread "Asynchronous log dispatcher for DefaultDaemonConnection: socket connection from /127.0.0.1:63397 to /127.0.0.1:63398" [_thread_blocked, id=23764, stack(0x0000007ff7000000,0x0000007ff7100000)]
  0x0000021a7a9403a0 JavaThread "Stdin handler" [_thread_blocked, id=31224, stack(0x0000007ff7100000,0x0000007ff7200000)]
  0x0000021a7a93f470 JavaThread "Daemon client event forwarder" [_thread_blocked, id=924, stack(0x0000007ff7200000,0x0000007ff7300000)]
  0x0000021a7a93ef60 JavaThread "Cache worker for journal cache (C:\Users\Jaesin\.gradle\caches\journal-1)" [_thread_blocked, id=39004, stack(0x0000007ff7300000,0x0000007ff7400000)]
  0x0000021a7a93f980 JavaThread "File lock request listener" [_thread_in_native, id=3712, stack(0x0000007ff7400000,0x0000007ff7500000)]
  0x0000021a7a9412d0 JavaThread "File lock release action executor" [_thread_blocked, id=26720, stack(0x0000007ff6900000,0x0000007ff6a00000)]
  0x0000021a7a940dc0 JavaThread "Cache worker for file hash cache (C:\Users\Jaesin\.gradle\caches\8.7\fileHashes)" [_thread_blocked, id=32080, stack(0x0000007ff7500000,0x0000007ff7600000)]

Other Threads:
  0x0000021a5ff12370 VMThread "VM Thread" [stack: 0x0000007ff5600000,0x0000007ff5700000] [id=34500]
  0x0000021a44bcd9b0 WatcherThread [stack: 0x0000007ff6200000,0x0000007ff6300000] [id=29888]
  0x0000021a44bb6060 GCTaskThread "GC Thread#0" [stack: 0x0000007ff5100000,0x0000007ff5200000] [id=31700]
  0x0000021a79bcca50 GCTaskThread "GC Thread#1" [stack: 0x0000007ff6300000,0x0000007ff6400000] [id=18328]
  0x0000021a79bccd10 GCTaskThread "GC Thread#2" [stack: 0x0000007ff6400000,0x0000007ff6500000] [id=37440]
  0x0000021a79bccfd0 GCTaskThread "GC Thread#3" [stack: 0x0000007ff6500000,0x0000007ff6600000] [id=31252]
  0x0000021a79d78fa0 GCTaskThread "GC Thread#4" [stack: 0x0000007ff6600000,0x0000007ff6700000] [id=32276]
  0x0000021a79d79260 GCTaskThread "GC Thread#5" [stack: 0x0000007ff6700000,0x0000007ff6800000] [id=31400]
  0x0000021a44bbbed0 ConcurrentGCThread "G1 Main Marker" [stack: 0x0000007ff5200000,0x0000007ff5300000] [id=26472]
  0x0000021a44bbcf90 ConcurrentGCThread "G1 Conc#0" [stack: 0x0000007ff5300000,0x0000007ff5400000] [id=30672]
  0x0000021a44c5ddf0 ConcurrentGCThread "G1 Refine#0" [stack: 0x0000007ff5400000,0x0000007ff5500000] [id=30280]
  0x0000021a44c5e730 ConcurrentGCThread "G1 Service" [stack: 0x0000007ff5500000,0x0000007ff5600000] [id=6704]

Threads with active compile tasks:
C2 CompilerThread0    11218 2530   !   4       java.lang.ClassLoader::loadClass (121 bytes)

VM state: not at safepoint (normal execution)

VM Mutex/Monitor currently owned by a thread: None

Heap address: 0x00000000e0000000, size: 512 MB, Compressed Oops mode: 32-bit

CDS archive(s) mapped at: [0x0000021a60000000-0x0000021a60bd0000-0x0000021a60bd0000), size 12386304, SharedBaseAddress: 0x0000021a60000000, ArchiveRelocationMode: 1.
Compressed class space mapped at: 0x0000021a61000000-0x0000021a75000000, reserved size: 335544320
Narrow klass base: 0x0000021a60000000, Narrow klass shift: 0, Narrow klass range: 0x100000000

GC Precious Log:
 CPUs: 16 total, 16 available
 Memory: 15932M
 Large Page Support: Disabled
 NUMA Support: Disabled
 Compressed Oops: Enabled (32-bit)
 Heap Region Size: 1M
 Heap Min Capacity: 256M
 Heap Initial Capacity: 256M
 Heap Max Capacity: 512M
 Pre-touch: Disabled
 Parallel Workers: 13
 Concurrent Workers: 3
 Concurrent Refinement Workers: 13
 Periodic GC: Disabled

Heap:
 garbage-first heap   total 262144K, used 90382K [0x00000000e0000000, 0x0000000100000000)
  region size 1024K, 78 young (79872K), 1 survivors (1024K)
 Metaspace       used 15948K, committed 16192K, reserved 393216K
  class space    used 2229K, committed 2368K, reserved 327680K

Heap Regions: E=young(eden), S=young(survivor), O=old, HS=humongous(starts), HC=humongous(continues), CS=collection set, F=free, OA=open archive, CA=closed archive, TAMS=top-at-mark-start (previous, next)
|   0|0x00000000e0000000, 0x00000000e0100000, 0x00000000e0100000|100%|HS|  |TAMS 0x00000000e0000000, 0x00000000e0000000| Complete 
|   1|0x00000000e0100000, 0x00000000e0200000, 0x00000000e0200000|100%|HC|  |TAMS 0x00000000e0100000, 0x00000000e0100000| Complete 
|   2|0x00000000e0200000, 0x00000000e0300000, 0x00000000e0300000|100%|HC|  |TAMS 0x00000000e0200000, 0x00000000e0200000| Complete 
|   3|0x00000000e0300000, 0x00000000e0400000, 0x00000000e0400000|100%|HC|  |TAMS 0x00000000e0300000, 0x00000000e0300000| Complete 
|   4|0x00000000e0400000, 0x00000000e0500000, 0x00000000e0500000|100%| O|  |TAMS 0x00000000e0400000, 0x00000000e0400000| Untracked 
|   5|0x00000000e0500000, 0x00000000e0600000, 0x00000000e0600000|100%| O|  |TAMS 0x00000000e0500000, 0x00000000e0500000| Untracked 
|   6|0x00000000e0600000, 0x00000000e0700000, 0x00000000e0700000|100%| O|  |TAMS 0x00000000e0600000, 0x00000000e0600000| Untracked 
|   7|0x00000000e0700000, 0x00000000e0800000, 0x00000000e0800000|100%| O|  |TAMS 0x00000000e0700000, 0x00000000e0700000| Untracked 
|   8|0x00000000e0800000, 0x00000000e0900000, 0x00000000e0900000|100%| O|  |TAMS 0x00000000e0800000, 0x00000000e0800000| Untracked 
|   9|0x00000000e0900000, 0x00000000e0a00000, 0x00000000e0a00000|100%| O|  |TAMS 0x00000000e0900000, 0x00000000e0900000| Untracked 
|  10|0x00000000e0a00000, 0x00000000e0a79600, 0x00000000e0b00000| 47%| O|  |TAMS 0x00000000e0a00000, 0x00000000e0a00000| Untracked 
|  11|0x00000000e0b00000, 0x00000000e0c00000, 0x00000000e0c00000|100%|HS|  |TAMS 0x00000000e0b00000, 0x00000000e0b00000| Complete 
|  12|0x00000000e0c00000, 0x00000000e0c00000, 0x00000000e0d00000|  0%| F|  |TAMS 0x00000000e0c00000, 0x00000000e0c00000| Untracked 
|  13|0x00000000e0d00000, 0x00000000e0d00000, 0x00000000e0e00000|  0%| F|  |TAMS 0x00000000e0d00000, 0x00000000e0d00000| Untracked 
|  14|0x00000000e0e00000, 0x00000000e0e00000, 0x00000000e0f00000|  0%| F|  |TAMS 0x00000000e0e00000, 0x00000000e0e00000| Untracked 
|  15|0x00000000e0f00000, 0x00000000e0f00000, 0x00000000e1000000|  0%| F|  |TAMS 0x00000000e0f00000, 0x00000000e0f00000| Untracked 
|  16|0x00000000e1000000, 0x00000000e1000000, 0x00000000e1100000|  0%| F|  |TAMS 0x00000000e1000000, 0x00000000e1000000| Untracked 
|  17|0x00000000e1100000, 0x00000000e1100000, 0x00000000e1200000|  0%| F|  |TAMS 0x00000000e1100000, 0x00000000e1100000| Untracked 
|  18|0x00000000e1200000, 0x00000000e1200000, 0x00000000e1300000|  0%| F|  |TAMS 0x00000000e1200000, 0x00000000e1200000| Untracked 
|  19|0x00000000e1300000, 0x00000000e1300000, 0x00000000e1400000|  0%| F|  |TAMS 0x00000000e1300000, 0x00000000e1300000| Untracked 
|  20|0x00000000e1400000, 0x00000000e1400000, 0x00000000e1500000|  0%| F|  |TAMS 0x00000000e1400000, 0x00000000e1400000| Untracked 
|  21|0x00000000e1500000, 0x00000000e1500000, 0x00000000e1600000|  0%| F|  |TAMS 0x00000000e1500000, 0x00000000e1500000| Untracked 
|  22|0x00000000e1600000, 0x00000000e1600000, 0x00000000e1700000|  0%| F|  |TAMS 0x00000000e1600000, 0x00000000e1600000| Untracked 
|  23|0x00000000e1700000, 0x00000000e1700000, 0x00000000e1800000|  0%| F|  |TAMS 0x00000000e1700000, 0x00000000e1700000| Untracked 
|  24|0x00000000e1800000, 0x00000000e1800000, 0x00000000e1900000|  0%| F|  |TAMS 0x00000000e1800000, 0x00000000e1800000| Untracked 
|  25|0x00000000e1900000, 0x00000000e1900000, 0x00000000e1a00000|  0%| F|  |TAMS 0x00000000e1900000, 0x00000000e1900000| Untracked 
|  26|0x00000000e1a00000, 0x00000000e1a00000, 0x00000000e1b00000|  0%| F|  |TAMS 0x00000000e1a00000, 0x00000000e1a00000| Untracked 
|  27|0x00000000e1b00000, 0x00000000e1b00000, 0x00000000e1c00000|  0%| F|  |TAMS 0x00000000e1b00000, 0x00000000e1b00000| Untracked 
|  28|0x00000000e1c00000, 0x00000000e1c00000, 0x00000000e1d00000|  0%| F|  |TAMS 0x00000000e1c00000, 0x00000000e1c00000| Untracked 
|  29|0x00000000e1d00000, 0x00000000e1d00000, 0x00000000e1e00000|  0%| F|  |TAMS 0x00000000e1d00000, 0x00000000e1d00000| Untracked 
|  30|0x00000000e1e00000, 0x00000000e1e00000, 0x00000000e1f00000|  0%| F|  |TAMS 0x00000000e1e00000, 0x00000000e1e00000| Untracked 
|  31|0x00000000e1f00000, 0x00000000e1f00000, 0x00000000e2000000|  0%| F|  |TAMS 0x00000000e1f00000, 0x00000000e1f00000| Untracked 
|  32|0x00000000e2000000, 0x00000000e2000000, 0x00000000e2100000|  0%| F|  |TAMS 0x00000000e2000000, 0x00000000e2000000| Untracked 
|  33|0x00000000e2100000, 0x00000000e2100000, 0x00000000e2200000|  0%| F|  |TAMS 0x00000000e2100000, 0x00000000e2100000| Untracked 
|  34|0x00000000e2200000, 0x00000000e2200000, 0x00000000e2300000|  0%| F|  |TAMS 0x00000000e2200000, 0x00000000e2200000| Untracked 
|  35|0x00000000e2300000, 0x00000000e2300000, 0x00000000e2400000|  0%| F|  |TAMS 0x00000000e2300000, 0x00000000e2300000| Untracked 
|  36|0x00000000e2400000, 0x00000000e2400000, 0x00000000e2500000|  0%| F|  |TAMS 0x00000000e2400000, 0x00000000e2400000| Untracked 
|  37|0x00000000e2500000, 0x00000000e2500000, 0x00000000e2600000|  0%| F|  |TAMS 0x00000000e2500000, 0x00000000e2500000| Untracked 
|  38|0x00000000e2600000, 0x00000000e2600000, 0x00000000e2700000|  0%| F|  |TAMS 0x00000000e2600000, 0x00000000e2600000| Untracked 
|  39|0x00000000e2700000, 0x00000000e2700000, 0x00000000e2800000|  0%| F|  |TAMS 0x00000000e2700000, 0x00000000e2700000| Untracked 
|  40|0x00000000e2800000, 0x00000000e2800000, 0x00000000e2900000|  0%| F|  |TAMS 0x00000000e2800000, 0x00000000e2800000| Untracked 
|  41|0x00000000e2900000, 0x00000000e2900000, 0x00000000e2a00000|  0%| F|  |TAMS 0x00000000e2900000, 0x00000000e2900000| Untracked 
|  42|0x00000000e2a00000, 0x00000000e2a00000, 0x00000000e2b00000|  0%| F|  |TAMS 0x00000000e2a00000, 0x00000000e2a00000| Untracked 
|  43|0x00000000e2b00000, 0x00000000e2b00000, 0x00000000e2c00000|  0%| F|  |TAMS 0x00000000e2b00000, 0x00000000e2b00000| Untracked 
|  44|0x00000000e2c00000, 0x00000000e2c00000, 0x00000000e2d00000|  0%| F|  |TAMS 0x00000000e2c00000, 0x00000000e2c00000| Untracked 
|  45|0x00000000e2d00000, 0x00000000e2d00000, 0x00000000e2e00000|  0%| F|  |TAMS 0x00000000e2d00000, 0x00000000e2d00000| Untracked 
|  46|0x00000000e2e00000, 0x00000000e2e00000, 0x00000000e2f00000|  0%| F|  |TAMS 0x00000000e2e00000, 0x00000000e2e00000| Untracked 
|  47|0x00000000e2f00000, 0x00000000e2f00000, 0x00000000e3000000|  0%| F|  |TAMS 0x00000000e2f00000, 0x00000000e2f00000| Untracked 
|  48|0x00000000e3000000, 0x00000000e3000000, 0x00000000e3100000|  0%| F|  |TAMS 0x00000000e3000000, 0x00000000e3000000| Untracked 
|  49|0x00000000e3100000, 0x00000000e3100000, 0x00000000e3200000|  0%| F|  |TAMS 0x00000000e3100000, 0x00000000e3100000| Untracked 
|  50|0x00000000e3200000, 0x00000000e3200000, 0x00000000e3300000|  0%| F|  |TAMS 0x00000000e3200000, 0x00000000e3200000| Untracked 
|  51|0x00000000e3300000, 0x00000000e3300000, 0x00000000e3400000|  0%| F|  |TAMS 0x00000000e3300000, 0x00000000e3300000| Untracked 
|  52|0x00000000e3400000, 0x00000000e3400000, 0x00000000e3500000|  0%| F|  |TAMS 0x00000000e3400000, 0x00000000e3400000| Untracked 
|  53|0x00000000e3500000, 0x00000000e3500000, 0x00000000e3600000|  0%| F|  |TAMS 0x00000000e3500000, 0x00000000e3500000| Untracked 
|  54|0x00000000e3600000, 0x00000000e3600000, 0x00000000e3700000|  0%| F|  |TAMS 0x00000000e3600000, 0x00000000e3600000| Untracked 
|  55|0x00000000e3700000, 0x00000000e3700000, 0x00000000e3800000|  0%| F|  |TAMS 0x00000000e3700000, 0x00000000e3700000| Untracked 
|  56|0x00000000e3800000, 0x00000000e3800000, 0x00000000e3900000|  0%| F|  |TAMS 0x00000000e3800000, 0x00000000e3800000| Untracked 
|  57|0x00000000e3900000, 0x00000000e3900000, 0x00000000e3a00000|  0%| F|  |TAMS 0x00000000e3900000, 0x00000000e3900000| Untracked 
|  58|0x00000000e3a00000, 0x00000000e3a00000, 0x00000000e3b00000|  0%| F|  |TAMS 0x00000000e3a00000, 0x00000000e3a00000| Untracked 
|  59|0x00000000e3b00000, 0x00000000e3b00000, 0x00000000e3c00000|  0%| F|  |TAMS 0x00000000e3b00000, 0x00000000e3b00000| Untracked 
|  60|0x00000000e3c00000, 0x00000000e3c00000, 0x00000000e3d00000|  0%| F|  |TAMS 0x00000000e3c00000, 0x00000000e3c00000| Untracked 
|  61|0x00000000e3d00000, 0x00000000e3d00000, 0x00000000e3e00000|  0%| F|  |TAMS 0x00000000e3d00000, 0x00000000e3d00000| Untracked 
|  62|0x00000000e3e00000, 0x00000000e3e00000, 0x00000000e3f00000|  0%| F|  |TAMS 0x00000000e3e00000, 0x00000000e3e00000| Untracked 
|  63|0x00000000e3f00000, 0x00000000e3f00000, 0x00000000e4000000|  0%| F|  |TAMS 0x00000000e3f00000, 0x00000000e3f00000| Untracked 
|  64|0x00000000e4000000, 0x00000000e4000000, 0x00000000e4100000|  0%| F|  |TAMS 0x00000000e4000000, 0x00000000e4000000| Untracked 
|  65|0x00000000e4100000, 0x00000000e4100000, 0x00000000e4200000|  0%| F|  |TAMS 0x00000000e4100000, 0x00000000e4100000| Untracked 
|  66|0x00000000e4200000, 0x00000000e4200000, 0x00000000e4300000|  0%| F|  |TAMS 0x00000000e4200000, 0x00000000e4200000| Untracked 
|  67|0x00000000e4300000, 0x00000000e4300000, 0x00000000e4400000|  0%| F|  |TAMS 0x00000000e4300000, 0x00000000e4300000| Untracked 
|  68|0x00000000e4400000, 0x00000000e4400000, 0x00000000e4500000|  0%| F|  |TAMS 0x00000000e4400000, 0x00000000e4400000| Untracked 
|  69|0x00000000e4500000, 0x00000000e4500000, 0x00000000e4600000|  0%| F|  |TAMS 0x00000000e4500000, 0x00000000e4500000| Untracked 
|  70|0x00000000e4600000, 0x00000000e4600000, 0x00000000e4700000|  0%| F|  |TAMS 0x00000000e4600000, 0x00000000e4600000| Untracked 
|  71|0x00000000e4700000, 0x00000000e4700000, 0x00000000e4800000|  0%| F|  |TAMS 0x00000000e4700000, 0x00000000e4700000| Untracked 
|  72|0x00000000e4800000, 0x00000000e4800000, 0x00000000e4900000|  0%| F|  |TAMS 0x00000000e4800000, 0x00000000e4800000| Untracked 
|  73|0x00000000e4900000, 0x00000000e4900000, 0x00000000e4a00000|  0%| F|  |TAMS 0x00000000e4900000, 0x00000000e4900000| Untracked 
|  74|0x00000000e4a00000, 0x00000000e4a00000, 0x00000000e4b00000|  0%| F|  |TAMS 0x00000000e4a00000, 0x00000000e4a00000| Untracked 
|  75|0x00000000e4b00000, 0x00000000e4b00000, 0x00000000e4c00000|  0%| F|  |TAMS 0x00000000e4b00000, 0x00000000e4b00000| Untracked 
|  76|0x00000000e4c00000, 0x00000000e4c00000, 0x00000000e4d00000|  0%| F|  |TAMS 0x00000000e4c00000, 0x00000000e4c00000| Untracked 
|  77|0x00000000e4d00000, 0x00000000e4d00000, 0x00000000e4e00000|  0%| F|  |TAMS 0x00000000e4d00000, 0x00000000e4d00000| Untracked 
|  78|0x00000000e4e00000, 0x00000000e4e00000, 0x00000000e4f00000|  0%| F|  |TAMS 0x00000000e4e00000, 0x00000000e4e00000| Untracked 
|  79|0x00000000e4f00000, 0x00000000e4f00000, 0x00000000e5000000|  0%| F|  |TAMS 0x00000000e4f00000, 0x00000000e4f00000| Untracked 
|  80|0x00000000e5000000, 0x00000000e5000000, 0x00000000e5100000|  0%| F|  |TAMS 0x00000000e5000000, 0x00000000e5000000| Untracked 
|  81|0x00000000e5100000, 0x00000000e5100000, 0x00000000e5200000|  0%| F|  |TAMS 0x00000000e5100000, 0x00000000e5100000| Untracked 
|  82|0x00000000e5200000, 0x00000000e5200000, 0x00000000e5300000|  0%| F|  |TAMS 0x00000000e5200000, 0x00000000e5200000| Untracked 
|  83|0x00000000e5300000, 0x00000000e5300000, 0x00000000e5400000|  0%| F|  |TAMS 0x00000000e5300000, 0x00000000e5300000| Untracked 
|  84|0x00000000e5400000, 0x00000000e5400000, 0x00000000e5500000|  0%| F|  |TAMS 0x00000000e5400000, 0x00000000e5400000| Untracked 
|  85|0x00000000e5500000, 0x00000000e5500000, 0x00000000e5600000|  0%| F|  |TAMS 0x00000000e5500000, 0x00000000e5500000| Untracked 
|  86|0x00000000e5600000, 0x00000000e5600000, 0x00000000e5700000|  0%| F|  |TAMS 0x00000000e5600000, 0x00000000e5600000| Untracked 
|  87|0x00000000e5700000, 0x00000000e5700000, 0x00000000e5800000|  0%| F|  |TAMS 0x00000000e5700000, 0x00000000e5700000| Untracked 
|  88|0x00000000e5800000, 0x00000000e5800000, 0x00000000e5900000|  0%| F|  |TAMS 0x00000000e5800000, 0x00000000e5800000| Untracked 
|  89|0x00000000e5900000, 0x00000000e5900000, 0x00000000e5a00000|  0%| F|  |TAMS 0x00000000e5900000, 0x00000000e5900000| Untracked 
|  90|0x00000000e5a00000, 0x00000000e5a00000, 0x00000000e5b00000|  0%| F|  |TAMS 0x00000000e5a00000, 0x00000000e5a00000| Untracked 
|  91|0x00000000e5b00000, 0x00000000e5b00000, 0x00000000e5c00000|  0%| F|  |TAMS 0x00000000e5b00000, 0x00000000e5b00000| Untracked 
|  92|0x00000000e5c00000, 0x00000000e5c00000, 0x00000000e5d00000|  0%| F|  |TAMS 0x00000000e5c00000, 0x00000000e5c00000| Untracked 
|  93|0x00000000e5d00000, 0x00000000e5d00000, 0x00000000e5e00000|  0%| F|  |TAMS 0x00000000e5d00000, 0x00000000e5d00000| Untracked 
|  94|0x00000000e5e00000, 0x00000000e5e00000, 0x00000000e5f00000|  0%| F|  |TAMS 0x00000000e5e00000, 0x00000000e5e00000| Untracked 
|  95|0x00000000e5f00000, 0x00000000e5f00000, 0x00000000e6000000|  0%| F|  |TAMS 0x00000000e5f00000, 0x00000000e5f00000| Untracked 
|  96|0x00000000e6000000, 0x00000000e6000000, 0x00000000e6100000|  0%| F|  |TAMS 0x00000000e6000000, 0x00000000e6000000| Untracked 
|  97|0x00000000e6100000, 0x00000000e6100000, 0x00000000e6200000|  0%| F|  |TAMS 0x00000000e6100000, 0x00000000e6100000| Untracked 
|  98|0x00000000e6200000, 0x00000000e6200000, 0x00000000e6300000|  0%| F|  |TAMS 0x00000000e6200000, 0x00000000e6200000| Untracked 
|  99|0x00000000e6300000, 0x00000000e6300000, 0x00000000e6400000|  0%| F|  |TAMS 0x00000000e6300000, 0x00000000e6300000| Untracked 
| 100|0x00000000e6400000, 0x00000000e6400000, 0x00000000e6500000|  0%| F|  |TAMS 0x00000000e6400000, 0x00000000e6400000| Untracked 
| 101|0x00000000e6500000, 0x00000000e6500000, 0x00000000e6600000|  0%| F|  |TAMS 0x00000000e6500000, 0x00000000e6500000| Untracked 
| 102|0x00000000e6600000, 0x00000000e6600000, 0x00000000e6700000|  0%| F|  |TAMS 0x00000000e6600000, 0x00000000e6600000| Untracked 
| 103|0x00000000e6700000, 0x00000000e6700000, 0x00000000e6800000|  0%| F|  |TAMS 0x00000000e6700000, 0x00000000e6700000| Untracked 
| 104|0x00000000e6800000, 0x00000000e6800000, 0x00000000e6900000|  0%| F|  |TAMS 0x00000000e6800000, 0x00000000e6800000| Untracked 
| 105|0x00000000e6900000, 0x00000000e6900000, 0x00000000e6a00000|  0%| F|  |TAMS 0x00000000e6900000, 0x00000000e6900000| Untracked 
| 106|0x00000000e6a00000, 0x00000000e6a00000, 0x00000000e6b00000|  0%| F|  |TAMS 0x00000000e6a00000, 0x00000000e6a00000| Untracked 
| 107|0x00000000e6b00000, 0x00000000e6b00000, 0x00000000e6c00000|  0%| F|  |TAMS 0x00000000e6b00000, 0x00000000e6b00000| Untracked 
| 108|0x00000000e6c00000, 0x00000000e6c00000, 0x00000000e6d00000|  0%| F|  |TAMS 0x00000000e6c00000, 0x00000000e6c00000| Untracked 
| 109|0x00000000e6d00000, 0x00000000e6d00000, 0x00000000e6e00000|  0%| F|  |TAMS 0x00000000e6d00000, 0x00000000e6d00000| Untracked 
| 110|0x00000000e6e00000, 0x00000000e6e00000, 0x00000000e6f00000|  0%| F|  |TAMS 0x00000000e6e00000, 0x00000000e6e00000| Untracked 
| 111|0x00000000e6f00000, 0x00000000e6f00000, 0x00000000e7000000|  0%| F|  |TAMS 0x00000000e6f00000, 0x00000000e6f00000| Untracked 
| 112|0x00000000e7000000, 0x00000000e7000000, 0x00000000e7100000|  0%| F|  |TAMS 0x00000000e7000000, 0x00000000e7000000| Untracked 
| 113|0x00000000e7100000, 0x00000000e7100000, 0x00000000e7200000|  0%| F|  |TAMS 0x00000000e7100000, 0x00000000e7100000| Untracked 
| 114|0x00000000e7200000, 0x00000000e7200000, 0x00000000e7300000|  0%| F|  |TAMS 0x00000000e7200000, 0x00000000e7200000| Untracked 
| 115|0x00000000e7300000, 0x00000000e7300000, 0x00000000e7400000|  0%| F|  |TAMS 0x00000000e7300000, 0x00000000e7300000| Untracked 
| 116|0x00000000e7400000, 0x00000000e7400000, 0x00000000e7500000|  0%| F|  |TAMS 0x00000000e7400000, 0x00000000e7400000| Untracked 
| 117|0x00000000e7500000, 0x00000000e7500000, 0x00000000e7600000|  0%| F|  |TAMS 0x00000000e7500000, 0x00000000e7500000| Untracked 
| 118|0x00000000e7600000, 0x00000000e7600000, 0x00000000e7700000|  0%| F|  |TAMS 0x00000000e7600000, 0x00000000e7600000| Untracked 
| 119|0x00000000e7700000, 0x00000000e7700000, 0x00000000e7800000|  0%| F|  |TAMS 0x00000000e7700000, 0x00000000e7700000| Untracked 
| 120|0x00000000e7800000, 0x00000000e7800000, 0x00000000e7900000|  0%| F|  |TAMS 0x00000000e7800000, 0x00000000e7800000| Untracked 
| 121|0x00000000e7900000, 0x00000000e7900000, 0x00000000e7a00000|  0%| F|  |TAMS 0x00000000e7900000, 0x00000000e7900000| Untracked 
| 122|0x00000000e7a00000, 0x00000000e7a00000, 0x00000000e7b00000|  0%| F|  |TAMS 0x00000000e7a00000, 0x00000000e7a00000| Untracked 
| 123|0x00000000e7b00000, 0x00000000e7b00000, 0x00000000e7c00000|  0%| F|  |TAMS 0x00000000e7b00000, 0x00000000e7b00000| Untracked 
| 124|0x00000000e7c00000, 0x00000000e7c00000, 0x00000000e7d00000|  0%| F|  |TAMS 0x00000000e7c00000, 0x00000000e7c00000| Untracked 
| 125|0x00000000e7d00000, 0x00000000e7d00000, 0x00000000e7e00000|  0%| F|  |TAMS 0x00000000e7d00000, 0x00000000e7d00000| Untracked 
| 126|0x00000000e7e00000, 0x00000000e7e00000, 0x00000000e7f00000|  0%| F|  |TAMS 0x00000000e7e00000, 0x00000000e7e00000| Untracked 
| 127|0x00000000e7f00000, 0x00000000e7f00000, 0x00000000e8000000|  0%| F|  |TAMS 0x00000000e7f00000, 0x00000000e7f00000| Untracked 
| 128|0x00000000e8000000, 0x00000000e8000000, 0x00000000e8100000|  0%| F|  |TAMS 0x00000000e8000000, 0x00000000e8000000| Untracked 
| 129|0x00000000e8100000, 0x00000000e8100000, 0x00000000e8200000|  0%| F|  |TAMS 0x00000000e8100000, 0x00000000e8100000| Untracked 
| 130|0x00000000e8200000, 0x00000000e8200000, 0x00000000e8300000|  0%| F|  |TAMS 0x00000000e8200000, 0x00000000e8200000| Untracked 
| 131|0x00000000e8300000, 0x00000000e8300000, 0x00000000e8400000|  0%| F|  |TAMS 0x00000000e8300000, 0x00000000e8300000| Untracked 
| 132|0x00000000e8400000, 0x00000000e8400000, 0x00000000e8500000|  0%| F|  |TAMS 0x00000000e8400000, 0x00000000e8400000| Untracked 
| 133|0x00000000e8500000, 0x00000000e8500000, 0x00000000e8600000|  0%| F|  |TAMS 0x00000000e8500000, 0x00000000e8500000| Untracked 
| 134|0x00000000e8600000, 0x00000000e8600000, 0x00000000e8700000|  0%| F|  |TAMS 0x00000000e8600000, 0x00000000e8600000| Untracked 
| 135|0x00000000e8700000, 0x00000000e8700000, 0x00000000e8800000|  0%| F|  |TAMS 0x00000000e8700000, 0x00000000e8700000| Untracked 
| 136|0x00000000e8800000, 0x00000000e8800000, 0x00000000e8900000|  0%| F|  |TAMS 0x00000000e8800000, 0x00000000e8800000| Untracked 
| 137|0x00000000e8900000, 0x00000000e8900000, 0x00000000e8a00000|  0%| F|  |TAMS 0x00000000e8900000, 0x00000000e8900000| Untracked 
| 138|0x00000000e8a00000, 0x00000000e8a00000, 0x00000000e8b00000|  0%| F|  |TAMS 0x00000000e8a00000, 0x00000000e8a00000| Untracked 
| 139|0x00000000e8b00000, 0x00000000e8b00000, 0x00000000e8c00000|  0%| F|  |TAMS 0x00000000e8b00000, 0x00000000e8b00000| Untracked 
| 140|0x00000000e8c00000, 0x00000000e8c00000, 0x00000000e8d00000|  0%| F|  |TAMS 0x00000000e8c00000, 0x00000000e8c00000| Untracked 
| 141|0x00000000e8d00000, 0x00000000e8d00000, 0x00000000e8e00000|  0%| F|  |TAMS 0x00000000e8d00000, 0x00000000e8d00000| Untracked 
| 142|0x00000000e8e00000, 0x00000000e8e00000, 0x00000000e8f00000|  0%| F|  |TAMS 0x00000000e8e00000, 0x00000000e8e00000| Untracked 
| 143|0x00000000e8f00000, 0x00000000e8f00000, 0x00000000e9000000|  0%| F|  |TAMS 0x00000000e8f00000, 0x00000000e8f00000| Untracked 
| 144|0x00000000e9000000, 0x00000000e9000000, 0x00000000e9100000|  0%| F|  |TAMS 0x00000000e9000000, 0x00000000e9000000| Untracked 
| 145|0x00000000e9100000, 0x00000000e9100000, 0x00000000e9200000|  0%| F|  |TAMS 0x00000000e9100000, 0x00000000e9100000| Untracked 
| 146|0x00000000e9200000, 0x00000000e9200000, 0x00000000e9300000|  0%| F|  |TAMS 0x00000000e9200000, 0x00000000e9200000| Untracked 
| 147|0x00000000e9300000, 0x00000000e9300000, 0x00000000e9400000|  0%| F|  |TAMS 0x00000000e9300000, 0x00000000e9300000| Untracked 
| 148|0x00000000e9400000, 0x00000000e9400000, 0x00000000e9500000|  0%| F|  |TAMS 0x00000000e9400000, 0x00000000e9400000| Untracked 
| 149|0x00000000e9500000, 0x00000000e9500000, 0x00000000e9600000|  0%| F|  |TAMS 0x00000000e9500000, 0x00000000e9500000| Untracked 
| 150|0x00000000e9600000, 0x00000000e9600000, 0x00000000e9700000|  0%| F|  |TAMS 0x00000000e9600000, 0x00000000e9600000| Untracked 
| 151|0x00000000e9700000, 0x00000000e9700000, 0x00000000e9800000|  0%| F|  |TAMS 0x00000000e9700000, 0x00000000e9700000| Untracked 
| 152|0x00000000e9800000, 0x00000000e9800000, 0x00000000e9900000|  0%| F|  |TAMS 0x00000000e9800000, 0x00000000e9800000| Untracked 
| 153|0x00000000e9900000, 0x00000000e9900000, 0x00000000e9a00000|  0%| F|  |TAMS 0x00000000e9900000, 0x00000000e9900000| Untracked 
| 154|0x00000000e9a00000, 0x00000000e9a00000, 0x00000000e9b00000|  0%| F|  |TAMS 0x00000000e9a00000, 0x00000000e9a00000| Untracked 
| 155|0x00000000e9b00000, 0x00000000e9b00000, 0x00000000e9c00000|  0%| F|  |TAMS 0x00000000e9b00000, 0x00000000e9b00000| Untracked 
| 156|0x00000000e9c00000, 0x00000000e9c00000, 0x00000000e9d00000|  0%| F|  |TAMS 0x00000000e9c00000, 0x00000000e9c00000| Untracked 
| 157|0x00000000e9d00000, 0x00000000e9d00000, 0x00000000e9e00000|  0%| F|  |TAMS 0x00000000e9d00000, 0x00000000e9d00000| Untracked 
| 158|0x00000000e9e00000, 0x00000000e9e00000, 0x00000000e9f00000|  0%| F|  |TAMS 0x00000000e9e00000, 0x00000000e9e00000| Untracked 
| 159|0x00000000e9f00000, 0x00000000e9f00000, 0x00000000ea000000|  0%| F|  |TAMS 0x00000000e9f00000, 0x00000000e9f00000| Untracked 
| 160|0x00000000ea000000, 0x00000000ea000000, 0x00000000ea100000|  0%| F|  |TAMS 0x00000000ea000000, 0x00000000ea000000| Untracked 
| 161|0x00000000ea100000, 0x00000000ea100000, 0x00000000ea200000|  0%| F|  |TAMS 0x00000000ea100000, 0x00000000ea100000| Untracked 
| 162|0x00000000ea200000, 0x00000000ea200000, 0x00000000ea300000|  0%| F|  |TAMS 0x00000000ea200000, 0x00000000ea200000| Untracked 
| 163|0x00000000ea300000, 0x00000000ea300000, 0x00000000ea400000|  0%| F|  |TAMS 0x00000000ea300000, 0x00000000ea300000| Untracked 
| 164|0x00000000ea400000, 0x00000000ea400000, 0x00000000ea500000|  0%| F|  |TAMS 0x00000000ea400000, 0x00000000ea400000| Untracked 
| 165|0x00000000ea500000, 0x00000000ea500000, 0x00000000ea600000|  0%| F|  |TAMS 0x00000000ea500000, 0x00000000ea500000| Untracked 
| 166|0x00000000ea600000, 0x00000000ea600000, 0x00000000ea700000|  0%| F|  |TAMS 0x00000000ea600000, 0x00000000ea600000| Untracked 
| 167|0x00000000ea700000, 0x00000000ea700000, 0x00000000ea800000|  0%| F|  |TAMS 0x00000000ea700000, 0x00000000ea700000| Untracked 
| 168|0x00000000ea800000, 0x00000000ea800000, 0x00000000ea900000|  0%| F|  |TAMS 0x00000000ea800000, 0x00000000ea800000| Untracked 
| 169|0x00000000ea900000, 0x00000000ea900000, 0x00000000eaa00000|  0%| F|  |TAMS 0x00000000ea900000, 0x00000000ea900000| Untracked 
| 170|0x00000000eaa00000, 0x00000000eaa00000, 0x00000000eab00000|  0%| F|  |TAMS 0x00000000eaa00000, 0x00000000eaa00000| Untracked 
| 171|0x00000000eab00000, 0x00000000eab00000, 0x00000000eac00000|  0%| F|  |TAMS 0x00000000eab00000, 0x00000000eab00000| Untracked 
| 172|0x00000000eac00000, 0x00000000eac00000, 0x00000000ead00000|  0%| F|  |TAMS 0x00000000eac00000, 0x00000000eac00000| Untracked 
| 173|0x00000000ead00000, 0x00000000ead00000, 0x00000000eae00000|  0%| F|  |TAMS 0x00000000ead00000, 0x00000000ead00000| Untracked 
| 174|0x00000000eae00000, 0x00000000eae00000, 0x00000000eaf00000|  0%| F|  |TAMS 0x00000000eae00000, 0x00000000eae00000| Untracked 
| 175|0x00000000eaf00000, 0x00000000eaf00000, 0x00000000eb000000|  0%| F|  |TAMS 0x00000000eaf00000, 0x00000000eaf00000| Untracked 
| 176|0x00000000eb000000, 0x00000000eb000000, 0x00000000eb100000|  0%| F|  |TAMS 0x00000000eb000000, 0x00000000eb000000| Untracked 
| 177|0x00000000eb100000, 0x00000000eb100000, 0x00000000eb200000|  0%| F|  |TAMS 0x00000000eb100000, 0x00000000eb100000| Untracked 
| 178|0x00000000eb200000, 0x00000000eb300000, 0x00000000eb300000|100%| E|  |TAMS 0x00000000eb200000, 0x00000000eb200000| Complete 
| 179|0x00000000eb300000, 0x00000000eb400000, 0x00000000eb400000|100%| E|CS|TAMS 0x00000000eb300000, 0x00000000eb300000| Complete 
| 180|0x00000000eb400000, 0x00000000eb500000, 0x00000000eb500000|100%| E|CS|TAMS 0x00000000eb400000, 0x00000000eb400000| Complete 
| 181|0x00000000eb500000, 0x00000000eb600000, 0x00000000eb600000|100%| E|CS|TAMS 0x00000000eb500000, 0x00000000eb500000| Complete 
| 182|0x00000000eb600000, 0x00000000eb700000, 0x00000000eb700000|100%| E|CS|TAMS 0x00000000eb600000, 0x00000000eb600000| Complete 
| 183|0x00000000eb700000, 0x00000000eb800000, 0x00000000eb800000|100%| E|CS|TAMS 0x00000000eb700000, 0x00000000eb700000| Complete 
| 184|0x00000000eb800000, 0x00000000eb900000, 0x00000000eb900000|100%| E|CS|TAMS 0x00000000eb800000, 0x00000000eb800000| Complete 
| 185|0x00000000eb900000, 0x00000000eba00000, 0x00000000eba00000|100%| E|CS|TAMS 0x00000000eb900000, 0x00000000eb900000| Complete 
| 186|0x00000000eba00000, 0x00000000ebb00000, 0x00000000ebb00000|100%| E|CS|TAMS 0x00000000eba00000, 0x00000000eba00000| Complete 
| 187|0x00000000ebb00000, 0x00000000ebc00000, 0x00000000ebc00000|100%| E|CS|TAMS 0x00000000ebb00000, 0x00000000ebb00000| Complete 
| 188|0x00000000ebc00000, 0x00000000ebd00000, 0x00000000ebd00000|100%| E|CS|TAMS 0x00000000ebc00000, 0x00000000ebc00000| Complete 
| 189|0x00000000ebd00000, 0x00000000ebe00000, 0x00000000ebe00000|100%| E|CS|TAMS 0x00000000ebd00000, 0x00000000ebd00000| Complete 
| 190|0x00000000ebe00000, 0x00000000ebf00000, 0x00000000ebf00000|100%| E|CS|TAMS 0x00000000ebe00000, 0x00000000ebe00000| Complete 
| 191|0x00000000ebf00000, 0x00000000ec000000, 0x00000000ec000000|100%| E|CS|TAMS 0x00000000ebf00000, 0x00000000ebf00000| Complete 
| 192|0x00000000ec000000, 0x00000000ec100000, 0x00000000ec100000|100%| E|CS|TAMS 0x00000000ec000000, 0x00000000ec000000| Complete 
| 193|0x00000000ec100000, 0x00000000ec200000, 0x00000000ec200000|100%| E|CS|TAMS 0x00000000ec100000, 0x00000000ec100000| Complete 
| 194|0x00000000ec200000, 0x00000000ec300000, 0x00000000ec300000|100%| E|CS|TAMS 0x00000000ec200000, 0x00000000ec200000| Complete 
| 195|0x00000000ec300000, 0x00000000ec400000, 0x00000000ec400000|100%| E|CS|TAMS 0x00000000ec300000, 0x00000000ec300000| Complete 
| 196|0x00000000ec400000, 0x00000000ec500000, 0x00000000ec500000|100%| E|CS|TAMS 0x00000000ec400000, 0x00000000ec400000| Complete 
| 197|0x00000000ec500000, 0x00000000ec600000, 0x00000000ec600000|100%| E|CS|TAMS 0x00000000ec500000, 0x00000000ec500000| Complete 
| 198|0x00000000ec600000, 0x00000000ec700000, 0x00000000ec700000|100%| E|CS|TAMS 0x00000000ec600000, 0x00000000ec600000| Complete 
| 199|0x00000000ec700000, 0x00000000ec800000, 0x00000000ec800000|100%| E|CS|TAMS 0x00000000ec700000, 0x00000000ec700000| Complete 
| 200|0x00000000ec800000, 0x00000000ec900000, 0x00000000ec900000|100%| E|CS|TAMS 0x00000000ec800000, 0x00000000ec800000| Complete 
| 201|0x00000000ec900000, 0x00000000eca00000, 0x00000000eca00000|100%| E|CS|TAMS 0x00000000ec900000, 0x00000000ec900000| Complete 
| 202|0x00000000eca00000, 0x00000000ecb00000, 0x00000000ecb00000|100%| E|CS|TAMS 0x00000000eca00000, 0x00000000eca00000| Complete 
| 203|0x00000000ecb00000, 0x00000000ecc00000, 0x00000000ecc00000|100%| E|CS|TAMS 0x00000000ecb00000, 0x00000000ecb00000| Complete 
| 204|0x00000000ecc00000, 0x00000000ecd00000, 0x00000000ecd00000|100%| E|CS|TAMS 0x00000000ecc00000, 0x00000000ecc00000| Complete 
| 205|0x00000000ecd00000, 0x00000000ece00000, 0x00000000ece00000|100%| E|CS|TAMS 0x00000000ecd00000, 0x00000000ecd00000| Complete 
| 206|0x00000000ece00000, 0x00000000ecf00000, 0x00000000ecf00000|100%| E|CS|TAMS 0x00000000ece00000, 0x00000000ece00000| Complete 
| 207|0x00000000ecf00000, 0x00000000ed000000, 0x00000000ed000000|100%| E|CS|TAMS 0x00000000ecf00000, 0x00000000ecf00000| Complete 
| 208|0x00000000ed000000, 0x00000000ed100000, 0x00000000ed100000|100%| E|CS|TAMS 0x00000000ed000000, 0x00000000ed000000| Complete 
| 209|0x00000000ed100000, 0x00000000ed200000, 0x00000000ed200000|100%| E|CS|TAMS 0x00000000ed100000, 0x00000000ed100000| Complete 
| 210|0x00000000ed200000, 0x00000000ed300000, 0x00000000ed300000|100%| E|CS|TAMS 0x00000000ed200000, 0x00000000ed200000| Complete 
| 211|0x00000000ed300000, 0x00000000ed400000, 0x00000000ed400000|100%| E|CS|TAMS 0x00000000ed300000, 0x00000000ed300000| Complete 
| 212|0x00000000ed400000, 0x00000000ed500000, 0x00000000ed500000|100%| E|CS|TAMS 0x00000000ed400000, 0x00000000ed400000| Complete 
| 213|0x00000000ed500000, 0x00000000ed600000, 0x00000000ed600000|100%| E|CS|TAMS 0x00000000ed500000, 0x00000000ed500000| Complete 
| 214|0x00000000ed600000, 0x00000000ed700000, 0x00000000ed700000|100%| E|CS|TAMS 0x00000000ed600000, 0x00000000ed600000| Complete 
| 215|0x00000000ed700000, 0x00000000ed800000, 0x00000000ed800000|100%| E|CS|TAMS 0x00000000ed700000, 0x00000000ed700000| Complete 
| 216|0x00000000ed800000, 0x00000000ed900000, 0x00000000ed900000|100%| E|CS|TAMS 0x00000000ed800000, 0x00000000ed800000| Complete 
| 217|0x00000000ed900000, 0x00000000eda00000, 0x00000000eda00000|100%| E|CS|TAMS 0x00000000ed900000, 0x00000000ed900000| Complete 
| 218|0x00000000eda00000, 0x00000000edb00000, 0x00000000edb00000|100%| E|CS|TAMS 0x00000000eda00000, 0x00000000eda00000| Complete 
| 219|0x00000000edb00000, 0x00000000edc00000, 0x00000000edc00000|100%| E|CS|TAMS 0x00000000edb00000, 0x00000000edb00000| Complete 
| 220|0x00000000edc00000, 0x00000000edd00000, 0x00000000edd00000|100%| E|CS|TAMS 0x00000000edc00000, 0x00000000edc00000| Complete 
| 221|0x00000000edd00000, 0x00000000ede00000, 0x00000000ede00000|100%| E|CS|TAMS 0x00000000edd00000, 0x00000000edd00000| Complete 
| 222|0x00000000ede00000, 0x00000000edf00000, 0x00000000edf00000|100%| E|CS|TAMS 0x00000000ede00000, 0x00000000ede00000| Complete 
| 223|0x00000000edf00000, 0x00000000ee000000, 0x00000000ee000000|100%| E|CS|TAMS 0x00000000edf00000, 0x00000000edf00000| Complete 
| 224|0x00000000ee000000, 0x00000000ee100000, 0x00000000ee100000|100%| E|CS|TAMS 0x00000000ee000000, 0x00000000ee000000| Complete 
| 225|0x00000000ee100000, 0x00000000ee1ca2c0, 0x00000000ee200000| 78%| S|CS|TAMS 0x00000000ee100000, 0x00000000ee100000| Complete 
| 226|0x00000000ee200000, 0x00000000ee300000, 0x00000000ee300000|100%| E|CS|TAMS 0x00000000ee200000, 0x00000000ee200000| Complete 
| 227|0x00000000ee300000, 0x00000000ee400000, 0x00000000ee400000|100%| E|CS|TAMS 0x00000000ee300000, 0x00000000ee300000| Complete 
| 228|0x00000000ee400000, 0x00000000ee500000, 0x00000000ee500000|100%| E|CS|TAMS 0x00000000ee400000, 0x00000000ee400000| Complete 
| 229|0x00000000ee500000, 0x00000000ee600000, 0x00000000ee600000|100%| E|CS|TAMS 0x00000000ee500000, 0x00000000ee500000| Complete 
| 230|0x00000000ee600000, 0x00000000ee700000, 0x00000000ee700000|100%| E|CS|TAMS 0x00000000ee600000, 0x00000000ee600000| Complete 
| 231|0x00000000ee700000, 0x00000000ee800000, 0x00000000ee800000|100%| E|CS|TAMS 0x00000000ee700000, 0x00000000ee700000| Complete 
| 232|0x00000000ee800000, 0x00000000ee900000, 0x00000000ee900000|100%| E|CS|TAMS 0x00000000ee800000, 0x00000000ee800000| Complete 
| 233|0x00000000ee900000, 0x00000000eea00000, 0x00000000eea00000|100%| E|CS|TAMS 0x00000000ee900000, 0x00000000ee900000| Complete 
| 234|0x00000000eea00000, 0x00000000eeb00000, 0x00000000eeb00000|100%| E|CS|TAMS 0x00000000eea00000, 0x00000000eea00000| Complete 
| 235|0x00000000eeb00000, 0x00000000eec00000, 0x00000000eec00000|100%| E|CS|TAMS 0x00000000eeb00000, 0x00000000eeb00000| Complete 
| 236|0x00000000eec00000, 0x00000000eed00000, 0x00000000eed00000|100%| E|CS|TAMS 0x00000000eec00000, 0x00000000eec00000| Complete 
| 237|0x00000000eed00000, 0x00000000eee00000, 0x00000000eee00000|100%| E|CS|TAMS 0x00000000eed00000, 0x00000000eed00000| Complete 
| 238|0x00000000eee00000, 0x00000000eef00000, 0x00000000eef00000|100%| E|CS|TAMS 0x00000000eee00000, 0x00000000eee00000| Complete 
| 239|0x00000000eef00000, 0x00000000ef000000, 0x00000000ef000000|100%| E|CS|TAMS 0x00000000eef00000, 0x00000000eef00000| Complete 
| 240|0x00000000ef000000, 0x00000000ef100000, 0x00000000ef100000|100%| E|CS|TAMS 0x00000000ef000000, 0x00000000ef000000| Complete 
| 241|0x00000000ef100000, 0x00000000ef200000, 0x00000000ef200000|100%| E|CS|TAMS 0x00000000ef100000, 0x00000000ef100000| Complete 
| 242|0x00000000ef200000, 0x00000000ef300000, 0x00000000ef300000|100%| E|CS|TAMS 0x00000000ef200000, 0x00000000ef200000| Complete 
| 243|0x00000000ef300000, 0x00000000ef400000, 0x00000000ef400000|100%| E|CS|TAMS 0x00000000ef300000, 0x00000000ef300000| Complete 
| 244|0x00000000ef400000, 0x00000000ef500000, 0x00000000ef500000|100%| E|CS|TAMS 0x00000000ef400000, 0x00000000ef400000| Complete 
| 245|0x00000000ef500000, 0x00000000ef600000, 0x00000000ef600000|100%| E|CS|TAMS 0x00000000ef500000, 0x00000000ef500000| Complete 
| 246|0x00000000ef600000, 0x00000000ef700000, 0x00000000ef700000|100%| E|CS|TAMS 0x00000000ef600000, 0x00000000ef600000| Complete 
| 247|0x00000000ef700000, 0x00000000ef800000, 0x00000000ef800000|100%| E|CS|TAMS 0x00000000ef700000, 0x00000000ef700000| Complete 
| 248|0x00000000ef800000, 0x00000000ef900000, 0x00000000ef900000|100%| E|CS|TAMS 0x00000000ef800000, 0x00000000ef800000| Complete 
| 249|0x00000000ef900000, 0x00000000efa00000, 0x00000000efa00000|100%| E|CS|TAMS 0x00000000ef900000, 0x00000000ef900000| Complete 
| 250|0x00000000efa00000, 0x00000000efb00000, 0x00000000efb00000|100%| E|CS|TAMS 0x00000000efa00000, 0x00000000efa00000| Complete 
| 251|0x00000000efb00000, 0x00000000efc00000, 0x00000000efc00000|100%| E|CS|TAMS 0x00000000efb00000, 0x00000000efb00000| Complete 
| 252|0x00000000efc00000, 0x00000000efd00000, 0x00000000efd00000|100%| E|CS|TAMS 0x00000000efc00000, 0x00000000efc00000| Complete 
| 253|0x00000000efd00000, 0x00000000efe00000, 0x00000000efe00000|100%| E|CS|TAMS 0x00000000efd00000, 0x00000000efd00000| Complete 
| 254|0x00000000efe00000, 0x00000000eff00000, 0x00000000eff00000|100%| E|CS|TAMS 0x00000000efe00000, 0x00000000efe00000| Complete 
| 255|0x00000000eff00000, 0x00000000f0000000, 0x00000000f0000000|100%| E|CS|TAMS 0x00000000eff00000, 0x00000000eff00000| Complete 

Card table byte_map: [0x0000021a5bdb0000,0x0000021a5beb0000] _byte_map_base: 0x0000021a5b6b0000

Marking Bits (Prev, Next): (CMBitMap*) 0x0000021a44bb6590, (CMBitMap*) 0x0000021a44bb65d0
 Prev Bits: [0x0000021a5bfb0000, 0x0000021a5c7b0000)
 Next Bits: [0x0000021a5c7b0000, 0x0000021a5cfb0000)

Polling page: 0x0000021a44360000

Metaspace:

Usage:
  Non-class:     13.44 MB used.
      Class:      2.19 MB used.
       Both:     15.63 MB used.

Virtual space:
  Non-class space:       64.00 MB reserved,      13.56 MB ( 21%) committed,  1 nodes.
      Class space:      320.00 MB reserved,       2.31 MB ( <1%) committed,  1 nodes.
             Both:      384.00 MB reserved,      15.88 MB (  4%) committed. 

Chunk freelists:
   Non-Class:  2.16 MB
       Class:  13.66 MB
        Both:  15.81 MB

MaxMetaspaceSize: 384.00 MB
CompressedClassSpaceSize: 320.00 MB
Initial GC threshold: 21.00 MB
Current GC threshold: 21.00 MB
CDS: on
MetaspaceReclaimPolicy: balanced
 - commit_granule_bytes: 65536.
 - commit_granule_words: 8192.
 - virtual_space_node_default_size: 8388608.
 - enlarge_chunks_in_place: 1.
 - new_chunks_are_fully_committed: 0.
 - uncommit_free_chunks: 1.
 - use_allocation_guard: 0.
 - handle_deallocations: 1.


Internal statistics:

num_allocs_failed_limit: 0.
num_arena_births: 204.
num_arena_deaths: 0.
num_vsnodes_births: 2.
num_vsnodes_deaths: 0.
num_space_committed: 254.
num_space_uncommitted: 0.
num_chunks_returned_to_freelist: 0.
num_chunks_taken_from_freelist: 720.
num_chunk_merges: 0.
num_chunk_splits: 478.
num_chunks_enlarged: 355.
num_inconsistent_stats: 0.

CodeHeap 'non-profiled nmethods': size=119168Kb used=1265Kb max_used=1265Kb free=117902Kb
 bounds [0x0000021a53fd0000, 0x0000021a54240000, 0x0000021a5b430000]
CodeHeap 'profiled nmethods': size=119104Kb used=5313Kb max_used=5313Kb free=113790Kb
 bounds [0x0000021a4c430000, 0x0000021a4c970000, 0x0000021a53880000]
CodeHeap 'non-nmethods': size=7488Kb used=1231Kb max_used=1828Kb free=6256Kb
 bounds [0x0000021a53880000, 0x0000021a53af0000, 0x0000021a53fd0000]
 total_blobs=3113 nmethods=2575 adapters=450
 compilation: enabled
              stopped_count=0, restarted_count=0
 full_count=0

Compilation events (20 events):
Event: 10.774 Thread 0x0000021a5ff38de0 2521       3       org.gradle.internal.file.FilePathUtil::sizeOfCommonPrefix (142 bytes)
Event: 10.777 Thread 0x0000021a5ff38de0 nmethod 2521 0x0000021a4c938110 code [0x0000021a4c938560, 0x0000021a4c93a798]
Event: 10.777 Thread 0x0000021a5ff38de0 2524       3       org.gradle.internal.file.FileHierarchySet$Node::plusWithCommonPrefixLength (341 bytes)
Event: 10.779 Thread 0x0000021a5ff38de0 nmethod 2524 0x0000021a4c93b510 code [0x0000021a4c93bb00, 0x0000021a4c93f558]
Event: 10.779 Thread 0x0000021a5ff38de0 2522       3       org.gradle.internal.file.FileHierarchySet$Node::sizeOfCommonPrefix (10 bytes)
Event: 10.780 Thread 0x0000021a5ff38de0 nmethod 2522 0x0000021a4c940990 code [0x0000021a4c940b40, 0x0000021a4c940ce8]
Event: 10.780 Thread 0x0000021a5ff38de0 2523       3       org.gradle.internal.file.FilePathUtil::sizeOfCommonPrefix (10 bytes)
Event: 10.780 Thread 0x0000021a5ff38de0 nmethod 2523 0x0000021a4c940e10 code [0x0000021a4c940fa0, 0x0000021a4c9410c8]
Event: 10.780 Thread 0x0000021a5ff38de0 2525       3       jdk.internal.misc.Unsafe::getIntUnaligned (12 bytes)
Event: 10.781 Thread 0x0000021a5ff38de0 nmethod 2525 0x0000021a4c941190 code [0x0000021a4c941340, 0x0000021a4c941598]
Event: 10.787 Thread 0x0000021a5ff38de0 2526       1       javax.management.ObjectName$Property::setKeyIndex (6 bytes)
Event: 10.787 Thread 0x0000021a5ff38de0 nmethod 2526 0x0000021a54109190 code [0x0000021a54109320, 0x0000021a541093f8]
Event: 10.792 Thread 0x0000021a5ff38de0 2527       1       java.util.Spliterators$EmptySpliterator::characteristics (4 bytes)
Event: 10.792 Thread 0x0000021a5ff38de0 nmethod 2527 0x0000021a54109490 code [0x0000021a54109620, 0x0000021a541096f8]
Event: 10.793 Thread 0x0000021a5ff38de0 2528       1       sun.management.MemoryPoolImpl::getName (5 bytes)
Event: 10.793 Thread 0x0000021a5ff38de0 nmethod 2528 0x0000021a54109790 code [0x0000021a54109920, 0x0000021a541099f8]
Event: 10.820 Thread 0x0000021a5ff35820 2529       4       java.nio.Buffer::hasRemaining (17 bytes)
Event: 10.821 Thread 0x0000021a5ff35820 nmethod 2529 0x0000021a54109a90 code [0x0000021a54109c00, 0x0000021a54109c98]
Event: 10.821 Thread 0x0000021a5ff35820 2530   !   4       java.lang.ClassLoader::loadClass (121 bytes)
Event: 10.822 Thread 0x0000021a5ff38de0 2531   !   3       sun.nio.fs.WindowsPath::initOffsets (153 bytes)

GC Heap History (4 events):
Event: 1.376 GC heap before
{Heap before GC invocations=0 (full 0):
 garbage-first heap   total 262144K, used 26624K [0x00000000e0000000, 0x0000000100000000)
  region size 1024K, 23 young (23552K), 0 survivors (0K)
 Metaspace       used 2932K, committed 3072K, reserved 393216K
  class space    used 364K, committed 448K, reserved 327680K
}
Event: 1.381 GC heap after
{Heap after GC invocations=1 (full 0):
 garbage-first heap   total 262144K, used 11119K [0x00000000e0000000, 0x0000000100000000)
  region size 1024K, 3 young (3072K), 3 survivors (3072K)
 Metaspace       used 2932K, committed 3072K, reserved 393216K
  class space    used 364K, committed 448K, reserved 327680K
}
Event: 2.632 GC heap before
{Heap before GC invocations=1 (full 0):
 garbage-first heap   total 262144K, used 38767K [0x00000000e0000000, 0x0000000100000000)
  region size 1024K, 30 young (30720K), 3 survivors (3072K)
 Metaspace       used 4074K, committed 4224K, reserved 393216K
  class space    used 495K, committed 576K, reserved 327680K
}
Event: 2.635 GC heap after
{Heap after GC invocations=2 (full 0):
 garbage-first heap   total 262144K, used 11534K [0x00000000e0000000, 0x0000000100000000)
  region size 1024K, 1 young (1024K), 1 survivors (1024K)
 Metaspace       used 4074K, committed 4224K, reserved 393216K
  class space    used 495K, committed 576K, reserved 327680K
}

Deoptimization events (20 events):
Event: 6.485 Thread 0x0000021a7a93fe90 DEOPT PACKING pc=0x0000021a54013738 sp=0x0000007ff6ffc540
Event: 6.485 Thread 0x0000021a7a93fe90 DEOPT UNPACKING pc=0x0000021a538d23a3 sp=0x0000007ff6ffc4c0 mode 2
Event: 6.506 Thread 0x0000021a7a93fe90 Uncommon trap: trap_request=0xffffff45 fr.pc=0x0000021a5409fc6c relative=0x000000000000024c
Event: 6.506 Thread 0x0000021a7a93fe90 Uncommon trap: reason=unstable_if action=reinterpret pc=0x0000021a5409fc6c method=java.util.concurrent.ConcurrentHashMap.get(Ljava/lang/Object;)Ljava/lang/Object; @ 76 c2
Event: 6.506 Thread 0x0000021a7a93fe90 DEOPT PACKING pc=0x0000021a5409fc6c sp=0x0000007ff6ffba10
Event: 6.506 Thread 0x0000021a7a93fe90 DEOPT UNPACKING pc=0x0000021a538d23a3 sp=0x0000007ff6ffb978 mode 2
Event: 10.187 Thread 0x0000021a7a93fe90 Uncommon trap: trap_request=0xffffff45 fr.pc=0x0000021a540b1874 relative=0x0000000000000074
Event: 10.187 Thread 0x0000021a7a93fe90 Uncommon trap: reason=unstable_if action=reinterpret pc=0x0000021a540b1874 method=jdk.internal.misc.Unsafe.convEndian(ZI)I @ 4 c2
Event: 10.187 Thread 0x0000021a7a93fe90 DEOPT PACKING pc=0x0000021a540b1874 sp=0x0000007ff6ffb2e0
Event: 10.187 Thread 0x0000021a7a93fe90 DEOPT UNPACKING pc=0x0000021a538d23a3 sp=0x0000007ff6ffb1e8 mode 2
Event: 10.786 Thread 0x0000021a7a93fe90 Uncommon trap: trap_request=0xffffff45 fr.pc=0x0000021a53ff2748 relative=0x00000000000009e8
Event: 10.786 Thread 0x0000021a7a93fe90 Uncommon trap: reason=unstable_if action=reinterpret pc=0x0000021a53ff2748 method=java.io.WinNTFileSystem.resolve(Ljava/lang/String;Ljava/lang/String;)Ljava/lang/String; @ 19 c2
Event: 10.786 Thread 0x0000021a7a93fe90 DEOPT PACKING pc=0x0000021a53ff2748 sp=0x0000007ff6ffb8b0
Event: 10.786 Thread 0x0000021a7a93fe90 DEOPT UNPACKING pc=0x0000021a538d23a3 sp=0x0000007ff6ffb868 mode 2
Event: 10.789 Thread 0x0000021a7a93fe90 Uncommon trap: trap_request=0xffffff45 fr.pc=0x0000021a54057748 relative=0x00000000000005a8
Event: 10.789 Thread 0x0000021a7a93fe90 Uncommon trap: reason=unstable_if action=reinterpret pc=0x0000021a54057748 method=java.io.File.getName()Ljava/lang/String; @ 16 c2
Event: 10.789 Thread 0x0000021a7a93fe90 DEOPT PACKING pc=0x0000021a54057748 sp=0x0000007ff6ffb860
Event: 10.789 Thread 0x0000021a7a93fe90 DEOPT UNPACKING pc=0x0000021a538d23a3 sp=0x0000007ff6ffb830 mode 2
Event: 10.822 Thread 0x0000021a7a93fe90 DEOPT PACKING pc=0x0000021a4c850cc9 sp=0x0000007ff6ffa6a0
Event: 10.822 Thread 0x0000021a7a93fe90 DEOPT UNPACKING pc=0x0000021a538d2b43 sp=0x0000007ff6ff9bb0 mode 0

Classes unloaded (0 events):
No events

Classes redefined (0 events):
No events

Internal exceptions (20 events):
Event: 3.924 Thread 0x0000021a44b873c0 Exception <a 'java/lang/NoSuchMethodError'{0x00000000ee0efeb8}: 'java.lang.Object java.lang.invoke.DirectMethodHandle$Holder.invokeStaticInit(java.lang.Object, int, int, int, int)'> (0x00000000ee0efeb8) 
thrown [s\open\src\hotspot\share\interpreter\linkResolver.cpp, line 759]
Event: 4.266 Thread 0x0000021a44b873c0 Exception <a 'java/lang/NoSuchMethodError'{0x00000000edec9e38}: 'java.lang.Object java.lang.invoke.DirectMethodHandle$Holder.invokeStaticInit(java.lang.Object, java.lang.Object, int, int, int, int)'> (0x00000000edec9e38) 
thrown [s\open\src\hotspot\share\interpreter\linkResolver.cpp, line 759]
Event: 5.401 Thread 0x0000021a44b873c0 Exception <a 'java/lang/NoSuchMethodError'{0x00000000edcc7958}: 'void java.lang.invoke.DirectMethodHandle$Holder.invokeStatic(java.lang.Object, java.lang.Object, java.lang.Object)'> (0x00000000edcc7958) 
thrown [s\open\src\hotspot\share\interpreter\linkResolver.cpp, line 759]
Event: 5.478 Thread 0x0000021a44b873c0 Exception <a 'java/io/IOException'{0x00000000edba51c8}> (0x00000000edba51c8) 
thrown [s\open\src\hotspot\share\prims\jni.cpp, line 516]
Event: 6.316 Thread 0x0000021a7a93fe90 Exception <a 'java/lang/NoSuchMethodError'{0x00000000ed249068}: 'long java.lang.invoke.DirectMethodHandle$Holder.invokeInterface(java.lang.Object, java.lang.Object)'> (0x00000000ed249068) 
thrown [s\open\src\hotspot\share\interpreter\linkResolver.cpp, line 759]
Event: 6.344 Thread 0x0000021a7a93fe90 Exception <a 'java/lang/NoSuchMethodError'{0x00000000ed284348}: 'java.lang.Object java.lang.invoke.DirectMethodHandle$Holder.invokeVirtual(java.lang.Object, java.lang.Object, java.lang.Object)'> (0x00000000ed284348) 
thrown [s\open\src\hotspot\share\interpreter\linkResolver.cpp, line 759]
Event: 6.445 Thread 0x0000021a7a93fe90 Exception <a 'java/lang/NoSuchMethodError'{0x00000000ece400c8}: 'void java.lang.invoke.DirectMethodHandle$Holder.invokeStatic(java.lang.Object, java.lang.Object)'> (0x00000000ece400c8) 
thrown [s\open\src\hotspot\share\interpreter\linkResolver.cpp, line 759]
Event: 6.496 Thread 0x0000021a7a93fe90 Exception <a 'java/lang/NoSuchMethodError'{0x00000000ecdf1728}: 'java.lang.Object java.lang.invoke.DirectMethodHandle$Holder.newInvokeSpecial(java.lang.Object, java.lang.Object, java.lang.Object, java.lang.Object, java.lang.Object)'> (0x00000000ecdf1728) 
thrown [s\open\src\hotspot\share\interpreter\linkResolver.cpp, line 759]
Event: 6.590 Thread 0x0000021a7a93fe90 Exception <a 'java/lang/NoSuchMethodError'{0x00000000eca1ea58}: 'void java.lang.invoke.DirectMethodHandle$Holder.invokeSpecial(java.lang.Object, java.lang.Object, java.lang.Object)'> (0x00000000eca1ea58) 
thrown [s\open\src\hotspot\share\interpreter\linkResolver.cpp, line 759]
Event: 6.623 Thread 0x0000021a7a93fe90 Exception <a 'java/lang/NoSuchMethodError'{0x00000000ecacbba0}: 'java.lang.Object java.lang.invoke.DirectMethodHandle$Holder.newInvokeSpecial(java.lang.Object, java.lang.Object, java.lang.Object, java.lang.Object, java.lang.Object, java.lang.Object)'> (0x00000000ecacbba0) 
thrown [s\open\src\hotspot\share\interpreter\linkResolver.cpp, line 759]
Event: 6.628 Thread 0x0000021a7a93fe90 Exception <a 'java/lang/NoSuchMethodError'{0x00000000ecae37e0}: 'void java.lang.invoke.DirectMethodHandle$Holder.invokeSpecial(java.lang.Object, java.lang.Object, java.lang.Object, java.lang.Object, java.lang.Object)'> (0x00000000ecae37e0) 
thrown [s\open\src\hotspot\share\interpreter\linkResolver.cpp, line 759]
Event: 6.636 Thread 0x0000021a7a93fe90 Exception <a 'java/lang/NoSuchMethodError'{0x00000000ecaf7710}: 'void java.lang.invoke.DirectMethodHandle$Holder.invokeStaticInit(java.lang.Object, java.lang.Object)'> (0x00000000ecaf7710) 
thrown [s\open\src\hotspot\share\interpreter\linkResolver.cpp, line 759]
Event: 6.779 Thread 0x0000021a7a93fe90 Exception <a 'java/lang/NoSuchMethodError'{0x00000000ec7b96b0}: 'void java.lang.invoke.DelegatingMethodHandle$Holder.reinvoke_L(java.lang.Object, java.lang.Object, java.lang.Object, java.lang.Object, java.lang.Object, java.lang.Object, java.lang.Object, java.lang.Object, java.lang.Object, java.lang.Object)'> (0x00000000ec7b96b0) 
thrown [s\open\src\hotspot\share\interpreter\linkResolver.cpp, line 759]
Event: 6.780 Thread 0x0000021a7a93fe90 Exception <a 'java/lang/NoSuchMethodError'{0x00000000ec7c1b20}: 'java.lang.Object java.lang.invoke.DirectMethodHandle$Holder.invokeSpecial(java.lang.Object, java.lang.Object, java.lang.Object, java.lang.Object, java.lang.Object, java.lang.Object, java.lang.Object, java.lang.Object, java.lang.Object, java.lang.Object)'> (0x00000000ec7c1b20) 
thrown [s\open\src\hotspot\share\interpreter\linkResolver.cpp, line 759]
Event: 6.780 Thread 0x0000021a7a93fe90 Exception <a 'java/lang/NoSuchMethodError'{0x00000000ec7c63f0}: 'java.lang.Object java.lang.invoke.Invokers$Holder.invoker(java.lang.Object, java.lang.Object, java.lang.Object, java.lang.Object, java.lang.Object, java.lang.Object, java.lang.Object, java.lang.Object, java.lang.Object, java.lang.Object)'> (0x00000000ec7c63f0) 
thrown [s\open\src\hotspot\share\interpreter\linkResolver.cpp, line 759]
Event: 6.782 Thread 0x0000021a7a93fe90 Exception <a 'java/lang/NoSuchMethodError'{0x00000000ec7cbf78}: 'java.lang.Object java.lang.invoke.DirectMethodHandle$Holder.invokeSpecial(java.lang.Object, java.lang.Object, java.lang.Object, java.lang.Object, java.lang.Object, java.lang.Object, java.lang.Object, java.lang.Object, java.lang.Object, java.lang.Object, java.lang.Object)'> (0x00000000ec7cbf78) 
thrown [s\open\src\hotspot\share\interpreter\linkResolver.cpp, line 759]
Event: 6.987 Thread 0x0000021a7a93fe90 Exception <a 'java/lang/NoSuchMethodError'{0x00000000ec1987e8}: 'void java.lang.invoke.DirectMethodHandle$Holder.invokeStaticInit(java.lang.Object)'> (0x00000000ec1987e8) 
thrown [s\open\src\hotspot\share\interpreter\linkResolver.cpp, line 759]
Event: 7.013 Thread 0x0000021a7a93fe90 Exception <a 'java/lang/NoSuchMethodError'{0x00000000ec04bb90}: 'java.lang.Object java.lang.invoke.DirectMethodHandle$Holder.newInvokeSpecial(java.lang.Object, java.lang.Object, java.lang.Object, int)'> (0x00000000ec04bb90) 
thrown [s\open\src\hotspot\share\interpreter\linkResolver.cpp, line 759]
Event: 7.013 Thread 0x0000021a7a93fe90 Exception <a 'java/lang/NoSuchMethodError'{0x00000000ec0504c0}: 'java.lang.Object java.lang.invoke.DirectMethodHandle$Holder.invokeSpecial(java.lang.Object, java.lang.Object, java.lang.Object, java.lang.Object, int)'> (0x00000000ec0504c0) 
thrown [s\open\src\hotspot\share\interpreter\linkResolver.cpp, line 759]
Event: 7.014 Thread 0x0000021a7a93fe90 Exception <a 'java/lang/NoSuchMethodError'{0x00000000ec0545d8}: 'java.lang.Object java.lang.invoke.Invokers$Holder.linkToTargetMethod(java.lang.Object, java.lang.Object, int, java.lang.Object)'> (0x00000000ec0545d8) 
thrown [s\open\src\hotspot\share\interpreter\linkResolver.cpp, line 759]

VM Operations (20 events):
Event: 5.395 Executing VM operation: HandshakeAllThreads
Event: 5.395 Executing VM operation: HandshakeAllThreads done
Event: 5.647 Executing VM operation: HandshakeAllThreads
Event: 5.647 Executing VM operation: HandshakeAllThreads done
Event: 6.651 Executing VM operation: Cleanup
Event: 6.651 Executing VM operation: Cleanup done
Event: 6.727 Executing VM operation: HandshakeAllThreads
Event: 6.727 Executing VM operation: HandshakeAllThreads done
Event: 7.737 Executing VM operation: Cleanup
Event: 7.737 Executing VM operation: Cleanup done
Event: 8.743 Executing VM operation: Cleanup
Event: 8.743 Executing VM operation: Cleanup done
Event: 9.746 Executing VM operation: Cleanup
Event: 9.746 Executing VM operation: Cleanup done
Event: 10.749 Executing VM operation: Cleanup
Event: 10.749 Executing VM operation: Cleanup done
Event: 10.804 Executing VM operation: HandshakeAllThreads
Event: 10.804 Executing VM operation: HandshakeAllThreads done
Event: 10.805 Executing VM operation: HandshakeAllThreads
Event: 10.805 Executing VM operation: HandshakeAllThreads done

Events (20 events):
Event: 7.042 loading class java/net/DatagramPacket done
Event: 7.051 loading class sun/nio/ch/DatagramSocketAdaptor$DatagramPackets
Event: 7.052 loading class sun/nio/ch/DatagramSocketAdaptor$DatagramPackets done
Event: 7.707 Thread 0x0000021a7aae6960 Thread exited: 0x0000021a7aae6960
Event: 10.141 Thread 0x0000021a7a9412d0 Thread added: 0x0000021a7a9412d0
Event: 10.157 Thread 0x0000021a7a940dc0 Thread added: 0x0000021a7a940dc0
Event: 10.182 loading class sun/security/provider/MD5
Event: 10.183 loading class sun/security/provider/MD5 done
Event: 10.183 loading class sun/security/provider/SHA5$SHA512
Event: 10.183 loading class sun/security/provider/SHA5
Event: 10.184 loading class sun/security/provider/SHA5 done
Event: 10.184 loading class sun/security/provider/SHA5$SHA512 done
Event: 10.186 loading class sun/security/provider/ByteArrayAccess$LE
Event: 10.186 loading class sun/security/provider/ByteArrayAccess$LE done
Event: 10.788 loading class java/io/File$TempDirectory
Event: 10.788 loading class java/io/File$TempDirectory done
Event: 10.801 loading class java/io/PrintWriter
Event: 10.801 loading class java/io/PrintWriter done
Event: 10.803 loading class sun/nio/cs/UTF_8$Encoder
Event: 10.804 loading class sun/nio/cs/UTF_8$Encoder done


Dynamic libraries:
0x00007ff7e47b0000 - 0x00007ff7e47c0000 	P:\Dev\Tools\Java\jdk-17\bin\java.exe
0x00007ffb6f430000 - 0x00007ffb6f628000 	C:\WINDOWS\SYSTEM32\ntdll.dll
0x00007ffb6e270000 - 0x00007ffb6e32d000 	C:\WINDOWS\System32\KERNEL32.DLL
0x00007ffb6cf90000 - 0x00007ffb6d286000 	C:\WINDOWS\System32\KERNELBASE.dll
0x00007ffb6cae0000 - 0x00007ffb6cbe0000 	C:\WINDOWS\System32\ucrtbase.dll
0x00007ffb325d0000 - 0x00007ffb325eb000 	P:\Dev\Tools\Java\jdk-17\bin\VCRUNTIME140.dll
0x00007ffb30990000 - 0x00007ffb309a9000 	P:\Dev\Tools\Java\jdk-17\bin\jli.dll
0x00007ffb6e1c0000 - 0x00007ffb6e270000 	C:\WINDOWS\System32\ADVAPI32.dll
0x00007ffb6e050000 - 0x00007ffb6e0ee000 	C:\WINDOWS\System32\msvcrt.dll
0x00007ffb6f240000 - 0x00007ffb6f2e0000 	C:\WINDOWS\System32\sechost.dll
0x00007ffb6e4a0000 - 0x00007ffb6e5c5000 	C:\WINDOWS\System32\RPCRT4.dll
0x00007ffb6cd80000 - 0x00007ffb6cda7000 	C:\WINDOWS\System32\bcrypt.dll
0x00007ffb6d870000 - 0x00007ffb6da0e000 	C:\WINDOWS\System32\USER32.dll
0x00007ffb6cd50000 - 0x00007ffb6cd72000 	C:\WINDOWS\System32\win32u.dll
0x00007ffb6db30000 - 0x00007ffb6db5b000 	C:\WINDOWS\System32\GDI32.dll
0x00007ffb57170000 - 0x00007ffb5740a000 	C:\WINDOWS\WinSxS\amd64_microsoft.windows.common-controls_6595b64144ccf1df_6.0.19041.3636_none_60b6a03d71f818d5\COMCTL32.dll
0x00007ffb6cc30000 - 0x00007ffb6cd47000 	C:\WINDOWS\System32\gdi32full.dll
0x00007ffb6cdb0000 - 0x00007ffb6ce4d000 	C:\WINDOWS\System32\msvcp_win.dll
0x00007ffb570a0000 - 0x00007ffb570aa000 	C:\WINDOWS\SYSTEM32\VERSION.dll
0x00007ffb6f180000 - 0x00007ffb6f1b2000 	C:\WINDOWS\System32\IMM32.DLL
0x00007ffb46100000 - 0x00007ffb4610c000 	P:\Dev\Tools\Java\jdk-17\bin\vcruntime140_1.dll
0x00007ffb257c0000 - 0x00007ffb2584e000 	P:\Dev\Tools\Java\jdk-17\bin\msvcp140.dll
0x00007ffb24bd0000 - 0x00007ffb257b1000 	P:\Dev\Tools\Java\jdk-17\bin\server\jvm.dll
0x00007ffb6f170000 - 0x00007ffb6f178000 	C:\WINDOWS\System32\PSAPI.DLL
0x00007ffb5f140000 - 0x00007ffb5f167000 	C:\WINDOWS\SYSTEM32\WINMM.dll
0x00007ffb68340000 - 0x00007ffb68349000 	C:\WINDOWS\SYSTEM32\WSOCK32.dll
0x00007ffb6e0f0000 - 0x00007ffb6e15b000 	C:\WINDOWS\System32\WS2_32.dll
0x00007ffb6a930000 - 0x00007ffb6a942000 	C:\WINDOWS\SYSTEM32\kernel.appcore.dll
0x00007ffb43440000 - 0x00007ffb4344a000 	P:\Dev\Tools\Java\jdk-17\bin\jimage.dll
0x00007ffb6a190000 - 0x00007ffb6a374000 	C:\WINDOWS\SYSTEM32\DBGHELP.DLL
0x00007ffb4e6b0000 - 0x00007ffb4e6e4000 	C:\WINDOWS\SYSTEM32\dbgcore.DLL
0x00007ffb6ce50000 - 0x00007ffb6ced2000 	C:\WINDOWS\System32\bcryptPrimitives.dll
0x00007ffb54aa0000 - 0x00007ffb54aae000 	P:\Dev\Tools\Java\jdk-17\bin\instrument.dll
0x00007ffb28160000 - 0x00007ffb28185000 	P:\Dev\Tools\Java\jdk-17\bin\java.dll
0x00007ffb24af0000 - 0x00007ffb24bc7000 	P:\Dev\Tools\Java\jdk-17\bin\jsvml.dll
0x00007ffb6e780000 - 0x00007ffb6eeeb000 	C:\WINDOWS\System32\SHELL32.dll
0x00007ffb6ab60000 - 0x00007ffb6b2fe000 	C:\WINDOWS\SYSTEM32\windows.storage.dll
0x00007ffb6d510000 - 0x00007ffb6d863000 	C:\WINDOWS\System32\combase.dll
0x00007ffb6c510000 - 0x00007ffb6c53e000 	C:\WINDOWS\SYSTEM32\Wldp.dll
0x00007ffb6f0a0000 - 0x00007ffb6f16d000 	C:\WINDOWS\System32\OLEAUT32.dll
0x00007ffb6f340000 - 0x00007ffb6f3ed000 	C:\WINDOWS\System32\SHCORE.dll
0x00007ffb6e160000 - 0x00007ffb6e1b5000 	C:\WINDOWS\System32\shlwapi.dll
0x00007ffb6ca10000 - 0x00007ffb6ca35000 	C:\WINDOWS\SYSTEM32\profapi.dll
0x00007ffb28400000 - 0x00007ffb28418000 	P:\Dev\Tools\Java\jdk-17\bin\zip.dll
0x00007ffb2c350000 - 0x00007ffb2c369000 	P:\Dev\Tools\Java\jdk-17\bin\net.dll
0x00007ffb67050000 - 0x00007ffb6715a000 	C:\WINDOWS\SYSTEM32\WINHTTP.dll
0x00007ffb6c270000 - 0x00007ffb6c2da000 	C:\WINDOWS\system32\mswsock.dll
0x00007ffb284e0000 - 0x00007ffb284f6000 	P:\Dev\Tools\Java\jdk-17\bin\nio.dll
0x00007ffb390f0000 - 0x00007ffb39100000 	P:\Dev\Tools\Java\jdk-17\bin\verify.dll
0x00007ffb51c00000 - 0x00007ffb51c27000 	C:\Users\Jaesin\.gradle\native\c067742578af261105cb4f569cf0c3c89f3d7b1fecec35dd04571415982c5e48\windows-amd64\native-platform.dll
0x00007ffb24290000 - 0x00007ffb243d4000 	C:\Users\Jaesin\.gradle\native\38dada09dfb8b06ba9b0570ebf7e218e3eb74d4ef43ca46872605cf95ebc2f47\windows-amd64\native-platform-file-events.dll
0x00007ffb42db0000 - 0x00007ffb42dba000 	P:\Dev\Tools\Java\jdk-17\bin\management.dll
0x00007ffb3ff00000 - 0x00007ffb3ff0b000 	P:\Dev\Tools\Java\jdk-17\bin\management_ext.dll
0x00007ffb6c460000 - 0x00007ffb6c478000 	C:\WINDOWS\SYSTEM32\CRYPTSP.dll
0x00007ffb6bb30000 - 0x00007ffb6bb64000 	C:\WINDOWS\system32\rsaenh.dll
0x00007ffb6c9d0000 - 0x00007ffb6c9fe000 	C:\WINDOWS\SYSTEM32\USERENV.dll
0x00007ffb6c480000 - 0x00007ffb6c48c000 	C:\WINDOWS\SYSTEM32\CRYPTBASE.dll
0x00007ffb6bf10000 - 0x00007ffb6bf4b000 	C:\WINDOWS\SYSTEM32\IPHLPAPI.DLL
0x00007ffb6db60000 - 0x00007ffb6db68000 	C:\WINDOWS\System32\NSI.dll
0x00007ffb65a50000 - 0x00007ffb65a67000 	C:\WINDOWS\SYSTEM32\dhcpcsvc6.DLL
0x00007ffb65a30000 - 0x00007ffb65a4d000 	C:\WINDOWS\SYSTEM32\dhcpcsvc.DLL
0x00007ffb6bf50000 - 0x00007ffb6c01b000 	C:\WINDOWS\SYSTEM32\DNSAPI.dll
0x00007ffb38310000 - 0x00007ffb3831e000 	P:\Dev\Tools\Java\jdk-17\bin\sunmscapi.dll
0x00007ffb6d290000 - 0x00007ffb6d3ed000 	C:\WINDOWS\System32\CRYPT32.dll
0x00007ffb6c580000 - 0x00007ffb6c5a8000 	C:\WINDOWS\SYSTEM32\ncrypt.dll
0x00007ffb6c540000 - 0x00007ffb6c57b000 	C:\WINDOWS\SYSTEM32\NTASN1.dll
0x00007ffb3a6f0000 - 0x00007ffb3a6f7000 	C:\WINDOWS\system32\wshunix.dll

dbghelp: loaded successfully - version: 4.0.5 - missing functions: none
symbol engine: initialized successfully - sym options: 0x614 - pdb path: .;P:\Dev\Tools\Java\jdk-17\bin;C:\WINDOWS\SYSTEM32;C:\WINDOWS\WinSxS\amd64_microsoft.windows.common-controls_6595b64144ccf1df_6.0.19041.3636_none_60b6a03d71f818d5;P:\Dev\Tools\Java\jdk-17\bin\server;C:\Users\Jaesin\.gradle\native\c067742578af261105cb4f569cf0c3c89f3d7b1fecec35dd04571415982c5e48\windows-amd64;C:\Users\Jaesin\.gradle\native\38dada09dfb8b06ba9b0570ebf7e218e3eb74d4ef43ca46872605cf95ebc2f47\windows-amd64

VM Arguments:
jvm_args: --add-opens=java.base/java.util=ALL-UNNAMED --add-opens=java.base/java.lang=ALL-UNNAMED --add-opens=java.base/java.lang.invoke=ALL-UNNAMED --add-opens=java.prefs/java.util.prefs=ALL-UNNAMED --add-opens=java.base/java.nio.charset=ALL-UNNAMED --add-opens=java.base/java.net=ALL-UNNAMED --add-opens=java.base/java.util.concurrent.atomic=ALL-UNNAMED -XX:MaxMetaspaceSize=384m -XX:+HeapDumpOnOutOfMemoryError -Xms256m -Xmx512m -Dfile.encoding=x-windows-949 -Duser.country=KR -Duser.language=ko -Duser.variant -javaagent:C:\Users\Jaesin\.gradle\wrapper\dists\gradle-8.7-bin\bhs2wmbdwecv87pi65oeuq5iu\gradle-8.7\lib\agents\gradle-instrumentation-agent-8.7.jar 
java_command: org.gradle.launcher.daemon.bootstrap.GradleDaemon 8.7
java_class_path (initial): C:\Users\Jaesin\.gradle\wrapper\dists\gradle-8.7-bin\bhs2wmbdwecv87pi65oeuq5iu\gradle-8.7\lib\gradle-launcher-8.7.jar
Launcher Type: SUN_STANDARD

[Global flags]
     intx CICompilerCount                          = 12                                        {product} {ergonomic}
   size_t CompressedClassSpaceSize                 = 335544320                                 {product} {ergonomic}
     uint ConcGCThreads                            = 3                                         {product} {ergonomic}
     uint G1ConcRefinementThreads                  = 13                                        {product} {ergonomic}
   size_t G1HeapRegionSize                         = 1048576                                   {product} {ergonomic}
    uintx GCDrainStackTargetSize                   = 64                                        {product} {ergonomic}
     bool HeapDumpOnOutOfMemoryError               = true                                   {manageable} {command line}
   size_t InitialHeapSize                          = 268435456                                 {product} {command line}
   size_t MarkStackSize                            = 4194304                                   {product} {ergonomic}
   size_t MaxHeapSize                              = 536870912                                 {product} {command line}
   size_t MaxMetaspaceSize                         = 402653184                                 {product} {command line}
   size_t MaxNewSize                               = 321912832                                 {product} {ergonomic}
   size_t MinHeapDeltaBytes                        = 1048576                                   {product} {ergonomic}
   size_t MinHeapSize                              = 268435456                                 {product} {command line}
    uintx NonNMethodCodeHeapSize                   = 7602480                                {pd product} {ergonomic}
    uintx NonProfiledCodeHeapSize                  = 122027880                              {pd product} {ergonomic}
    uintx ProfiledCodeHeapSize                     = 122027880                              {pd product} {ergonomic}
    uintx ReservedCodeCacheSize                    = 251658240                              {pd product} {ergonomic}
     bool SegmentedCodeCache                       = true                                      {product} {ergonomic}
   size_t SoftMaxHeapSize                          = 536870912                              {manageable} {ergonomic}
     bool UseCompressedClassPointers               = true                           {product lp64_product} {ergonomic}
     bool UseCompressedOops                        = true                           {product lp64_product} {ergonomic}
     bool UseG1GC                                  = true                                      {product} {ergonomic}
     bool UseLargePagesIndividualAllocation        = false                                  {pd product} {ergonomic}

Logging:
Log output configuration:
 #0: stdout all=warning uptime,level,tags
 #1: stderr all=off uptime,level,tags

Environment Variables:
JAVA_HOME=P:\Dev\Tools\Java\jdk-17
PATH=C:\Program Files\Common Files\Oracle\Java\javapath;P:\Dev\Tools\Java\jdk-17\bin;C:\WINDOWS\system32;C:\WINDOWS;C:\WINDOWS\System32\Wbem;C:\WINDOWS\System32\WindowsPowerShell\v1.0\;C:\WINDOWS\System32\OpenSSH\;P:\Dev\Tools\VS_Code\;C:\Program Files\Bandizip\;P:\Dev\Tools\Git\cmd;C:\Program Files\PowerShell\7\;C:\Program Files\Docker\Docker\resources\bin;P:\Dev\Tools\flutter\bin;P:\Dev\Tools\Erlang\Erlang OTP;P:\Dev\Tools\Ruby32\bin;C:\Users\Jaesin\AppData\Local\Programs\Python\Launcher\;C:\Program Files\MySQL\MySQL Shell 8.0\bin\;C:\Users\Jaesin\AppData\Local\Microsoft\WindowsApps;P:\Dev\tools\java\IntelliJ IDEA Community Edition 2023.2.4\bin;P:\Dev\Tools\VS_Code\Microsoft VS Code\bin;C:\Users\Jaesin\AppData\Roaming\npm;C:\Users\Jaesin\AppData\Local\GitHubDesktop\bin;C:\Users\Jaesin\AppData\Local\Programs\oh-my-posh\bin
USERNAME=Jaesin
OS=Windows_NT
PROCESSOR_IDENTIFIER=Intel64 Family 6 Model 186 Stepping 2, GenuineIntel



---------------  S Y S T E M  ---------------

OS:
 Windows 10 , 64 bit Build 19041 (10.0.19041.3636)
OS uptime: 2 days 13:08 hours
Hyper-V role detected

CPU: total 16 (initial active 16) (8 cores per cpu, 2 threads per core) family 6 model 186 stepping 2 microcode 0x410e, cx8, cmov, fxsr, ht, mmx, 3dnowpref, sse, sse2, sse3, ssse3, sse4.1, sse4.2, popcnt, lzcnt, tsc, tscinvbit, avx, avx2, aes, erms, clmul, bmi1, bmi2, adx, sha, fma, vzeroupper, clflush, clflushopt, clwb, hv

Memory: 4k page, system-wide physical 15932M (180M free)
TotalPageFile size 45524M (AvailPageFile size 51M)
current process WorkingSet (physical memory assigned to process): 164M, peak: 166M
current process commit charge ("private bytes"): 400M, peak: 413M

vm_info: Java HotSpot(TM) 64-Bit Server VM (17.0.9+11-LTS-201) for windows-amd64 JRE (17.0.9+11-LTS-201), built on Oct 10 2023 23:16:06 by "mach5one" with MS VC++ 17.1 (VS2022)

END.
