#
# There is insufficient memory for the Java Runtime Environment to continue.
# Native memory allocation (malloc) failed to allocate 150144 bytes for Chunk::new
# Possible reasons:
#   The system is out of physical RAM or swap space
#   The process is running with CompressedOops enabled, and the Java Heap may be blocking the growth of the native heap
# Possible solutions:
#   Reduce memory load on the system
#   Increase physical memory or swap space
#   Check if swap backing store is full
#   Decrease Java heap size (-Xmx/-Xms)
#   Decrease number of Java threads
#   Decrease Java thread stack sizes (-Xss)
#   Set larger code cache with -XX:ReservedCodeCacheSize=
#   JVM is running with Unscaled Compressed Oops mode in which the Java heap is
#     placed in the first 4GB address space. The Java Heap base address is the
#     maximum limit for the native heap growth. Please use -XX:HeapBaseMinAddress
#     to set the Java Heap base and to place the Java Heap above 4GB virtual address.
# This output file may be truncated or incomplete.
#
#  Out of Memory Error (arena.cpp:189), pid=39460, tid=35056
#
# JRE version: Java(TM) SE Runtime Environment (17.0.9+11) (build 17.0.9+11-LTS-201)
# Java VM: Java HotSpot(TM) 64-Bit Server VM (17.0.9+11-LTS-201, mixed mode, sharing, tiered, compressed oops, compressed class ptrs, g1 gc, windows-amd64)
# No core dump will be written. Minidumps are not enabled by default on client versions of Windows
#

---------------  S U M M A R Y ------------

Command Line: --add-opens=java.base/java.util=ALL-UNNAMED --add-opens=java.base/java.lang=ALL-UNNAMED --add-opens=java.base/java.lang.invoke=ALL-UNNAMED --add-opens=java.prefs/java.util.prefs=ALL-UNNAMED --add-opens=java.base/java.nio.charset=ALL-UNNAMED --add-opens=java.base/java.net=ALL-UNNAMED --add-opens=java.base/java.util.concurrent.atomic=ALL-UNNAMED -XX:MaxMetaspaceSize=384m -XX:+HeapDumpOnOutOfMemoryError -Xms256m -Xmx512m -Dfile.encoding=x-windows-949 -Duser.country=KR -Duser.language=ko -Duser.variant -javaagent:C:\Users\Jaesin\.gradle\wrapper\dists\gradle-8.7-bin\bhs2wmbdwecv87pi65oeuq5iu\gradle-8.7\lib\agents\gradle-instrumentation-agent-8.7.jar org.gradle.launcher.daemon.bootstrap.GradleDaemon 8.7

Host: 13th Gen Intel(R) Core(TM) i5-1340P, 16 cores, 15G,  Windows 10 , 64 bit Build 19041 (10.0.19041.3636)
Time: Wed Apr 17 21:58:22 2024  Windows 10 , 64 bit Build 19041 (10.0.19041.3636) elapsed time: 121.311169 seconds (0d 0h 2m 1s)

---------------  T H R E A D  ---------------

Current thread (0x0000020b7688e270):  JavaThread "C2 CompilerThread0" daemon [_thread_in_native, id=35056, stack(0x0000007e75a00000,0x0000007e75b00000)]


Current CompileTask:
C2: 121313 4853       4       org.codehaus.groovy.reflection.ParameterTypes::getParameterTypes (16 bytes)

Stack: [0x0000007e75a00000,0x0000007e75b00000]
Native frames: (J=compiled Java code, j=interpreted, Vv=VM code, C=native code)
V  [jvm.dll+0x678a4a]
V  [jvm.dll+0x7d9cfd]
V  [jvm.dll+0x7db60e]
V  [jvm.dll+0x7dbc73]
V  [jvm.dll+0x245e1f]
V  [jvm.dll+0xaaafb]
V  [jvm.dll+0xab09c]
V  [jvm.dll+0x36237e]
V  [jvm.dll+0x1bb94a]
V  [jvm.dll+0x218287]
V  [jvm.dll+0x217561]
V  [jvm.dll+0x1a3bc0]
V  [jvm.dll+0x2272de]
V  [jvm.dll+0x22548b]
V  [jvm.dll+0x78f58c]
V  [jvm.dll+0x78998a]
V  [jvm.dll+0x677875]
C  [ucrtbase.dll+0x21bb2]
C  [KERNEL32.DLL+0x17344]
C  [ntdll.dll+0x526b1]


---------------  P R O C E S S  ---------------

Threads class SMR info:
_java_thread_list=0x0000020b7d28ddc0, length=40, elements={
0x0000020b6a4b7520, 0x0000020b768666f0, 0x0000020b76867480, 0x0000020b76888930,
0x0000020b7688a410, 0x0000020b7688ccf0, 0x0000020b7688d5c0, 0x0000020b7688e270,
0x0000020b7688ec30, 0x0000020b768a9d00, 0x0000020b76a27fd0, 0x0000020b76b17390,
0x0000020b7bea9710, 0x0000020b7bb9c440, 0x0000020b7ba099a0, 0x0000020b7be86610,
0x0000020b7c74ce20, 0x0000020b7c86a570, 0x0000020b7c86b4a0, 0x0000020b7c86d810,
0x0000020b7c86b9b0, 0x0000020b7c86af90, 0x0000020b7c86aa80, 0x0000020b7c86c3d0,
0x0000020b7c86c8e0, 0x0000020b7c86cdf0, 0x0000020b7b1cdf60, 0x0000020b7b1cbbf0,
0x0000020b7b1ce470, 0x0000020b7b1cb6e0, 0x0000020b7b1cd030, 0x0000020b7b1cacc0,
0x0000020b7b1c7510, 0x0000020b7b1cc610, 0x0000020b7b1cd540, 0x0000020b7b1cda50,
0x0000020b7b1ca2a0, 0x0000020b7b1cb1d0, 0x0000020b7b1c7a20, 0x0000020b7c84db40
}

Java Threads: ( => current thread )
  0x0000020b6a4b7520 JavaThread "main" [_thread_blocked, id=33248, stack(0x0000007e74d00000,0x0000007e74e00000)]
  0x0000020b768666f0 JavaThread "Reference Handler" daemon [_thread_blocked, id=34872, stack(0x0000007e75400000,0x0000007e75500000)]
  0x0000020b76867480 JavaThread "Finalizer" daemon [_thread_blocked, id=24080, stack(0x0000007e75500000,0x0000007e75600000)]
  0x0000020b76888930 JavaThread "Signal Dispatcher" daemon [_thread_blocked, id=32500, stack(0x0000007e75600000,0x0000007e75700000)]
  0x0000020b7688a410 JavaThread "Attach Listener" daemon [_thread_blocked, id=21028, stack(0x0000007e75700000,0x0000007e75800000)]
  0x0000020b7688ccf0 JavaThread "Service Thread" daemon [_thread_blocked, id=30844, stack(0x0000007e75800000,0x0000007e75900000)]
  0x0000020b7688d5c0 JavaThread "Monitor Deflation Thread" daemon [_thread_blocked, id=3916, stack(0x0000007e75900000,0x0000007e75a00000)]
=>0x0000020b7688e270 JavaThread "C2 CompilerThread0" daemon [_thread_in_native, id=35056, stack(0x0000007e75a00000,0x0000007e75b00000)]
  0x0000020b7688ec30 JavaThread "C1 CompilerThread0" daemon [_thread_blocked, id=30828, stack(0x0000007e75b00000,0x0000007e75c00000)]
  0x0000020b768a9d00 JavaThread "Sweeper thread" daemon [_thread_blocked, id=34840, stack(0x0000007e75c00000,0x0000007e75d00000)]
  0x0000020b76a27fd0 JavaThread "Common-Cleaner" daemon [_thread_blocked, id=39300, stack(0x0000007e75d00000,0x0000007e75e00000)]
  0x0000020b76b17390 JavaThread "Notification Thread" daemon [_thread_blocked, id=28580, stack(0x0000007e75f00000,0x0000007e76000000)]
  0x0000020b7bea9710 JavaThread "Daemon health stats" [_thread_blocked, id=40916, stack(0x0000007e76100000,0x0000007e76200000)]
  0x0000020b7bb9c440 JavaThread "Incoming local TCP Connector on port 63363" [_thread_in_native, id=35652, stack(0x0000007e76800000,0x0000007e76900000)]
  0x0000020b7ba099a0 JavaThread "Daemon periodic checks" [_thread_blocked, id=10560, stack(0x0000007e76900000,0x0000007e76a00000)]
  0x0000020b7be86610 JavaThread "Daemon" [_thread_blocked, id=39852, stack(0x0000007e76a00000,0x0000007e76b00000)]
  0x0000020b7c74ce20 JavaThread "Handler for socket connection from /127.0.0.1:63363 to /127.0.0.1:63364" [_thread_in_native, id=17136, stack(0x0000007e76b00000,0x0000007e76c00000)]
  0x0000020b7c86a570 JavaThread "Cancel handler" [_thread_blocked, id=30800, stack(0x0000007e76c00000,0x0000007e76d00000)]
  0x0000020b7c86b4a0 JavaThread "Daemon worker" [_thread_in_Java, id=31324, stack(0x0000007e76d00000,0x0000007e76e00000)]
  0x0000020b7c86d810 JavaThread "Asynchronous log dispatcher for DefaultDaemonConnection: socket connection from /127.0.0.1:63363 to /127.0.0.1:63364" [_thread_blocked, id=36944, stack(0x0000007e76e00000,0x0000007e76f00000)]
  0x0000020b7c86b9b0 JavaThread "Stdin handler" [_thread_blocked, id=25152, stack(0x0000007e76f00000,0x0000007e77000000)]
  0x0000020b7c86af90 JavaThread "Daemon client event forwarder" [_thread_blocked, id=25684, stack(0x0000007e77000000,0x0000007e77100000)]
  0x0000020b7c86aa80 JavaThread "Cache worker for journal cache (C:\Users\Jaesin\.gradle\caches\journal-1)" [_thread_blocked, id=7504, stack(0x0000007e77100000,0x0000007e77200000)]
  0x0000020b7c86c3d0 JavaThread "File lock request listener" [_thread_in_native, id=20744, stack(0x0000007e77200000,0x0000007e77300000)]
  0x0000020b7c86c8e0 JavaThread "File lock release action executor" [_thread_blocked, id=5760, stack(0x0000007e76700000,0x0000007e76800000)]
  0x0000020b7c86cdf0 JavaThread "Cache worker for file hash cache (C:\Users\Jaesin\.gradle\caches\8.7\fileHashes)" [_thread_blocked, id=21260, stack(0x0000007e77300000,0x0000007e77400000)]
  0x0000020b7b1cdf60 JavaThread "Cache worker for file hash cache (P:\Dev\Project\MSA\order-service\.gradle\8.7\fileHashes)" [_thread_blocked, id=22220, stack(0x0000007e77400000,0x0000007e77500000)]
  0x0000020b7b1cbbf0 JavaThread "File watcher server" daemon [_thread_in_native, id=32196, stack(0x0000007e77500000,0x0000007e77600000)]
  0x0000020b7b1ce470 JavaThread "File watcher consumer" daemon [_thread_blocked, id=35828, stack(0x0000007e77600000,0x0000007e77700000)]
  0x0000020b7b1cb6e0 JavaThread "Cache worker for checksums cache (P:\Dev\Project\MSA\order-service\.gradle\8.7\checksums)" [_thread_blocked, id=37660, stack(0x0000007e78000000,0x0000007e78100000)]
  0x0000020b7b1cd030 JavaThread "Cache worker for cache directory md-supplier (C:\Users\Jaesin\.gradle\caches\8.7\md-supplier)" [_thread_blocked, id=25216, stack(0x0000007e78100000,0x0000007e78200000)]
  0x0000020b7b1cacc0 JavaThread "Cache worker for cache directory md-rule (C:\Users\Jaesin\.gradle\caches\8.7\md-rule)" [_thread_blocked, id=21872, stack(0x0000007e78200000,0x0000007e78300000)]
  0x0000020b7b1c7510 JavaThread "Cache worker for file content cache (C:\Users\Jaesin\.gradle\caches\8.7\fileContent)" [_thread_blocked, id=37544, stack(0x0000007e78300000,0x0000007e78400000)]
  0x0000020b7b1cc610 JavaThread "jar transforms" [_thread_blocked, id=40860, stack(0x0000007e75e00000,0x0000007e75f00000)]
  0x0000020b7b1cd540 JavaThread "jar transforms Thread 2" [_thread_blocked, id=33500, stack(0x0000007e78400000,0x0000007e78500000)]
  0x0000020b7b1cda50 JavaThread "jar transforms Thread 3" [_thread_blocked, id=32844, stack(0x0000007e78700000,0x0000007e78800000)]
  0x0000020b7b1ca2a0 JavaThread "jar transforms Thread 4" [_thread_blocked, id=41284, stack(0x0000007e74a00000,0x0000007e74b00000)]
  0x0000020b7b1cb1d0 JavaThread "jar transforms Thread 5" [_thread_blocked, id=41548, stack(0x0000007e74b00000,0x0000007e74c00000)]
  0x0000020b7b1c7a20 JavaThread "jar transforms Thread 6" [_thread_blocked, id=17220, stack(0x0000007e74c00000,0x0000007e74d00000)]
  0x0000020b7c84db40 Thread [stack: 0x0000007e78800000,0x0000007e78900000] [id=15172]

Other Threads:
  0x0000020b76862bd0 VMThread "VM Thread" [stack: 0x0000007e75300000,0x0000007e75400000] [id=35040]
  0x0000020b7672e070 WatcherThread [stack: 0x0000007e76000000,0x0000007e76100000] [id=21712]
  0x0000020b6a4e6240 GCTaskThread "GC Thread#0" [stack: 0x0000007e74e00000,0x0000007e74f00000] [id=35416]
  0x0000020b76b87920 GCTaskThread "GC Thread#1" [stack: 0x0000007e76200000,0x0000007e76300000] [id=39616]
  0x0000020b76b86320 GCTaskThread "GC Thread#2" [stack: 0x0000007e76300000,0x0000007e76400000] [id=39624]
  0x0000020b76b868a0 GCTaskThread "GC Thread#3" [stack: 0x0000007e76400000,0x0000007e76500000] [id=41652]
  0x0000020b76b865e0 GCTaskThread "GC Thread#4" [stack: 0x0000007e76500000,0x0000007e76600000] [id=38000]
  0x0000020b76b86b60 GCTaskThread "GC Thread#5" [stack: 0x0000007e76600000,0x0000007e76700000] [id=40640]
  0x0000020b76b85da0 GCTaskThread "GC Thread#6" [stack: 0x0000007e77700000,0x0000007e77800000] [id=32176]
  0x0000020b7d5ed3f0 GCTaskThread "GC Thread#7" [stack: 0x0000007e77800000,0x0000007e77900000] [id=30352]
  0x0000020b7d5ece70 GCTaskThread "GC Thread#8" [stack: 0x0000007e77900000,0x0000007e77a00000] [id=6872]
  0x0000020b7d5ead70 GCTaskThread "GC Thread#9" [stack: 0x0000007e77a00000,0x0000007e77b00000] [id=32804]
  0x0000020b7d5ec630 GCTaskThread "GC Thread#10" [stack: 0x0000007e77b00000,0x0000007e77c00000] [id=31952]
  0x0000020b7d5e9770 GCTaskThread "GC Thread#11" [stack: 0x0000007e77c00000,0x0000007e77d00000] [id=34920]
  0x0000020b7d5eb030 GCTaskThread "GC Thread#12" [stack: 0x0000007e77d00000,0x0000007e77e00000] [id=14216]
  0x0000020b6a4eb8b0 ConcurrentGCThread "G1 Main Marker" [stack: 0x0000007e74f00000,0x0000007e75000000] [id=40672]
  0x0000020b6a4ed180 ConcurrentGCThread "G1 Conc#0" [stack: 0x0000007e75000000,0x0000007e75100000] [id=28232]
  0x0000020b7d5ea270 ConcurrentGCThread "G1 Conc#1" [stack: 0x0000007e77e00000,0x0000007e77f00000] [id=37408]
  0x0000020b7d5ec0b0 ConcurrentGCThread "G1 Conc#2" [stack: 0x0000007e77f00000,0x0000007e78000000] [id=39372]
  0x0000020b6a58dbe0 ConcurrentGCThread "G1 Refine#0" [stack: 0x0000007e75100000,0x0000007e75200000] [id=32736]
  0x0000020b6a58e520 ConcurrentGCThread "G1 Service" [stack: 0x0000007e75200000,0x0000007e75300000] [id=2968]

Threads with active compile tasks:
C2 CompilerThread0   121657 4853       4       org.codehaus.groovy.reflection.ParameterTypes::getParameterTypes (16 bytes)

VM state: not at safepoint (normal execution)

VM Mutex/Monitor currently owned by a thread: None

Heap address: 0x00000000e0000000, size: 512 MB, Compressed Oops mode: 32-bit

CDS archive(s) mapped at: [0x0000020b0f000000-0x0000020b0fbd0000-0x0000020b0fbd0000), size 12386304, SharedBaseAddress: 0x0000020b0f000000, ArchiveRelocationMode: 1.
Compressed class space mapped at: 0x0000020b10000000-0x0000020b24000000, reserved size: 335544320
Narrow klass base: 0x0000020b0f000000, Narrow klass shift: 0, Narrow klass range: 0x100000000

GC Precious Log:
 CPUs: 16 total, 16 available
 Memory: 15932M
 Large Page Support: Disabled
 NUMA Support: Disabled
 Compressed Oops: Enabled (32-bit)
 Heap Region Size: 1M
 Heap Min Capacity: 256M
 Heap Initial Capacity: 256M
 Heap Max Capacity: 512M
 Pre-touch: Disabled
 Parallel Workers: 13
 Concurrent Workers: 3
 Concurrent Refinement Workers: 13
 Periodic GC: Disabled

Heap:
 garbage-first heap   total 262144K, used 160404K [0x00000000e0000000, 0x0000000100000000)
  region size 1024K, 144 young (147456K), 13 survivors (13312K)
 Metaspace       used 35679K, committed 36160K, reserved 393216K
  class space    used 4916K, committed 5120K, reserved 327680K

Heap Regions: E=young(eden), S=young(survivor), O=old, HS=humongous(starts), HC=humongous(continues), CS=collection set, F=free, OA=open archive, CA=closed archive, TAMS=top-at-mark-start (previous, next)
|   0|0x00000000e0000000, 0x00000000e0100000, 0x00000000e0100000|100%|HS|  |TAMS 0x00000000e0100000, 0x00000000e0000000| Complete 
|   1|0x00000000e0100000, 0x00000000e0200000, 0x00000000e0200000|100%|HC|  |TAMS 0x00000000e0200000, 0x00000000e0100000| Complete 
|   2|0x00000000e0200000, 0x00000000e0300000, 0x00000000e0300000|100%|HC|  |TAMS 0x00000000e0300000, 0x00000000e0200000| Complete 
|   3|0x00000000e0300000, 0x00000000e0400000, 0x00000000e0400000|100%|HC|  |TAMS 0x00000000e0400000, 0x00000000e0300000| Complete 
|   4|0x00000000e0400000, 0x00000000e0500000, 0x00000000e0500000|100%| O|  |TAMS 0x00000000e0500000, 0x00000000e0400000| Untracked 
|   5|0x00000000e0500000, 0x00000000e0600000, 0x00000000e0600000|100%| O|  |TAMS 0x00000000e0600000, 0x00000000e0500000| Untracked 
|   6|0x00000000e0600000, 0x00000000e0700000, 0x00000000e0700000|100%| O|  |TAMS 0x00000000e0700000, 0x00000000e0600000| Untracked 
|   7|0x00000000e0700000, 0x00000000e0800000, 0x00000000e0800000|100%| O|  |TAMS 0x00000000e0800000, 0x00000000e0700000| Untracked 
|   8|0x00000000e0800000, 0x00000000e0900000, 0x00000000e0900000|100%| O|  |TAMS 0x00000000e0900000, 0x00000000e0800000| Untracked 
|   9|0x00000000e0900000, 0x00000000e0a00000, 0x00000000e0a00000|100%| O|  |TAMS 0x00000000e0a00000, 0x00000000e0900000| Untracked 
|  10|0x00000000e0a00000, 0x00000000e0a9e200, 0x00000000e0b00000| 61%| O|  |TAMS 0x00000000e0a9e008, 0x00000000e0a00000| Untracked 
|  11|0x00000000e0b00000, 0x00000000e0c00000, 0x00000000e0c00000|100%|HS|  |TAMS 0x00000000e0b00000, 0x00000000e0b00000| Complete 
|  12|0x00000000e0c00000, 0x00000000e0d00000, 0x00000000e0d00000|100%|HS|  |TAMS 0x00000000e0c00000, 0x00000000e0c00000| Complete 
|  13|0x00000000e0d00000, 0x00000000e0e00000, 0x00000000e0e00000|100%|HC|  |TAMS 0x00000000e0d00000, 0x00000000e0d00000| Complete 
|  14|0x00000000e0e00000, 0x00000000e0f00000, 0x00000000e0f00000|100%|HS|  |TAMS 0x00000000e0e00000, 0x00000000e0e00000| Complete 
|  15|0x00000000e0f00000, 0x00000000e1000000, 0x00000000e1000000|100%|HC|  |TAMS 0x00000000e0f00000, 0x00000000e0f00000| Complete 
|  16|0x00000000e1000000, 0x00000000e1000000, 0x00000000e1100000|  0%| F|  |TAMS 0x00000000e1000000, 0x00000000e1000000| Untracked 
|  17|0x00000000e1100000, 0x00000000e1100000, 0x00000000e1200000|  0%| F|  |TAMS 0x00000000e1100000, 0x00000000e1100000| Untracked 
|  18|0x00000000e1200000, 0x00000000e1200000, 0x00000000e1300000|  0%| F|  |TAMS 0x00000000e1200000, 0x00000000e1200000| Untracked 
|  19|0x00000000e1300000, 0x00000000e1300000, 0x00000000e1400000|  0%| F|  |TAMS 0x00000000e1300000, 0x00000000e1300000| Untracked 
|  20|0x00000000e1400000, 0x00000000e1400000, 0x00000000e1500000|  0%| F|  |TAMS 0x00000000e1400000, 0x00000000e1400000| Untracked 
|  21|0x00000000e1500000, 0x00000000e1500000, 0x00000000e1600000|  0%| F|  |TAMS 0x00000000e1500000, 0x00000000e1500000| Untracked 
|  22|0x00000000e1600000, 0x00000000e1600000, 0x00000000e1700000|  0%| F|  |TAMS 0x00000000e1600000, 0x00000000e1600000| Untracked 
|  23|0x00000000e1700000, 0x00000000e1700000, 0x00000000e1800000|  0%| F|  |TAMS 0x00000000e1700000, 0x00000000e1700000| Untracked 
|  24|0x00000000e1800000, 0x00000000e1800000, 0x00000000e1900000|  0%| F|  |TAMS 0x00000000e1800000, 0x00000000e1800000| Untracked 
|  25|0x00000000e1900000, 0x00000000e1900000, 0x00000000e1a00000|  0%| F|  |TAMS 0x00000000e1900000, 0x00000000e1900000| Untracked 
|  26|0x00000000e1a00000, 0x00000000e1a00000, 0x00000000e1b00000|  0%| F|  |TAMS 0x00000000e1a00000, 0x00000000e1a00000| Untracked 
|  27|0x00000000e1b00000, 0x00000000e1b00000, 0x00000000e1c00000|  0%| F|  |TAMS 0x00000000e1b00000, 0x00000000e1b00000| Untracked 
|  28|0x00000000e1c00000, 0x00000000e1c00000, 0x00000000e1d00000|  0%| F|  |TAMS 0x00000000e1c00000, 0x00000000e1c00000| Untracked 
|  29|0x00000000e1d00000, 0x00000000e1d00000, 0x00000000e1e00000|  0%| F|  |TAMS 0x00000000e1d00000, 0x00000000e1d00000| Untracked 
|  30|0x00000000e1e00000, 0x00000000e1e00000, 0x00000000e1f00000|  0%| F|  |TAMS 0x00000000e1e00000, 0x00000000e1e00000| Untracked 
|  31|0x00000000e1f00000, 0x00000000e1f00000, 0x00000000e2000000|  0%| F|  |TAMS 0x00000000e1f00000, 0x00000000e1f00000| Untracked 
|  32|0x00000000e2000000, 0x00000000e2000000, 0x00000000e2100000|  0%| F|  |TAMS 0x00000000e2000000, 0x00000000e2000000| Untracked 
|  33|0x00000000e2100000, 0x00000000e2100000, 0x00000000e2200000|  0%| F|  |TAMS 0x00000000e2100000, 0x00000000e2100000| Untracked 
|  34|0x00000000e2200000, 0x00000000e2200000, 0x00000000e2300000|  0%| F|  |TAMS 0x00000000e2200000, 0x00000000e2200000| Untracked 
|  35|0x00000000e2300000, 0x00000000e2300000, 0x00000000e2400000|  0%| F|  |TAMS 0x00000000e2300000, 0x00000000e2300000| Untracked 
|  36|0x00000000e2400000, 0x00000000e2400000, 0x00000000e2500000|  0%| F|  |TAMS 0x00000000e2400000, 0x00000000e2400000| Untracked 
|  37|0x00000000e2500000, 0x00000000e2500000, 0x00000000e2600000|  0%| F|  |TAMS 0x00000000e2500000, 0x00000000e2500000| Untracked 
|  38|0x00000000e2600000, 0x00000000e2600000, 0x00000000e2700000|  0%| F|  |TAMS 0x00000000e2600000, 0x00000000e2600000| Untracked 
|  39|0x00000000e2700000, 0x00000000e2700000, 0x00000000e2800000|  0%| F|  |TAMS 0x00000000e2700000, 0x00000000e2700000| Untracked 
|  40|0x00000000e2800000, 0x00000000e2800000, 0x00000000e2900000|  0%| F|  |TAMS 0x00000000e2800000, 0x00000000e2800000| Untracked 
|  41|0x00000000e2900000, 0x00000000e2900000, 0x00000000e2a00000|  0%| F|  |TAMS 0x00000000e2900000, 0x00000000e2900000| Untracked 
|  42|0x00000000e2a00000, 0x00000000e2a00000, 0x00000000e2b00000|  0%| F|  |TAMS 0x00000000e2a00000, 0x00000000e2a00000| Untracked 
|  43|0x00000000e2b00000, 0x00000000e2b00000, 0x00000000e2c00000|  0%| F|  |TAMS 0x00000000e2b00000, 0x00000000e2b00000| Untracked 
|  44|0x00000000e2c00000, 0x00000000e2c00000, 0x00000000e2d00000|  0%| F|  |TAMS 0x00000000e2c00000, 0x00000000e2c00000| Untracked 
|  45|0x00000000e2d00000, 0x00000000e2d00000, 0x00000000e2e00000|  0%| F|  |TAMS 0x00000000e2d00000, 0x00000000e2d00000| Untracked 
|  46|0x00000000e2e00000, 0x00000000e2e00000, 0x00000000e2f00000|  0%| F|  |TAMS 0x00000000e2e00000, 0x00000000e2e00000| Untracked 
|  47|0x00000000e2f00000, 0x00000000e2f00000, 0x00000000e3000000|  0%| F|  |TAMS 0x00000000e2f00000, 0x00000000e2f00000| Untracked 
|  48|0x00000000e3000000, 0x00000000e3000000, 0x00000000e3100000|  0%| F|  |TAMS 0x00000000e3000000, 0x00000000e3000000| Untracked 
|  49|0x00000000e3100000, 0x00000000e3100000, 0x00000000e3200000|  0%| F|  |TAMS 0x00000000e3100000, 0x00000000e3100000| Untracked 
|  50|0x00000000e3200000, 0x00000000e3200000, 0x00000000e3300000|  0%| F|  |TAMS 0x00000000e3200000, 0x00000000e3200000| Untracked 
|  51|0x00000000e3300000, 0x00000000e3300000, 0x00000000e3400000|  0%| F|  |TAMS 0x00000000e3300000, 0x00000000e3300000| Untracked 
|  52|0x00000000e3400000, 0x00000000e3400000, 0x00000000e3500000|  0%| F|  |TAMS 0x00000000e3400000, 0x00000000e3400000| Untracked 
|  53|0x00000000e3500000, 0x00000000e3500000, 0x00000000e3600000|  0%| F|  |TAMS 0x00000000e3500000, 0x00000000e3500000| Untracked 
|  54|0x00000000e3600000, 0x00000000e3600000, 0x00000000e3700000|  0%| F|  |TAMS 0x00000000e3600000, 0x00000000e3600000| Untracked 
|  55|0x00000000e3700000, 0x00000000e3700000, 0x00000000e3800000|  0%| F|  |TAMS 0x00000000e3700000, 0x00000000e3700000| Untracked 
|  56|0x00000000e3800000, 0x00000000e3800000, 0x00000000e3900000|  0%| F|  |TAMS 0x00000000e3800000, 0x00000000e3800000| Untracked 
|  57|0x00000000e3900000, 0x00000000e3900000, 0x00000000e3a00000|  0%| F|  |TAMS 0x00000000e3900000, 0x00000000e3900000| Untracked 
|  58|0x00000000e3a00000, 0x00000000e3a00000, 0x00000000e3b00000|  0%| F|  |TAMS 0x00000000e3a00000, 0x00000000e3a00000| Untracked 
|  59|0x00000000e3b00000, 0x00000000e3b00000, 0x00000000e3c00000|  0%| F|  |TAMS 0x00000000e3b00000, 0x00000000e3b00000| Untracked 
|  60|0x00000000e3c00000, 0x00000000e3c00000, 0x00000000e3d00000|  0%| F|  |TAMS 0x00000000e3c00000, 0x00000000e3c00000| Untracked 
|  61|0x00000000e3d00000, 0x00000000e3d00000, 0x00000000e3e00000|  0%| F|  |TAMS 0x00000000e3d00000, 0x00000000e3d00000| Untracked 
|  62|0x00000000e3e00000, 0x00000000e3e00000, 0x00000000e3f00000|  0%| F|  |TAMS 0x00000000e3e00000, 0x00000000e3e00000| Untracked 
|  63|0x00000000e3f00000, 0x00000000e3f00000, 0x00000000e4000000|  0%| F|  |TAMS 0x00000000e3f00000, 0x00000000e3f00000| Untracked 
|  64|0x00000000e4000000, 0x00000000e4000000, 0x00000000e4100000|  0%| F|  |TAMS 0x00000000e4000000, 0x00000000e4000000| Untracked 
|  65|0x00000000e4100000, 0x00000000e4100000, 0x00000000e4200000|  0%| F|  |TAMS 0x00000000e4100000, 0x00000000e4100000| Untracked 
|  66|0x00000000e4200000, 0x00000000e4200000, 0x00000000e4300000|  0%| F|  |TAMS 0x00000000e4200000, 0x00000000e4200000| Untracked 
|  67|0x00000000e4300000, 0x00000000e4300000, 0x00000000e4400000|  0%| F|  |TAMS 0x00000000e4300000, 0x00000000e4300000| Untracked 
|  68|0x00000000e4400000, 0x00000000e4400000, 0x00000000e4500000|  0%| F|  |TAMS 0x00000000e4400000, 0x00000000e4400000| Untracked 
|  69|0x00000000e4500000, 0x00000000e4500000, 0x00000000e4600000|  0%| F|  |TAMS 0x00000000e4500000, 0x00000000e4500000| Untracked 
|  70|0x00000000e4600000, 0x00000000e4600000, 0x00000000e4700000|  0%| F|  |TAMS 0x00000000e4600000, 0x00000000e4600000| Untracked 
|  71|0x00000000e4700000, 0x00000000e4700000, 0x00000000e4800000|  0%| F|  |TAMS 0x00000000e4700000, 0x00000000e4700000| Untracked 
|  72|0x00000000e4800000, 0x00000000e4800000, 0x00000000e4900000|  0%| F|  |TAMS 0x00000000e4800000, 0x00000000e4800000| Untracked 
|  73|0x00000000e4900000, 0x00000000e4900000, 0x00000000e4a00000|  0%| F|  |TAMS 0x00000000e4900000, 0x00000000e4900000| Untracked 
|  74|0x00000000e4a00000, 0x00000000e4a00000, 0x00000000e4b00000|  0%| F|  |TAMS 0x00000000e4a00000, 0x00000000e4a00000| Untracked 
|  75|0x00000000e4b00000, 0x00000000e4b00000, 0x00000000e4c00000|  0%| F|  |TAMS 0x00000000e4b00000, 0x00000000e4b00000| Untracked 
|  76|0x00000000e4c00000, 0x00000000e4c00000, 0x00000000e4d00000|  0%| F|  |TAMS 0x00000000e4c00000, 0x00000000e4c00000| Untracked 
|  77|0x00000000e4d00000, 0x00000000e4d00000, 0x00000000e4e00000|  0%| F|  |TAMS 0x00000000e4d00000, 0x00000000e4d00000| Untracked 
|  78|0x00000000e4e00000, 0x00000000e4e00000, 0x00000000e4f00000|  0%| F|  |TAMS 0x00000000e4e00000, 0x00000000e4e00000| Untracked 
|  79|0x00000000e4f00000, 0x00000000e4f00000, 0x00000000e5000000|  0%| F|  |TAMS 0x00000000e4f00000, 0x00000000e4f00000| Untracked 
|  80|0x00000000e5000000, 0x00000000e5000000, 0x00000000e5100000|  0%| F|  |TAMS 0x00000000e5000000, 0x00000000e5000000| Untracked 
|  81|0x00000000e5100000, 0x00000000e5100000, 0x00000000e5200000|  0%| F|  |TAMS 0x00000000e5100000, 0x00000000e5100000| Untracked 
|  82|0x00000000e5200000, 0x00000000e5200000, 0x00000000e5300000|  0%| F|  |TAMS 0x00000000e5200000, 0x00000000e5200000| Untracked 
|  83|0x00000000e5300000, 0x00000000e5300000, 0x00000000e5400000|  0%| F|  |TAMS 0x00000000e5300000, 0x00000000e5300000| Untracked 
|  84|0x00000000e5400000, 0x00000000e5400000, 0x00000000e5500000|  0%| F|  |TAMS 0x00000000e5400000, 0x00000000e5400000| Untracked 
|  85|0x00000000e5500000, 0x00000000e5500000, 0x00000000e5600000|  0%| F|  |TAMS 0x00000000e5500000, 0x00000000e5500000| Untracked 
|  86|0x00000000e5600000, 0x00000000e5600000, 0x00000000e5700000|  0%| F|  |TAMS 0x00000000e5600000, 0x00000000e5600000| Untracked 
|  87|0x00000000e5700000, 0x00000000e5700000, 0x00000000e5800000|  0%| F|  |TAMS 0x00000000e5700000, 0x00000000e5700000| Untracked 
|  88|0x00000000e5800000, 0x00000000e5800000, 0x00000000e5900000|  0%| F|  |TAMS 0x00000000e5800000, 0x00000000e5800000| Untracked 
|  89|0x00000000e5900000, 0x00000000e5900000, 0x00000000e5a00000|  0%| F|  |TAMS 0x00000000e5900000, 0x00000000e5900000| Untracked 
|  90|0x00000000e5a00000, 0x00000000e5a00000, 0x00000000e5b00000|  0%| F|  |TAMS 0x00000000e5a00000, 0x00000000e5a00000| Untracked 
|  91|0x00000000e5b00000, 0x00000000e5b00000, 0x00000000e5c00000|  0%| F|  |TAMS 0x00000000e5b00000, 0x00000000e5b00000| Untracked 
|  92|0x00000000e5c00000, 0x00000000e5c00000, 0x00000000e5d00000|  0%| F|  |TAMS 0x00000000e5c00000, 0x00000000e5c00000| Untracked 
|  93|0x00000000e5d00000, 0x00000000e5d00000, 0x00000000e5e00000|  0%| F|  |TAMS 0x00000000e5d00000, 0x00000000e5d00000| Untracked 
|  94|0x00000000e5e00000, 0x00000000e5e00000, 0x00000000e5f00000|  0%| F|  |TAMS 0x00000000e5e00000, 0x00000000e5e00000| Untracked 
|  95|0x00000000e5f00000, 0x00000000e5f00000, 0x00000000e6000000|  0%| F|  |TAMS 0x00000000e5f00000, 0x00000000e5f00000| Untracked 
|  96|0x00000000e6000000, 0x00000000e6000000, 0x00000000e6100000|  0%| F|  |TAMS 0x00000000e6000000, 0x00000000e6000000| Untracked 
|  97|0x00000000e6100000, 0x00000000e6100000, 0x00000000e6200000|  0%| F|  |TAMS 0x00000000e6100000, 0x00000000e6100000| Untracked 
|  98|0x00000000e6200000, 0x00000000e6200000, 0x00000000e6300000|  0%| F|  |TAMS 0x00000000e6200000, 0x00000000e6200000| Untracked 
|  99|0x00000000e6300000, 0x00000000e6300000, 0x00000000e6400000|  0%| F|  |TAMS 0x00000000e6300000, 0x00000000e6300000| Untracked 
| 100|0x00000000e6400000, 0x00000000e6400000, 0x00000000e6500000|  0%| F|  |TAMS 0x00000000e6400000, 0x00000000e6400000| Untracked 
| 101|0x00000000e6500000, 0x00000000e6500000, 0x00000000e6600000|  0%| F|  |TAMS 0x00000000e6500000, 0x00000000e6500000| Untracked 
| 102|0x00000000e6600000, 0x00000000e6600000, 0x00000000e6700000|  0%| F|  |TAMS 0x00000000e6600000, 0x00000000e6600000| Untracked 
| 103|0x00000000e6700000, 0x00000000e6700000, 0x00000000e6800000|  0%| F|  |TAMS 0x00000000e6700000, 0x00000000e6700000| Untracked 
| 104|0x00000000e6800000, 0x00000000e6800000, 0x00000000e6900000|  0%| F|  |TAMS 0x00000000e6800000, 0x00000000e6800000| Untracked 
| 105|0x00000000e6900000, 0x00000000e6900000, 0x00000000e6a00000|  0%| F|  |TAMS 0x00000000e6900000, 0x00000000e6900000| Untracked 
| 106|0x00000000e6a00000, 0x00000000e6a00000, 0x00000000e6b00000|  0%| F|  |TAMS 0x00000000e6a00000, 0x00000000e6a00000| Untracked 
| 107|0x00000000e6b00000, 0x00000000e6b00000, 0x00000000e6c00000|  0%| F|  |TAMS 0x00000000e6b00000, 0x00000000e6b00000| Untracked 
| 108|0x00000000e6c00000, 0x00000000e6c00000, 0x00000000e6d00000|  0%| F|  |TAMS 0x00000000e6c00000, 0x00000000e6c00000| Untracked 
| 109|0x00000000e6d00000, 0x00000000e6d00000, 0x00000000e6e00000|  0%| F|  |TAMS 0x00000000e6d00000, 0x00000000e6d00000| Untracked 
| 110|0x00000000e6e00000, 0x00000000e6e00000, 0x00000000e6f00000|  0%| F|  |TAMS 0x00000000e6e00000, 0x00000000e6e00000| Untracked 
| 111|0x00000000e6f00000, 0x00000000e6f00000, 0x00000000e7000000|  0%| F|  |TAMS 0x00000000e6f00000, 0x00000000e6f00000| Untracked 
| 112|0x00000000e7000000, 0x00000000e7080800, 0x00000000e7100000| 50%| E|  |TAMS 0x00000000e7000000, 0x00000000e7000000| Complete 
| 113|0x00000000e7100000, 0x00000000e7200000, 0x00000000e7200000|100%| E|CS|TAMS 0x00000000e7100000, 0x00000000e7100000| Complete 
| 114|0x00000000e7200000, 0x00000000e7300000, 0x00000000e7300000|100%| E|CS|TAMS 0x00000000e7200000, 0x00000000e7200000| Complete 
| 115|0x00000000e7300000, 0x00000000e7400000, 0x00000000e7400000|100%| E|CS|TAMS 0x00000000e7300000, 0x00000000e7300000| Complete 
| 116|0x00000000e7400000, 0x00000000e7500000, 0x00000000e7500000|100%| E|CS|TAMS 0x00000000e7400000, 0x00000000e7400000| Complete 
| 117|0x00000000e7500000, 0x00000000e7600000, 0x00000000e7600000|100%| E|CS|TAMS 0x00000000e7500000, 0x00000000e7500000| Complete 
| 118|0x00000000e7600000, 0x00000000e7700000, 0x00000000e7700000|100%| E|CS|TAMS 0x00000000e7600000, 0x00000000e7600000| Complete 
| 119|0x00000000e7700000, 0x00000000e7800000, 0x00000000e7800000|100%| E|CS|TAMS 0x00000000e7700000, 0x00000000e7700000| Complete 
| 120|0x00000000e7800000, 0x00000000e7900000, 0x00000000e7900000|100%| E|CS|TAMS 0x00000000e7800000, 0x00000000e7800000| Complete 
| 121|0x00000000e7900000, 0x00000000e7a00000, 0x00000000e7a00000|100%| E|CS|TAMS 0x00000000e7900000, 0x00000000e7900000| Complete 
| 122|0x00000000e7a00000, 0x00000000e7b00000, 0x00000000e7b00000|100%| E|CS|TAMS 0x00000000e7a00000, 0x00000000e7a00000| Complete 
| 123|0x00000000e7b00000, 0x00000000e7b06fa0, 0x00000000e7c00000|  2%| S|CS|TAMS 0x00000000e7b00000, 0x00000000e7b00000| Complete 
| 124|0x00000000e7c00000, 0x00000000e7d00000, 0x00000000e7d00000|100%| S|CS|TAMS 0x00000000e7c00000, 0x00000000e7c00000| Complete 
| 125|0x00000000e7d00000, 0x00000000e7e00000, 0x00000000e7e00000|100%| S|CS|TAMS 0x00000000e7d00000, 0x00000000e7d00000| Complete 
| 126|0x00000000e7e00000, 0x00000000e7f00000, 0x00000000e7f00000|100%| S|CS|TAMS 0x00000000e7e00000, 0x00000000e7e00000| Complete 
| 127|0x00000000e7f00000, 0x00000000e8000000, 0x00000000e8000000|100%| S|CS|TAMS 0x00000000e7f00000, 0x00000000e7f00000| Complete 
| 128|0x00000000e8000000, 0x00000000e8100000, 0x00000000e8100000|100%| S|CS|TAMS 0x00000000e8000000, 0x00000000e8000000| Complete 
| 129|0x00000000e8100000, 0x00000000e8200000, 0x00000000e8200000|100%| S|CS|TAMS 0x00000000e8100000, 0x00000000e8100000| Complete 
| 130|0x00000000e8200000, 0x00000000e8300000, 0x00000000e8300000|100%| S|CS|TAMS 0x00000000e8200000, 0x00000000e8200000| Complete 
| 131|0x00000000e8300000, 0x00000000e8400000, 0x00000000e8400000|100%| S|CS|TAMS 0x00000000e8300000, 0x00000000e8300000| Complete 
| 132|0x00000000e8400000, 0x00000000e8500000, 0x00000000e8500000|100%| S|CS|TAMS 0x00000000e8400000, 0x00000000e8400000| Complete 
| 133|0x00000000e8500000, 0x00000000e8600000, 0x00000000e8600000|100%| S|CS|TAMS 0x00000000e8500000, 0x00000000e8500000| Complete 
| 134|0x00000000e8600000, 0x00000000e8700000, 0x00000000e8700000|100%| S|CS|TAMS 0x00000000e8600000, 0x00000000e8600000| Complete 
| 135|0x00000000e8700000, 0x00000000e8800000, 0x00000000e8800000|100%| S|CS|TAMS 0x00000000e8700000, 0x00000000e8700000| Complete 
| 136|0x00000000e8800000, 0x00000000e8900000, 0x00000000e8900000|100%| E|CS|TAMS 0x00000000e8800000, 0x00000000e8800000| Complete 
| 137|0x00000000e8900000, 0x00000000e8a00000, 0x00000000e8a00000|100%| E|CS|TAMS 0x00000000e8900000, 0x00000000e8900000| Complete 
| 138|0x00000000e8a00000, 0x00000000e8b00000, 0x00000000e8b00000|100%| E|CS|TAMS 0x00000000e8a00000, 0x00000000e8a00000| Complete 
| 139|0x00000000e8b00000, 0x00000000e8c00000, 0x00000000e8c00000|100%| E|CS|TAMS 0x00000000e8b00000, 0x00000000e8b00000| Complete 
| 140|0x00000000e8c00000, 0x00000000e8d00000, 0x00000000e8d00000|100%| E|CS|TAMS 0x00000000e8c00000, 0x00000000e8c00000| Complete 
| 141|0x00000000e8d00000, 0x00000000e8e00000, 0x00000000e8e00000|100%| E|CS|TAMS 0x00000000e8d00000, 0x00000000e8d00000| Complete 
| 142|0x00000000e8e00000, 0x00000000e8f00000, 0x00000000e8f00000|100%| E|CS|TAMS 0x00000000e8e00000, 0x00000000e8e00000| Complete 
| 143|0x00000000e8f00000, 0x00000000e9000000, 0x00000000e9000000|100%| E|CS|TAMS 0x00000000e8f00000, 0x00000000e8f00000| Complete 
| 144|0x00000000e9000000, 0x00000000e9100000, 0x00000000e9100000|100%| E|CS|TAMS 0x00000000e9000000, 0x00000000e9000000| Complete 
| 145|0x00000000e9100000, 0x00000000e9200000, 0x00000000e9200000|100%| E|CS|TAMS 0x00000000e9100000, 0x00000000e9100000| Complete 
| 146|0x00000000e9200000, 0x00000000e9300000, 0x00000000e9300000|100%| E|CS|TAMS 0x00000000e9200000, 0x00000000e9200000| Complete 
| 147|0x00000000e9300000, 0x00000000e9400000, 0x00000000e9400000|100%| E|CS|TAMS 0x00000000e9300000, 0x00000000e9300000| Complete 
| 148|0x00000000e9400000, 0x00000000e9500000, 0x00000000e9500000|100%| E|CS|TAMS 0x00000000e9400000, 0x00000000e9400000| Complete 
| 149|0x00000000e9500000, 0x00000000e9600000, 0x00000000e9600000|100%| E|CS|TAMS 0x00000000e9500000, 0x00000000e9500000| Complete 
| 150|0x00000000e9600000, 0x00000000e9700000, 0x00000000e9700000|100%| E|CS|TAMS 0x00000000e9600000, 0x00000000e9600000| Complete 
| 151|0x00000000e9700000, 0x00000000e9800000, 0x00000000e9800000|100%| E|CS|TAMS 0x00000000e9700000, 0x00000000e9700000| Complete 
| 152|0x00000000e9800000, 0x00000000e9900000, 0x00000000e9900000|100%| E|CS|TAMS 0x00000000e9800000, 0x00000000e9800000| Complete 
| 153|0x00000000e9900000, 0x00000000e9a00000, 0x00000000e9a00000|100%| E|CS|TAMS 0x00000000e9900000, 0x00000000e9900000| Complete 
| 154|0x00000000e9a00000, 0x00000000e9b00000, 0x00000000e9b00000|100%| E|CS|TAMS 0x00000000e9a00000, 0x00000000e9a00000| Complete 
| 155|0x00000000e9b00000, 0x00000000e9c00000, 0x00000000e9c00000|100%| E|CS|TAMS 0x00000000e9b00000, 0x00000000e9b00000| Complete 
| 156|0x00000000e9c00000, 0x00000000e9d00000, 0x00000000e9d00000|100%| E|CS|TAMS 0x00000000e9c00000, 0x00000000e9c00000| Complete 
| 157|0x00000000e9d00000, 0x00000000e9e00000, 0x00000000e9e00000|100%| E|CS|TAMS 0x00000000e9d00000, 0x00000000e9d00000| Complete 
| 158|0x00000000e9e00000, 0x00000000e9f00000, 0x00000000e9f00000|100%| E|CS|TAMS 0x00000000e9e00000, 0x00000000e9e00000| Complete 
| 159|0x00000000e9f00000, 0x00000000ea000000, 0x00000000ea000000|100%| E|CS|TAMS 0x00000000e9f00000, 0x00000000e9f00000| Complete 
| 160|0x00000000ea000000, 0x00000000ea100000, 0x00000000ea100000|100%| E|CS|TAMS 0x00000000ea000000, 0x00000000ea000000| Complete 
| 161|0x00000000ea100000, 0x00000000ea200000, 0x00000000ea200000|100%| E|CS|TAMS 0x00000000ea100000, 0x00000000ea100000| Complete 
| 162|0x00000000ea200000, 0x00000000ea300000, 0x00000000ea300000|100%| E|  |TAMS 0x00000000ea200000, 0x00000000ea200000| Complete 
| 163|0x00000000ea300000, 0x00000000ea400000, 0x00000000ea400000|100%| E|CS|TAMS 0x00000000ea300000, 0x00000000ea300000| Complete 
| 164|0x00000000ea400000, 0x00000000ea500000, 0x00000000ea500000|100%| E|CS|TAMS 0x00000000ea400000, 0x00000000ea400000| Complete 
| 165|0x00000000ea500000, 0x00000000ea600000, 0x00000000ea600000|100%| E|CS|TAMS 0x00000000ea500000, 0x00000000ea500000| Complete 
| 166|0x00000000ea600000, 0x00000000ea700000, 0x00000000ea700000|100%| E|CS|TAMS 0x00000000ea600000, 0x00000000ea600000| Complete 
| 167|0x00000000ea700000, 0x00000000ea800000, 0x00000000ea800000|100%| E|CS|TAMS 0x00000000ea700000, 0x00000000ea700000| Complete 
| 168|0x00000000ea800000, 0x00000000ea900000, 0x00000000ea900000|100%| E|CS|TAMS 0x00000000ea800000, 0x00000000ea800000| Complete 
| 169|0x00000000ea900000, 0x00000000eaa00000, 0x00000000eaa00000|100%| E|CS|TAMS 0x00000000ea900000, 0x00000000ea900000| Complete 
| 170|0x00000000eaa00000, 0x00000000eab00000, 0x00000000eab00000|100%| E|CS|TAMS 0x00000000eaa00000, 0x00000000eaa00000| Complete 
| 171|0x00000000eab00000, 0x00000000eac00000, 0x00000000eac00000|100%| E|CS|TAMS 0x00000000eab00000, 0x00000000eab00000| Complete 
| 172|0x00000000eac00000, 0x00000000ead00000, 0x00000000ead00000|100%| E|CS|TAMS 0x00000000eac00000, 0x00000000eac00000| Complete 
| 173|0x00000000ead00000, 0x00000000eae00000, 0x00000000eae00000|100%| E|CS|TAMS 0x00000000ead00000, 0x00000000ead00000| Complete 
| 174|0x00000000eae00000, 0x00000000eaf00000, 0x00000000eaf00000|100%| E|CS|TAMS 0x00000000eae00000, 0x00000000eae00000| Complete 
| 175|0x00000000eaf00000, 0x00000000eb000000, 0x00000000eb000000|100%| E|CS|TAMS 0x00000000eaf00000, 0x00000000eaf00000| Complete 
| 176|0x00000000eb000000, 0x00000000eb100000, 0x00000000eb100000|100%| E|CS|TAMS 0x00000000eb000000, 0x00000000eb000000| Complete 
| 177|0x00000000eb100000, 0x00000000eb200000, 0x00000000eb200000|100%| E|CS|TAMS 0x00000000eb100000, 0x00000000eb100000| Complete 
| 178|0x00000000eb200000, 0x00000000eb300000, 0x00000000eb300000|100%| E|CS|TAMS 0x00000000eb200000, 0x00000000eb200000| Complete 
| 179|0x00000000eb300000, 0x00000000eb400000, 0x00000000eb400000|100%| E|CS|TAMS 0x00000000eb300000, 0x00000000eb300000| Complete 
| 180|0x00000000eb400000, 0x00000000eb500000, 0x00000000eb500000|100%| E|CS|TAMS 0x00000000eb400000, 0x00000000eb400000| Complete 
| 181|0x00000000eb500000, 0x00000000eb600000, 0x00000000eb600000|100%| E|CS|TAMS 0x00000000eb500000, 0x00000000eb500000| Complete 
| 182|0x00000000eb600000, 0x00000000eb700000, 0x00000000eb700000|100%| E|CS|TAMS 0x00000000eb600000, 0x00000000eb600000| Complete 
| 183|0x00000000eb700000, 0x00000000eb800000, 0x00000000eb800000|100%| E|CS|TAMS 0x00000000eb700000, 0x00000000eb700000| Complete 
| 184|0x00000000eb800000, 0x00000000eb900000, 0x00000000eb900000|100%| E|CS|TAMS 0x00000000eb800000, 0x00000000eb800000| Complete 
| 185|0x00000000eb900000, 0x00000000eba00000, 0x00000000eba00000|100%| E|CS|TAMS 0x00000000eb900000, 0x00000000eb900000| Complete 
| 186|0x00000000eba00000, 0x00000000ebb00000, 0x00000000ebb00000|100%| E|CS|TAMS 0x00000000eba00000, 0x00000000eba00000| Complete 
| 187|0x00000000ebb00000, 0x00000000ebc00000, 0x00000000ebc00000|100%| E|CS|TAMS 0x00000000ebb00000, 0x00000000ebb00000| Complete 
| 188|0x00000000ebc00000, 0x00000000ebd00000, 0x00000000ebd00000|100%| E|CS|TAMS 0x00000000ebc00000, 0x00000000ebc00000| Complete 
| 189|0x00000000ebd00000, 0x00000000ebe00000, 0x00000000ebe00000|100%| E|CS|TAMS 0x00000000ebd00000, 0x00000000ebd00000| Complete 
| 190|0x00000000ebe00000, 0x00000000ebf00000, 0x00000000ebf00000|100%| E|CS|TAMS 0x00000000ebe00000, 0x00000000ebe00000| Complete 
| 191|0x00000000ebf00000, 0x00000000ec000000, 0x00000000ec000000|100%| E|CS|TAMS 0x00000000ebf00000, 0x00000000ebf00000| Complete 
| 192|0x00000000ec000000, 0x00000000ec100000, 0x00000000ec100000|100%| E|CS|TAMS 0x00000000ec000000, 0x00000000ec000000| Complete 
| 193|0x00000000ec100000, 0x00000000ec200000, 0x00000000ec200000|100%| E|CS|TAMS 0x00000000ec100000, 0x00000000ec100000| Complete 
| 194|0x00000000ec200000, 0x00000000ec300000, 0x00000000ec300000|100%| E|CS|TAMS 0x00000000ec200000, 0x00000000ec200000| Complete 
| 195|0x00000000ec300000, 0x00000000ec400000, 0x00000000ec400000|100%| E|CS|TAMS 0x00000000ec300000, 0x00000000ec300000| Complete 
| 196|0x00000000ec400000, 0x00000000ec500000, 0x00000000ec500000|100%| E|CS|TAMS 0x00000000ec400000, 0x00000000ec400000| Complete 
| 197|0x00000000ec500000, 0x00000000ec600000, 0x00000000ec600000|100%| E|CS|TAMS 0x00000000ec500000, 0x00000000ec500000| Complete 
| 198|0x00000000ec600000, 0x00000000ec700000, 0x00000000ec700000|100%| E|CS|TAMS 0x00000000ec600000, 0x00000000ec600000| Complete 
| 199|0x00000000ec700000, 0x00000000ec800000, 0x00000000ec800000|100%| E|CS|TAMS 0x00000000ec700000, 0x00000000ec700000| Complete 
| 200|0x00000000ec800000, 0x00000000ec900000, 0x00000000ec900000|100%| E|CS|TAMS 0x00000000ec800000, 0x00000000ec800000| Complete 
| 201|0x00000000ec900000, 0x00000000eca00000, 0x00000000eca00000|100%| E|CS|TAMS 0x00000000ec900000, 0x00000000ec900000| Complete 
| 202|0x00000000eca00000, 0x00000000ecb00000, 0x00000000ecb00000|100%| E|CS|TAMS 0x00000000eca00000, 0x00000000eca00000| Complete 
| 203|0x00000000ecb00000, 0x00000000ecc00000, 0x00000000ecc00000|100%| E|CS|TAMS 0x00000000ecb00000, 0x00000000ecb00000| Complete 
| 204|0x00000000ecc00000, 0x00000000ecd00000, 0x00000000ecd00000|100%| E|CS|TAMS 0x00000000ecc00000, 0x00000000ecc00000| Complete 
| 205|0x00000000ecd00000, 0x00000000ece00000, 0x00000000ece00000|100%| E|CS|TAMS 0x00000000ecd00000, 0x00000000ecd00000| Complete 
| 206|0x00000000ece00000, 0x00000000ecf00000, 0x00000000ecf00000|100%| E|CS|TAMS 0x00000000ece00000, 0x00000000ece00000| Complete 
| 207|0x00000000ecf00000, 0x00000000ed000000, 0x00000000ed000000|100%| E|CS|TAMS 0x00000000ecf00000, 0x00000000ecf00000| Complete 
| 208|0x00000000ed000000, 0x00000000ed100000, 0x00000000ed100000|100%| E|CS|TAMS 0x00000000ed000000, 0x00000000ed000000| Complete 
| 209|0x00000000ed100000, 0x00000000ed200000, 0x00000000ed200000|100%| E|CS|TAMS 0x00000000ed100000, 0x00000000ed100000| Complete 
| 210|0x00000000ed200000, 0x00000000ed300000, 0x00000000ed300000|100%| E|CS|TAMS 0x00000000ed200000, 0x00000000ed200000| Complete 
| 211|0x00000000ed300000, 0x00000000ed400000, 0x00000000ed400000|100%| E|CS|TAMS 0x00000000ed300000, 0x00000000ed300000| Complete 
| 212|0x00000000ed400000, 0x00000000ed500000, 0x00000000ed500000|100%| E|CS|TAMS 0x00000000ed400000, 0x00000000ed400000| Complete 
| 213|0x00000000ed500000, 0x00000000ed600000, 0x00000000ed600000|100%| E|CS|TAMS 0x00000000ed500000, 0x00000000ed500000| Complete 
| 214|0x00000000ed600000, 0x00000000ed700000, 0x00000000ed700000|100%| E|CS|TAMS 0x00000000ed600000, 0x00000000ed600000| Complete 
| 215|0x00000000ed700000, 0x00000000ed800000, 0x00000000ed800000|100%| E|CS|TAMS 0x00000000ed700000, 0x00000000ed700000| Complete 
| 216|0x00000000ed800000, 0x00000000ed900000, 0x00000000ed900000|100%| E|CS|TAMS 0x00000000ed800000, 0x00000000ed800000| Complete 
| 217|0x00000000ed900000, 0x00000000eda00000, 0x00000000eda00000|100%| E|CS|TAMS 0x00000000ed900000, 0x00000000ed900000| Complete 
| 218|0x00000000eda00000, 0x00000000edb00000, 0x00000000edb00000|100%| E|CS|TAMS 0x00000000eda00000, 0x00000000eda00000| Complete 
| 219|0x00000000edb00000, 0x00000000edc00000, 0x00000000edc00000|100%| E|CS|TAMS 0x00000000edb00000, 0x00000000edb00000| Complete 
| 220|0x00000000edc00000, 0x00000000edd00000, 0x00000000edd00000|100%| E|CS|TAMS 0x00000000edc00000, 0x00000000edc00000| Complete 
| 221|0x00000000edd00000, 0x00000000ede00000, 0x00000000ede00000|100%| E|CS|TAMS 0x00000000edd00000, 0x00000000edd00000| Complete 
| 222|0x00000000ede00000, 0x00000000edf00000, 0x00000000edf00000|100%| E|CS|TAMS 0x00000000ede00000, 0x00000000ede00000| Complete 
| 223|0x00000000edf00000, 0x00000000ee000000, 0x00000000ee000000|100%| E|CS|TAMS 0x00000000edf00000, 0x00000000edf00000| Complete 
| 224|0x00000000ee000000, 0x00000000ee100000, 0x00000000ee100000|100%| E|CS|TAMS 0x00000000ee000000, 0x00000000ee000000| Complete 
| 225|0x00000000ee100000, 0x00000000ee200000, 0x00000000ee200000|100%| E|CS|TAMS 0x00000000ee100000, 0x00000000ee100000| Complete 
| 226|0x00000000ee200000, 0x00000000ee300000, 0x00000000ee300000|100%| E|CS|TAMS 0x00000000ee200000, 0x00000000ee200000| Complete 
| 227|0x00000000ee300000, 0x00000000ee400000, 0x00000000ee400000|100%| E|CS|TAMS 0x00000000ee300000, 0x00000000ee300000| Complete 
| 228|0x00000000ee400000, 0x00000000ee500000, 0x00000000ee500000|100%| E|CS|TAMS 0x00000000ee400000, 0x00000000ee400000| Complete 
| 229|0x00000000ee500000, 0x00000000ee600000, 0x00000000ee600000|100%| E|CS|TAMS 0x00000000ee500000, 0x00000000ee500000| Complete 
| 230|0x00000000ee600000, 0x00000000ee700000, 0x00000000ee700000|100%| E|CS|TAMS 0x00000000ee600000, 0x00000000ee600000| Complete 
| 231|0x00000000ee700000, 0x00000000ee800000, 0x00000000ee800000|100%| E|CS|TAMS 0x00000000ee700000, 0x00000000ee700000| Complete 
| 232|0x00000000ee800000, 0x00000000ee900000, 0x00000000ee900000|100%| E|CS|TAMS 0x00000000ee800000, 0x00000000ee800000| Complete 
| 233|0x00000000ee900000, 0x00000000eea00000, 0x00000000eea00000|100%| E|CS|TAMS 0x00000000ee900000, 0x00000000ee900000| Complete 
| 234|0x00000000eea00000, 0x00000000eeb00000, 0x00000000eeb00000|100%| E|CS|TAMS 0x00000000eea00000, 0x00000000eea00000| Complete 
| 235|0x00000000eeb00000, 0x00000000eec00000, 0x00000000eec00000|100%| E|CS|TAMS 0x00000000eeb00000, 0x00000000eeb00000| Complete 
| 236|0x00000000eec00000, 0x00000000eed00000, 0x00000000eed00000|100%| E|CS|TAMS 0x00000000eec00000, 0x00000000eec00000| Complete 
| 237|0x00000000eed00000, 0x00000000eee00000, 0x00000000eee00000|100%| E|CS|TAMS 0x00000000eed00000, 0x00000000eed00000| Complete 
| 238|0x00000000eee00000, 0x00000000eef00000, 0x00000000eef00000|100%| E|CS|TAMS 0x00000000eee00000, 0x00000000eee00000| Complete 
| 239|0x00000000eef00000, 0x00000000ef000000, 0x00000000ef000000|100%| E|CS|TAMS 0x00000000eef00000, 0x00000000eef00000| Complete 
| 240|0x00000000ef000000, 0x00000000ef100000, 0x00000000ef100000|100%| E|CS|TAMS 0x00000000ef000000, 0x00000000ef000000| Complete 
| 241|0x00000000ef100000, 0x00000000ef200000, 0x00000000ef200000|100%| E|CS|TAMS 0x00000000ef100000, 0x00000000ef100000| Complete 
| 242|0x00000000ef200000, 0x00000000ef300000, 0x00000000ef300000|100%| E|CS|TAMS 0x00000000ef200000, 0x00000000ef200000| Complete 
| 243|0x00000000ef300000, 0x00000000ef400000, 0x00000000ef400000|100%| E|CS|TAMS 0x00000000ef300000, 0x00000000ef300000| Complete 
| 244|0x00000000ef400000, 0x00000000ef500000, 0x00000000ef500000|100%| E|CS|TAMS 0x00000000ef400000, 0x00000000ef400000| Complete 
| 245|0x00000000ef500000, 0x00000000ef600000, 0x00000000ef600000|100%| E|CS|TAMS 0x00000000ef500000, 0x00000000ef500000| Complete 
| 246|0x00000000ef600000, 0x00000000ef700000, 0x00000000ef700000|100%| E|CS|TAMS 0x00000000ef600000, 0x00000000ef600000| Complete 
| 247|0x00000000ef700000, 0x00000000ef800000, 0x00000000ef800000|100%| E|CS|TAMS 0x00000000ef700000, 0x00000000ef700000| Complete 
| 248|0x00000000ef800000, 0x00000000ef900000, 0x00000000ef900000|100%| E|CS|TAMS 0x00000000ef800000, 0x00000000ef800000| Complete 
| 249|0x00000000ef900000, 0x00000000efa00000, 0x00000000efa00000|100%| E|CS|TAMS 0x00000000ef900000, 0x00000000ef900000| Complete 
| 250|0x00000000efa00000, 0x00000000efb00000, 0x00000000efb00000|100%| E|CS|TAMS 0x00000000efa00000, 0x00000000efa00000| Complete 
| 251|0x00000000efb00000, 0x00000000efc00000, 0x00000000efc00000|100%| E|CS|TAMS 0x00000000efb00000, 0x00000000efb00000| Complete 
| 252|0x00000000efc00000, 0x00000000efd00000, 0x00000000efd00000|100%| E|CS|TAMS 0x00000000efc00000, 0x00000000efc00000| Complete 
| 253|0x00000000efd00000, 0x00000000efe00000, 0x00000000efe00000|100%| E|CS|TAMS 0x00000000efd00000, 0x00000000efd00000| Complete 
| 254|0x00000000efe00000, 0x00000000eff00000, 0x00000000eff00000|100%| E|CS|TAMS 0x00000000efe00000, 0x00000000efe00000| Complete 
| 255|0x00000000eff00000, 0x00000000f0000000, 0x00000000f0000000|100%| E|CS|TAMS 0x00000000eff00000, 0x00000000eff00000| Complete 

Card table byte_map: [0x0000020b726e0000,0x0000020b727e0000] _byte_map_base: 0x0000020b71fe0000

Marking Bits (Prev, Next): (CMBitMap*) 0x0000020b6a4e67b0, (CMBitMap*) 0x0000020b6a4e6770
 Prev Bits: [0x0000020b730e0000, 0x0000020b738e0000)
 Next Bits: [0x0000020b728e0000, 0x0000020b730e0000)

Polling page: 0x0000020b69c90000

Metaspace:

Usage:
  Non-class:     30.04 MB used.
      Class:      4.80 MB used.
       Both:     34.84 MB used.

Virtual space:
  Non-class space:       64.00 MB reserved,      30.31 MB ( 47%) committed,  1 nodes.
      Class space:      320.00 MB reserved,       5.00 MB (  2%) committed,  1 nodes.
             Both:      384.00 MB reserved,      35.31 MB (  9%) committed. 

Chunk freelists:
   Non-Class:  1.55 MB
       Class:  10.84 MB
        Both:  12.39 MB

MaxMetaspaceSize: 384.00 MB
CompressedClassSpaceSize: 320.00 MB
Initial GC threshold: 21.00 MB
Current GC threshold: 35.62 MB
CDS: on
MetaspaceReclaimPolicy: balanced
 - commit_granule_bytes: 65536.
 - commit_granule_words: 8192.
 - virtual_space_node_default_size: 8388608.
 - enlarge_chunks_in_place: 1.
 - new_chunks_are_fully_committed: 0.
 - uncommit_free_chunks: 1.
 - use_allocation_guard: 0.
 - handle_deallocations: 1.


Internal statistics:

num_allocs_failed_limit: 6.
num_arena_births: 370.
num_arena_deaths: 0.
num_vsnodes_births: 2.
num_vsnodes_deaths: 0.
num_space_committed: 565.
num_space_uncommitted: 0.
num_chunks_returned_to_freelist: 6.
num_chunks_taken_from_freelist: 1685.
num_chunk_merges: 3.
num_chunk_splits: 1109.
num_chunks_enlarged: 781.
num_inconsistent_stats: 0.

CodeHeap 'non-profiled nmethods': size=119168Kb used=2699Kb max_used=2699Kb free=116468Kb
 bounds [0x0000020b07ba0000, 0x0000020b07e50000, 0x0000020b0f000000]
CodeHeap 'profiled nmethods': size=119104Kb used=10328Kb max_used=10328Kb free=108775Kb
 bounds [0x0000020b00000000, 0x0000020b00a20000, 0x0000020b07450000]
CodeHeap 'non-nmethods': size=7488Kb used=2291Kb max_used=3435Kb free=5196Kb
 bounds [0x0000020b07450000, 0x0000020b077b0000, 0x0000020b07ba0000]
 total_blobs=5711 nmethods=4911 adapters=712
 compilation: enabled
              stopped_count=0, restarted_count=0
 full_count=0

Compilation events (20 events):
Event: 121.265 Thread 0x0000020b7688ec30 4845       3       java.beans.FeatureDescriptor::addTable (20 bytes)
Event: 121.265 Thread 0x0000020b7688ec30 nmethod 4845 0x0000020b009fdf90 code [0x0000020b009fe1a0, 0x0000020b009fe6e8]
Event: 121.266 Thread 0x0000020b7688ec30 4847       3       java.util.TreeMap$EntryIterator::next (5 bytes)
Event: 121.266 Thread 0x0000020b7688ec30 nmethod 4847 0x0000020b009fe890 code [0x0000020b009fea40, 0x0000020b009febc8]
Event: 121.266 Thread 0x0000020b7688ec30 4850       3       org.codehaus.groovy.util.ComplexKeyHashMap$1::<init> (64 bytes)
Event: 121.266 Thread 0x0000020b7688ec30 nmethod 4850 0x0000020b009fec90 code [0x0000020b009fee40, 0x0000020b009ff198]
Event: 121.266 Thread 0x0000020b7688ec30 4851       3       org.codehaus.groovy.reflection.CachedClass$1$$Lambda$559/0x0000020b10481be8::test (8 bytes)
Event: 121.267 Thread 0x0000020b7688ec30 nmethod 4851 0x0000020b009ff310 code [0x0000020b009ff4c0, 0x0000020b009ff7c8]
Event: 121.267 Thread 0x0000020b7688ec30 4852       3       org.codehaus.groovy.reflection.CachedClass$1::lambda$initValue$0 (7 bytes)
Event: 121.267 Thread 0x0000020b7688ec30 nmethod 4852 0x0000020b009ff910 code [0x0000020b009ffac0, 0x0000020b009ffc68]
Event: 121.267 Thread 0x0000020b7688ec30 4848       3       java.util.TreeMap$EntryIterator::next (5 bytes)
Event: 121.267 Thread 0x0000020b7688ec30 nmethod 4848 0x0000020b009ffd90 code [0x0000020b009fff20, 0x0000020b00a00068]
Event: 121.267 Thread 0x0000020b7688ec30 4849       3       org.codehaus.groovy.util.ComplexKeyHashMap::getEntrySetIterator (9 bytes)
Event: 121.267 Thread 0x0000020b7688ec30 nmethod 4849 0x0000020b00a00110 code [0x0000020b00a002c0, 0x0000020b00a00468]
Event: 121.267 Thread 0x0000020b7688ec30 4846       3       sun.reflect.generics.reflectiveObjects.WildcardTypeImpl::getLowerBounds (34 bytes)
Event: 121.267 Thread 0x0000020b7688ec30 nmethod 4846 0x0000020b00a00510 code [0x0000020b00a006e0, 0x0000020b00a00d58]
Event: 121.269 Thread 0x0000020b7688e270 nmethod 4843 0x0000020b07e3bb90 code [0x0000020b07e3bd40, 0x0000020b07e3c298]
Event: 121.269 Thread 0x0000020b7688e270 4853       4       org.codehaus.groovy.reflection.ParameterTypes::getParameterTypes (16 bytes)
Event: 121.279 Thread 0x0000020b7688ec30 4855       3       java.lang.Class::getMethods (26 bytes)
Event: 121.280 Thread 0x0000020b7688ec30 nmethod 4855 0x0000020b00a00e90 code [0x0000020b00a01080, 0x0000020b00a01398]

GC Heap History (6 events):
Event: 1.214 GC heap before
{Heap before GC invocations=0 (full 0):
 garbage-first heap   total 262144K, used 26624K [0x00000000e0000000, 0x0000000100000000)
  region size 1024K, 23 young (23552K), 0 survivors (0K)
 Metaspace       used 2873K, committed 2944K, reserved 393216K
  class space    used 344K, committed 384K, reserved 327680K
}
Event: 1.225 GC heap after
{Heap after GC invocations=1 (full 0):
 garbage-first heap   total 262144K, used 10465K [0x00000000e0000000, 0x0000000100000000)
  region size 1024K, 3 young (3072K), 3 survivors (3072K)
 Metaspace       used 2873K, committed 2944K, reserved 393216K
  class space    used 344K, committed 384K, reserved 327680K
}
Event: 2.274 GC heap before
{Heap before GC invocations=1 (full 0):
 garbage-first heap   total 262144K, used 38113K [0x00000000e0000000, 0x0000000100000000)
  region size 1024K, 30 young (30720K), 3 survivors (3072K)
 Metaspace       used 4087K, committed 4288K, reserved 393216K
  class space    used 495K, committed 576K, reserved 327680K
}
Event: 2.276 GC heap after
{Heap after GC invocations=2 (full 0):
 garbage-first heap   total 262144K, used 11809K [0x00000000e0000000, 0x0000000100000000)
  region size 1024K, 1 young (1024K), 1 survivors (1024K)
 Metaspace       used 4087K, committed 4288K, reserved 393216K
  class space    used 495K, committed 576K, reserved 327680K
}
Event: 10.970 GC heap before
{Heap before GC invocations=2 (full 0):
 garbage-first heap   total 262144K, used 133665K [0x00000000e0000000, 0x0000000100000000)
  region size 1024K, 120 young (122880K), 1 survivors (1024K)
 Metaspace       used 21206K, committed 21504K, reserved 393216K
  class space    used 3093K, committed 3264K, reserved 327680K
}
Event: 10.991 GC heap after
{Heap after GC invocations=3 (full 0):
 garbage-first heap   total 262144K, used 23188K [0x00000000e0000000, 0x0000000100000000)
  region size 1024K, 13 young (13312K), 13 survivors (13312K)
 Metaspace       used 21206K, committed 21504K, reserved 393216K
  class space    used 3093K, committed 3264K, reserved 327680K
}

Deoptimization events (20 events):
Event: 53.504 Thread 0x0000020b7ba099a0 Uncommon trap: trap_request=0xffffff45 fr.pc=0x0000020b07befec0 relative=0x0000000000000600
Event: 53.504 Thread 0x0000020b7ba099a0 Uncommon trap: reason=unstable_if action=reinterpret pc=0x0000020b07befec0 method=java.lang.AbstractStringBuilder.append(Ljava/lang/String;)Ljava/lang/AbstractStringBuilder; @ 1 c2
Event: 53.504 Thread 0x0000020b7ba099a0 DEOPT PACKING pc=0x0000020b07befec0 sp=0x0000007e769fe770
Event: 53.504 Thread 0x0000020b7ba099a0 DEOPT UNPACKING pc=0x0000020b074a23a3 sp=0x0000007e769fe758 mode 2
Event: 63.798 Thread 0x0000020b7c86b4a0 Uncommon trap: trap_request=0xffffff45 fr.pc=0x0000020b07cbe050 relative=0x00000000000066f0
Event: 63.798 Thread 0x0000020b7c86b4a0 Uncommon trap: reason=unstable_if action=reinterpret pc=0x0000020b07cbe050 method=jdk.internal.org.objectweb.asm.SymbolTable.addType(Ljava/lang/String;)I @ 33 c2
Event: 63.799 Thread 0x0000020b7c86b4a0 DEOPT PACKING pc=0x0000020b07cbe050 sp=0x0000007e76df8640
Event: 63.799 Thread 0x0000020b7c86b4a0 DEOPT UNPACKING pc=0x0000020b074a23a3 sp=0x0000007e76df8568 mode 2
Event: 119.006 Thread 0x0000020b7c86b4a0 Uncommon trap: trap_request=0xffffffcc fr.pc=0x0000020b07e28758 relative=0x0000000000000338
Event: 119.006 Thread 0x0000020b7c86b4a0 Uncommon trap: reason=intrinsic_or_type_checked_inlining action=make_not_entrant pc=0x0000020b07e28758 method=java.util.Arrays.copyOf([Ljava/lang/Object;ILjava/lang/Class;)[Ljava/lang/Object; @ 35 c2
Event: 119.006 Thread 0x0000020b7c86b4a0 DEOPT PACKING pc=0x0000020b07e28758 sp=0x0000007e76df9810
Event: 119.007 Thread 0x0000020b7c86b4a0 DEOPT UNPACKING pc=0x0000020b074a23a3 sp=0x0000007e76df97a0 mode 2
Event: 120.670 Thread 0x0000020b7c86b4a0 Uncommon trap: trap_request=0xffffff3d fr.pc=0x0000020b07d4298c relative=0x0000000000000cec
Event: 120.670 Thread 0x0000020b7c86b4a0 Uncommon trap: reason=unstable_fused_if action=reinterpret pc=0x0000020b07d4298c method=org.objectweb.asm.ByteVector.putUTF8(Ljava/lang/String;)Lorg/objectweb/asm/ByteVector; @ 93 c2
Event: 120.670 Thread 0x0000020b7c86b4a0 DEOPT PACKING pc=0x0000020b07d4298c sp=0x0000007e76df76e0
Event: 120.672 Thread 0x0000020b7c86b4a0 DEOPT UNPACKING pc=0x0000020b074a23a3 sp=0x0000007e76df7638 mode 2
Event: 121.036 Thread 0x0000020b7c86b4a0 Uncommon trap: trap_request=0xffffff45 fr.pc=0x0000020b07d50434 relative=0x00000000000042d4
Event: 121.036 Thread 0x0000020b7c86b4a0 Uncommon trap: reason=unstable_if action=reinterpret pc=0x0000020b07d50434 method=org.objectweb.asm.Frame.execute(IILorg/objectweb/asm/Symbol;Lorg/objectweb/asm/SymbolTable;)V @ 1 c2
Event: 121.036 Thread 0x0000020b7c86b4a0 DEOPT PACKING pc=0x0000020b07d50434 sp=0x0000007e76df9910
Event: 121.036 Thread 0x0000020b7c86b4a0 DEOPT UNPACKING pc=0x0000020b074a23a3 sp=0x0000007e76df98c8 mode 2

Classes unloaded (0 events):
No events

Classes redefined (0 events):
No events

Internal exceptions (20 events):
Event: 119.984 Thread 0x0000020b7c86b4a0 Exception <a 'java/lang/ClassNotFoundException'{0x00000000e7a88d38}: java/io/FileCustomizer> (0x00000000e7a88d38) 
thrown [s\open\src\hotspot\share\classfile\systemDictionary.cpp, line 256]
Event: 120.386 Thread 0x0000020b7c86b4a0 Exception <a 'java/lang/ClassNotFoundException'{0x00000000e7ad4a50}: groovy/lang/ReferenceBeanInfo> (0x00000000e7ad4a50) 
thrown [s\open\src\hotspot\share\classfile\systemDictionary.cpp, line 256]
Event: 120.391 Thread 0x0000020b7c86b4a0 Exception <a 'java/lang/ClassNotFoundException'{0x00000000e7af71e8}: groovy/lang/ReferenceCustomizer> (0x00000000e7af71e8) 
thrown [s\open\src\hotspot\share\classfile\systemDictionary.cpp, line 256]
Event: 120.966 Thread 0x0000020b7c86b4a0 Exception <a 'java/lang/ClassNotFoundException'{0x00000000e77efa28}: org/gradle/api/services/internal/DefaultBuildServicesRegistry_DecoratedBeanInfo> (0x00000000e77efa28) 
thrown [s\open\src\hotspot\share\classfile\systemDictionary.cpp, line 256]
Event: 120.968 Thread 0x0000020b7c86b4a0 Exception <a 'java/lang/ClassNotFoundException'{0x00000000e77fe7f8}: org/gradle/api/services/internal/DefaultBuildServicesRegistryBeanInfo> (0x00000000e77fe7f8) 
thrown [s\open\src\hotspot\share\classfile\systemDictionary.cpp, line 256]
Event: 120.971 Thread 0x0000020b7c86b4a0 Exception <a 'java/lang/ClassNotFoundException'{0x00000000e760db88}: org/gradle/api/services/internal/DefaultBuildServicesRegistryCustomizer> (0x00000000e760db88) 
thrown [s\open\src\hotspot\share\classfile\systemDictionary.cpp, line 256]
Event: 120.979 Thread 0x0000020b7c86b4a0 Exception <a 'java/lang/ClassNotFoundException'{0x00000000e7639820}: org/gradle/api/services/internal/DefaultBuildServicesRegistry_DecoratedCustomizer> (0x00000000e7639820) 
thrown [s\open\src\hotspot\share\classfile\systemDictionary.cpp, line 256]
Event: 121.017 Thread 0x0000020b7c86b4a0 Exception <a 'java/lang/NoSuchMethodError'{0x00000000e7679fe8}: 'java.lang.Object java.lang.invoke.DirectMethodHandle$Holder.newInvokeSpecial(java.lang.Object, java.lang.Object, java.lang.Object, java.lang.Object, int)'> (0x00000000e7679fe8) 
thrown [s\open\src\hotspot\share\interpreter\linkResolver.cpp, line 759]
Event: 121.019 Thread 0x0000020b7c86b4a0 Exception <a 'java/lang/NoSuchMethodError'{0x00000000e767edc0}: 'java.lang.Object java.lang.invoke.DirectMethodHandle$Holder.invokeSpecial(java.lang.Object, java.lang.Object, java.lang.Object, java.lang.Object, java.lang.Object, int)'> (0x00000000e767edc0) 
thrown [s\open\src\hotspot\share\interpreter\linkResolver.cpp, line 759]
Event: 121.020 Thread 0x0000020b7c86b4a0 Exception <a 'java/lang/NoSuchMethodError'{0x00000000e7683790}: 'java.lang.Object java.lang.invoke.Invokers$Holder.linkToTargetMethod(java.lang.Object, java.lang.Object, java.lang.Object, int, java.lang.Object)'> (0x00000000e7683790) 
thrown [s\open\src\hotspot\share\interpreter\linkResolver.cpp, line 759]
Event: 121.067 Thread 0x0000020b7c86b4a0 Exception <a 'java/lang/ClassNotFoundException'{0x00000000e752ff40}: org/gradle/internal/metaobject/ConfigureDelegateBeanInfo> (0x00000000e752ff40) 
thrown [s\open\src\hotspot\share\classfile\systemDictionary.cpp, line 256]
Event: 121.069 Thread 0x0000020b7c86b4a0 Exception <a 'java/lang/ClassNotFoundException'{0x00000000e753ead8}: org/gradle/internal/metaobject/ConfigureDelegateCustomizer> (0x00000000e753ead8) 
thrown [s\open\src\hotspot\share\classfile\systemDictionary.cpp, line 256]
Event: 121.256 Thread 0x0000020b7c86b4a0 Exception <a 'java/lang/ClassNotFoundException'{0x00000000e7411968}: org/gradle/api/services/internal/DefaultBuildServicesRegistry$DefaultServiceSpec_DecoratedBeanInfo> (0x00000000e7411968) 
thrown [s\open\src\hotspot\share\classfile\systemDictionary.cpp, line 256]
Event: 121.257 Thread 0x0000020b7c86b4a0 Exception <a 'java/lang/ClassNotFoundException'{0x00000000e7422980}: org/gradle/api/services/internal/DefaultBuildServicesRegistry$DefaultServiceSpecBeanInfo> (0x00000000e7422980) 
thrown [s\open\src\hotspot\share\classfile\systemDictionary.cpp, line 256]
Event: 121.258 Thread 0x0000020b7c86b4a0 Exception <a 'java/lang/ClassNotFoundException'{0x00000000e74339b0}: org/gradle/api/services/internal/DefaultBuildServicesRegistry$DefaultServiceSpecCustomizer> (0x00000000e74339b0) 
thrown [s\open\src\hotspot\share\classfile\systemDictionary.cpp, line 256]
Event: 121.259 Thread 0x0000020b7c86b4a0 Exception <a 'java/lang/ClassNotFoundException'{0x00000000e7448c28}: org/gradle/api/services/internal/DefaultBuildServicesRegistry$DefaultServiceSpec_DecoratedCustomizer> (0x00000000e7448c28) 
thrown [s\open\src\hotspot\share\classfile\systemDictionary.cpp, line 256]
Event: 121.264 Thread 0x0000020b7c86b4a0 Exception <a 'java/lang/ClassNotFoundException'{0x00000000e747a8a0}: OutputPathCollectorService$Params_DecoratedBeanInfo> (0x00000000e747a8a0) 
thrown [s\open\src\hotspot\share\classfile\systemDictionary.cpp, line 256]
Event: 121.265 Thread 0x0000020b7c86b4a0 Exception <a 'java/lang/ClassNotFoundException'{0x00000000e7481fc8}: OutputPathCollectorService$Params_DecoratedCustomizer> (0x00000000e7481fc8) 
thrown [s\open\src\hotspot\share\classfile\systemDictionary.cpp, line 256]
Event: 121.290 Thread 0x0000020b7c86b4a0 Exception <a 'java/lang/ClassNotFoundException'{0x00000000e74f36a0}: org/gradle/api/internal/provider/DefaultPropertyBeanInfo> (0x00000000e74f36a0) 
thrown [s\open\src\hotspot\share\classfile\systemDictionary.cpp, line 256]
Event: 121.292 Thread 0x0000020b7c86b4a0 Exception <a 'java/lang/ClassNotFoundException'{0x00000000e7304468}: org/gradle/api/internal/provider/AbstractPropertyBeanInfo> (0x00000000e7304468) 
thrown [s\open\src\hotspot\share\classfile\systemDictionary.cpp, line 256]

VM Operations (20 events):
Event: 65.663 Executing VM operation: Cleanup
Event: 65.663 Executing VM operation: Cleanup done
Event: 69.675 Executing VM operation: Cleanup
Event: 69.676 Executing VM operation: Cleanup done
Event: 92.872 Executing VM operation: Cleanup
Event: 92.872 Executing VM operation: Cleanup done
Event: 93.893 Executing VM operation: Cleanup
Event: 93.894 Executing VM operation: Cleanup done
Event: 103.988 Executing VM operation: Cleanup
Event: 103.988 Executing VM operation: Cleanup done
Event: 106.012 Executing VM operation: Cleanup
Event: 106.012 Executing VM operation: Cleanup done
Event: 108.029 Executing VM operation: Cleanup
Event: 108.029 Executing VM operation: Cleanup done
Event: 119.115 Executing VM operation: Cleanup
Event: 119.130 Executing VM operation: Cleanup done
Event: 120.140 Executing VM operation: Cleanup
Event: 120.155 Executing VM operation: Cleanup done
Event: 120.874 Executing VM operation: HandshakeAllThreads
Event: 120.876 Executing VM operation: HandshakeAllThreads done

Events (20 events):
Event: 26.933 loading class com/sun/beans/finder/FinderUtils
Event: 26.934 loading class com/sun/beans/finder/FinderUtils done
Event: 27.997 Thread 0x0000020b7c84b0c0 Thread exited: 0x0000020b7c84b0c0
Event: 28.321 Thread 0x0000020b7c84c600 Thread exited: 0x0000020b7c84c600
Event: 50.398 Thread 0x0000020b7b1cda50 Thread added: 0x0000020b7b1cda50
Event: 62.886 Thread 0x0000020b7b1ca2a0 Thread added: 0x0000020b7b1ca2a0
Event: 107.414 Thread 0x0000020b7b1cb1d0 Thread added: 0x0000020b7b1cb1d0
Event: 118.179 Thread 0x0000020b7b1c7a20 Thread added: 0x0000020b7b1c7a20
Event: 119.865 loading class java/io/FileBeanInfo
Event: 119.866 loading class java/io/FileBeanInfo done
Event: 119.868 loading class java/io/FileBeanInfo
Event: 119.868 loading class java/io/FileBeanInfo done
Event: 119.874 loading class java/io/FileCustomizer
Event: 119.874 loading class java/io/FileCustomizer done
Event: 119.984 loading class java/io/FileCustomizer
Event: 119.984 loading class java/io/FileCustomizer done
Event: 121.086 loading class java/lang/ThreadLocal$SuppliedThreadLocal
Event: 121.086 loading class java/lang/ThreadLocal$SuppliedThreadLocal done
Event: 121.240 loading class java/util/function/IntBinaryOperator
Event: 121.240 loading class java/util/function/IntBinaryOperator done


Dynamic libraries:
0x00007ff7e47b0000 - 0x00007ff7e47c0000 	P:\Dev\Tools\Java\jdk-17\bin\java.exe
0x00007ffb6f430000 - 0x00007ffb6f628000 	C:\WINDOWS\SYSTEM32\ntdll.dll
0x00007ffb6e270000 - 0x00007ffb6e32d000 	C:\WINDOWS\System32\KERNEL32.DLL
0x00007ffb6cf90000 - 0x00007ffb6d286000 	C:\WINDOWS\System32\KERNELBASE.dll
0x00007ffb6cae0000 - 0x00007ffb6cbe0000 	C:\WINDOWS\System32\ucrtbase.dll
0x00007ffb30990000 - 0x00007ffb309a9000 	P:\Dev\Tools\Java\jdk-17\bin\jli.dll
0x00007ffb6e1c0000 - 0x00007ffb6e270000 	C:\WINDOWS\System32\ADVAPI32.dll
0x00007ffb6e050000 - 0x00007ffb6e0ee000 	C:\WINDOWS\System32\msvcrt.dll
0x00007ffb6f240000 - 0x00007ffb6f2e0000 	C:\WINDOWS\System32\sechost.dll
0x00007ffb6e4a0000 - 0x00007ffb6e5c5000 	C:\WINDOWS\System32\RPCRT4.dll
0x00007ffb6cd80000 - 0x00007ffb6cda7000 	C:\WINDOWS\System32\bcrypt.dll
0x00007ffb325d0000 - 0x00007ffb325eb000 	P:\Dev\Tools\Java\jdk-17\bin\VCRUNTIME140.dll
0x00007ffb6d870000 - 0x00007ffb6da0e000 	C:\WINDOWS\System32\USER32.dll
0x00007ffb6cd50000 - 0x00007ffb6cd72000 	C:\WINDOWS\System32\win32u.dll
0x00007ffb6db30000 - 0x00007ffb6db5b000 	C:\WINDOWS\System32\GDI32.dll
0x00007ffb6cc30000 - 0x00007ffb6cd47000 	C:\WINDOWS\System32\gdi32full.dll
0x00007ffb6cdb0000 - 0x00007ffb6ce4d000 	C:\WINDOWS\System32\msvcp_win.dll
0x00007ffb57170000 - 0x00007ffb5740a000 	C:\WINDOWS\WinSxS\amd64_microsoft.windows.common-controls_6595b64144ccf1df_6.0.19041.3636_none_60b6a03d71f818d5\COMCTL32.dll
0x00007ffb570a0000 - 0x00007ffb570aa000 	C:\WINDOWS\SYSTEM32\VERSION.dll
0x00007ffb6f180000 - 0x00007ffb6f1b2000 	C:\WINDOWS\System32\IMM32.DLL
0x00007ffb46100000 - 0x00007ffb4610c000 	P:\Dev\Tools\Java\jdk-17\bin\vcruntime140_1.dll
0x00007ffb257c0000 - 0x00007ffb2584e000 	P:\Dev\Tools\Java\jdk-17\bin\msvcp140.dll
0x00007ffb24bd0000 - 0x00007ffb257b1000 	P:\Dev\Tools\Java\jdk-17\bin\server\jvm.dll
0x00007ffb6f170000 - 0x00007ffb6f178000 	C:\WINDOWS\System32\PSAPI.DLL
0x00007ffb5f140000 - 0x00007ffb5f167000 	C:\WINDOWS\SYSTEM32\WINMM.dll
0x00007ffb68340000 - 0x00007ffb68349000 	C:\WINDOWS\SYSTEM32\WSOCK32.dll
0x00007ffb6e0f0000 - 0x00007ffb6e15b000 	C:\WINDOWS\System32\WS2_32.dll
0x00007ffb6a930000 - 0x00007ffb6a942000 	C:\WINDOWS\SYSTEM32\kernel.appcore.dll
0x00007ffb43440000 - 0x00007ffb4344a000 	P:\Dev\Tools\Java\jdk-17\bin\jimage.dll
0x00007ffb6a190000 - 0x00007ffb6a374000 	C:\WINDOWS\SYSTEM32\DBGHELP.DLL
0x00007ffb4e6b0000 - 0x00007ffb4e6e4000 	C:\WINDOWS\SYSTEM32\dbgcore.DLL
0x00007ffb6ce50000 - 0x00007ffb6ced2000 	C:\WINDOWS\System32\bcryptPrimitives.dll
0x00007ffb54aa0000 - 0x00007ffb54aae000 	P:\Dev\Tools\Java\jdk-17\bin\instrument.dll
0x00007ffb28160000 - 0x00007ffb28185000 	P:\Dev\Tools\Java\jdk-17\bin\java.dll
0x00007ffb24af0000 - 0x00007ffb24bc7000 	P:\Dev\Tools\Java\jdk-17\bin\jsvml.dll
0x00007ffb6e780000 - 0x00007ffb6eeeb000 	C:\WINDOWS\System32\SHELL32.dll
0x00007ffb6ab60000 - 0x00007ffb6b2fe000 	C:\WINDOWS\SYSTEM32\windows.storage.dll
0x00007ffb6d510000 - 0x00007ffb6d863000 	C:\WINDOWS\System32\combase.dll
0x00007ffb6c510000 - 0x00007ffb6c53e000 	C:\WINDOWS\SYSTEM32\Wldp.dll
0x00007ffb6f0a0000 - 0x00007ffb6f16d000 	C:\WINDOWS\System32\OLEAUT32.dll
0x00007ffb6f340000 - 0x00007ffb6f3ed000 	C:\WINDOWS\System32\SHCORE.dll
0x00007ffb6e160000 - 0x00007ffb6e1b5000 	C:\WINDOWS\System32\shlwapi.dll
0x00007ffb6ca10000 - 0x00007ffb6ca35000 	C:\WINDOWS\SYSTEM32\profapi.dll
0x00007ffb28400000 - 0x00007ffb28418000 	P:\Dev\Tools\Java\jdk-17\bin\zip.dll
0x00007ffb2c350000 - 0x00007ffb2c369000 	P:\Dev\Tools\Java\jdk-17\bin\net.dll
0x00007ffb67050000 - 0x00007ffb6715a000 	C:\WINDOWS\SYSTEM32\WINHTTP.dll
0x00007ffb6c270000 - 0x00007ffb6c2da000 	C:\WINDOWS\system32\mswsock.dll
0x00007ffb284e0000 - 0x00007ffb284f6000 	P:\Dev\Tools\Java\jdk-17\bin\nio.dll
0x00007ffb390f0000 - 0x00007ffb39100000 	P:\Dev\Tools\Java\jdk-17\bin\verify.dll
0x00007ffb51c00000 - 0x00007ffb51c27000 	C:\Users\Jaesin\.gradle\native\c067742578af261105cb4f569cf0c3c89f3d7b1fecec35dd04571415982c5e48\windows-amd64\native-platform.dll
0x00007ffb24290000 - 0x00007ffb243d4000 	C:\Users\Jaesin\.gradle\native\38dada09dfb8b06ba9b0570ebf7e218e3eb74d4ef43ca46872605cf95ebc2f47\windows-amd64\native-platform-file-events.dll
0x00007ffb42db0000 - 0x00007ffb42dba000 	P:\Dev\Tools\Java\jdk-17\bin\management.dll
0x00007ffb3ff00000 - 0x00007ffb3ff0b000 	P:\Dev\Tools\Java\jdk-17\bin\management_ext.dll
0x00007ffb6c460000 - 0x00007ffb6c478000 	C:\WINDOWS\SYSTEM32\CRYPTSP.dll
0x00007ffb6bb30000 - 0x00007ffb6bb64000 	C:\WINDOWS\system32\rsaenh.dll
0x00007ffb6c9d0000 - 0x00007ffb6c9fe000 	C:\WINDOWS\SYSTEM32\USERENV.dll
0x00007ffb6c480000 - 0x00007ffb6c48c000 	C:\WINDOWS\SYSTEM32\CRYPTBASE.dll
0x00007ffb6bf10000 - 0x00007ffb6bf4b000 	C:\WINDOWS\SYSTEM32\IPHLPAPI.DLL
0x00007ffb6db60000 - 0x00007ffb6db68000 	C:\WINDOWS\System32\NSI.dll
0x00007ffb65a50000 - 0x00007ffb65a67000 	C:\WINDOWS\SYSTEM32\dhcpcsvc6.DLL
0x00007ffb65a30000 - 0x00007ffb65a4d000 	C:\WINDOWS\SYSTEM32\dhcpcsvc.DLL
0x00007ffb6bf50000 - 0x00007ffb6c01b000 	C:\WINDOWS\SYSTEM32\DNSAPI.dll
0x00007ffb38310000 - 0x00007ffb3831e000 	P:\Dev\Tools\Java\jdk-17\bin\sunmscapi.dll
0x00007ffb6d290000 - 0x00007ffb6d3ed000 	C:\WINDOWS\System32\CRYPT32.dll
0x00007ffb6c580000 - 0x00007ffb6c5a8000 	C:\WINDOWS\SYSTEM32\ncrypt.dll
0x00007ffb6c540000 - 0x00007ffb6c57b000 	C:\WINDOWS\SYSTEM32\NTASN1.dll
0x00007ffb3a6f0000 - 0x00007ffb3a6f7000 	C:\WINDOWS\system32\wshunix.dll

dbghelp: loaded successfully - version: 4.0.5 - missing functions: none
symbol engine: initialized successfully - sym options: 0x614 - pdb path: .;P:\Dev\Tools\Java\jdk-17\bin;C:\WINDOWS\SYSTEM32;C:\WINDOWS\WinSxS\amd64_microsoft.windows.common-controls_6595b64144ccf1df_6.0.19041.3636_none_60b6a03d71f818d5;P:\Dev\Tools\Java\jdk-17\bin\server;C:\Users\Jaesin\.gradle\native\c067742578af261105cb4f569cf0c3c89f3d7b1fecec35dd04571415982c5e48\windows-amd64;C:\Users\Jaesin\.gradle\native\38dada09dfb8b06ba9b0570ebf7e218e3eb74d4ef43ca46872605cf95ebc2f47\windows-amd64

VM Arguments:
jvm_args: --add-opens=java.base/java.util=ALL-UNNAMED --add-opens=java.base/java.lang=ALL-UNNAMED --add-opens=java.base/java.lang.invoke=ALL-UNNAMED --add-opens=java.prefs/java.util.prefs=ALL-UNNAMED --add-opens=java.base/java.nio.charset=ALL-UNNAMED --add-opens=java.base/java.net=ALL-UNNAMED --add-opens=java.base/java.util.concurrent.atomic=ALL-UNNAMED -XX:MaxMetaspaceSize=384m -XX:+HeapDumpOnOutOfMemoryError -Xms256m -Xmx512m -Dfile.encoding=x-windows-949 -Duser.country=KR -Duser.language=ko -Duser.variant -javaagent:C:\Users\Jaesin\.gradle\wrapper\dists\gradle-8.7-bin\bhs2wmbdwecv87pi65oeuq5iu\gradle-8.7\lib\agents\gradle-instrumentation-agent-8.7.jar 
java_command: org.gradle.launcher.daemon.bootstrap.GradleDaemon 8.7
java_class_path (initial): C:\Users\Jaesin\.gradle\wrapper\dists\gradle-8.7-bin\bhs2wmbdwecv87pi65oeuq5iu\gradle-8.7\lib\gradle-launcher-8.7.jar
Launcher Type: SUN_STANDARD

[Global flags]
     intx CICompilerCount                          = 12                                        {product} {ergonomic}
   size_t CompressedClassSpaceSize                 = 335544320                                 {product} {ergonomic}
     uint ConcGCThreads                            = 3                                         {product} {ergonomic}
     uint G1ConcRefinementThreads                  = 13                                        {product} {ergonomic}
   size_t G1HeapRegionSize                         = 1048576                                   {product} {ergonomic}
    uintx GCDrainStackTargetSize                   = 64                                        {product} {ergonomic}
     bool HeapDumpOnOutOfMemoryError               = true                                   {manageable} {command line}
   size_t InitialHeapSize                          = 268435456                                 {product} {command line}
   size_t MarkStackSize                            = 4194304                                   {product} {ergonomic}
   size_t MaxHeapSize                              = 536870912                                 {product} {command line}
   size_t MaxMetaspaceSize                         = 402653184                                 {product} {command line}
   size_t MaxNewSize                               = 321912832                                 {product} {ergonomic}
   size_t MinHeapDeltaBytes                        = 1048576                                   {product} {ergonomic}
   size_t MinHeapSize                              = 268435456                                 {product} {command line}
    uintx NonNMethodCodeHeapSize                   = 7602480                                {pd product} {ergonomic}
    uintx NonProfiledCodeHeapSize                  = 122027880                              {pd product} {ergonomic}
    uintx ProfiledCodeHeapSize                     = 122027880                              {pd product} {ergonomic}
    uintx ReservedCodeCacheSize                    = 251658240                              {pd product} {ergonomic}
     bool SegmentedCodeCache                       = true                                      {product} {ergonomic}
   size_t SoftMaxHeapSize                          = 536870912                              {manageable} {ergonomic}
     bool UseCompressedClassPointers               = true                           {product lp64_product} {ergonomic}
     bool UseCompressedOops                        = true                           {product lp64_product} {ergonomic}
     bool UseG1GC                                  = true                                      {product} {ergonomic}
     bool UseLargePagesIndividualAllocation        = false                                  {pd product} {ergonomic}

Logging:
Log output configuration:
 #0: stdout all=warning uptime,level,tags
 #1: stderr all=off uptime,level,tags

Environment Variables:
JAVA_HOME=P:\Dev\Tools\Java\jdk-17
PATH=C:\Program Files\Common Files\Oracle\Java\javapath;P:\Dev\Tools\Java\jdk-17\bin;C:\WINDOWS\system32;C:\WINDOWS;C:\WINDOWS\System32\Wbem;C:\WINDOWS\System32\WindowsPowerShell\v1.0\;C:\WINDOWS\System32\OpenSSH\;P:\Dev\Tools\VS_Code\;C:\Program Files\Bandizip\;P:\Dev\Tools\Git\cmd;C:\Program Files\PowerShell\7\;C:\Program Files\Docker\Docker\resources\bin;P:\Dev\Tools\flutter\bin;P:\Dev\Tools\Erlang\Erlang OTP;P:\Dev\Tools\Ruby32\bin;C:\Users\Jaesin\AppData\Local\Programs\Python\Launcher\;C:\Program Files\MySQL\MySQL Shell 8.0\bin\;C:\Users\Jaesin\AppData\Local\Microsoft\WindowsApps;P:\Dev\tools\java\IntelliJ IDEA Community Edition 2023.2.4\bin;P:\Dev\Tools\VS_Code\Microsoft VS Code\bin;C:\Users\Jaesin\AppData\Roaming\npm;C:\Users\Jaesin\AppData\Local\GitHubDesktop\bin;C:\Users\Jaesin\AppData\Local\Programs\oh-my-posh\bin
USERNAME=Jaesin
OS=Windows_NT
PROCESSOR_IDENTIFIER=Intel64 Family 6 Model 186 Stepping 2, GenuineIntel



---------------  S Y S T E M  ---------------

OS:
 Windows 10 , 64 bit Build 19041 (10.0.19041.3636)
OS uptime: 2 days 13:10 hours
Hyper-V role detected

CPU: total 16 (initial active 16) (8 cores per cpu, 2 threads per core) family 6 model 186 stepping 2 microcode 0x410e, cx8, cmov, fxsr, ht, mmx, 3dnowpref, sse, sse2, sse3, ssse3, sse4.1, sse4.2, popcnt, lzcnt, tsc, tscinvbit, avx, avx2, aes, erms, clmul, bmi1, bmi2, adx, sha, fma, vzeroupper, clflush, clflushopt, clwb, hv

Memory: 4k page, system-wide physical 15932M (940M free)
TotalPageFile size 45524M (AvailPageFile size 1712M)
current process WorkingSet (physical memory assigned to process): 111M, peak: 258M
current process commit charge ("private bytes"): 440M, peak: 449M

vm_info: Java HotSpot(TM) 64-Bit Server VM (17.0.9+11-LTS-201) for windows-amd64 JRE (17.0.9+11-LTS-201), built on Oct 10 2023 23:16:06 by "mach5one" with MS VC++ 17.1 (VS2022)

END.
